========================================
Job: fn_Autoformer_Exchange_96
Model: Autoformer
Dataset: Exchange
Pred len: 96
Time limit: 4:00:00
GPU: h100_2g.20gb:1
Started: Mon 09 Mar 2026 06:13:41 PM EDT
========================================
Mon Mar  9 18:13:41 2026       
+-----------------------------------------------------------------------------------------+
| NVIDIA-SMI 570.211.01             Driver Version: 570.211.01     CUDA Version: 12.8     |
|-----------------------------------------+------------------------+----------------------+
| GPU  Name                 Persistence-M | Bus-Id          Disp.A | Volatile Uncorr. ECC |
| Fan  Temp   Perf          Pwr:Usage/Cap |           Memory-Usage | GPU-Util  Compute M. |
|                                         |                        |               MIG M. |
|=========================================+========================+======================|
|   0  NVIDIA H100 80GB HBM3          Off |   00000000:DB:00.0 Off |                   On |
| N/A   41C    P0            223W /  700W |    2104MiB /  81559MiB |     N/A      Default |
|                                         |                        |              Enabled |
+-----------------------------------------+------------------------+----------------------+

+-----------------------------------------------------------------------------------------+
| MIG devices:                                                                            |
+------------------+----------------------------------+-----------+-----------------------+
| GPU  GI  CI  MIG |                     Memory-Usage |        Vol|        Shared         |
|      ID  ID  Dev |                       BAR1-Usage | SM     Unc| CE ENC  DEC  OFA  JPG |
|                  |                                  |        ECC|                       |
|==================+==================================+===========+=======================|
|  0    5   0   0  |              17MiB / 20096MiB    | 32      0 |  2   0    2    0    2 |
|                  |                 0MiB / 32767MiB  |           |                       |
+------------------+----------------------------------+-----------+-----------------------+
                                                                                         
+-----------------------------------------------------------------------------------------+
| Processes:                                                                              |
|  GPU   GI   CI              PID   Type   Process name                        GPU Memory |
|        ID   ID                                                               Usage      |
|=========================================================================================|
|  No running processes found                                                             |
+-----------------------------------------------------------------------------------------+
Using device: cuda:0
Model: Autoformer, Dataset: Exchange, pred_len: 96, seq_len: 96

>>> Training...
train 5120
val 665
Model Model : total params: 10,540,040 | trainable: 10,540,040 (40.2071MB)
	iters: 100, epoch: 1 | loss: 0.1880742
	speed: 0.0598s/iter; left time: 89.7161s
Epoch: 1 cost time: 9.4s
Epoch: 1, Steps: 160 | Train Loss: 0.2246603 Vali Loss: 0.1934505
Validation loss decreased (inf --> 0.193450).  Saving model ...
Updating learning rate to 0.0001
	iters: 100, epoch: 2 | loss: 0.1876498
	speed: 0.0562s/iter; left time: 75.3975s
Epoch: 2 cost time: 9.0s
Epoch: 2, Steps: 160 | Train Loss: 0.1885536 Vali Loss: 0.2115444
EarlyStopping counter: 1 out of 3
Updating learning rate to 5e-05
	iters: 100, epoch: 3 | loss: 0.1726584
	speed: 0.0562s/iter; left time: 66.4121s
Epoch: 3 cost time: 9.0s
Epoch: 3, Steps: 160 | Train Loss: 0.1751738 Vali Loss: 0.2336015
EarlyStopping counter: 2 out of 3
Updating learning rate to 2.5e-05
	iters: 100, epoch: 4 | loss: 0.1621111
	speed: 0.0562s/iter; left time: 57.3730s
Epoch: 4 cost time: 9.0s
Epoch: 4, Steps: 160 | Train Loss: 0.1688626 Vali Loss: 0.2567285
EarlyStopping counter: 3 out of 3
Early stopping
Training time: 39.2s | Peak GPU memory: 1740.8MB

>>> Testing...
test 1422
test shape: (1422, 1, 96, 8) (1422, 1, 96, 8)
test shape: (1422, 96, 8) (1422, 96, 8)
MSE: 0.154891, MAE: 0.285300
Inference: 12.57s | 1422 samples | 113.1 samples/sec
Results saved to /lustre09/project/6010289/sdmuhsin/SpectraGate/results/exchange_results.csv
========================================
Finished: Mon 09 Mar 2026 06:14:39 PM EDT
========================================
