========================================
Job: fn_Autoformer_ETTm2_96
Model: Autoformer
Dataset: ETTm2
Pred len: 96
Time limit: 8:00:00
GPU: h100_2g.20gb:1
Started: Mon 09 Mar 2026 05:51:22 PM EDT
========================================
Mon Mar  9 17:51:22 2026       
+-----------------------------------------------------------------------------------------+
| NVIDIA-SMI 570.211.01             Driver Version: 570.211.01     CUDA Version: 12.8     |
|-----------------------------------------+------------------------+----------------------+
| GPU  Name                 Persistence-M | Bus-Id          Disp.A | Volatile Uncorr. ECC |
| Fan  Temp   Perf          Pwr:Usage/Cap |           Memory-Usage | GPU-Util  Compute M. |
|                                         |                        |               MIG M. |
|=========================================+========================+======================|
|   0  NVIDIA H100 80GB HBM3          Off |   00000000:DB:00.0 Off |                   On |
| N/A   30C    P0             70W /  700W |      59MiB /  81559MiB |     N/A      Default |
|                                         |                        |              Enabled |
+-----------------------------------------+------------------------+----------------------+

+-----------------------------------------------------------------------------------------+
| MIG devices:                                                                            |
+------------------+----------------------------------+-----------+-----------------------+
| GPU  GI  CI  MIG |                     Memory-Usage |        Vol|        Shared         |
|      ID  ID  Dev |                       BAR1-Usage | SM     Unc| CE ENC  DEC  OFA  JPG |
|                  |                                  |        ECC|                       |
|==================+==================================+===========+=======================|
|  0    3   0   0  |              17MiB / 20096MiB    | 32      0 |  2   0    2    0    2 |
|                  |                 0MiB / 32767MiB  |           |                       |
+------------------+----------------------------------+-----------+-----------------------+
                                                                                         
+-----------------------------------------------------------------------------------------+
| Processes:                                                                              |
|  GPU   GI   CI              PID   Type   Process name                        GPU Memory |
|        ID   ID                                                               Usage      |
|=========================================================================================|
|  No running processes found                                                             |
+-----------------------------------------------------------------------------------------+
Using device: cuda:0
Model: Autoformer, Dataset: ETTm2, pred_len: 96, seq_len: 96

>>> Training...
train 34369
val 11425
Model Model : total params: 10,536,967 | trainable: 10,536,967 (40.1953MB)
	iters: 100, epoch: 1 | loss: 0.1924198
	speed: 0.0666s/iter; left time: 708.8366s
	iters: 200, epoch: 1 | loss: 0.3276700
	speed: 0.0610s/iter; left time: 642.9256s
	iters: 300, epoch: 1 | loss: 0.3673466
	speed: 0.0591s/iter; left time: 616.8425s
	iters: 400, epoch: 1 | loss: 0.2274042
	speed: 0.0581s/iter; left time: 601.1941s
	iters: 500, epoch: 1 | loss: 0.2631282
	speed: 0.0576s/iter; left time: 589.4480s
	iters: 600, epoch: 1 | loss: 0.1430697
	speed: 0.0572s/iter; left time: 579.8955s
	iters: 700, epoch: 1 | loss: 0.2990591
	speed: 0.0569s/iter; left time: 571.4457s
	iters: 800, epoch: 1 | loss: 0.1624400
	speed: 0.0567s/iter; left time: 563.7618s
	iters: 900, epoch: 1 | loss: 0.4369309
	speed: 0.0566s/iter; left time: 556.5157s
	iters: 1000, epoch: 1 | loss: 0.2428202
	speed: 0.0564s/iter; left time: 549.6209s
Epoch: 1 cost time: 60.5s
Epoch: 1, Steps: 1074 | Train Loss: 0.2712010 Vali Loss: 0.1490359
Validation loss decreased (inf --> 0.149036).  Saving model ...
Updating learning rate to 0.0001
	iters: 100, epoch: 2 | loss: 0.2419391
	speed: 0.0549s/iter; left time: 525.4090s
	iters: 200, epoch: 2 | loss: 0.2690191
	speed: 0.0551s/iter; left time: 521.6223s
	iters: 300, epoch: 2 | loss: 0.1167191
	speed: 0.0551s/iter; left time: 516.4930s
	iters: 400, epoch: 2 | loss: 0.2540706
	speed: 0.0552s/iter; left time: 511.4164s
	iters: 500, epoch: 2 | loss: 0.1807875
	speed: 0.0552s/iter; left time: 505.9971s
	iters: 600, epoch: 2 | loss: 0.2009892
	speed: 0.0552s/iter; left time: 500.6375s
	iters: 700, epoch: 2 | loss: 0.1454901
	speed: 0.0552s/iter; left time: 495.1317s
	iters: 800, epoch: 2 | loss: 0.1271920
	speed: 0.0552s/iter; left time: 489.7016s
	iters: 900, epoch: 2 | loss: 0.1777237
	speed: 0.0552s/iter; left time: 484.2302s
	iters: 1000, epoch: 2 | loss: 0.1737405
	speed: 0.0552s/iter; left time: 478.7483s
Epoch: 2 cost time: 59.3s
Epoch: 2, Steps: 1074 | Train Loss: 0.2288620 Vali Loss: 0.2035627
EarlyStopping counter: 1 out of 3
Updating learning rate to 5e-05
	iters: 100, epoch: 3 | loss: 0.1816943
	speed: 0.0549s/iter; left time: 466.6203s
	iters: 200, epoch: 3 | loss: 0.1503228
	speed: 0.0551s/iter; left time: 462.7684s
	iters: 300, epoch: 3 | loss: 0.1317783
	speed: 0.0552s/iter; left time: 457.5913s
	iters: 400, epoch: 3 | loss: 0.1701268
	speed: 0.0552s/iter; left time: 452.3036s
	iters: 500, epoch: 3 | loss: 0.1733453
	speed: 0.0552s/iter; left time: 446.8279s
	iters: 600, epoch: 3 | loss: 0.1748390
	speed: 0.0552s/iter; left time: 441.4298s
	iters: 700, epoch: 3 | loss: 0.2174531
	speed: 0.0552s/iter; left time: 435.9519s
	iters: 800, epoch: 3 | loss: 0.2501324
	speed: 0.0552s/iter; left time: 430.4805s
	iters: 900, epoch: 3 | loss: 0.1286360
	speed: 0.0552s/iter; left time: 424.9547s
	iters: 1000, epoch: 3 | loss: 0.2153451
	speed: 0.0552s/iter; left time: 419.4776s
Epoch: 3 cost time: 59.3s
Epoch: 3, Steps: 1074 | Train Loss: 0.2081664 Vali Loss: 0.1845578
EarlyStopping counter: 2 out of 3
Updating learning rate to 2.5e-05
	iters: 100, epoch: 4 | loss: 0.2483650
	speed: 0.0550s/iter; left time: 407.7419s
	iters: 200, epoch: 4 | loss: 0.1709146
	speed: 0.0551s/iter; left time: 403.3445s
	iters: 300, epoch: 4 | loss: 0.1592145
	speed: 0.0552s/iter; left time: 398.1809s
	iters: 400, epoch: 4 | loss: 0.1777618
	speed: 0.0552s/iter; left time: 392.9777s
	iters: 500, epoch: 4 | loss: 0.2426120
	speed: 0.0552s/iter; left time: 387.4952s
	iters: 600, epoch: 4 | loss: 0.2465767
	speed: 0.0552s/iter; left time: 382.0735s
	iters: 700, epoch: 4 | loss: 0.1251873
	speed: 0.0552s/iter; left time: 376.5603s
	iters: 800, epoch: 4 | loss: 0.1578579
	speed: 0.0552s/iter; left time: 371.0954s
	iters: 900, epoch: 4 | loss: 0.1764538
	speed: 0.0552s/iter; left time: 365.5836s
	iters: 1000, epoch: 4 | loss: 0.3477284
	speed: 0.0552s/iter; left time: 360.1031s
Epoch: 4 cost time: 59.3s
Epoch: 4, Steps: 1074 | Train Loss: 0.1927881 Vali Loss: 0.1717863
EarlyStopping counter: 3 out of 3
Early stopping
Training time: 281.5s | Peak GPU memory: 1740.7MB

>>> Testing...
test 11425
test shape: (11425, 1, 96, 7) (11425, 1, 96, 7)
test shape: (11425, 96, 7) (11425, 96, 7)
MSE: 0.227407, MAE: 0.309768
Inference: 98.86s | 11425 samples | 115.6 samples/sec
Results saved to /lustre09/project/6010289/sdmuhsin/SpectraGate/results/ettm2_results.csv
========================================
Finished: Mon 09 Mar 2026 05:57:51 PM EDT
========================================
