========================================
Job: fn_Autoformer_ETTh1_96
Model: Autoformer
Dataset: ETTh1
Pred len: 96
Time limit: 4:00:00
GPU: h100_2g.20gb:1
Started: Mon 09 Mar 2026 06:13:44 PM EDT
========================================
Mon Mar  9 18:13:44 2026       
+-----------------------------------------------------------------------------------------+
| NVIDIA-SMI 570.211.01             Driver Version: 570.211.01     CUDA Version: 12.8     |
|-----------------------------------------+------------------------+----------------------+
| GPU  Name                 Persistence-M | Bus-Id          Disp.A | Volatile Uncorr. ECC |
| Fan  Temp   Perf          Pwr:Usage/Cap |           Memory-Usage | GPU-Util  Compute M. |
|                                         |                        |               MIG M. |
|=========================================+========================+======================|
|   0  NVIDIA H100 80GB HBM3          Off |   00000000:DB:00.0 Off |                   On |
| N/A   36C    P0            126W /  700W |      59MiB /  81559MiB |     N/A      Default |
|                                         |                        |              Enabled |
+-----------------------------------------+------------------------+----------------------+

+-----------------------------------------------------------------------------------------+
| MIG devices:                                                                            |
+------------------+----------------------------------+-----------+-----------------------+
| GPU  GI  CI  MIG |                     Memory-Usage |        Vol|        Shared         |
|      ID  ID  Dev |                       BAR1-Usage | SM     Unc| CE ENC  DEC  OFA  JPG |
|                  |                                  |        ECC|                       |
|==================+==================================+===========+=======================|
|  0    5   0   0  |              17MiB / 20096MiB    | 32      0 |  2   0    2    0    2 |
|                  |                 0MiB / 32767MiB  |           |                       |
+------------------+----------------------------------+-----------+-----------------------+
                                                                                         
+-----------------------------------------------------------------------------------------+
| Processes:                                                                              |
|  GPU   GI   CI              PID   Type   Process name                        GPU Memory |
|        ID   ID                                                               Usage      |
|=========================================================================================|
|  No running processes found                                                             |
+-----------------------------------------------------------------------------------------+
Using device: cuda:0
Model: Autoformer, Dataset: ETTh1, pred_len: 96, seq_len: 96

>>> Training...
train 8449
val 2785
Model Model : total params: 10,535,943 | trainable: 10,535,943 (40.1914MB)
	iters: 100, epoch: 1 | loss: 0.4549417
	speed: 0.0601s/iter; left time: 152.8296s
	iters: 200, epoch: 1 | loss: 0.3980224
	speed: 0.0578s/iter; left time: 141.1573s
Epoch: 1 cost time: 15.1s
Epoch: 1, Steps: 264 | Train Loss: 0.4089770 Vali Loss: 0.8731715
Validation loss decreased (inf --> 0.873172).  Saving model ...
Updating learning rate to 0.0001
	iters: 100, epoch: 2 | loss: 0.3049046
	speed: 0.0552s/iter; left time: 125.6524s
	iters: 200, epoch: 2 | loss: 0.3360313
	speed: 0.0554s/iter; left time: 120.5153s
Epoch: 2 cost time: 14.6s
Epoch: 2, Steps: 264 | Train Loss: 0.3592254 Vali Loss: 0.9029956
EarlyStopping counter: 1 out of 3
Updating learning rate to 5e-05
	iters: 100, epoch: 3 | loss: 0.2807487
	speed: 0.0552s/iter; left time: 111.0688s
	iters: 200, epoch: 3 | loss: 0.2861442
	speed: 0.0553s/iter; left time: 105.8744s
Epoch: 3 cost time: 14.6s
Epoch: 3, Steps: 264 | Train Loss: 0.3256882 Vali Loss: 0.9695575
EarlyStopping counter: 2 out of 3
Updating learning rate to 2.5e-05
	iters: 100, epoch: 4 | loss: 0.3220429
	speed: 0.0552s/iter; left time: 96.4673s
	iters: 200, epoch: 4 | loss: 0.3564394
	speed: 0.0553s/iter; left time: 91.2301s
Epoch: 4 cost time: 14.6s
Epoch: 4, Steps: 264 | Train Loss: 0.3025976 Vali Loss: 0.9481934
EarlyStopping counter: 3 out of 3
Early stopping
Training time: 69.6s | Peak GPU memory: 1740.7MB

>>> Testing...
test 2785
test shape: (2785, 1, 96, 7) (2785, 1, 96, 7)
test shape: (2785, 96, 7) (2785, 96, 7)
MSE: 0.455109, MAE: 0.461458
Inference: 23.25s | 2785 samples | 119.8 samples/sec
Results saved to /lustre09/project/6010289/sdmuhsin/SpectraGate/results/etth1_results.csv
========================================
Finished: Mon 09 Mar 2026 06:15:22 PM EDT
========================================
