========================================
Job: fn_Autoformer_ECL_96
Model: Autoformer
Dataset: ECL
Pred len: 96
Time limit: 12:00:00
GPU: h100_3g.40gb:1
Started: Mon 09 Mar 2026 06:12:23 PM EDT
========================================
Mon Mar  9 18:12:23 2026       
+-----------------------------------------------------------------------------------------+
| NVIDIA-SMI 570.211.01             Driver Version: 570.211.01     CUDA Version: 12.8     |
|-----------------------------------------+------------------------+----------------------+
| GPU  Name                 Persistence-M | Bus-Id          Disp.A | Volatile Uncorr. ECC |
| Fan  Temp   Perf          Pwr:Usage/Cap |           Memory-Usage | GPU-Util  Compute M. |
|                                         |                        |               MIG M. |
|=========================================+========================+======================|
|   0  NVIDIA H100 80GB HBM3          Off |   00000000:DB:00.0 Off |                   On |
| N/A   33C    P0             70W /  700W |      59MiB /  81559MiB |     N/A      Default |
|                                         |                        |              Enabled |
+-----------------------------------------+------------------------+----------------------+

+-----------------------------------------------------------------------------------------+
| MIG devices:                                                                            |
+------------------+----------------------------------+-----------+-----------------------+
| GPU  GI  CI  MIG |                     Memory-Usage |        Vol|        Shared         |
|      ID  ID  Dev |                       BAR1-Usage | SM     Unc| CE ENC  DEC  OFA  JPG |
|                  |                                  |        ECC|                       |
|==================+==================================+===========+=======================|
|  0    2   0   0  |              26MiB / 40448MiB    | 60      0 |  3   0    3    0    3 |
|                  |                 0MiB / 65535MiB  |           |                       |
+------------------+----------------------------------+-----------+-----------------------+
                                                                                         
+-----------------------------------------------------------------------------------------+
| Processes:                                                                              |
|  GPU   GI   CI              PID   Type   Process name                        GPU Memory |
|        ID   ID                                                               Usage      |
|=========================================================================================|
|  No running processes found                                                             |
+-----------------------------------------------------------------------------------------+
Using device: cuda:0
Model: Autoformer, Dataset: ECL, pred_len: 96, seq_len: 96

>>> Training...
train 18221
val 2537
Model Model : total params: 12,143,937 | trainable: 12,143,937 (46.3254MB)
	iters: 100, epoch: 1 | loss: 0.2600760
	speed: 0.0432s/iter; left time: 241.5323s
	iters: 200, epoch: 1 | loss: 0.2566410
	speed: 0.0413s/iter; left time: 226.6004s
	iters: 300, epoch: 1 | loss: 0.2230056
	speed: 0.0405s/iter; left time: 218.2595s
	iters: 400, epoch: 1 | loss: 0.2215117
	speed: 0.0401s/iter; left time: 212.0566s
	iters: 500, epoch: 1 | loss: 0.2072274
	speed: 0.0399s/iter; left time: 207.0026s
Epoch: 1 cost time: 22.6s
Epoch: 1, Steps: 569 | Train Loss: 0.2453276 Vali Loss: 0.1778859
Validation loss decreased (inf --> 0.177886).  Saving model ...
Updating learning rate to 0.0001
	iters: 100, epoch: 2 | loss: 0.1627168
	speed: 0.0383s/iter; left time: 192.5788s
	iters: 200, epoch: 2 | loss: 0.1563372
	speed: 0.0385s/iter; left time: 189.5873s
	iters: 300, epoch: 2 | loss: 0.1739825
	speed: 0.0385s/iter; left time: 185.6280s
	iters: 400, epoch: 2 | loss: 0.1622586
	speed: 0.0385s/iter; left time: 181.8973s
	iters: 500, epoch: 2 | loss: 0.1432305
	speed: 0.0385s/iter; left time: 177.8405s
Epoch: 2 cost time: 21.9s
Epoch: 2, Steps: 569 | Train Loss: 0.1650025 Vali Loss: 0.1685040
Validation loss decreased (0.177886 --> 0.168504).  Saving model ...
Updating learning rate to 5e-05
	iters: 100, epoch: 3 | loss: 0.1368504
	speed: 0.0382s/iter; left time: 169.9312s
	iters: 200, epoch: 3 | loss: 0.1351071
	speed: 0.0382s/iter; left time: 166.1887s
	iters: 300, epoch: 3 | loss: 0.1371931
	speed: 0.0382s/iter; left time: 162.3187s
	iters: 400, epoch: 3 | loss: 0.1372290
	speed: 0.0381s/iter; left time: 158.2626s
	iters: 500, epoch: 3 | loss: 0.1478192
	speed: 0.0381s/iter; left time: 154.4841s
Epoch: 3 cost time: 21.7s
Epoch: 3, Steps: 569 | Train Loss: 0.1398786 Vali Loss: 0.1617142
Validation loss decreased (0.168504 --> 0.161714).  Saving model ...
Updating learning rate to 2.5e-05
	iters: 100, epoch: 4 | loss: 0.1390684
	speed: 0.0381s/iter; left time: 147.9896s
	iters: 200, epoch: 4 | loss: 0.1263810
	speed: 0.0382s/iter; left time: 144.5277s
	iters: 300, epoch: 4 | loss: 0.1369190
	speed: 0.0382s/iter; left time: 140.6543s
	iters: 400, epoch: 4 | loss: 0.1371406
	speed: 0.0382s/iter; left time: 136.8177s
	iters: 500, epoch: 4 | loss: 0.1283004
	speed: 0.0382s/iter; left time: 132.9755s
Epoch: 4 cost time: 21.7s
Epoch: 4, Steps: 569 | Train Loss: 0.1311707 Vali Loss: 0.1657479
EarlyStopping counter: 1 out of 3
Updating learning rate to 1.25e-05
	iters: 100, epoch: 5 | loss: 0.1217029
	speed: 0.0379s/iter; left time: 125.5778s
	iters: 200, epoch: 5 | loss: 0.1352993
	speed: 0.0380s/iter; left time: 122.1986s
	iters: 300, epoch: 5 | loss: 0.1229815
	speed: 0.0380s/iter; left time: 118.5056s
	iters: 400, epoch: 5 | loss: 0.1265326
	speed: 0.0382s/iter; left time: 115.1034s
	iters: 500, epoch: 5 | loss: 0.1240360
	speed: 0.0382s/iter; left time: 111.2482s
Epoch: 5 cost time: 21.8s
Epoch: 5, Steps: 569 | Train Loss: 0.1272060 Vali Loss: 0.1598453
Validation loss decreased (0.161714 --> 0.159845).  Saving model ...
Updating learning rate to 6.25e-06
	iters: 100, epoch: 6 | loss: 0.1291022
	speed: 0.0389s/iter; left time: 106.7225s
	iters: 200, epoch: 6 | loss: 0.1229548
	speed: 0.0388s/iter; left time: 102.7635s
	iters: 300, epoch: 6 | loss: 0.1290003
	speed: 0.0388s/iter; left time: 98.8907s
	iters: 400, epoch: 6 | loss: 0.1264603
	speed: 0.0388s/iter; left time: 95.0177s
	iters: 500, epoch: 6 | loss: 0.1200118
	speed: 0.0389s/iter; left time: 91.1814s
Epoch: 6 cost time: 22.1s
Epoch: 6, Steps: 569 | Train Loss: 0.1251088 Vali Loss: 0.1612893
EarlyStopping counter: 1 out of 3
Updating learning rate to 3.125e-06
	iters: 100, epoch: 7 | loss: 0.1307766
	speed: 0.0399s/iter; left time: 86.7576s
	iters: 200, epoch: 7 | loss: 0.1304377
	speed: 0.0394s/iter; left time: 81.7842s
	iters: 300, epoch: 7 | loss: 0.1249390
	speed: 0.0392s/iter; left time: 77.4895s
	iters: 400, epoch: 7 | loss: 0.1284638
	speed: 0.0391s/iter; left time: 73.4374s
	iters: 500, epoch: 7 | loss: 0.1270666
	speed: 0.0391s/iter; left time: 69.4466s
Epoch: 7 cost time: 22.2s
Epoch: 7, Steps: 569 | Train Loss: 0.1240157 Vali Loss: 0.1606771
EarlyStopping counter: 2 out of 3
Updating learning rate to 1.5625e-06
	iters: 100, epoch: 8 | loss: 0.1229803
	speed: 0.0387s/iter; left time: 62.1679s
	iters: 200, epoch: 8 | loss: 0.1215532
	speed: 0.0388s/iter; left time: 58.4549s
	iters: 300, epoch: 8 | loss: 0.1226292
	speed: 0.0389s/iter; left time: 54.7666s
	iters: 400, epoch: 8 | loss: 0.1215589
	speed: 0.0390s/iter; left time: 51.0030s
	iters: 500, epoch: 8 | loss: 0.1253695
	speed: 0.0390s/iter; left time: 47.1150s
Epoch: 8 cost time: 22.2s
Epoch: 8, Steps: 569 | Train Loss: 0.1234276 Vali Loss: 0.1604104
EarlyStopping counter: 3 out of 3
Early stopping
Training time: 200.1s | Peak GPU memory: 1798.3MB

>>> Testing...
test 5165
test shape: (5165, 1, 96, 321) (5165, 1, 96, 321)
test shape: (5165, 96, 321) (5165, 96, 321)
MSE: 0.229882, MAE: 0.334624
Inference: 49.96s | 5165 samples | 103.4 samples/sec
Results saved to /lustre09/project/6010289/sdmuhsin/SpectraGate/results/ecl_results.csv
========================================
Finished: Mon 09 Mar 2026 06:16:44 PM EDT
========================================
