========================================
Job: fn_Autoformer_ETTh2_96
Model: Autoformer
Dataset: ETTh2
Pred len: 96
Time limit: 4:00:00
GPU: h100_2g.20gb:1
Started: Mon 09 Mar 2026 06:13:50 PM EDT
========================================
Mon Mar  9 18:13:50 2026       
+-----------------------------------------------------------------------------------------+
| NVIDIA-SMI 570.211.01             Driver Version: 570.211.01     CUDA Version: 12.8     |
|-----------------------------------------+------------------------+----------------------+
| GPU  Name                 Persistence-M | Bus-Id          Disp.A | Volatile Uncorr. ECC |
| Fan  Temp   Perf          Pwr:Usage/Cap |           Memory-Usage | GPU-Util  Compute M. |
|                                         |                        |               MIG M. |
|=========================================+========================+======================|
|   0  NVIDIA H100 80GB HBM3          Off |   00000000:4E:00.0 Off |                   On |
| N/A   47C    P0            161W /  700W |   43391MiB /  81559MiB |     N/A      Default |
|                                         |                        |              Enabled |
+-----------------------------------------+------------------------+----------------------+

+-----------------------------------------------------------------------------------------+
| MIG devices:                                                                            |
+------------------+----------------------------------+-----------+-----------------------+
| GPU  GI  CI  MIG |                     Memory-Usage |        Vol|        Shared         |
|      ID  ID  Dev |                       BAR1-Usage | SM     Unc| CE ENC  DEC  OFA  JPG |
|                  |                                  |        ECC|                       |
|==================+==================================+===========+=======================|
|  0    3   0   0  |              17MiB / 20096MiB    | 32      0 |  2   0    2    0    2 |
|                  |                 0MiB / 32767MiB  |           |                       |
+------------------+----------------------------------+-----------+-----------------------+
                                                                                         
+-----------------------------------------------------------------------------------------+
| Processes:                                                                              |
|  GPU   GI   CI              PID   Type   Process name                        GPU Memory |
|        ID   ID                                                               Usage      |
|=========================================================================================|
|  No running processes found                                                             |
+-----------------------------------------------------------------------------------------+
Using device: cuda:0
Model: Autoformer, Dataset: ETTh2, pred_len: 96, seq_len: 96

>>> Training...
train 8449
val 2785
Model Model : total params: 10,535,943 | trainable: 10,535,943 (40.1914MB)
	iters: 100, epoch: 1 | loss: 0.8001083
	speed: 0.0613s/iter; left time: 155.7491s
	iters: 200, epoch: 1 | loss: 0.4087528
	speed: 0.0597s/iter; left time: 145.6466s
Epoch: 1 cost time: 15.7s
Epoch: 1, Steps: 264 | Train Loss: 0.4958886 Vali Loss: 0.2748688
Validation loss decreased (inf --> 0.274869).  Saving model ...
Updating learning rate to 0.0001
	iters: 100, epoch: 2 | loss: 0.4524997
	speed: 0.0574s/iter; left time: 130.8012s
	iters: 200, epoch: 2 | loss: 0.3291299
	speed: 0.0576s/iter; left time: 125.4498s
Epoch: 2 cost time: 15.3s
Epoch: 2, Steps: 264 | Train Loss: 0.3853300 Vali Loss: 0.2967651
EarlyStopping counter: 1 out of 3
Updating learning rate to 5e-05
	iters: 100, epoch: 3 | loss: 0.4352865
	speed: 0.0576s/iter; left time: 115.9208s
	iters: 200, epoch: 3 | loss: 0.2609692
	speed: 0.0577s/iter; left time: 110.4598s
Epoch: 3 cost time: 15.3s
Epoch: 3, Steps: 264 | Train Loss: 0.3182908 Vali Loss: 0.2895774
EarlyStopping counter: 2 out of 3
Updating learning rate to 2.5e-05
	iters: 100, epoch: 4 | loss: 0.2494833
	speed: 0.0578s/iter; left time: 101.0625s
	iters: 200, epoch: 4 | loss: 0.2650906
	speed: 0.0578s/iter; left time: 95.3861s
Epoch: 4 cost time: 15.3s
Epoch: 4, Steps: 264 | Train Loss: 0.2864736 Vali Loss: 0.3108871
EarlyStopping counter: 3 out of 3
Early stopping
Training time: 72.8s | Peak GPU memory: 1740.7MB

>>> Testing...
test 2785
test shape: (2785, 1, 96, 7) (2785, 1, 96, 7)
test shape: (2785, 96, 7) (2785, 96, 7)
MSE: 0.370836, MAE: 0.407259
Inference: 25.38s | 2785 samples | 109.7 samples/sec
Results saved to /lustre09/project/6010289/sdmuhsin/SpectraGate/results/etth2_results.csv
========================================
Finished: Mon 09 Mar 2026 06:15:34 PM EDT
========================================
