========================================
Job: fn_Autoformer_Traffic_96
Model: Autoformer
Dataset: Traffic
Pred len: 96
Time limit: 12:00:00
GPU: h100_3g.40gb:1
Started: Mon 09 Mar 2026 06:12:23 PM EDT
========================================
Mon Mar  9 18:12:23 2026       
+-----------------------------------------------------------------------------------------+
| NVIDIA-SMI 570.211.01             Driver Version: 570.211.01     CUDA Version: 12.8     |
|-----------------------------------------+------------------------+----------------------+
| GPU  Name                 Persistence-M | Bus-Id          Disp.A | Volatile Uncorr. ECC |
| Fan  Temp   Perf          Pwr:Usage/Cap |           Memory-Usage | GPU-Util  Compute M. |
|                                         |                        |               MIG M. |
|=========================================+========================+======================|
|   0  NVIDIA H100 80GB HBM3          Off |   00000000:4E:00.0 Off |                   On |
| N/A   32C    P0             71W /  700W |      59MiB /  81559MiB |     N/A      Default |
|                                         |                        |              Enabled |
+-----------------------------------------+------------------------+----------------------+

+-----------------------------------------------------------------------------------------+
| MIG devices:                                                                            |
+------------------+----------------------------------+-----------+-----------------------+
| GPU  GI  CI  MIG |                     Memory-Usage |        Vol|        Shared         |
|      ID  ID  Dev |                       BAR1-Usage | SM     Unc| CE ENC  DEC  OFA  JPG |
|                  |                                  |        ECC|                       |
|==================+==================================+===========+=======================|
|  0    1   0   0  |              26MiB / 40448MiB    | 60      0 |  3   0    3    0    3 |
|                  |                 0MiB / 65535MiB  |           |                       |
+------------------+----------------------------------+-----------+-----------------------+
                                                                                         
+-----------------------------------------------------------------------------------------+
| Processes:                                                                              |
|  GPU   GI   CI              PID   Type   Process name                        GPU Memory |
|        ID   ID                                                               Usage      |
|=========================================================================================|
|  No running processes found                                                             |
+-----------------------------------------------------------------------------------------+
Using device: cuda:0
Model: Autoformer, Dataset: Traffic, pred_len: 96, seq_len: 96

>>> Training...
train 12089
val 1661
Model Model : total params: 14,914,398 | trainable: 14,914,398 (56.8939MB)
	iters: 100, epoch: 1 | loss: 0.4232105
	speed: 0.0452s/iter; left time: 336.4768s
	iters: 200, epoch: 1 | loss: 0.3199251
	speed: 0.0404s/iter; left time: 297.2065s
	iters: 300, epoch: 1 | loss: 0.2683275
	speed: 0.0387s/iter; left time: 280.8798s
	iters: 400, epoch: 1 | loss: 0.2659518
	speed: 0.0378s/iter; left time: 270.5079s
	iters: 500, epoch: 1 | loss: 0.2808485
	speed: 0.0373s/iter; left time: 263.2570s
	iters: 600, epoch: 1 | loss: 0.2339440
	speed: 0.0370s/iter; left time: 257.3444s
	iters: 700, epoch: 1 | loss: 0.2338034
	speed: 0.0368s/iter; left time: 252.4479s
Epoch: 1 cost time: 27.8s
Epoch: 1, Steps: 755 | Train Loss: 0.3158511 Vali Loss: 0.4809920
Validation loss decreased (inf --> 0.480992).  Saving model ...
Updating learning rate to 0.0001
	iters: 100, epoch: 2 | loss: 0.2359713
	speed: 0.0356s/iter; left time: 238.1211s
	iters: 200, epoch: 2 | loss: 0.2092375
	speed: 0.0355s/iter; left time: 234.1223s
	iters: 300, epoch: 2 | loss: 0.2278396
	speed: 0.0355s/iter; left time: 230.8064s
	iters: 400, epoch: 2 | loss: 0.2163200
	speed: 0.0354s/iter; left time: 226.5540s
	iters: 500, epoch: 2 | loss: 0.2148071
	speed: 0.0355s/iter; left time: 223.5258s
	iters: 600, epoch: 2 | loss: 0.2006452
	speed: 0.0355s/iter; left time: 220.0023s
	iters: 700, epoch: 2 | loss: 0.2226183
	speed: 0.0355s/iter; left time: 216.4542s
Epoch: 2 cost time: 26.8s
Epoch: 2, Steps: 755 | Train Loss: 0.2247662 Vali Loss: 0.4593426
Validation loss decreased (0.480992 --> 0.459343).  Saving model ...
Updating learning rate to 5e-05
	iters: 100, epoch: 3 | loss: 0.1899721
	speed: 0.0350s/iter; left time: 208.1054s
	iters: 200, epoch: 3 | loss: 0.2152939
	speed: 0.0350s/iter; left time: 204.3865s
	iters: 300, epoch: 3 | loss: 0.1859682
	speed: 0.0350s/iter; left time: 201.2106s
	iters: 400, epoch: 3 | loss: 0.2233362
	speed: 0.0351s/iter; left time: 198.2794s
	iters: 500, epoch: 3 | loss: 0.1815411
	speed: 0.0351s/iter; left time: 194.7658s
	iters: 600, epoch: 3 | loss: 0.1875083
	speed: 0.0352s/iter; left time: 191.3342s
	iters: 700, epoch: 3 | loss: 0.1971274
	speed: 0.0352s/iter; left time: 187.8572s
Epoch: 3 cost time: 26.5s
Epoch: 3, Steps: 755 | Train Loss: 0.1992229 Vali Loss: 0.4619898
EarlyStopping counter: 1 out of 3
Updating learning rate to 2.5e-05
	iters: 100, epoch: 4 | loss: 0.1971160
	speed: 0.0350s/iter; left time: 181.5063s
	iters: 200, epoch: 4 | loss: 0.2035993
	speed: 0.0354s/iter; left time: 179.9052s
	iters: 300, epoch: 4 | loss: 0.1802773
	speed: 0.0354s/iter; left time: 176.3648s
	iters: 400, epoch: 4 | loss: 0.1925774
	speed: 0.0353s/iter; left time: 172.6068s
	iters: 500, epoch: 4 | loss: 0.1904165
	speed: 0.0353s/iter; left time: 169.0741s
	iters: 600, epoch: 4 | loss: 0.1912290
	speed: 0.0353s/iter; left time: 165.3953s
	iters: 700, epoch: 4 | loss: 0.1766562
	speed: 0.0352s/iter; left time: 161.6292s
Epoch: 4 cost time: 26.6s
Epoch: 4, Steps: 755 | Train Loss: 0.1902385 Vali Loss: 0.4633594
EarlyStopping counter: 2 out of 3
Updating learning rate to 1.25e-05
	iters: 100, epoch: 5 | loss: 0.1811357
	speed: 0.0355s/iter; left time: 157.4611s
	iters: 200, epoch: 5 | loss: 0.2010620
	speed: 0.0354s/iter; left time: 153.4632s
	iters: 300, epoch: 5 | loss: 0.1980313
	speed: 0.0353s/iter; left time: 149.3034s
	iters: 400, epoch: 5 | loss: 0.1908607
	speed: 0.0352s/iter; left time: 145.4203s
	iters: 500, epoch: 5 | loss: 0.1747543
	speed: 0.0352s/iter; left time: 141.9610s
	iters: 600, epoch: 5 | loss: 0.2034370
	speed: 0.0352s/iter; left time: 138.5214s
	iters: 700, epoch: 5 | loss: 0.1864472
	speed: 0.0353s/iter; left time: 135.3029s
Epoch: 5 cost time: 26.7s
Epoch: 5, Steps: 755 | Train Loss: 0.1854159 Vali Loss: 0.4647653
EarlyStopping counter: 3 out of 3
Early stopping
Training time: 151.7s | Peak GPU memory: 1081.3MB

>>> Testing...
test 3413
test shape: (3413, 1, 96, 862) (3413, 1, 96, 862)
test shape: (3413, 96, 862) (3413, 96, 862)
MSE: 0.655870, MAE: 0.391375
Inference: 35.13s | 3413 samples | 97.1 samples/sec
Results saved to /lustre09/project/6010289/sdmuhsin/SpectraGate/results/traffic_results.csv
========================================
Finished: Mon 09 Mar 2026 06:15:44 PM EDT
========================================
