========================================
Job: fn_DLinear_ETTm2_96
Model: DLinear
Dataset: ETTm2
Pred len: 96
Time limit: 8:00:00
GPU: h100_2g.20gb:1
Started: Mon 09 Mar 2026 05:49:00 PM EDT
========================================
Mon Mar  9 17:49:00 2026       
+-----------------------------------------------------------------------------------------+
| NVIDIA-SMI 570.211.01             Driver Version: 570.211.01     CUDA Version: 12.8     |
|-----------------------------------------+------------------------+----------------------+
| GPU  Name                 Persistence-M | Bus-Id          Disp.A | Volatile Uncorr. ECC |
| Fan  Temp   Perf          Pwr:Usage/Cap |           Memory-Usage | GPU-Util  Compute M. |
|                                         |                        |               MIG M. |
|=========================================+========================+======================|
|   0  NVIDIA H100 80GB HBM3          Off |   00000000:5F:00.0 Off |                   On |
| N/A   32C    P0             71W /  700W |      59MiB /  81559MiB |     N/A      Default |
|                                         |                        |              Enabled |
+-----------------------------------------+------------------------+----------------------+

+-----------------------------------------------------------------------------------------+
| MIG devices:                                                                            |
+------------------+----------------------------------+-----------+-----------------------+
| GPU  GI  CI  MIG |                     Memory-Usage |        Vol|        Shared         |
|      ID  ID  Dev |                       BAR1-Usage | SM     Unc| CE ENC  DEC  OFA  JPG |
|                  |                                  |        ECC|                       |
|==================+==================================+===========+=======================|
|  0    3   0   0  |              17MiB / 20096MiB    | 32      0 |  2   0    2    0    2 |
|                  |                 0MiB / 32767MiB  |           |                       |
+------------------+----------------------------------+-----------+-----------------------+
                                                                                         
+-----------------------------------------------------------------------------------------+
| Processes:                                                                              |
|  GPU   GI   CI              PID   Type   Process name                        GPU Memory |
|        ID   ID                                                               Usage      |
|=========================================================================================|
|  No running processes found                                                             |
+-----------------------------------------------------------------------------------------+
Using device: cuda:0
Model: DLinear, Dataset: ETTm2, pred_len: 96, seq_len: 96

>>> Training...
train 34369
val 11425
Model Model : total params: 18,624 | trainable: 18,624 (0.0710MB)
	iters: 100, epoch: 1 | loss: 0.2231367
	speed: 0.0040s/iter; left time: 84.8563s
	iters: 200, epoch: 1 | loss: 0.3613220
	speed: 0.0027s/iter; left time: 57.5697s
	iters: 300, epoch: 1 | loss: 0.2712092
	speed: 0.0023s/iter; left time: 48.4210s
	iters: 400, epoch: 1 | loss: 0.1238288
	speed: 0.0021s/iter; left time: 43.7448s
	iters: 500, epoch: 1 | loss: 0.3120539
	speed: 0.0019s/iter; left time: 40.8660s
	iters: 600, epoch: 1 | loss: 0.1806881
	speed: 0.0019s/iter; left time: 38.8973s
	iters: 700, epoch: 1 | loss: 0.2192563
	speed: 0.0018s/iter; left time: 37.4580s
	iters: 800, epoch: 1 | loss: 0.1881946
	speed: 0.0018s/iter; left time: 36.3448s
	iters: 900, epoch: 1 | loss: 0.3596152
	speed: 0.0017s/iter; left time: 35.6675s
	iters: 1000, epoch: 1 | loss: 0.1610544
	speed: 0.0017s/iter; left time: 34.9248s
Epoch: 1 cost time: 1.8s
Epoch: 1, Steps: 1074 | Train Loss: 0.2673511 Vali Loss: 0.1423225
Validation loss decreased (inf --> 0.142322).  Saving model ...
Updating learning rate to 0.01
	iters: 100, epoch: 2 | loss: 0.2046279
	speed: 0.0015s/iter; left time: 29.5964s
	iters: 200, epoch: 2 | loss: 0.2863561
	speed: 0.0014s/iter; left time: 29.2931s
	iters: 300, epoch: 2 | loss: 0.1626534
	speed: 0.0014s/iter; left time: 29.1213s
	iters: 400, epoch: 2 | loss: 0.1623720
	speed: 0.0014s/iter; left time: 28.9622s
	iters: 500, epoch: 2 | loss: 0.8598253
	speed: 0.0015s/iter; left time: 29.2009s
	iters: 600, epoch: 2 | loss: 0.4204092
	speed: 0.0015s/iter; left time: 28.9476s
	iters: 700, epoch: 2 | loss: 0.1736723
	speed: 0.0015s/iter; left time: 28.7305s
	iters: 800, epoch: 2 | loss: 0.3885435
	speed: 0.0015s/iter; left time: 28.5283s
	iters: 900, epoch: 2 | loss: 0.1796045
	speed: 0.0015s/iter; left time: 28.4600s
	iters: 1000, epoch: 2 | loss: 0.1924102
	speed: 0.0015s/iter; left time: 28.2824s
Epoch: 2 cost time: 1.6s
Epoch: 2, Steps: 1074 | Train Loss: 0.2644748 Vali Loss: 0.1749803
EarlyStopping counter: 1 out of 6
Updating learning rate to 0.005
	iters: 100, epoch: 3 | loss: 0.2508540
	speed: 0.0016s/iter; left time: 30.0307s
	iters: 200, epoch: 3 | loss: 0.2350498
	speed: 0.0015s/iter; left time: 28.6737s
	iters: 300, epoch: 3 | loss: 0.1531789
	speed: 0.0015s/iter; left time: 28.1269s
	iters: 400, epoch: 3 | loss: 0.3029096
	speed: 0.0015s/iter; left time: 27.7866s
	iters: 500, epoch: 3 | loss: 0.1724111
	speed: 0.0015s/iter; left time: 27.5401s
	iters: 600, epoch: 3 | loss: 0.1948465
	speed: 0.0015s/iter; left time: 27.3198s
	iters: 700, epoch: 3 | loss: 0.2615805
	speed: 0.0015s/iter; left time: 27.1159s
	iters: 800, epoch: 3 | loss: 0.3535940
	speed: 0.0015s/iter; left time: 26.9260s
	iters: 900, epoch: 3 | loss: 0.3059078
	speed: 0.0015s/iter; left time: 26.8050s
	iters: 1000, epoch: 3 | loss: 0.3525535
	speed: 0.0015s/iter; left time: 26.8420s
Epoch: 3 cost time: 1.6s
Epoch: 3, Steps: 1074 | Train Loss: 0.2466990 Vali Loss: 0.1432316
EarlyStopping counter: 2 out of 6
Updating learning rate to 0.0025
	iters: 100, epoch: 4 | loss: 0.1115365
	speed: 0.0014s/iter; left time: 26.2760s
	iters: 200, epoch: 4 | loss: 0.1400636
	speed: 0.0014s/iter; left time: 26.0265s
	iters: 300, epoch: 4 | loss: 0.2347123
	speed: 0.0014s/iter; left time: 25.8326s
	iters: 400, epoch: 4 | loss: 0.1447569
	speed: 0.0014s/iter; left time: 25.6736s
	iters: 500, epoch: 4 | loss: 0.1854851
	speed: 0.0014s/iter; left time: 25.5301s
	iters: 600, epoch: 4 | loss: 0.1773492
	speed: 0.0015s/iter; left time: 25.6851s
	iters: 700, epoch: 4 | loss: 0.1198202
	speed: 0.0015s/iter; left time: 25.4955s
	iters: 800, epoch: 4 | loss: 0.4196465
	speed: 0.0014s/iter; left time: 25.3115s
	iters: 900, epoch: 4 | loss: 0.1812563
	speed: 0.0014s/iter; left time: 25.1442s
	iters: 1000, epoch: 4 | loss: 0.2352489
	speed: 0.0014s/iter; left time: 24.9745s
Epoch: 4 cost time: 1.6s
Epoch: 4, Steps: 1074 | Train Loss: 0.2382013 Vali Loss: 0.1883164
EarlyStopping counter: 3 out of 6
Updating learning rate to 0.00125
	iters: 100, epoch: 5 | loss: 0.1877909
	speed: 0.0015s/iter; left time: 24.8562s
	iters: 200, epoch: 5 | loss: 0.2682570
	speed: 0.0015s/iter; left time: 25.4488s
	iters: 300, epoch: 5 | loss: 0.5316838
	speed: 0.0015s/iter; left time: 24.9951s
	iters: 400, epoch: 5 | loss: 0.0980542
	speed: 0.0015s/iter; left time: 24.6667s
	iters: 500, epoch: 5 | loss: 0.1141260
	speed: 0.0015s/iter; left time: 24.4132s
	iters: 600, epoch: 5 | loss: 0.4432061
	speed: 0.0015s/iter; left time: 24.2137s
	iters: 700, epoch: 5 | loss: 0.3012887
	speed: 0.0015s/iter; left time: 24.0283s
	iters: 800, epoch: 5 | loss: 0.2811625
	speed: 0.0015s/iter; left time: 23.8571s
	iters: 900, epoch: 5 | loss: 0.5231153
	speed: 0.0015s/iter; left time: 23.6905s
	iters: 1000, epoch: 5 | loss: 0.1838463
	speed: 0.0015s/iter; left time: 23.5207s
Epoch: 5 cost time: 1.6s
Epoch: 5, Steps: 1074 | Train Loss: 0.2339230 Vali Loss: 0.1295911
Validation loss decreased (0.142322 --> 0.129591).  Saving model ...
Updating learning rate to 0.000625
	iters: 100, epoch: 6 | loss: 0.1725802
	speed: 0.0015s/iter; left time: 23.4205s
	iters: 200, epoch: 6 | loss: 0.1699890
	speed: 0.0015s/iter; left time: 23.1626s
	iters: 300, epoch: 6 | loss: 0.4370979
	speed: 0.0015s/iter; left time: 22.9626s
	iters: 400, epoch: 6 | loss: 0.2239167
	speed: 0.0014s/iter; left time: 22.7743s
	iters: 500, epoch: 6 | loss: 0.1452052
	speed: 0.0014s/iter; left time: 22.6148s
	iters: 600, epoch: 6 | loss: 0.2421681
	speed: 0.0015s/iter; left time: 22.7136s
	iters: 700, epoch: 6 | loss: 0.2983718
	speed: 0.0015s/iter; left time: 22.5229s
	iters: 800, epoch: 6 | loss: 0.3302191
	speed: 0.0015s/iter; left time: 22.3417s
	iters: 900, epoch: 6 | loss: 0.4093120
	speed: 0.0015s/iter; left time: 22.1623s
	iters: 1000, epoch: 6 | loss: 0.2815194
	speed: 0.0015s/iter; left time: 21.9916s
Epoch: 6 cost time: 1.6s
Epoch: 6, Steps: 1074 | Train Loss: 0.2319536 Vali Loss: 0.1424288
EarlyStopping counter: 1 out of 6
Updating learning rate to 0.0003125
	iters: 100, epoch: 7 | loss: 0.2211728
	speed: 0.0015s/iter; left time: 21.7199s
	iters: 200, epoch: 7 | loss: 0.3326319
	speed: 0.0015s/iter; left time: 22.2429s
	iters: 300, epoch: 7 | loss: 0.3788958
	speed: 0.0015s/iter; left time: 21.8188s
	iters: 400, epoch: 7 | loss: 0.2014327
	speed: 0.0015s/iter; left time: 21.6468s
	iters: 500, epoch: 7 | loss: 0.1384115
	speed: 0.0015s/iter; left time: 21.3976s
	iters: 600, epoch: 7 | loss: 0.1270741
	speed: 0.0015s/iter; left time: 21.1833s
	iters: 700, epoch: 7 | loss: 0.1279289
	speed: 0.0015s/iter; left time: 20.9917s
	iters: 800, epoch: 7 | loss: 0.2792827
	speed: 0.0015s/iter; left time: 20.8107s
	iters: 900, epoch: 7 | loss: 0.1865598
	speed: 0.0015s/iter; left time: 20.6388s
	iters: 1000, epoch: 7 | loss: 0.3035123
	speed: 0.0015s/iter; left time: 20.4746s
Epoch: 7 cost time: 1.6s
Epoch: 7, Steps: 1074 | Train Loss: 0.2308405 Vali Loss: 0.1509923
EarlyStopping counter: 2 out of 6
Updating learning rate to 0.00015625
	iters: 100, epoch: 8 | loss: 0.1615042
	speed: 0.0015s/iter; left time: 20.1074s
	iters: 200, epoch: 8 | loss: 0.1327131
	speed: 0.0014s/iter; left time: 19.8842s
	iters: 300, epoch: 8 | loss: 0.1562572
	speed: 0.0014s/iter; left time: 19.7204s
	iters: 400, epoch: 8 | loss: 0.2376794
	speed: 0.0014s/iter; left time: 19.5648s
	iters: 500, epoch: 8 | loss: 0.1473480
	speed: 0.0014s/iter; left time: 19.4052s
	iters: 600, epoch: 8 | loss: 0.1291429
	speed: 0.0014s/iter; left time: 19.2576s
	iters: 700, epoch: 8 | loss: 0.2478873
	speed: 0.0014s/iter; left time: 19.1735s
	iters: 800, epoch: 8 | loss: 0.3464317
	speed: 0.0015s/iter; left time: 19.1632s
	iters: 900, epoch: 8 | loss: 0.1709362
	speed: 0.0015s/iter; left time: 18.9895s
	iters: 1000, epoch: 8 | loss: 0.4302120
	speed: 0.0015s/iter; left time: 18.8209s
Epoch: 8 cost time: 1.6s
Epoch: 8, Steps: 1074 | Train Loss: 0.2301393 Vali Loss: 0.1433133
EarlyStopping counter: 3 out of 6
Updating learning rate to 7.8125e-05
	iters: 100, epoch: 9 | loss: 0.2355245
	speed: 0.0015s/iter; left time: 18.5892s
	iters: 200, epoch: 9 | loss: 0.2922085
	speed: 0.0014s/iter; left time: 18.3656s
	iters: 300, epoch: 9 | loss: 0.3801078
	speed: 0.0015s/iter; left time: 18.6236s
	iters: 400, epoch: 9 | loss: 0.1872784
	speed: 0.0015s/iter; left time: 18.3418s
	iters: 500, epoch: 9 | loss: 0.4539038
	speed: 0.0015s/iter; left time: 18.1205s
	iters: 600, epoch: 9 | loss: 0.1916390
	speed: 0.0015s/iter; left time: 17.9214s
	iters: 700, epoch: 9 | loss: 0.2274898
	speed: 0.0015s/iter; left time: 17.7442s
	iters: 800, epoch: 9 | loss: 0.1199170
	speed: 0.0015s/iter; left time: 17.5717s
	iters: 900, epoch: 9 | loss: 0.1832577
	speed: 0.0015s/iter; left time: 17.4069s
	iters: 1000, epoch: 9 | loss: 0.1360539
	speed: 0.0015s/iter; left time: 17.2467s
Epoch: 9 cost time: 1.6s
Epoch: 9, Steps: 1074 | Train Loss: 0.2296317 Vali Loss: 0.1313307
EarlyStopping counter: 4 out of 6
Updating learning rate to 3.90625e-05
	iters: 100, epoch: 10 | loss: 0.3311170
	speed: 0.0015s/iter; left time: 17.0033s
	iters: 200, epoch: 10 | loss: 0.1777230
	speed: 0.0014s/iter; left time: 16.7771s
	iters: 300, epoch: 10 | loss: 0.3134037
	speed: 0.0014s/iter; left time: 16.6374s
	iters: 400, epoch: 10 | loss: 0.1592039
	speed: 0.0014s/iter; left time: 16.4664s
	iters: 500, epoch: 10 | loss: 0.2823195
	speed: 0.0014s/iter; left time: 16.3076s
	iters: 600, epoch: 10 | loss: 0.1384875
	speed: 0.0014s/iter; left time: 16.1611s
	iters: 700, epoch: 10 | loss: 0.1269696
	speed: 0.0014s/iter; left time: 16.0278s
	iters: 800, epoch: 10 | loss: 0.1278442
	speed: 0.0015s/iter; left time: 16.0034s
	iters: 900, epoch: 10 | loss: 0.1610119
	speed: 0.0015s/iter; left time: 15.8479s
	iters: 1000, epoch: 10 | loss: 0.2086197
	speed: 0.0015s/iter; left time: 15.6901s
Epoch: 10 cost time: 1.6s
Epoch: 10, Steps: 1074 | Train Loss: 0.2294168 Vali Loss: 0.1353122
EarlyStopping counter: 5 out of 6
Updating learning rate to 1.953125e-05
	iters: 100, epoch: 11 | loss: 0.2117488
	speed: 0.0015s/iter; left time: 15.4725s
	iters: 200, epoch: 11 | loss: 0.3038899
	speed: 0.0014s/iter; left time: 15.2590s
	iters: 300, epoch: 11 | loss: 0.2210250
	speed: 0.0014s/iter; left time: 15.1037s
	iters: 400, epoch: 11 | loss: 0.1422889
	speed: 0.0015s/iter; left time: 15.2139s
	iters: 500, epoch: 11 | loss: 0.1361037
	speed: 0.0015s/iter; left time: 15.0093s
	iters: 600, epoch: 11 | loss: 0.3054617
	speed: 0.0015s/iter; left time: 14.8246s
	iters: 700, epoch: 11 | loss: 0.1689663
	speed: 0.0015s/iter; left time: 14.6479s
	iters: 800, epoch: 11 | loss: 0.1438636
	speed: 0.0015s/iter; left time: 14.4809s
	iters: 900, epoch: 11 | loss: 0.1895113
	speed: 0.0015s/iter; left time: 14.3196s
	iters: 1000, epoch: 11 | loss: 0.3272650
	speed: 0.0015s/iter; left time: 14.1630s
Epoch: 11 cost time: 1.6s
Epoch: 11, Steps: 1074 | Train Loss: 0.2293363 Vali Loss: 0.1337149
EarlyStopping counter: 6 out of 6
Early stopping
Training time: 21.4s | Peak GPU memory: 65.8MB

>>> Testing...
test 11425
test shape: (11425, 1, 96, 7) (11425, 1, 96, 7)
test shape: (11425, 96, 7) (11425, 96, 7)
MSE: 0.185561, MAE: 0.276050
Inference: 4.21s | 11425 samples | 2714.0 samples/sec
Results saved to /lustre09/project/6010289/sdmuhsin/SpectraGate/results/ettm2_results.csv
========================================
Finished: Mon 09 Mar 2026 05:49:48 PM EDT
========================================
