========================================
Job: fn_DLinear_ETTm1_96
Model: DLinear
Dataset: ETTm1
Pred len: 96
Time limit: 8:00:00
GPU: h100_2g.20gb:1
Started: Mon 09 Mar 2026 06:13:00 PM EDT
========================================
Mon Mar  9 18:13:00 2026       
+-----------------------------------------------------------------------------------------+
| NVIDIA-SMI 570.211.01             Driver Version: 570.211.01     CUDA Version: 12.8     |
|-----------------------------------------+------------------------+----------------------+
| GPU  Name                 Persistence-M | Bus-Id          Disp.A | Volatile Uncorr. ECC |
| Fan  Temp   Perf          Pwr:Usage/Cap |           Memory-Usage | GPU-Util  Compute M. |
|                                         |                        |               MIG M. |
|=========================================+========================+======================|
|   0  NVIDIA H100 80GB HBM3          Off |   00000000:4E:00.0 Off |                   On |
| N/A   38C    P0            155W /  700W |    1788MiB /  81559MiB |     N/A      Default |
|                                         |                        |              Enabled |
+-----------------------------------------+------------------------+----------------------+

+-----------------------------------------------------------------------------------------+
| MIG devices:                                                                            |
+------------------+----------------------------------+-----------+-----------------------+
| GPU  GI  CI  MIG |                     Memory-Usage |        Vol|        Shared         |
|      ID  ID  Dev |                       BAR1-Usage | SM     Unc| CE ENC  DEC  OFA  JPG |
|                  |                                  |        ECC|                       |
|==================+==================================+===========+=======================|
|  0    5   0   0  |              17MiB / 20096MiB    | 32      0 |  2   0    2    0    2 |
|                  |                 0MiB / 32767MiB  |           |                       |
+------------------+----------------------------------+-----------+-----------------------+
                                                                                         
+-----------------------------------------------------------------------------------------+
| Processes:                                                                              |
|  GPU   GI   CI              PID   Type   Process name                        GPU Memory |
|        ID   ID                                                               Usage      |
|=========================================================================================|
|  No running processes found                                                             |
+-----------------------------------------------------------------------------------------+
Using device: cuda:0
Model: DLinear, Dataset: ETTm1, pred_len: 96, seq_len: 96

>>> Training...
train 34369
val 11425
Model Model : total params: 18,624 | trainable: 18,624 (0.0710MB)
	iters: 100, epoch: 1 | loss: 0.3285436
	speed: 0.0032s/iter; left time: 68.2752s
	iters: 200, epoch: 1 | loss: 0.3430938
	speed: 0.0023s/iter; left time: 49.5682s
	iters: 300, epoch: 1 | loss: 0.3111936
	speed: 0.0020s/iter; left time: 43.2289s
	iters: 400, epoch: 1 | loss: 0.3393481
	speed: 0.0019s/iter; left time: 39.9975s
	iters: 500, epoch: 1 | loss: 0.3534487
	speed: 0.0018s/iter; left time: 38.0111s
	iters: 600, epoch: 1 | loss: 0.2928279
	speed: 0.0018s/iter; left time: 36.6177s
	iters: 700, epoch: 1 | loss: 0.3251578
	speed: 0.0017s/iter; left time: 35.5832s
	iters: 800, epoch: 1 | loss: 0.3251280
	speed: 0.0017s/iter; left time: 34.7735s
	iters: 900, epoch: 1 | loss: 0.4690880
	speed: 0.0017s/iter; left time: 34.1112s
	iters: 1000, epoch: 1 | loss: 0.4302971
	speed: 0.0017s/iter; left time: 33.8339s
Epoch: 1 cost time: 1.8s
Epoch: 1, Steps: 1074 | Train Loss: 0.3563044 Vali Loss: 0.4364904
Validation loss decreased (inf --> 0.436490).  Saving model ...
Updating learning rate to 0.01
	iters: 100, epoch: 2 | loss: 0.4404390
	speed: 0.0015s/iter; left time: 31.1204s
	iters: 200, epoch: 2 | loss: 0.3269119
	speed: 0.0015s/iter; left time: 30.3370s
	iters: 300, epoch: 2 | loss: 0.2995870
	speed: 0.0015s/iter; left time: 30.0076s
	iters: 400, epoch: 2 | loss: 0.3263058
	speed: 0.0015s/iter; left time: 29.7754s
	iters: 500, epoch: 2 | loss: 0.3168317
	speed: 0.0015s/iter; left time: 30.0445s
	iters: 600, epoch: 2 | loss: 0.3356599
	speed: 0.0015s/iter; left time: 29.7762s
	iters: 700, epoch: 2 | loss: 0.3501473
	speed: 0.0015s/iter; left time: 29.5407s
	iters: 800, epoch: 2 | loss: 0.3676154
	speed: 0.0015s/iter; left time: 29.3222s
	iters: 900, epoch: 2 | loss: 0.3353262
	speed: 0.0015s/iter; left time: 29.1109s
	iters: 1000, epoch: 2 | loss: 0.4132194
	speed: 0.0015s/iter; left time: 28.9100s
Epoch: 2 cost time: 1.6s
Epoch: 2, Steps: 1074 | Train Loss: 0.3548279 Vali Loss: 0.4135481
Validation loss decreased (0.436490 --> 0.413548).  Saving model ...
Updating learning rate to 0.005
	iters: 100, epoch: 3 | loss: 0.3031540
	speed: 0.0016s/iter; left time: 31.1283s
	iters: 200, epoch: 3 | loss: 0.3477034
	speed: 0.0016s/iter; left time: 29.6744s
	iters: 300, epoch: 3 | loss: 0.2937998
	speed: 0.0015s/iter; left time: 29.0728s
	iters: 400, epoch: 3 | loss: 0.3456296
	speed: 0.0015s/iter; left time: 28.7013s
	iters: 500, epoch: 3 | loss: 0.3625441
	speed: 0.0015s/iter; left time: 28.4069s
	iters: 600, epoch: 3 | loss: 0.3664555
	speed: 0.0015s/iter; left time: 28.1632s
	iters: 700, epoch: 3 | loss: 0.3677509
	speed: 0.0015s/iter; left time: 27.9390s
	iters: 800, epoch: 3 | loss: 0.3317277
	speed: 0.0015s/iter; left time: 27.7324s
	iters: 900, epoch: 3 | loss: 0.3160267
	speed: 0.0015s/iter; left time: 27.5839s
	iters: 1000, epoch: 3 | loss: 0.3437392
	speed: 0.0015s/iter; left time: 27.6034s
Epoch: 3 cost time: 1.6s
Epoch: 3, Steps: 1074 | Train Loss: 0.3436623 Vali Loss: 0.4228262
EarlyStopping counter: 1 out of 6
Updating learning rate to 0.0025
	iters: 100, epoch: 4 | loss: 0.3336551
	speed: 0.0015s/iter; left time: 27.0334s
	iters: 200, epoch: 4 | loss: 0.3942899
	speed: 0.0015s/iter; left time: 26.8525s
	iters: 300, epoch: 4 | loss: 0.3733051
	speed: 0.0015s/iter; left time: 26.7042s
	iters: 400, epoch: 4 | loss: 0.3057607
	speed: 0.0015s/iter; left time: 26.5471s
	iters: 500, epoch: 4 | loss: 0.3039430
	speed: 0.0015s/iter; left time: 26.4266s
	iters: 600, epoch: 4 | loss: 0.3127802
	speed: 0.0015s/iter; left time: 26.5479s
	iters: 700, epoch: 4 | loss: 0.3958780
	speed: 0.0015s/iter; left time: 26.3266s
	iters: 800, epoch: 4 | loss: 0.3820327
	speed: 0.0015s/iter; left time: 26.1980s
	iters: 900, epoch: 4 | loss: 0.3259420
	speed: 0.0015s/iter; left time: 26.0035s
	iters: 1000, epoch: 4 | loss: 0.2828386
	speed: 0.0015s/iter; left time: 25.8194s
Epoch: 4 cost time: 1.6s
Epoch: 4, Steps: 1074 | Train Loss: 0.3380617 Vali Loss: 0.4034507
Validation loss decreased (0.413548 --> 0.403451).  Saving model ...
Updating learning rate to 0.00125
	iters: 100, epoch: 5 | loss: 0.3488041
	speed: 0.0016s/iter; left time: 28.0558s
	iters: 200, epoch: 5 | loss: 0.3275387
	speed: 0.0016s/iter; left time: 26.4368s
	iters: 300, epoch: 5 | loss: 0.3110930
	speed: 0.0015s/iter; left time: 25.8177s
	iters: 400, epoch: 5 | loss: 0.3087630
	speed: 0.0015s/iter; left time: 25.4508s
	iters: 500, epoch: 5 | loss: 0.3284199
	speed: 0.0015s/iter; left time: 25.1483s
	iters: 600, epoch: 5 | loss: 0.2756377
	speed: 0.0015s/iter; left time: 24.9195s
	iters: 700, epoch: 5 | loss: 0.2630181
	speed: 0.0015s/iter; left time: 24.7325s
	iters: 800, epoch: 5 | loss: 0.3583097
	speed: 0.0015s/iter; left time: 24.5261s
	iters: 900, epoch: 5 | loss: 0.3807136
	speed: 0.0015s/iter; left time: 24.5306s
	iters: 1000, epoch: 5 | loss: 0.3263129
	speed: 0.0015s/iter; left time: 24.3294s
Epoch: 5 cost time: 1.6s
Epoch: 5, Steps: 1074 | Train Loss: 0.3355612 Vali Loss: 0.3997337
Validation loss decreased (0.403451 --> 0.399734).  Saving model ...
Updating learning rate to 0.000625
	iters: 100, epoch: 6 | loss: 0.3127547
	speed: 0.0015s/iter; left time: 23.6139s
	iters: 200, epoch: 6 | loss: 0.3480976
	speed: 0.0015s/iter; left time: 23.4384s
	iters: 300, epoch: 6 | loss: 0.3267042
	speed: 0.0015s/iter; left time: 23.3159s
	iters: 400, epoch: 6 | loss: 0.3675561
	speed: 0.0015s/iter; left time: 23.1782s
	iters: 500, epoch: 6 | loss: 0.3393694
	speed: 0.0015s/iter; left time: 23.0210s
	iters: 600, epoch: 6 | loss: 0.3478954
	speed: 0.0015s/iter; left time: 22.8631s
	iters: 700, epoch: 6 | loss: 0.3250399
	speed: 0.0015s/iter; left time: 22.7396s
	iters: 800, epoch: 6 | loss: 0.3290838
	speed: 0.0015s/iter; left time: 22.5921s
	iters: 900, epoch: 6 | loss: 0.3354059
	speed: 0.0015s/iter; left time: 22.4414s
	iters: 1000, epoch: 6 | loss: 0.3005916
	speed: 0.0015s/iter; left time: 22.2969s
Epoch: 6 cost time: 1.6s
Epoch: 6, Steps: 1074 | Train Loss: 0.3335232 Vali Loss: 0.4006848
EarlyStopping counter: 1 out of 6
Updating learning rate to 0.0003125
	iters: 100, epoch: 7 | loss: 0.3287729
	speed: 0.0015s/iter; left time: 22.1942s
	iters: 200, epoch: 7 | loss: 0.3585835
	speed: 0.0015s/iter; left time: 21.9572s
	iters: 300, epoch: 7 | loss: 0.3288917
	speed: 0.0015s/iter; left time: 21.8075s
	iters: 400, epoch: 7 | loss: 0.2953178
	speed: 0.0015s/iter; left time: 21.6538s
	iters: 500, epoch: 7 | loss: 0.2840173
	speed: 0.0015s/iter; left time: 21.5096s
	iters: 600, epoch: 7 | loss: 0.3208809
	speed: 0.0015s/iter; left time: 21.3993s
	iters: 700, epoch: 7 | loss: 0.3443832
	speed: 0.0015s/iter; left time: 21.2517s
	iters: 800, epoch: 7 | loss: 0.3843734
	speed: 0.0015s/iter; left time: 21.1055s
	iters: 900, epoch: 7 | loss: 0.3027173
	speed: 0.0015s/iter; left time: 21.1361s
	iters: 1000, epoch: 7 | loss: 0.3183183
	speed: 0.0015s/iter; left time: 21.1309s
Epoch: 7 cost time: 1.6s
Epoch: 7, Steps: 1074 | Train Loss: 0.3326257 Vali Loss: 0.3966494
Validation loss decreased (0.399734 --> 0.396649).  Saving model ...
Updating learning rate to 0.00015625
	iters: 100, epoch: 8 | loss: 0.3117828
	speed: 0.0015s/iter; left time: 20.5173s
	iters: 200, epoch: 8 | loss: 0.3316304
	speed: 0.0015s/iter; left time: 20.2876s
	iters: 300, epoch: 8 | loss: 0.3390929
	speed: 0.0015s/iter; left time: 20.1355s
	iters: 400, epoch: 8 | loss: 0.3718641
	speed: 0.0015s/iter; left time: 20.0092s
	iters: 500, epoch: 8 | loss: 0.3575245
	speed: 0.0015s/iter; left time: 19.8910s
	iters: 600, epoch: 8 | loss: 0.3322408
	speed: 0.0015s/iter; left time: 19.8331s
	iters: 700, epoch: 8 | loss: 0.3153204
	speed: 0.0015s/iter; left time: 19.8897s
	iters: 800, epoch: 8 | loss: 0.3362623
	speed: 0.0015s/iter; left time: 19.7147s
	iters: 900, epoch: 8 | loss: 0.3313297
	speed: 0.0015s/iter; left time: 19.5477s
	iters: 1000, epoch: 8 | loss: 0.2690368
	speed: 0.0015s/iter; left time: 19.3788s
Epoch: 8 cost time: 1.6s
Epoch: 8, Steps: 1074 | Train Loss: 0.3321437 Vali Loss: 0.3959118
Validation loss decreased (0.396649 --> 0.395912).  Saving model ...
Updating learning rate to 7.8125e-05
	iters: 100, epoch: 9 | loss: 0.3652513
	speed: 0.0015s/iter; left time: 19.1753s
	iters: 200, epoch: 9 | loss: 0.3118471
	speed: 0.0015s/iter; left time: 18.9641s
	iters: 300, epoch: 9 | loss: 0.3176059
	speed: 0.0015s/iter; left time: 18.7781s
	iters: 400, epoch: 9 | loss: 0.4020382
	speed: 0.0015s/iter; left time: 18.6202s
	iters: 500, epoch: 9 | loss: 0.3897564
	speed: 0.0015s/iter; left time: 18.4764s
	iters: 600, epoch: 9 | loss: 0.3843973
	speed: 0.0015s/iter; left time: 18.3302s
	iters: 700, epoch: 9 | loss: 0.2905649
	speed: 0.0015s/iter; left time: 18.1866s
	iters: 800, epoch: 9 | loss: 0.3728513
	speed: 0.0015s/iter; left time: 18.0401s
	iters: 900, epoch: 9 | loss: 0.3491249
	speed: 0.0015s/iter; left time: 17.8845s
	iters: 1000, epoch: 9 | loss: 0.3686771
	speed: 0.0015s/iter; left time: 17.7334s
Epoch: 9 cost time: 1.6s
Epoch: 9, Steps: 1074 | Train Loss: 0.3318499 Vali Loss: 0.3967907
EarlyStopping counter: 1 out of 6
Updating learning rate to 3.90625e-05
	iters: 100, epoch: 10 | loss: 0.3185125
	speed: 0.0015s/iter; left time: 17.4570s
	iters: 200, epoch: 10 | loss: 0.3372335
	speed: 0.0015s/iter; left time: 17.2913s
	iters: 300, epoch: 10 | loss: 0.3722068
	speed: 0.0015s/iter; left time: 17.2616s
	iters: 400, epoch: 10 | loss: 0.3043061
	speed: 0.0015s/iter; left time: 17.1190s
	iters: 500, epoch: 10 | loss: 0.3335428
	speed: 0.0015s/iter; left time: 16.9321s
	iters: 600, epoch: 10 | loss: 0.3422700
	speed: 0.0015s/iter; left time: 16.7552s
	iters: 700, epoch: 10 | loss: 0.3244700
	speed: 0.0015s/iter; left time: 16.5917s
	iters: 800, epoch: 10 | loss: 0.3045182
	speed: 0.0015s/iter; left time: 16.4351s
	iters: 900, epoch: 10 | loss: 0.2848520
	speed: 0.0015s/iter; left time: 16.2738s
	iters: 1000, epoch: 10 | loss: 0.3213659
	speed: 0.0015s/iter; left time: 16.1070s
Epoch: 10 cost time: 1.6s
Epoch: 10, Steps: 1074 | Train Loss: 0.3317255 Vali Loss: 0.3968014
EarlyStopping counter: 2 out of 6
Updating learning rate to 1.953125e-05
	iters: 100, epoch: 11 | loss: 0.3303251
	speed: 0.0016s/iter; left time: 17.1770s
	iters: 200, epoch: 11 | loss: 0.3272880
	speed: 0.0016s/iter; left time: 16.8595s
	iters: 300, epoch: 11 | loss: 0.3521665
	speed: 0.0016s/iter; left time: 16.2705s
	iters: 400, epoch: 11 | loss: 0.4171587
	speed: 0.0015s/iter; left time: 15.8908s
	iters: 500, epoch: 11 | loss: 0.2619386
	speed: 0.0015s/iter; left time: 15.6051s
	iters: 600, epoch: 11 | loss: 0.2757389
	speed: 0.0015s/iter; left time: 15.3655s
	iters: 700, epoch: 11 | loss: 0.2924373
	speed: 0.0015s/iter; left time: 15.1621s
	iters: 800, epoch: 11 | loss: 0.2924079
	speed: 0.0015s/iter; left time: 14.9709s
	iters: 900, epoch: 11 | loss: 0.3149872
	speed: 0.0015s/iter; left time: 14.7862s
	iters: 1000, epoch: 11 | loss: 0.3546005
	speed: 0.0015s/iter; left time: 14.7242s
Epoch: 11 cost time: 1.6s
Epoch: 11, Steps: 1074 | Train Loss: 0.3316215 Vali Loss: 0.3975130
EarlyStopping counter: 3 out of 6
Updating learning rate to 9.765625e-06
	iters: 100, epoch: 12 | loss: 0.3459336
	speed: 0.0015s/iter; left time: 14.2361s
	iters: 200, epoch: 12 | loss: 0.3646810
	speed: 0.0015s/iter; left time: 14.1099s
	iters: 300, epoch: 12 | loss: 0.3252541
	speed: 0.0015s/iter; left time: 13.9106s
	iters: 400, epoch: 12 | loss: 0.2870144
	speed: 0.0015s/iter; left time: 13.7365s
	iters: 500, epoch: 12 | loss: 0.3697915
	speed: 0.0015s/iter; left time: 13.5863s
	iters: 600, epoch: 12 | loss: 0.3221026
	speed: 0.0015s/iter; left time: 13.5977s
	iters: 700, epoch: 12 | loss: 0.2896220
	speed: 0.0015s/iter; left time: 13.4214s
	iters: 800, epoch: 12 | loss: 0.4284769
	speed: 0.0015s/iter; left time: 13.2566s
	iters: 900, epoch: 12 | loss: 0.2896196
	speed: 0.0015s/iter; left time: 13.0844s
	iters: 1000, epoch: 12 | loss: 0.4243598
	speed: 0.0015s/iter; left time: 12.9207s
Epoch: 12 cost time: 1.6s
Epoch: 12, Steps: 1074 | Train Loss: 0.3315844 Vali Loss: 0.3973513
EarlyStopping counter: 4 out of 6
Updating learning rate to 4.8828125e-06
	iters: 100, epoch: 13 | loss: 0.3353800
	speed: 0.0016s/iter; left time: 13.5935s
	iters: 200, epoch: 13 | loss: 0.2916651
	speed: 0.0015s/iter; left time: 12.9266s
	iters: 300, epoch: 13 | loss: 0.3624682
	speed: 0.0015s/iter; left time: 12.5976s
	iters: 400, epoch: 13 | loss: 0.2976046
	speed: 0.0015s/iter; left time: 12.3352s
	iters: 500, epoch: 13 | loss: 0.3173453
	speed: 0.0015s/iter; left time: 12.1334s
	iters: 600, epoch: 13 | loss: 0.3260899
	speed: 0.0015s/iter; left time: 11.9420s
	iters: 700, epoch: 13 | loss: 0.2887162
	speed: 0.0015s/iter; left time: 11.7587s
	iters: 800, epoch: 13 | loss: 0.3137622
	speed: 0.0015s/iter; left time: 11.5979s
	iters: 900, epoch: 13 | loss: 0.3698265
	speed: 0.0015s/iter; left time: 11.5672s
	iters: 1000, epoch: 13 | loss: 0.3966092
	speed: 0.0015s/iter; left time: 11.4148s
Epoch: 13 cost time: 1.6s
Epoch: 13, Steps: 1074 | Train Loss: 0.3315694 Vali Loss: 0.3971657
EarlyStopping counter: 5 out of 6
Updating learning rate to 2.44140625e-06
	iters: 100, epoch: 14 | loss: 0.3129298
	speed: 0.0015s/iter; left time: 11.1003s
	iters: 200, epoch: 14 | loss: 0.3402963
	speed: 0.0015s/iter; left time: 10.9144s
	iters: 300, epoch: 14 | loss: 0.2789948
	speed: 0.0015s/iter; left time: 10.7564s
	iters: 400, epoch: 14 | loss: 0.3205070
	speed: 0.0015s/iter; left time: 10.5999s
	iters: 500, epoch: 14 | loss: 0.3450002
	speed: 0.0015s/iter; left time: 10.4489s
	iters: 600, epoch: 14 | loss: 0.4299208
	speed: 0.0015s/iter; left time: 10.4624s
	iters: 700, epoch: 14 | loss: 0.3077722
	speed: 0.0015s/iter; left time: 10.2939s
	iters: 800, epoch: 14 | loss: 0.3090914
	speed: 0.0015s/iter; left time: 10.1436s
	iters: 900, epoch: 14 | loss: 0.2709290
	speed: 0.0015s/iter; left time: 9.9885s
	iters: 1000, epoch: 14 | loss: 0.3128846
	speed: 0.0015s/iter; left time: 9.8265s
Epoch: 14 cost time: 1.6s
Epoch: 14, Steps: 1074 | Train Loss: 0.3315649 Vali Loss: 0.3971295
EarlyStopping counter: 6 out of 6
Early stopping
Training time: 27.8s | Peak GPU memory: 65.8MB

>>> Testing...
test 11425
test shape: (11425, 1, 96, 7) (11425, 1, 96, 7)
test shape: (11425, 96, 7) (11425, 96, 7)
MSE: 0.344778, MAE: 0.374050
Inference: 4.33s | 11425 samples | 2640.7 samples/sec
Results saved to /lustre09/project/6010289/sdmuhsin/SpectraGate/results/ettm1_results.csv
========================================
Finished: Mon 09 Mar 2026 06:13:38 PM EDT
========================================
