========================================
Job: fn_DLinear_ETTh1_96
Model: DLinear
Dataset: ETTh1
Pred len: 96
Time limit: 4:00:00
GPU: h100_2g.20gb:1
Started: Mon 09 Mar 2026 06:13:00 PM EDT
========================================
Mon Mar  9 18:13:00 2026       
+-----------------------------------------------------------------------------------------+
| NVIDIA-SMI 570.211.01             Driver Version: 570.211.01     CUDA Version: 12.8     |
|-----------------------------------------+------------------------+----------------------+
| GPU  Name                 Persistence-M | Bus-Id          Disp.A | Volatile Uncorr. ECC |
| Fan  Temp   Perf          Pwr:Usage/Cap |           Memory-Usage | GPU-Util  Compute M. |
|                                         |                        |               MIG M. |
|=========================================+========================+======================|
|   0  NVIDIA H100 80GB HBM3          Off |   00000000:CB:00.0 Off |                   On |
| N/A   36C    P0            196W /  700W |    1538MiB /  81559MiB |     N/A      Default |
|                                         |                        |              Enabled |
+-----------------------------------------+------------------------+----------------------+

+-----------------------------------------------------------------------------------------+
| MIG devices:                                                                            |
+------------------+----------------------------------+-----------+-----------------------+
| GPU  GI  CI  MIG |                     Memory-Usage |        Vol|        Shared         |
|      ID  ID  Dev |                       BAR1-Usage | SM     Unc| CE ENC  DEC  OFA  JPG |
|                  |                                  |        ECC|                       |
|==================+==================================+===========+=======================|
|  0    3   0   0  |              17MiB / 20096MiB    | 32      0 |  2   0    2    0    2 |
|                  |                 0MiB / 32767MiB  |           |                       |
+------------------+----------------------------------+-----------+-----------------------+
                                                                                         
+-----------------------------------------------------------------------------------------+
| Processes:                                                                              |
|  GPU   GI   CI              PID   Type   Process name                        GPU Memory |
|        ID   ID                                                               Usage      |
|=========================================================================================|
|  No running processes found                                                             |
+-----------------------------------------------------------------------------------------+
Using device: cuda:0
Model: DLinear, Dataset: ETTh1, pred_len: 96, seq_len: 96

>>> Training...
train 8449
val 2785
Model Model : total params: 18,624 | trainable: 18,624 (0.0710MB)
	iters: 100, epoch: 1 | loss: 0.3993965
	speed: 0.0030s/iter; left time: 15.3776s
	iters: 200, epoch: 1 | loss: 0.2912290
	speed: 0.0022s/iter; left time: 11.1721s
Epoch: 1 cost time: 0.5s
Epoch: 1, Steps: 264 | Train Loss: 0.3813041 Vali Loss: 0.7482806
Validation loss decreased (inf --> 0.748281).  Saving model ...
Updating learning rate to 0.01
	iters: 100, epoch: 2 | loss: 0.3949879
	speed: 0.0014s/iter; left time: 7.0863s
	iters: 200, epoch: 2 | loss: 0.3340568
	speed: 0.0014s/iter; left time: 6.9152s
Epoch: 2 cost time: 0.4s
Epoch: 2, Steps: 264 | Train Loss: 0.3780449 Vali Loss: 0.7101920
Validation loss decreased (0.748281 --> 0.710192).  Saving model ...
Updating learning rate to 0.005
	iters: 100, epoch: 3 | loss: 0.3469123
	speed: 0.0014s/iter; left time: 6.7035s
	iters: 200, epoch: 3 | loss: 0.4384781
	speed: 0.0014s/iter; left time: 6.5373s
Epoch: 3 cost time: 0.4s
Epoch: 3, Steps: 264 | Train Loss: 0.3605189 Vali Loss: 0.6824850
Validation loss decreased (0.710192 --> 0.682485).  Saving model ...
Updating learning rate to 0.0025
	iters: 100, epoch: 4 | loss: 0.3142170
	speed: 0.0014s/iter; left time: 6.3304s
	iters: 200, epoch: 4 | loss: 0.3512319
	speed: 0.0014s/iter; left time: 6.1838s
Epoch: 4 cost time: 0.4s
Epoch: 4, Steps: 264 | Train Loss: 0.3541338 Vali Loss: 0.6553652
Validation loss decreased (0.682485 --> 0.655365).  Saving model ...
Updating learning rate to 0.00125
	iters: 100, epoch: 5 | loss: 0.3828028
	speed: 0.0014s/iter; left time: 5.9573s
	iters: 200, epoch: 5 | loss: 0.4545036
	speed: 0.0014s/iter; left time: 5.8092s
Epoch: 5 cost time: 0.4s
Epoch: 5, Steps: 264 | Train Loss: 0.3501585 Vali Loss: 0.6622487
EarlyStopping counter: 1 out of 6
Updating learning rate to 0.000625
	iters: 100, epoch: 6 | loss: 0.3004422
	speed: 0.0015s/iter; left time: 5.7655s
	iters: 200, epoch: 6 | loss: 0.2825610
	speed: 0.0015s/iter; left time: 5.5211s
Epoch: 6 cost time: 0.4s
Epoch: 6, Steps: 264 | Train Loss: 0.3482303 Vali Loss: 0.6587991
EarlyStopping counter: 2 out of 6
Updating learning rate to 0.0003125
	iters: 100, epoch: 7 | loss: 0.3293299
	speed: 0.0014s/iter; left time: 5.2069s
	iters: 200, epoch: 7 | loss: 0.3675885
	speed: 0.0014s/iter; left time: 5.0510s
Epoch: 7 cost time: 0.4s
Epoch: 7, Steps: 264 | Train Loss: 0.3471746 Vali Loss: 0.6683899
EarlyStopping counter: 3 out of 6
Updating learning rate to 0.00015625
	iters: 100, epoch: 8 | loss: 0.3481311
	speed: 0.0015s/iter; left time: 4.8524s
	iters: 200, epoch: 8 | loss: 0.3630626
	speed: 0.0015s/iter; left time: 4.7123s
Epoch: 8 cost time: 0.4s
Epoch: 8, Steps: 264 | Train Loss: 0.3464855 Vali Loss: 0.6581503
EarlyStopping counter: 4 out of 6
Updating learning rate to 7.8125e-05
	iters: 100, epoch: 9 | loss: 0.4354340
	speed: 0.0014s/iter; left time: 4.4050s
	iters: 200, epoch: 9 | loss: 0.3428337
	speed: 0.0014s/iter; left time: 4.2806s
Epoch: 9 cost time: 0.4s
Epoch: 9, Steps: 264 | Train Loss: 0.3461915 Vali Loss: 0.6615106
EarlyStopping counter: 5 out of 6
Updating learning rate to 3.90625e-05
	iters: 100, epoch: 10 | loss: 0.3116986
	speed: 0.0014s/iter; left time: 4.0305s
	iters: 200, epoch: 10 | loss: 0.3633808
	speed: 0.0014s/iter; left time: 3.8865s
Epoch: 10 cost time: 0.4s
Epoch: 10, Steps: 264 | Train Loss: 0.3459786 Vali Loss: 0.6593321
EarlyStopping counter: 6 out of 6
Early stopping
Training time: 4.8s | Peak GPU memory: 65.7MB

>>> Testing...
test 2785
test shape: (2785, 1, 96, 7) (2785, 1, 96, 7)
test shape: (2785, 96, 7) (2785, 96, 7)
MSE: 0.398987, MAE: 0.408689
Inference: 1.04s | 2785 samples | 2686.0 samples/sec
Results saved to /lustre09/project/6010289/sdmuhsin/SpectraGate/results/etth1_results.csv
========================================
Finished: Mon 09 Mar 2026 06:13:11 PM EDT
========================================
