========================================
Job: fn_DLinear_ECL_96
Model: DLinear
Dataset: ECL
Pred len: 96
Time limit: 12:00:00
GPU: h100_3g.40gb:1
Started: Mon 09 Mar 2026 06:12:19 PM EDT
========================================
Mon Mar  9 18:12:19 2026       
+-----------------------------------------------------------------------------------------+
| NVIDIA-SMI 570.211.01             Driver Version: 570.211.01     CUDA Version: 12.8     |
|-----------------------------------------+------------------------+----------------------+
| GPU  Name                 Persistence-M | Bus-Id          Disp.A | Volatile Uncorr. ECC |
| Fan  Temp   Perf          Pwr:Usage/Cap |           Memory-Usage | GPU-Util  Compute M. |
|                                         |                        |               MIG M. |
|=========================================+========================+======================|
|   0  NVIDIA H100 80GB HBM3          Off |   00000000:CB:00.0 Off |                   On |
| N/A   32C    P0             68W /  700W |      59MiB /  81559MiB |     N/A      Default |
|                                         |                        |              Enabled |
+-----------------------------------------+------------------------+----------------------+

+-----------------------------------------------------------------------------------------+
| MIG devices:                                                                            |
+------------------+----------------------------------+-----------+-----------------------+
| GPU  GI  CI  MIG |                     Memory-Usage |        Vol|        Shared         |
|      ID  ID  Dev |                       BAR1-Usage | SM     Unc| CE ENC  DEC  OFA  JPG |
|                  |                                  |        ECC|                       |
|==================+==================================+===========+=======================|
|  0    2   0   0  |              26MiB / 40448MiB    | 60      0 |  3   0    3    0    3 |
|                  |                 0MiB / 65535MiB  |           |                       |
+------------------+----------------------------------+-----------+-----------------------+
                                                                                         
+-----------------------------------------------------------------------------------------+
| Processes:                                                                              |
|  GPU   GI   CI              PID   Type   Process name                        GPU Memory |
|        ID   ID                                                               Usage      |
|=========================================================================================|
|  No running processes found                                                             |
+-----------------------------------------------------------------------------------------+
Using device: cuda:0
Model: DLinear, Dataset: ECL, pred_len: 96, seq_len: 96

>>> Training...
train 18221
val 2537
Model Model : total params: 18,624 | trainable: 18,624 (0.0710MB)
	iters: 100, epoch: 1 | loss: 0.2354461
	speed: 0.0172s/iter; left time: 193.9967s
	iters: 200, epoch: 1 | loss: 0.1976251
	speed: 0.0164s/iter; left time: 183.5572s
	iters: 300, epoch: 1 | loss: 0.2035785
	speed: 0.0161s/iter; left time: 178.6388s
	iters: 400, epoch: 1 | loss: 0.1924321
	speed: 0.0160s/iter; left time: 175.3096s
	iters: 500, epoch: 1 | loss: 0.2200465
	speed: 0.0159s/iter; left time: 172.4996s
Epoch: 1 cost time: 9.0s
Epoch: 1, Steps: 569 | Train Loss: 0.2091164 Vali Loss: 0.1877476
Validation loss decreased (inf --> 0.187748).  Saving model ...
Updating learning rate to 0.01
	iters: 100, epoch: 2 | loss: 0.2154275
	speed: 0.0156s/iter; left time: 166.8164s
	iters: 200, epoch: 2 | loss: 0.2367208
	speed: 0.0155s/iter; left time: 164.7212s
	iters: 300, epoch: 2 | loss: 0.1843266
	speed: 0.0156s/iter; left time: 163.5400s
	iters: 400, epoch: 2 | loss: 0.2025681
	speed: 0.0156s/iter; left time: 162.0663s
	iters: 500, epoch: 2 | loss: 0.1998877
	speed: 0.0156s/iter; left time: 160.3942s
Epoch: 2 cost time: 8.8s
Epoch: 2, Steps: 569 | Train Loss: 0.2037117 Vali Loss: 0.1811629
Validation loss decreased (0.187748 --> 0.181163).  Saving model ...
Updating learning rate to 0.005
	iters: 100, epoch: 3 | loss: 0.1924964
	speed: 0.0156s/iter; left time: 157.8153s
	iters: 200, epoch: 3 | loss: 0.1952313
	speed: 0.0155s/iter; left time: 155.9636s
	iters: 300, epoch: 3 | loss: 0.1682362
	speed: 0.0156s/iter; left time: 154.8465s
	iters: 400, epoch: 3 | loss: 0.1955487
	speed: 0.0156s/iter; left time: 153.0811s
	iters: 500, epoch: 3 | loss: 0.2123938
	speed: 0.0156s/iter; left time: 151.7459s
Epoch: 3 cost time: 8.9s
Epoch: 3, Steps: 569 | Train Loss: 0.1991014 Vali Loss: 0.1740430
Validation loss decreased (0.181163 --> 0.174043).  Saving model ...
Updating learning rate to 0.0025
	iters: 100, epoch: 4 | loss: 0.1762672
	speed: 0.0156s/iter; left time: 149.4870s
	iters: 200, epoch: 4 | loss: 0.1666366
	speed: 0.0155s/iter; left time: 146.9415s
	iters: 300, epoch: 4 | loss: 0.2044016
	speed: 0.0155s/iter; left time: 145.7572s
	iters: 400, epoch: 4 | loss: 0.1978705
	speed: 0.0155s/iter; left time: 143.4382s
	iters: 500, epoch: 4 | loss: 0.2068991
	speed: 0.0154s/iter; left time: 141.7363s
Epoch: 4 cost time: 8.8s
Epoch: 4, Steps: 569 | Train Loss: 0.1969281 Vali Loss: 0.1744366
EarlyStopping counter: 1 out of 6
Updating learning rate to 0.00125
	iters: 100, epoch: 5 | loss: 0.2015523
	speed: 0.0155s/iter; left time: 139.2296s
	iters: 200, epoch: 5 | loss: 0.1898986
	speed: 0.0155s/iter; left time: 137.5969s
	iters: 300, epoch: 5 | loss: 0.1991410
	speed: 0.0155s/iter; left time: 136.3767s
	iters: 400, epoch: 5 | loss: 0.1987433
	speed: 0.0155s/iter; left time: 134.6689s
	iters: 500, epoch: 5 | loss: 0.1967553
	speed: 0.0155s/iter; left time: 133.3344s
Epoch: 5 cost time: 8.8s
Epoch: 5, Steps: 569 | Train Loss: 0.1958879 Vali Loss: 0.1742463
EarlyStopping counter: 2 out of 6
Updating learning rate to 0.000625
	iters: 100, epoch: 6 | loss: 0.1868022
	speed: 0.0156s/iter; left time: 131.8766s
	iters: 200, epoch: 6 | loss: 0.1872413
	speed: 0.0155s/iter; left time: 129.4522s
	iters: 300, epoch: 6 | loss: 0.1963890
	speed: 0.0155s/iter; left time: 127.7578s
	iters: 400, epoch: 6 | loss: 0.1726246
	speed: 0.0155s/iter; left time: 126.3815s
	iters: 500, epoch: 6 | loss: 0.1903053
	speed: 0.0156s/iter; left time: 125.0480s
Epoch: 6 cost time: 8.9s
Epoch: 6, Steps: 569 | Train Loss: 0.1952198 Vali Loss: 0.1737826
Validation loss decreased (0.174043 --> 0.173783).  Saving model ...
Updating learning rate to 0.0003125
	iters: 100, epoch: 7 | loss: 0.2136168
	speed: 0.0157s/iter; left time: 123.3915s
	iters: 200, epoch: 7 | loss: 0.2060569
	speed: 0.0157s/iter; left time: 121.7234s
	iters: 300, epoch: 7 | loss: 0.1950166
	speed: 0.0156s/iter; left time: 119.8554s
	iters: 400, epoch: 7 | loss: 0.1828094
	speed: 0.0156s/iter; left time: 118.1150s
	iters: 500, epoch: 7 | loss: 0.2126527
	speed: 0.0156s/iter; left time: 116.4318s
Epoch: 7 cost time: 8.9s
Epoch: 7, Steps: 569 | Train Loss: 0.1949114 Vali Loss: 0.1737380
Validation loss decreased (0.173783 --> 0.173738).  Saving model ...
Updating learning rate to 0.00015625
	iters: 100, epoch: 8 | loss: 0.2105127
	speed: 0.0157s/iter; left time: 114.4251s
	iters: 200, epoch: 8 | loss: 0.1851974
	speed: 0.0157s/iter; left time: 112.7554s
	iters: 300, epoch: 8 | loss: 0.1814101
	speed: 0.0156s/iter; left time: 111.0610s
	iters: 400, epoch: 8 | loss: 0.1947462
	speed: 0.0156s/iter; left time: 109.0788s
	iters: 500, epoch: 8 | loss: 0.2129000
	speed: 0.0156s/iter; left time: 107.4989s
Epoch: 8 cost time: 8.9s
Epoch: 8, Steps: 569 | Train Loss: 0.1947756 Vali Loss: 0.1734066
Validation loss decreased (0.173738 --> 0.173407).  Saving model ...
Updating learning rate to 7.8125e-05
	iters: 100, epoch: 9 | loss: 0.2178175
	speed: 0.0156s/iter; left time: 104.6905s
	iters: 200, epoch: 9 | loss: 0.1854485
	speed: 0.0156s/iter; left time: 103.3701s
	iters: 300, epoch: 9 | loss: 0.2017714
	speed: 0.0156s/iter; left time: 101.5837s
	iters: 400, epoch: 9 | loss: 0.1886010
	speed: 0.0156s/iter; left time: 100.1767s
	iters: 500, epoch: 9 | loss: 0.1866912
	speed: 0.0156s/iter; left time: 98.5594s
Epoch: 9 cost time: 8.9s
Epoch: 9, Steps: 569 | Train Loss: 0.1946418 Vali Loss: 0.1734884
EarlyStopping counter: 1 out of 6
Updating learning rate to 3.90625e-05
	iters: 100, epoch: 10 | loss: 0.1743227
	speed: 0.0155s/iter; left time: 95.6332s
	iters: 200, epoch: 10 | loss: 0.1970241
	speed: 0.0157s/iter; left time: 94.9076s
	iters: 300, epoch: 10 | loss: 0.1744085
	speed: 0.0156s/iter; left time: 93.1488s
	iters: 400, epoch: 10 | loss: 0.1696666
	speed: 0.0156s/iter; left time: 91.3823s
	iters: 500, epoch: 10 | loss: 0.2169164
	speed: 0.0156s/iter; left time: 89.7182s
Epoch: 10 cost time: 8.9s
Epoch: 10, Steps: 569 | Train Loss: 0.1946208 Vali Loss: 0.1732957
Validation loss decreased (0.173407 --> 0.173296).  Saving model ...
Updating learning rate to 1.953125e-05
	iters: 100, epoch: 11 | loss: 0.1767563
	speed: 0.0157s/iter; left time: 87.9760s
	iters: 200, epoch: 11 | loss: 0.1995974
	speed: 0.0158s/iter; left time: 86.7370s
	iters: 300, epoch: 11 | loss: 0.1924282
	speed: 0.0158s/iter; left time: 85.0607s
	iters: 400, epoch: 11 | loss: 0.2122353
	speed: 0.0158s/iter; left time: 83.4664s
	iters: 500, epoch: 11 | loss: 0.1781383
	speed: 0.0158s/iter; left time: 81.8630s
Epoch: 11 cost time: 9.0s
Epoch: 11, Steps: 569 | Train Loss: 0.1945751 Vali Loss: 0.1733175
EarlyStopping counter: 1 out of 6
Updating learning rate to 9.765625e-06
	iters: 100, epoch: 12 | loss: 0.1844873
	speed: 0.0158s/iter; left time: 79.2299s
	iters: 200, epoch: 12 | loss: 0.1938847
	speed: 0.0158s/iter; left time: 77.8984s
	iters: 300, epoch: 12 | loss: 0.1780715
	speed: 0.0158s/iter; left time: 76.3745s
	iters: 400, epoch: 12 | loss: 0.2044992
	speed: 0.0159s/iter; left time: 75.1762s
	iters: 500, epoch: 12 | loss: 0.1835297
	speed: 0.0159s/iter; left time: 73.4277s
Epoch: 12 cost time: 9.0s
Epoch: 12, Steps: 569 | Train Loss: 0.1945620 Vali Loss: 0.1732474
Validation loss decreased (0.173296 --> 0.173247).  Saving model ...
Updating learning rate to 4.8828125e-06
	iters: 100, epoch: 13 | loss: 0.2092818
	speed: 0.0160s/iter; left time: 71.2459s
	iters: 200, epoch: 13 | loss: 0.2053994
	speed: 0.0159s/iter; left time: 69.0909s
	iters: 300, epoch: 13 | loss: 0.1879694
	speed: 0.0159s/iter; left time: 67.5885s
	iters: 400, epoch: 13 | loss: 0.1978828
	speed: 0.0159s/iter; left time: 65.8255s
	iters: 500, epoch: 13 | loss: 0.2136864
	speed: 0.0158s/iter; left time: 64.0098s
Epoch: 13 cost time: 9.0s
Epoch: 13, Steps: 569 | Train Loss: 0.1945596 Vali Loss: 0.1733503
EarlyStopping counter: 1 out of 6
Updating learning rate to 2.44140625e-06
	iters: 100, epoch: 14 | loss: 0.2068427
	speed: 0.0155s/iter; left time: 60.3159s
	iters: 200, epoch: 14 | loss: 0.2029992
	speed: 0.0156s/iter; left time: 58.8663s
	iters: 300, epoch: 14 | loss: 0.1998208
	speed: 0.0156s/iter; left time: 57.5055s
	iters: 400, epoch: 14 | loss: 0.1975589
	speed: 0.0156s/iter; left time: 55.9591s
	iters: 500, epoch: 14 | loss: 0.1904495
	speed: 0.0156s/iter; left time: 54.2873s
Epoch: 14 cost time: 8.9s
Epoch: 14, Steps: 569 | Train Loss: 0.1945395 Vali Loss: 0.1731435
Validation loss decreased (0.173247 --> 0.173144).  Saving model ...
Updating learning rate to 1.220703125e-06
	iters: 100, epoch: 15 | loss: 0.1984231
	speed: 0.0154s/iter; left time: 51.2153s
	iters: 200, epoch: 15 | loss: 0.2036409
	speed: 0.0155s/iter; left time: 49.6934s
	iters: 300, epoch: 15 | loss: 0.1887505
	speed: 0.0157s/iter; left time: 48.8423s
	iters: 400, epoch: 15 | loss: 0.2137288
	speed: 0.0157s/iter; left time: 47.1944s
	iters: 500, epoch: 15 | loss: 0.2067095
	speed: 0.0156s/iter; left time: 45.5021s
Epoch: 15 cost time: 8.9s
Epoch: 15, Steps: 569 | Train Loss: 0.1945455 Vali Loss: 0.1733375
EarlyStopping counter: 1 out of 6
Updating learning rate to 6.103515625e-07
	iters: 100, epoch: 16 | loss: 0.2049706
	speed: 0.0154s/iter; left time: 42.4178s
	iters: 200, epoch: 16 | loss: 0.2068599
	speed: 0.0154s/iter; left time: 40.8071s
	iters: 300, epoch: 16 | loss: 0.2062640
	speed: 0.0155s/iter; left time: 39.3643s
	iters: 400, epoch: 16 | loss: 0.1757162
	speed: 0.0155s/iter; left time: 37.8851s
	iters: 500, epoch: 16 | loss: 0.2016560
	speed: 0.0155s/iter; left time: 36.3112s
Epoch: 16 cost time: 8.8s
Epoch: 16, Steps: 569 | Train Loss: 0.1945419 Vali Loss: 0.1732813
EarlyStopping counter: 2 out of 6
Updating learning rate to 3.0517578125e-07
	iters: 100, epoch: 17 | loss: 0.2082757
	speed: 0.0154s/iter; left time: 33.6071s
	iters: 200, epoch: 17 | loss: 0.2034904
	speed: 0.0154s/iter; left time: 32.0712s
	iters: 300, epoch: 17 | loss: 0.1889301
	speed: 0.0155s/iter; left time: 30.6673s
	iters: 400, epoch: 17 | loss: 0.1982108
	speed: 0.0155s/iter; left time: 29.1852s
	iters: 500, epoch: 17 | loss: 0.1997024
	speed: 0.0155s/iter; left time: 27.5801s
Epoch: 17 cost time: 8.8s
Epoch: 17, Steps: 569 | Train Loss: 0.1945433 Vali Loss: 0.1731522
EarlyStopping counter: 3 out of 6
Updating learning rate to 1.52587890625e-07
	iters: 100, epoch: 18 | loss: 0.1680785
	speed: 0.0153s/iter; left time: 24.5818s
	iters: 200, epoch: 18 | loss: 0.1835545
	speed: 0.0153s/iter; left time: 23.1266s
	iters: 300, epoch: 18 | loss: 0.1853992
	speed: 0.0154s/iter; left time: 21.6582s
	iters: 400, epoch: 18 | loss: 0.1850758
	speed: 0.0153s/iter; left time: 20.0439s
	iters: 500, epoch: 18 | loss: 0.1827278
	speed: 0.0153s/iter; left time: 18.4448s
Epoch: 18 cost time: 8.7s
Epoch: 18, Steps: 569 | Train Loss: 0.1945358 Vali Loss: 0.1732276
EarlyStopping counter: 4 out of 6
Updating learning rate to 7.62939453125e-08
	iters: 100, epoch: 19 | loss: 0.1828203
	speed: 0.0150s/iter; left time: 15.5780s
	iters: 200, epoch: 19 | loss: 0.1710631
	speed: 0.0151s/iter; left time: 14.1565s
	iters: 300, epoch: 19 | loss: 0.1944614
	speed: 0.0151s/iter; left time: 12.6630s
	iters: 400, epoch: 19 | loss: 0.1773431
	speed: 0.0151s/iter; left time: 11.1371s
	iters: 500, epoch: 19 | loss: 0.1729766
	speed: 0.0151s/iter; left time: 9.6300s
Epoch: 19 cost time: 8.6s
Epoch: 19, Steps: 569 | Train Loss: 0.1945371 Vali Loss: 0.1731788
EarlyStopping counter: 5 out of 6
Updating learning rate to 3.814697265625e-08
	iters: 100, epoch: 20 | loss: 0.2080722
	speed: 0.0151s/iter; left time: 7.1040s
	iters: 200, epoch: 20 | loss: 0.1792794
	speed: 0.0151s/iter; left time: 5.5853s
	iters: 300, epoch: 20 | loss: 0.1869274
	speed: 0.0151s/iter; left time: 4.0858s
	iters: 400, epoch: 20 | loss: 0.2096529
	speed: 0.0151s/iter; left time: 2.5717s
	iters: 500, epoch: 20 | loss: 0.1990950
	speed: 0.0151s/iter; left time: 1.0588s
Epoch: 20 cost time: 8.6s
Epoch: 20, Steps: 569 | Train Loss: 0.1945268 Vali Loss: 0.1732900
EarlyStopping counter: 6 out of 6
Early stopping
Training time: 205.9s | Peak GPU memory: 120.0MB

>>> Testing...
test 5165
test shape: (5165, 1, 96, 321) (5165, 1, 96, 321)
test shape: (5165, 96, 321) (5165, 96, 321)
MSE: 0.194577, MAE: 0.277452
Inference: 5.66s | 5165 samples | 912.0 samples/sec
Results saved to /lustre09/project/6010289/sdmuhsin/SpectraGate/results/ecl_results.csv
========================================
Finished: Mon 09 Mar 2026 06:16:03 PM EDT
========================================
