========================================
Job: fn_DLinear_Exchange_96
Model: DLinear
Dataset: Exchange
Pred len: 96
Time limit: 4:00:00
GPU: h100_2g.20gb:1
Started: Mon 09 Mar 2026 06:12:58 PM EDT
========================================
Mon Mar  9 18:12:58 2026       
+-----------------------------------------------------------------------------------------+
| NVIDIA-SMI 570.211.01             Driver Version: 570.211.01     CUDA Version: 12.8     |
|-----------------------------------------+------------------------+----------------------+
| GPU  Name                 Persistence-M | Bus-Id          Disp.A | Volatile Uncorr. ECC |
| Fan  Temp   Perf          Pwr:Usage/Cap |           Memory-Usage | GPU-Util  Compute M. |
|                                         |                        |               MIG M. |
|=========================================+========================+======================|
|   0  NVIDIA H100 80GB HBM3          Off |   00000000:DB:00.0 Off |                   On |
| N/A   39C    P0            220W /  700W |    2104MiB /  81559MiB |     N/A      Default |
|                                         |                        |              Enabled |
+-----------------------------------------+------------------------+----------------------+

+-----------------------------------------------------------------------------------------+
| MIG devices:                                                                            |
+------------------+----------------------------------+-----------+-----------------------+
| GPU  GI  CI  MIG |                     Memory-Usage |        Vol|        Shared         |
|      ID  ID  Dev |                       BAR1-Usage | SM     Unc| CE ENC  DEC  OFA  JPG |
|                  |                                  |        ECC|                       |
|==================+==================================+===========+=======================|
|  0    5   0   0  |              17MiB / 20096MiB    | 32      0 |  2   0    2    0    2 |
|                  |                 0MiB / 32767MiB  |           |                       |
+------------------+----------------------------------+-----------+-----------------------+
                                                                                         
+-----------------------------------------------------------------------------------------+
| Processes:                                                                              |
|  GPU   GI   CI              PID   Type   Process name                        GPU Memory |
|        ID   ID                                                               Usage      |
|=========================================================================================|
|  No running processes found                                                             |
+-----------------------------------------------------------------------------------------+
Using device: cuda:0
Model: DLinear, Dataset: Exchange, pred_len: 96, seq_len: 96

>>> Training...
train 5120
val 665
Model Model : total params: 18,624 | trainable: 18,624 (0.0710MB)
	iters: 100, epoch: 1 | loss: 0.1333200
	speed: 0.0034s/iter; left time: 10.4690s
Epoch: 1 cost time: 0.4s
Epoch: 1, Steps: 160 | Train Loss: 0.1531469 Vali Loss: 0.1748370
Validation loss decreased (inf --> 0.174837).  Saving model ...
Updating learning rate to 0.01
	iters: 100, epoch: 2 | loss: 0.1369895
	speed: 0.0017s/iter; left time: 5.1456s
Epoch: 2 cost time: 0.3s
Epoch: 2, Steps: 160 | Train Loss: 0.1240918 Vali Loss: 0.1982025
EarlyStopping counter: 1 out of 6
Updating learning rate to 0.005
	iters: 100, epoch: 3 | loss: 0.1263707
	speed: 0.0017s/iter; left time: 4.8093s
Epoch: 3 cost time: 0.3s
Epoch: 3, Steps: 160 | Train Loss: 0.1208159 Vali Loss: 0.1883016
EarlyStopping counter: 2 out of 6
Updating learning rate to 0.0025
	iters: 100, epoch: 4 | loss: 0.1432590
	speed: 0.0017s/iter; left time: 4.5728s
Epoch: 4 cost time: 0.3s
Epoch: 4, Steps: 160 | Train Loss: 0.1187688 Vali Loss: 0.1498562
Validation loss decreased (0.174837 --> 0.149856).  Saving model ...
Updating learning rate to 0.00125
	iters: 100, epoch: 5 | loss: 0.0866537
	speed: 0.0017s/iter; left time: 4.2119s
Epoch: 5 cost time: 0.3s
Epoch: 5, Steps: 160 | Train Loss: 0.1174196 Vali Loss: 0.1331050
Validation loss decreased (0.149856 --> 0.133105).  Saving model ...
Updating learning rate to 0.000625
	iters: 100, epoch: 6 | loss: 0.1055871
	speed: 0.0017s/iter; left time: 3.9355s
Epoch: 6 cost time: 0.3s
Epoch: 6, Steps: 160 | Train Loss: 0.1169629 Vali Loss: 0.1483671
EarlyStopping counter: 1 out of 6
Updating learning rate to 0.0003125
	iters: 100, epoch: 7 | loss: 0.0870495
	speed: 0.0017s/iter; left time: 3.6306s
Epoch: 7 cost time: 0.3s
Epoch: 7, Steps: 160 | Train Loss: 0.1165977 Vali Loss: 0.1584844
EarlyStopping counter: 2 out of 6
Updating learning rate to 0.00015625
	iters: 100, epoch: 8 | loss: 0.0975726
	speed: 0.0017s/iter; left time: 3.3924s
Epoch: 8 cost time: 0.3s
Epoch: 8, Steps: 160 | Train Loss: 0.1164060 Vali Loss: 0.1666243
EarlyStopping counter: 3 out of 6
Updating learning rate to 7.8125e-05
	iters: 100, epoch: 9 | loss: 0.1280429
	speed: 0.0017s/iter; left time: 3.1113s
Epoch: 9 cost time: 0.3s
Epoch: 9, Steps: 160 | Train Loss: 0.1162785 Vali Loss: 0.1768776
EarlyStopping counter: 4 out of 6
Updating learning rate to 3.90625e-05
	iters: 100, epoch: 10 | loss: 0.1134294
	speed: 0.0017s/iter; left time: 2.8710s
Epoch: 10 cost time: 0.3s
Epoch: 10, Steps: 160 | Train Loss: 0.1162412 Vali Loss: 0.1623933
EarlyStopping counter: 5 out of 6
Updating learning rate to 1.953125e-05
	iters: 100, epoch: 11 | loss: 0.0661919
	speed: 0.0017s/iter; left time: 2.5796s
Epoch: 11 cost time: 0.3s
Epoch: 11, Steps: 160 | Train Loss: 0.1161814 Vali Loss: 0.1651608
EarlyStopping counter: 6 out of 6
Early stopping
Training time: 3.5s | Peak GPU memory: 65.8MB

>>> Testing...
test 1422
test shape: (1422, 1, 96, 8) (1422, 1, 96, 8)
test shape: (1422, 96, 8) (1422, 96, 8)
MSE: 0.079409, MAE: 0.197026
Inference: 0.53s | 1422 samples | 2660.6 samples/sec
Results saved to /lustre09/project/6010289/sdmuhsin/SpectraGate/results/exchange_results.csv
========================================
Finished: Mon 09 Mar 2026 06:13:07 PM EDT
========================================
