========================================
Job: fn_DLinear_ETTh2_96
Model: DLinear
Dataset: ETTh2
Pred len: 96
Time limit: 4:00:00
GPU: h100_2g.20gb:1
Started: Mon 09 Mar 2026 06:13:00 PM EDT
========================================
Mon Mar  9 18:13:00 2026       
+-----------------------------------------------------------------------------------------+
| NVIDIA-SMI 570.211.01             Driver Version: 570.211.01     CUDA Version: 12.8     |
|-----------------------------------------+------------------------+----------------------+
| GPU  Name                 Persistence-M | Bus-Id          Disp.A | Volatile Uncorr. ECC |
| Fan  Temp   Perf          Pwr:Usage/Cap |           Memory-Usage | GPU-Util  Compute M. |
|                                         |                        |               MIG M. |
|=========================================+========================+======================|
|   0  NVIDIA H100 80GB HBM3          Off |   00000000:CB:00.0 Off |                   On |
| N/A   36C    P0            122W /  700W |     632MiB /  81559MiB |     N/A      Default |
|                                         |                        |              Enabled |
+-----------------------------------------+------------------------+----------------------+

+-----------------------------------------------------------------------------------------+
| MIG devices:                                                                            |
+------------------+----------------------------------+-----------+-----------------------+
| GPU  GI  CI  MIG |                     Memory-Usage |        Vol|        Shared         |
|      ID  ID  Dev |                       BAR1-Usage | SM     Unc| CE ENC  DEC  OFA  JPG |
|                  |                                  |        ECC|                       |
|==================+==================================+===========+=======================|
|  0    3   0   0  |              17MiB / 20096MiB    | 32      0 |  2   0    2    0    2 |
|                  |                 0MiB / 32767MiB  |           |                       |
+------------------+----------------------------------+-----------+-----------------------+
                                                                                         
+-----------------------------------------------------------------------------------------+
| Processes:                                                                              |
|  GPU   GI   CI              PID   Type   Process name                        GPU Memory |
|        ID   ID                                                               Usage      |
|=========================================================================================|
|  No running processes found                                                             |
+-----------------------------------------------------------------------------------------+
Using device: cuda:0
Model: DLinear, Dataset: ETTh2, pred_len: 96, seq_len: 96

>>> Training...
train 8449
val 2785
Model Model : total params: 18,624 | trainable: 18,624 (0.0710MB)
	iters: 100, epoch: 1 | loss: 0.4062370
	speed: 0.0030s/iter; left time: 15.5874s
	iters: 200, epoch: 1 | loss: 0.3027546
	speed: 0.0022s/iter; left time: 11.2915s
Epoch: 1 cost time: 0.5s
Epoch: 1, Steps: 264 | Train Loss: 0.4511600 Vali Loss: 0.2512377
Validation loss decreased (inf --> 0.251238).  Saving model ...
Updating learning rate to 0.01
	iters: 100, epoch: 2 | loss: 0.5095175
	speed: 0.0014s/iter; left time: 7.1040s
	iters: 200, epoch: 2 | loss: 0.6462020
	speed: 0.0014s/iter; left time: 6.9314s
Epoch: 2 cost time: 0.4s
Epoch: 2, Steps: 264 | Train Loss: 0.4439522 Vali Loss: 0.2608407
EarlyStopping counter: 1 out of 6
Updating learning rate to 0.005
	iters: 100, epoch: 3 | loss: 0.3469223
	speed: 0.0014s/iter; left time: 6.6829s
	iters: 200, epoch: 3 | loss: 0.6388575
	speed: 0.0014s/iter; left time: 6.5281s
Epoch: 3 cost time: 0.4s
Epoch: 3, Steps: 264 | Train Loss: 0.4167719 Vali Loss: 0.2767887
EarlyStopping counter: 2 out of 6
Updating learning rate to 0.0025
	iters: 100, epoch: 4 | loss: 0.5787239
	speed: 0.0014s/iter; left time: 6.3433s
	iters: 200, epoch: 4 | loss: 0.3723859
	speed: 0.0014s/iter; left time: 6.1810s
Epoch: 4 cost time: 0.4s
Epoch: 4, Steps: 264 | Train Loss: 0.4051869 Vali Loss: 0.2282385
Validation loss decreased (0.251238 --> 0.228239).  Saving model ...
Updating learning rate to 0.00125
	iters: 100, epoch: 5 | loss: 0.2570615
	speed: 0.0014s/iter; left time: 5.9413s
	iters: 200, epoch: 5 | loss: 0.2385156
	speed: 0.0014s/iter; left time: 5.7832s
Epoch: 5 cost time: 0.4s
Epoch: 5, Steps: 264 | Train Loss: 0.3990701 Vali Loss: 0.2318540
EarlyStopping counter: 1 out of 6
Updating learning rate to 0.000625
	iters: 100, epoch: 6 | loss: 0.3380163
	speed: 0.0015s/iter; left time: 5.7348s
	iters: 200, epoch: 6 | loss: 0.2523133
	speed: 0.0015s/iter; left time: 5.5005s
Epoch: 6 cost time: 0.4s
Epoch: 6, Steps: 264 | Train Loss: 0.3961255 Vali Loss: 0.2341054
EarlyStopping counter: 2 out of 6
Updating learning rate to 0.0003125
	iters: 100, epoch: 7 | loss: 0.6127701
	speed: 0.0014s/iter; left time: 5.1792s
	iters: 200, epoch: 7 | loss: 0.3596293
	speed: 0.0014s/iter; left time: 5.0189s
Epoch: 7 cost time: 0.4s
Epoch: 7, Steps: 264 | Train Loss: 0.3944251 Vali Loss: 0.2353687
EarlyStopping counter: 3 out of 6
Updating learning rate to 0.00015625
	iters: 100, epoch: 8 | loss: 0.2402809
	speed: 0.0014s/iter; left time: 4.7867s
	iters: 200, epoch: 8 | loss: 0.7617271
	speed: 0.0014s/iter; left time: 4.6452s
Epoch: 8 cost time: 0.4s
Epoch: 8, Steps: 264 | Train Loss: 0.3934570 Vali Loss: 0.2350769
EarlyStopping counter: 4 out of 6
Updating learning rate to 7.8125e-05
	iters: 100, epoch: 9 | loss: 0.3392211
	speed: 0.0014s/iter; left time: 4.4084s
	iters: 200, epoch: 9 | loss: 0.3700122
	speed: 0.0014s/iter; left time: 4.2836s
Epoch: 9 cost time: 0.4s
Epoch: 9, Steps: 264 | Train Loss: 0.3928070 Vali Loss: 0.2361260
EarlyStopping counter: 5 out of 6
Updating learning rate to 3.90625e-05
	iters: 100, epoch: 10 | loss: 0.3457587
	speed: 0.0014s/iter; left time: 4.0366s
	iters: 200, epoch: 10 | loss: 0.7240404
	speed: 0.0014s/iter; left time: 3.8984s
Epoch: 10 cost time: 0.4s
Epoch: 10, Steps: 264 | Train Loss: 0.3925959 Vali Loss: 0.2362625
EarlyStopping counter: 6 out of 6
Early stopping
Training time: 4.8s | Peak GPU memory: 65.7MB

>>> Testing...
test 2785
test shape: (2785, 1, 96, 7) (2785, 1, 96, 7)
test shape: (2785, 96, 7) (2785, 96, 7)
MSE: 0.329278, MAE: 0.381105
Inference: 1.03s | 2785 samples | 2704.1 samples/sec
Results saved to /lustre09/project/6010289/sdmuhsin/SpectraGate/results/etth2_results.csv
========================================
Finished: Mon 09 Mar 2026 06:13:11 PM EDT
========================================
