========================================
Job: fn_FITS_ETTm1_96
Model: FITS
Dataset: ETTm1
Pred len: 96
Time limit: 12:00:00
GPU: h100_2g.20gb:1
Started: Mon 09 Mar 2026 06:13:25 PM EDT
========================================
Mon Mar  9 18:13:25 2026       
+-----------------------------------------------------------------------------------------+
| NVIDIA-SMI 570.211.01             Driver Version: 570.211.01     CUDA Version: 12.8     |
|-----------------------------------------+------------------------+----------------------+
| GPU  Name                 Persistence-M | Bus-Id          Disp.A | Volatile Uncorr. ECC |
| Fan  Temp   Perf          Pwr:Usage/Cap |           Memory-Usage | GPU-Util  Compute M. |
|                                         |                        |               MIG M. |
|=========================================+========================+======================|
|   0  NVIDIA H100 80GB HBM3          Off |   00000000:5F:00.0 Off |                   On |
| N/A   39C    P0            178W /  700W |    1288MiB /  81559MiB |     N/A      Default |
|                                         |                        |              Enabled |
+-----------------------------------------+------------------------+----------------------+

+-----------------------------------------------------------------------------------------+
| MIG devices:                                                                            |
+------------------+----------------------------------+-----------+-----------------------+
| GPU  GI  CI  MIG |                     Memory-Usage |        Vol|        Shared         |
|      ID  ID  Dev |                       BAR1-Usage | SM     Unc| CE ENC  DEC  OFA  JPG |
|                  |                                  |        ECC|                       |
|==================+==================================+===========+=======================|
|  0    3   0   0  |              17MiB / 20096MiB    | 32      0 |  2   0    2    0    2 |
|                  |                 0MiB / 32767MiB  |           |                       |
+------------------+----------------------------------+-----------+-----------------------+
                                                                                         
+-----------------------------------------------------------------------------------------+
| Processes:                                                                              |
|  GPU   GI   CI              PID   Type   Process name                        GPU Memory |
|        ID   ID                                                               Usage      |
|=========================================================================================|
|  No running processes found                                                             |
+-----------------------------------------------------------------------------------------+
Using device: cuda:0
Model: FITS, Dataset: ETTm1, pred_len: 96, seq_len: 96

>>> Training...
train 34369
val 11425
Model Model : total params: 312 | trainable: 312 (0.0012MB)
	iters: 100, epoch: 1 | loss: 0.3503214
	speed: 0.0032s/iter; left time: 67.6772s
	iters: 200, epoch: 1 | loss: 0.3955015
	speed: 0.0024s/iter; left time: 50.2524s
	iters: 300, epoch: 1 | loss: 0.3882550
	speed: 0.0021s/iter; left time: 44.3358s
	iters: 400, epoch: 1 | loss: 0.2639258
	speed: 0.0020s/iter; left time: 41.3062s
	iters: 500, epoch: 1 | loss: 0.3257065
	speed: 0.0019s/iter; left time: 39.4718s
	iters: 600, epoch: 1 | loss: 0.4116400
	speed: 0.0018s/iter; left time: 38.1477s
	iters: 700, epoch: 1 | loss: 0.3627020
	speed: 0.0018s/iter; left time: 37.1663s
	iters: 800, epoch: 1 | loss: 0.3364058
	speed: 0.0018s/iter; left time: 36.3890s
	iters: 900, epoch: 1 | loss: 0.3151939
	speed: 0.0017s/iter; left time: 35.7467s
	iters: 1000, epoch: 1 | loss: 0.3496367
	speed: 0.0017s/iter; left time: 35.4808s
Epoch: 1 cost time: 1.8s
Epoch: 1, Steps: 1074 | Train Loss: 0.3523619 Vali Loss: 0.4151051
Validation loss decreased (inf --> 0.415105).  Saving model ...
Updating learning rate to 0.01
	iters: 100, epoch: 2 | loss: 0.3867775
	speed: 0.0016s/iter; left time: 33.2739s
	iters: 200, epoch: 2 | loss: 0.3263778
	speed: 0.0016s/iter; left time: 32.3197s
	iters: 300, epoch: 2 | loss: 0.3583492
	speed: 0.0016s/iter; left time: 31.8995s
	iters: 400, epoch: 2 | loss: 0.3767391
	speed: 0.0016s/iter; left time: 31.6107s
	iters: 500, epoch: 2 | loss: 0.3577884
	speed: 0.0016s/iter; left time: 31.8628s
	iters: 600, epoch: 2 | loss: 0.2887818
	speed: 0.0016s/iter; left time: 31.5399s
	iters: 700, epoch: 2 | loss: 0.3495403
	speed: 0.0016s/iter; left time: 31.2642s
	iters: 800, epoch: 2 | loss: 0.3027361
	speed: 0.0016s/iter; left time: 31.1023s
	iters: 900, epoch: 2 | loss: 0.3434055
	speed: 0.0016s/iter; left time: 30.8326s
	iters: 1000, epoch: 2 | loss: 0.4105128
	speed: 0.0016s/iter; left time: 30.5909s
Epoch: 2 cost time: 1.7s
Epoch: 2, Steps: 1074 | Train Loss: 0.3478182 Vali Loss: 0.4233123
EarlyStopping counter: 1 out of 6
Updating learning rate to 0.005
	iters: 100, epoch: 3 | loss: 0.3152167
	speed: 0.0015s/iter; left time: 29.7799s
	iters: 200, epoch: 3 | loss: 0.4155899
	speed: 0.0015s/iter; left time: 29.5075s
	iters: 300, epoch: 3 | loss: 0.3819733
	speed: 0.0015s/iter; left time: 29.3356s
	iters: 400, epoch: 3 | loss: 0.3502575
	speed: 0.0015s/iter; left time: 29.1703s
	iters: 500, epoch: 3 | loss: 0.3284047
	speed: 0.0015s/iter; left time: 29.0058s
	iters: 600, epoch: 3 | loss: 0.3024273
	speed: 0.0015s/iter; left time: 28.8547s
	iters: 700, epoch: 3 | loss: 0.3757310
	speed: 0.0015s/iter; left time: 28.6952s
	iters: 800, epoch: 3 | loss: 0.3468854
	speed: 0.0015s/iter; left time: 28.5316s
	iters: 900, epoch: 3 | loss: 0.2596781
	speed: 0.0015s/iter; left time: 28.3780s
	iters: 1000, epoch: 3 | loss: 0.3158233
	speed: 0.0015s/iter; left time: 28.2223s
Epoch: 3 cost time: 1.7s
Epoch: 3, Steps: 1074 | Train Loss: 0.3463613 Vali Loss: 0.4218388
EarlyStopping counter: 2 out of 6
Updating learning rate to 0.0025
	iters: 100, epoch: 4 | loss: 0.4001619
	speed: 0.0015s/iter; left time: 27.9487s
	iters: 200, epoch: 4 | loss: 0.2791796
	speed: 0.0015s/iter; left time: 27.6897s
	iters: 300, epoch: 4 | loss: 0.3795921
	speed: 0.0015s/iter; left time: 27.6562s
	iters: 400, epoch: 4 | loss: 0.2963402
	speed: 0.0016s/iter; left time: 27.9859s
	iters: 500, epoch: 4 | loss: 0.3836819
	speed: 0.0016s/iter; left time: 27.7401s
	iters: 600, epoch: 4 | loss: 0.3911237
	speed: 0.0016s/iter; left time: 27.6006s
	iters: 700, epoch: 4 | loss: 0.3600964
	speed: 0.0016s/iter; left time: 27.4703s
	iters: 800, epoch: 4 | loss: 0.3974026
	speed: 0.0016s/iter; left time: 27.2966s
	iters: 900, epoch: 4 | loss: 0.4133974
	speed: 0.0016s/iter; left time: 27.1306s
	iters: 1000, epoch: 4 | loss: 0.4064130
	speed: 0.0016s/iter; left time: 26.9649s
Epoch: 4 cost time: 1.7s
Epoch: 4, Steps: 1074 | Train Loss: 0.3456132 Vali Loss: 0.4210113
EarlyStopping counter: 3 out of 6
Updating learning rate to 0.00125
	iters: 100, epoch: 5 | loss: 0.3205989
	speed: 0.0016s/iter; left time: 26.5560s
	iters: 200, epoch: 5 | loss: 0.4170316
	speed: 0.0015s/iter; left time: 26.3197s
	iters: 300, epoch: 5 | loss: 0.3885906
	speed: 0.0015s/iter; left time: 26.1121s
	iters: 400, epoch: 5 | loss: 0.3909788
	speed: 0.0015s/iter; left time: 25.9194s
	iters: 500, epoch: 5 | loss: 0.3155620
	speed: 0.0015s/iter; left time: 25.7386s
	iters: 600, epoch: 5 | loss: 0.3574641
	speed: 0.0015s/iter; left time: 25.5754s
	iters: 700, epoch: 5 | loss: 0.3710832
	speed: 0.0015s/iter; left time: 25.3993s
	iters: 800, epoch: 5 | loss: 0.2952665
	speed: 0.0015s/iter; left time: 25.2305s
	iters: 900, epoch: 5 | loss: 0.3186219
	speed: 0.0015s/iter; left time: 25.0581s
	iters: 1000, epoch: 5 | loss: 0.3036189
	speed: 0.0015s/iter; left time: 24.8930s
Epoch: 5 cost time: 1.7s
Epoch: 5, Steps: 1074 | Train Loss: 0.3452212 Vali Loss: 0.4201655
EarlyStopping counter: 4 out of 6
Updating learning rate to 0.000625
	iters: 100, epoch: 6 | loss: 0.3807722
	speed: 0.0016s/iter; left time: 24.8857s
	iters: 200, epoch: 6 | loss: 0.4006841
	speed: 0.0015s/iter; left time: 24.5639s
	iters: 300, epoch: 6 | loss: 0.4126564
	speed: 0.0015s/iter; left time: 24.3539s
	iters: 400, epoch: 6 | loss: 0.3676579
	speed: 0.0015s/iter; left time: 24.2255s
	iters: 500, epoch: 6 | loss: 0.3894216
	speed: 0.0015s/iter; left time: 24.0761s
	iters: 600, epoch: 6 | loss: 0.3421017
	speed: 0.0015s/iter; left time: 23.9293s
	iters: 700, epoch: 6 | loss: 0.3413854
	speed: 0.0015s/iter; left time: 23.7625s
	iters: 800, epoch: 6 | loss: 0.2893401
	speed: 0.0015s/iter; left time: 23.6035s
	iters: 900, epoch: 6 | loss: 0.3854555
	speed: 0.0015s/iter; left time: 23.4559s
	iters: 1000, epoch: 6 | loss: 0.3268717
	speed: 0.0015s/iter; left time: 23.3143s
Epoch: 6 cost time: 1.7s
Epoch: 6, Steps: 1074 | Train Loss: 0.3450161 Vali Loss: 0.4177614
EarlyStopping counter: 5 out of 6
Updating learning rate to 0.0003125
	iters: 100, epoch: 7 | loss: 0.3287534
	speed: 0.0016s/iter; left time: 23.1540s
	iters: 200, epoch: 7 | loss: 0.3874741
	speed: 0.0015s/iter; left time: 22.9960s
	iters: 300, epoch: 7 | loss: 0.3704700
	speed: 0.0015s/iter; left time: 22.7870s
	iters: 400, epoch: 7 | loss: 0.4424093
	speed: 0.0015s/iter; left time: 22.6203s
	iters: 500, epoch: 7 | loss: 0.3700629
	speed: 0.0015s/iter; left time: 22.4567s
	iters: 600, epoch: 7 | loss: 0.3420675
	speed: 0.0015s/iter; left time: 22.3051s
	iters: 700, epoch: 7 | loss: 0.4193298
	speed: 0.0016s/iter; left time: 22.5978s
	iters: 800, epoch: 7 | loss: 0.3445788
	speed: 0.0016s/iter; left time: 22.3736s
	iters: 900, epoch: 7 | loss: 0.3521142
	speed: 0.0016s/iter; left time: 22.1689s
	iters: 1000, epoch: 7 | loss: 0.3098655
	speed: 0.0016s/iter; left time: 22.0060s
Epoch: 7 cost time: 1.7s
Epoch: 7, Steps: 1074 | Train Loss: 0.3448877 Vali Loss: 0.4197918
EarlyStopping counter: 6 out of 6
Early stopping
Training time: 14.6s | Peak GPU memory: 66.1MB

>>> Testing...
test 11425
test shape: (11425, 1, 96, 7) (11425, 1, 96, 7)
test shape: (11425, 96, 7) (11425, 96, 7)
MSE: 0.360601, MAE: 0.379727
Inference: 4.65s | 11425 samples | 2455.1 samples/sec
Results saved to /lustre09/project/6010289/sdmuhsin/SpectraGate/results/ettm1_results.csv
========================================
Finished: Mon 09 Mar 2026 06:13:50 PM EDT
========================================
