========================================
Job: fn_FEDformer_Traffic_96
Model: FEDformer
Dataset: Traffic
Pred len: 96
Time limit: 12:00:00
GPU: h100_3g.40gb:1
Started: Mon 09 Mar 2026 06:12:19 PM EDT
========================================
Mon Mar  9 18:12:19 2026       
+-----------------------------------------------------------------------------------------+
| NVIDIA-SMI 570.211.01             Driver Version: 570.211.01     CUDA Version: 12.8     |
|-----------------------------------------+------------------------+----------------------+
| GPU  Name                 Persistence-M | Bus-Id          Disp.A | Volatile Uncorr. ECC |
| Fan  Temp   Perf          Pwr:Usage/Cap |           Memory-Usage | GPU-Util  Compute M. |
|                                         |                        |               MIG M. |
|=========================================+========================+======================|
|   0  NVIDIA H100 80GB HBM3          Off |   00000000:5F:00.0 Off |                   On |
| N/A   35C    P0            218W /  700W |    6824MiB /  81559MiB |     N/A      Default |
|                                         |                        |              Enabled |
+-----------------------------------------+------------------------+----------------------+

+-----------------------------------------------------------------------------------------+
| MIG devices:                                                                            |
+------------------+----------------------------------+-----------+-----------------------+
| GPU  GI  CI  MIG |                     Memory-Usage |        Vol|        Shared         |
|      ID  ID  Dev |                       BAR1-Usage | SM     Unc| CE ENC  DEC  OFA  JPG |
|                  |                                  |        ECC|                       |
|==================+==================================+===========+=======================|
|  0    2   0   0  |              26MiB / 40448MiB    | 60      0 |  3   0    3    0    3 |
|                  |                 0MiB / 65535MiB  |           |                       |
+------------------+----------------------------------+-----------+-----------------------+
                                                                                         
+-----------------------------------------------------------------------------------------+
| Processes:                                                                              |
|  GPU   GI   CI              PID   Type   Process name                        GPU Memory |
|        ID   ID                                                               Usage      |
|=========================================================================================|
|  No running processes found                                                             |
+-----------------------------------------------------------------------------------------+
Using device: cuda:0
Model: FEDformer, Dataset: Traffic, pred_len: 96, seq_len: 96

>>> Training...
train 12089
val 1661
Model Model : total params: 13,342,908 | trainable: 13,342,908 (50.8992MB)
	iters: 100, epoch: 1 | loss: 5.6140847
	speed: 0.0413s/iter; left time: 307.1802s
	iters: 200, epoch: 1 | loss: 2.3691978
	speed: 0.0393s/iter; left time: 288.1788s
	iters: 300, epoch: 1 | loss: 1.5412140
	speed: 0.0386s/iter; left time: 279.7093s
Epoch: 1 cost time: 14.4s
Epoch: 1, Steps: 377 | Train Loss: 1621.0515855 Vali Loss: 1.9192688
Validation loss decreased (inf --> 1.919269).  Saving model ...
Updating learning rate to 0.01
	iters: 100, epoch: 2 | loss: 1.0008515
	speed: 0.0356s/iter; left time: 251.3118s
	iters: 200, epoch: 2 | loss: 0.8466104
	speed: 0.0362s/iter; left time: 252.0318s
	iters: 300, epoch: 2 | loss: 0.7700608
	speed: 0.0362s/iter; left time: 248.7949s
Epoch: 2 cost time: 13.7s
Epoch: 2, Steps: 377 | Train Loss: 0.9230420 Vali Loss: 1.1994052
Validation loss decreased (1.919269 --> 1.199405).  Saving model ...
Updating learning rate to 0.005
	iters: 100, epoch: 3 | loss: 0.6939109
	speed: 0.0367s/iter; left time: 245.3901s
	iters: 200, epoch: 3 | loss: 0.6883940
	speed: 0.0368s/iter; left time: 242.3446s
	iters: 300, epoch: 3 | loss: 0.6369455
	speed: 0.0369s/iter; left time: 239.2875s
Epoch: 3 cost time: 13.9s
Epoch: 3, Steps: 377 | Train Loss: 0.6656534 Vali Loss: 1.0557696
Validation loss decreased (1.199405 --> 1.055770).  Saving model ...
Updating learning rate to 0.0025
	iters: 100, epoch: 4 | loss: 0.5877920
	speed: 0.0365s/iter; left time: 230.4587s
	iters: 200, epoch: 4 | loss: 0.6121640
	speed: 0.0365s/iter; left time: 226.5781s
	iters: 300, epoch: 4 | loss: 0.5946707
	speed: 0.0366s/iter; left time: 223.4849s
Epoch: 4 cost time: 13.8s
Epoch: 4, Steps: 377 | Train Loss: 0.6060363 Vali Loss: 1.0092719
Validation loss decreased (1.055770 --> 1.009272).  Saving model ...
Updating learning rate to 0.00125
	iters: 100, epoch: 5 | loss: 0.5723058
	speed: 0.0363s/iter; left time: 215.5224s
	iters: 200, epoch: 5 | loss: 0.5856886
	speed: 0.0365s/iter; left time: 212.7382s
	iters: 300, epoch: 5 | loss: 0.5685084
	speed: 0.0364s/iter; left time: 208.9237s
Epoch: 5 cost time: 13.7s
Epoch: 5, Steps: 377 | Train Loss: 0.5802326 Vali Loss: 0.9888265
Validation loss decreased (1.009272 --> 0.988827).  Saving model ...
Updating learning rate to 0.000625
	iters: 100, epoch: 6 | loss: 0.5686194
	speed: 0.0363s/iter; left time: 201.5727s
	iters: 200, epoch: 6 | loss: 0.5802468
	speed: 0.0363s/iter; left time: 198.0205s
	iters: 300, epoch: 6 | loss: 0.5595778
	speed: 0.0364s/iter; left time: 195.1018s
Epoch: 6 cost time: 13.7s
Epoch: 6, Steps: 377 | Train Loss: 0.5671648 Vali Loss: 0.9697661
Validation loss decreased (0.988827 --> 0.969766).  Saving model ...
Updating learning rate to 0.0003125
	iters: 100, epoch: 7 | loss: 0.5568929
	speed: 0.0367s/iter; left time: 190.0345s
	iters: 200, epoch: 7 | loss: 0.5841507
	speed: 0.0365s/iter; left time: 185.5003s
	iters: 300, epoch: 7 | loss: 0.5585905
	speed: 0.0364s/iter; left time: 181.3700s
Epoch: 7 cost time: 13.7s
Epoch: 7, Steps: 377 | Train Loss: 0.5599904 Vali Loss: 0.9607798
Validation loss decreased (0.969766 --> 0.960780).  Saving model ...
Updating learning rate to 0.00015625
	iters: 100, epoch: 8 | loss: 0.5444613
	speed: 0.0365s/iter; left time: 175.4240s
	iters: 200, epoch: 8 | loss: 0.5359398
	speed: 0.0364s/iter; left time: 171.0008s
	iters: 300, epoch: 8 | loss: 0.5527427
	speed: 0.0363s/iter; left time: 166.9998s
Epoch: 8 cost time: 13.6s
Epoch: 8, Steps: 377 | Train Loss: 0.5559492 Vali Loss: 0.9545452
Validation loss decreased (0.960780 --> 0.954545).  Saving model ...
Updating learning rate to 7.8125e-05
	iters: 100, epoch: 9 | loss: 0.5322742
	speed: 0.0362s/iter; left time: 160.0411s
	iters: 200, epoch: 9 | loss: 0.5409672
	speed: 0.0358s/iter; left time: 154.9783s
	iters: 300, epoch: 9 | loss: 0.5604490
	speed: 0.0358s/iter; left time: 151.0761s
Epoch: 9 cost time: 13.5s
Epoch: 9, Steps: 377 | Train Loss: 0.5533322 Vali Loss: 0.9486621
Validation loss decreased (0.954545 --> 0.948662).  Saving model ...
Updating learning rate to 3.90625e-05
	iters: 100, epoch: 10 | loss: 0.5685048
	speed: 0.0361s/iter; left time: 145.9975s
	iters: 200, epoch: 10 | loss: 0.5243853
	speed: 0.0363s/iter; left time: 143.1280s
	iters: 300, epoch: 10 | loss: 0.5496578
	speed: 0.0363s/iter; left time: 139.8585s
Epoch: 10 cost time: 13.7s
Epoch: 10, Steps: 377 | Train Loss: 0.5519349 Vali Loss: 0.9491113
EarlyStopping counter: 1 out of 6
Updating learning rate to 1.953125e-05
	iters: 100, epoch: 11 | loss: 0.5742797
	speed: 0.0358s/iter; left time: 131.5452s
	iters: 200, epoch: 11 | loss: 0.5632127
	speed: 0.0357s/iter; left time: 127.3640s
	iters: 300, epoch: 11 | loss: 0.5540476
	speed: 0.0356s/iter; left time: 123.4441s
Epoch: 11 cost time: 13.4s
Epoch: 11, Steps: 377 | Train Loss: 0.5510098 Vali Loss: 0.9466232
Validation loss decreased (0.948662 --> 0.946623).  Saving model ...
Updating learning rate to 9.765625e-06
	iters: 100, epoch: 12 | loss: 0.5451455
	speed: 0.0357s/iter; left time: 117.6651s
	iters: 200, epoch: 12 | loss: 0.5655516
	speed: 0.0355s/iter; left time: 113.3057s
	iters: 300, epoch: 12 | loss: 0.5520594
	speed: 0.0355s/iter; left time: 109.7296s
Epoch: 12 cost time: 13.4s
Epoch: 12, Steps: 377 | Train Loss: 0.5504846 Vali Loss: 0.9450117
Validation loss decreased (0.946623 --> 0.945012).  Saving model ...
Updating learning rate to 4.8828125e-06
	iters: 100, epoch: 13 | loss: 0.5618874
	speed: 0.0352s/iter; left time: 102.7917s
	iters: 200, epoch: 13 | loss: 0.5513170
	speed: 0.0353s/iter; left time: 99.5147s
	iters: 300, epoch: 13 | loss: 0.5290495
	speed: 0.0354s/iter; left time: 96.0809s
Epoch: 13 cost time: 13.3s
Epoch: 13, Steps: 377 | Train Loss: 0.5502005 Vali Loss: 0.9476339
EarlyStopping counter: 1 out of 6
Updating learning rate to 2.44140625e-06
	iters: 100, epoch: 14 | loss: 0.5402259
	speed: 0.0355s/iter; left time: 90.1361s
	iters: 200, epoch: 14 | loss: 0.5354535
	speed: 0.0355s/iter; left time: 86.5983s
	iters: 300, epoch: 14 | loss: 0.5438369
	speed: 0.0355s/iter; left time: 83.1643s
Epoch: 14 cost time: 13.4s
Epoch: 14, Steps: 377 | Train Loss: 0.5500018 Vali Loss: 0.9457000
EarlyStopping counter: 2 out of 6
Updating learning rate to 1.220703125e-06
	iters: 100, epoch: 15 | loss: 0.5464169
	speed: 0.0356s/iter; left time: 77.0561s
	iters: 200, epoch: 15 | loss: 0.5645623
	speed: 0.0355s/iter; left time: 73.2944s
	iters: 300, epoch: 15 | loss: 0.5542052
	speed: 0.0355s/iter; left time: 69.7326s
Epoch: 15 cost time: 13.4s
Epoch: 15, Steps: 377 | Train Loss: 0.5500270 Vali Loss: 0.9456056
EarlyStopping counter: 3 out of 6
Updating learning rate to 6.103515625e-07
	iters: 100, epoch: 16 | loss: 0.5510519
	speed: 0.0354s/iter; left time: 63.1954s
	iters: 200, epoch: 16 | loss: 0.5365964
	speed: 0.0355s/iter; left time: 59.9283s
	iters: 300, epoch: 16 | loss: 0.5448202
	speed: 0.0356s/iter; left time: 56.4045s
Epoch: 16 cost time: 13.4s
Epoch: 16, Steps: 377 | Train Loss: 0.5499690 Vali Loss: 0.9480177
EarlyStopping counter: 4 out of 6
Updating learning rate to 3.0517578125e-07
	iters: 100, epoch: 17 | loss: 0.5676975
	speed: 0.0365s/iter; left time: 51.4413s
	iters: 200, epoch: 17 | loss: 0.5325664
	speed: 0.0366s/iter; left time: 47.8671s
	iters: 300, epoch: 17 | loss: 0.5774752
	speed: 0.0364s/iter; left time: 43.9855s
Epoch: 17 cost time: 13.7s
Epoch: 17, Steps: 377 | Train Loss: 0.5497970 Vali Loss: 0.9469188
EarlyStopping counter: 5 out of 6
Updating learning rate to 1.52587890625e-07
	iters: 100, epoch: 18 | loss: 0.5562914
	speed: 0.0355s/iter; left time: 36.6036s
	iters: 200, epoch: 18 | loss: 0.5315241
	speed: 0.0353s/iter; left time: 32.9175s
	iters: 300, epoch: 18 | loss: 0.5367919
	speed: 0.0353s/iter; left time: 29.3699s
Epoch: 18 cost time: 13.3s
Epoch: 18, Steps: 377 | Train Loss: 0.5497249 Vali Loss: 0.9476523
EarlyStopping counter: 6 out of 6
Early stopping
Training time: 280.4s | Peak GPU memory: 836.6MB

>>> Testing...
test 3413
test shape: (3413, 1, 96, 862) (3413, 1, 96, 862)
test shape: (3413, 96, 862) (3413, 96, 862)
MSE: 1.179234, MAE: 0.681798
Inference: 13.84s | 3413 samples | 246.6 samples/sec
Results saved to /lustre09/project/6010289/sdmuhsin/SpectraGate/results/traffic_results.csv
========================================
Finished: Mon 09 Mar 2026 06:17:41 PM EDT
========================================
