========================================
Job: fn_FreTS_Weather_96
Model: FreTS
Dataset: Weather
Pred len: 96
Time limit: 4:00:00
GPU: h100_2g.20gb:1
Started: Mon 09 Mar 2026 06:13:30 PM EDT
========================================
Mon Mar  9 18:13:30 2026       
+-----------------------------------------------------------------------------------------+
| NVIDIA-SMI 570.211.01             Driver Version: 570.211.01     CUDA Version: 12.8     |
|-----------------------------------------+------------------------+----------------------+
| GPU  Name                 Persistence-M | Bus-Id          Disp.A | Volatile Uncorr. ECC |
| Fan  Temp   Perf          Pwr:Usage/Cap |           Memory-Usage | GPU-Util  Compute M. |
|                                         |                        |               MIG M. |
|=========================================+========================+======================|
|   0  NVIDIA H100 80GB HBM3          Off |   00000000:CB:00.0 Off |                   On |
| N/A   41C    P0             72W /  700W |      59MiB /  81559MiB |     N/A      Default |
|                                         |                        |              Enabled |
+-----------------------------------------+------------------------+----------------------+

+-----------------------------------------------------------------------------------------+
| MIG devices:                                                                            |
+------------------+----------------------------------+-----------+-----------------------+
| GPU  GI  CI  MIG |                     Memory-Usage |        Vol|        Shared         |
|      ID  ID  Dev |                       BAR1-Usage | SM     Unc| CE ENC  DEC  OFA  JPG |
|                  |                                  |        ECC|                       |
|==================+==================================+===========+=======================|
|  0    3   0   0  |              17MiB / 20096MiB    | 32      0 |  2   0    2    0    2 |
|                  |                 0MiB / 32767MiB  |           |                       |
+------------------+----------------------------------+-----------+-----------------------+
                                                                                         
+-----------------------------------------------------------------------------------------+
| Processes:                                                                              |
|  GPU   GI   CI              PID   Type   Process name                        GPU Memory |
|        ID   ID                                                               Usage      |
|=========================================================================================|
|  No running processes found                                                             |
+-----------------------------------------------------------------------------------------+
Using device: cuda:0
Model: FreTS, Dataset: Weather, pred_len: 96, seq_len: 96

>>> Training...
train 36696
val 5175
Model Model : total params: 3,236,832 | trainable: 3,236,832 (12.3475MB)
	iters: 100, epoch: 1 | loss: 0.5544703
	speed: 0.0112s/iter; left time: 126.7510s
	iters: 200, epoch: 1 | loss: 0.7624958
	speed: 0.0102s/iter; left time: 114.3757s
	iters: 300, epoch: 1 | loss: 0.4373092
	speed: 0.0098s/iter; left time: 109.7211s
	iters: 400, epoch: 1 | loss: 0.5088892
	speed: 0.0097s/iter; left time: 106.8443s
	iters: 500, epoch: 1 | loss: 0.3826897
	speed: 0.0096s/iter; left time: 104.7539s
	iters: 600, epoch: 1 | loss: 0.3561645
	speed: 0.0095s/iter; left time: 103.0593s
	iters: 700, epoch: 1 | loss: 0.4589384
	speed: 0.0094s/iter; left time: 101.5796s
	iters: 800, epoch: 1 | loss: 0.3540949
	speed: 0.0094s/iter; left time: 100.2323s
	iters: 900, epoch: 1 | loss: 0.3519556
	speed: 0.0094s/iter; left time: 98.9808s
	iters: 1000, epoch: 1 | loss: 0.3466520
	speed: 0.0093s/iter; left time: 97.8083s
	iters: 1100, epoch: 1 | loss: 0.3442630
	speed: 0.0093s/iter; left time: 96.7088s
Epoch: 1 cost time: 10.7s
Epoch: 1, Steps: 1146 | Train Loss: 0.5511823 Vali Loss: 0.4279874
Validation loss decreased (inf --> 0.427987).  Saving model ...
Updating learning rate to 0.001
	iters: 100, epoch: 2 | loss: 1.3967521
	speed: 0.0091s/iter; left time: 93.1222s
	iters: 200, epoch: 2 | loss: 0.3049542
	speed: 0.0091s/iter; left time: 92.3052s
	iters: 300, epoch: 2 | loss: 0.3752998
	speed: 0.0091s/iter; left time: 91.4306s
	iters: 400, epoch: 2 | loss: 0.3457498
	speed: 0.0091s/iter; left time: 90.5848s
	iters: 500, epoch: 2 | loss: 0.4673441
	speed: 0.0091s/iter; left time: 89.6884s
	iters: 600, epoch: 2 | loss: 0.5061687
	speed: 0.0091s/iter; left time: 88.7868s
	iters: 700, epoch: 2 | loss: 0.2412977
	speed: 0.0091s/iter; left time: 87.8597s
	iters: 800, epoch: 2 | loss: 0.2920621
	speed: 0.0091s/iter; left time: 86.9361s
	iters: 900, epoch: 2 | loss: 0.2376469
	speed: 0.0091s/iter; left time: 86.0323s
	iters: 1000, epoch: 2 | loss: 0.3489165
	speed: 0.0091s/iter; left time: 85.1315s
	iters: 1100, epoch: 2 | loss: 0.2689330
	speed: 0.0091s/iter; left time: 84.2268s
Epoch: 2 cost time: 10.5s
Epoch: 2, Steps: 1146 | Train Loss: 0.4552502 Vali Loss: 0.4239449
Validation loss decreased (0.427987 --> 0.423945).  Saving model ...
Updating learning rate to 0.0005
	iters: 100, epoch: 3 | loss: 0.3394874
	speed: 0.0091s/iter; left time: 82.5895s
	iters: 200, epoch: 3 | loss: 0.3798770
	speed: 0.0091s/iter; left time: 81.8440s
	iters: 300, epoch: 3 | loss: 0.3970607
	speed: 0.0091s/iter; left time: 80.9771s
	iters: 400, epoch: 3 | loss: 0.9332627
	speed: 0.0091s/iter; left time: 80.0808s
	iters: 500, epoch: 3 | loss: 0.4373429
	speed: 0.0091s/iter; left time: 79.1932s
	iters: 600, epoch: 3 | loss: 0.3349620
	speed: 0.0091s/iter; left time: 78.3051s
	iters: 700, epoch: 3 | loss: 0.6445535
	speed: 0.0091s/iter; left time: 77.3955s
	iters: 800, epoch: 3 | loss: 0.3095862
	speed: 0.0091s/iter; left time: 76.4828s
	iters: 900, epoch: 3 | loss: 0.3994790
	speed: 0.0091s/iter; left time: 75.5786s
	iters: 1000, epoch: 3 | loss: 0.3574902
	speed: 0.0091s/iter; left time: 74.6728s
	iters: 1100, epoch: 3 | loss: 0.4610069
	speed: 0.0091s/iter; left time: 73.7647s
Epoch: 3 cost time: 10.5s
Epoch: 3, Steps: 1146 | Train Loss: 0.4399546 Vali Loss: 0.4126213
Validation loss decreased (0.423945 --> 0.412621).  Saving model ...
Updating learning rate to 0.00025
	iters: 100, epoch: 4 | loss: 0.3942959
	speed: 0.0091s/iter; left time: 72.0633s
	iters: 200, epoch: 4 | loss: 0.4203801
	speed: 0.0091s/iter; left time: 71.2806s
	iters: 300, epoch: 4 | loss: 1.6133854
	speed: 0.0091s/iter; left time: 70.4730s
	iters: 400, epoch: 4 | loss: 0.2448075
	speed: 0.0091s/iter; left time: 69.5950s
	iters: 500, epoch: 4 | loss: 0.4418590
	speed: 0.0091s/iter; left time: 68.6871s
	iters: 600, epoch: 4 | loss: 0.4916116
	speed: 0.0091s/iter; left time: 67.8225s
	iters: 700, epoch: 4 | loss: 0.4495590
	speed: 0.0091s/iter; left time: 66.9289s
	iters: 800, epoch: 4 | loss: 0.2708867
	speed: 0.0091s/iter; left time: 66.0177s
	iters: 900, epoch: 4 | loss: 0.2470827
	speed: 0.0091s/iter; left time: 65.1118s
	iters: 1000, epoch: 4 | loss: 0.4690060
	speed: 0.0091s/iter; left time: 64.1984s
	iters: 1100, epoch: 4 | loss: 0.2807902
	speed: 0.0091s/iter; left time: 63.2877s
Epoch: 4 cost time: 10.5s
Epoch: 4, Steps: 1146 | Train Loss: 0.4341223 Vali Loss: 0.4154740
EarlyStopping counter: 1 out of 3
Updating learning rate to 0.000125
	iters: 100, epoch: 5 | loss: 0.3182576
	speed: 0.0091s/iter; left time: 61.7136s
	iters: 200, epoch: 5 | loss: 1.2172799
	speed: 0.0091s/iter; left time: 60.9305s
	iters: 300, epoch: 5 | loss: 1.4358320
	speed: 0.0091s/iter; left time: 60.0497s
	iters: 400, epoch: 5 | loss: 0.3384558
	speed: 0.0091s/iter; left time: 59.1704s
	iters: 500, epoch: 5 | loss: 0.2426805
	speed: 0.0091s/iter; left time: 58.2553s
	iters: 600, epoch: 5 | loss: 0.3140652
	speed: 0.0091s/iter; left time: 57.3786s
	iters: 700, epoch: 5 | loss: 0.2593464
	speed: 0.0091s/iter; left time: 56.4723s
	iters: 800, epoch: 5 | loss: 0.4874491
	speed: 0.0091s/iter; left time: 55.5628s
	iters: 900, epoch: 5 | loss: 1.0987153
	speed: 0.0091s/iter; left time: 54.6494s
	iters: 1000, epoch: 5 | loss: 0.4950826
	speed: 0.0091s/iter; left time: 53.7704s
	iters: 1100, epoch: 5 | loss: 0.3932546
	speed: 0.0091s/iter; left time: 52.8541s
Epoch: 5 cost time: 10.5s
Epoch: 5, Steps: 1146 | Train Loss: 0.4299883 Vali Loss: 0.4131826
EarlyStopping counter: 2 out of 3
Updating learning rate to 6.25e-05
	iters: 100, epoch: 6 | loss: 0.3688196
	speed: 0.0091s/iter; left time: 51.2692s
	iters: 200, epoch: 6 | loss: 0.3066747
	speed: 0.0091s/iter; left time: 50.4637s
	iters: 300, epoch: 6 | loss: 0.3270274
	speed: 0.0091s/iter; left time: 49.6188s
	iters: 400, epoch: 6 | loss: 1.2530484
	speed: 0.0091s/iter; left time: 48.7202s
	iters: 500, epoch: 6 | loss: 0.4559564
	speed: 0.0091s/iter; left time: 47.8137s
	iters: 600, epoch: 6 | loss: 0.2533907
	speed: 0.0091s/iter; left time: 46.9004s
	iters: 700, epoch: 6 | loss: 0.2312723
	speed: 0.0091s/iter; left time: 45.9834s
	iters: 800, epoch: 6 | loss: 0.4242964
	speed: 0.0091s/iter; left time: 45.0705s
	iters: 900, epoch: 6 | loss: 0.4427268
	speed: 0.0091s/iter; left time: 44.1561s
	iters: 1000, epoch: 6 | loss: 0.3072301
	speed: 0.0091s/iter; left time: 43.2458s
	iters: 1100, epoch: 6 | loss: 0.4083409
	speed: 0.0091s/iter; left time: 42.3331s
Epoch: 6 cost time: 10.5s
Epoch: 6, Steps: 1146 | Train Loss: 0.4277559 Vali Loss: 0.4090272
Validation loss decreased (0.412621 --> 0.409027).  Saving model ...
Updating learning rate to 3.125e-05
	iters: 100, epoch: 7 | loss: 0.3526946
	speed: 0.0093s/iter; left time: 41.7380s
	iters: 200, epoch: 7 | loss: 0.2839185
	speed: 0.0092s/iter; left time: 40.4500s
	iters: 300, epoch: 7 | loss: 0.2681125
	speed: 0.0092s/iter; left time: 39.4091s
	iters: 400, epoch: 7 | loss: 0.2451400
	speed: 0.0092s/iter; left time: 38.4258s
	iters: 500, epoch: 7 | loss: 0.3902851
	speed: 0.0092s/iter; left time: 37.4752s
	iters: 600, epoch: 7 | loss: 0.3329929
	speed: 0.0092s/iter; left time: 36.5439s
	iters: 700, epoch: 7 | loss: 0.3379611
	speed: 0.0092s/iter; left time: 35.6104s
	iters: 800, epoch: 7 | loss: 0.3489970
	speed: 0.0092s/iter; left time: 34.6825s
	iters: 900, epoch: 7 | loss: 0.3329717
	speed: 0.0092s/iter; left time: 33.7543s
	iters: 1000, epoch: 7 | loss: 0.3464455
	speed: 0.0092s/iter; left time: 32.8334s
	iters: 1100, epoch: 7 | loss: 0.2346126
	speed: 0.0092s/iter; left time: 31.9106s
Epoch: 7 cost time: 10.5s
Epoch: 7, Steps: 1146 | Train Loss: 0.4262716 Vali Loss: 0.4070294
Validation loss decreased (0.409027 --> 0.407029).  Saving model ...
Updating learning rate to 1.5625e-05
	iters: 100, epoch: 8 | loss: 0.3235578
	speed: 0.0091s/iter; left time: 30.3980s
	iters: 200, epoch: 8 | loss: 0.3512280
	speed: 0.0091s/iter; left time: 29.5489s
	iters: 300, epoch: 8 | loss: 0.3389463
	speed: 0.0091s/iter; left time: 28.6546s
	iters: 400, epoch: 8 | loss: 0.2489769
	speed: 0.0091s/iter; left time: 27.7616s
	iters: 500, epoch: 8 | loss: 0.3348579
	speed: 0.0091s/iter; left time: 26.8592s
	iters: 600, epoch: 8 | loss: 0.2993048
	speed: 0.0091s/iter; left time: 25.9530s
	iters: 700, epoch: 8 | loss: 0.2980739
	speed: 0.0091s/iter; left time: 25.0374s
	iters: 800, epoch: 8 | loss: 0.2742416
	speed: 0.0091s/iter; left time: 24.1245s
	iters: 900, epoch: 8 | loss: 0.3922305
	speed: 0.0091s/iter; left time: 23.2100s
	iters: 1000, epoch: 8 | loss: 0.3159096
	speed: 0.0091s/iter; left time: 22.2980s
	iters: 1100, epoch: 8 | loss: 0.2981361
	speed: 0.0091s/iter; left time: 21.3838s
Epoch: 8 cost time: 10.5s
Epoch: 8, Steps: 1146 | Train Loss: 0.4255096 Vali Loss: 0.4094552
EarlyStopping counter: 1 out of 3
Updating learning rate to 7.8125e-06
	iters: 100, epoch: 9 | loss: 0.3748093
	speed: 0.0091s/iter; left time: 19.9971s
	iters: 200, epoch: 9 | loss: 0.3053253
	speed: 0.0091s/iter; left time: 19.1028s
	iters: 300, epoch: 9 | loss: 0.3995310
	speed: 0.0091s/iter; left time: 18.2074s
	iters: 400, epoch: 9 | loss: 0.3734595
	speed: 0.0091s/iter; left time: 17.2953s
	iters: 500, epoch: 9 | loss: 0.3825891
	speed: 0.0091s/iter; left time: 16.3834s
	iters: 600, epoch: 9 | loss: 0.3743475
	speed: 0.0091s/iter; left time: 15.4702s
	iters: 700, epoch: 9 | loss: 0.2753108
	speed: 0.0091s/iter; left time: 14.5588s
	iters: 800, epoch: 9 | loss: 0.2414355
	speed: 0.0091s/iter; left time: 13.6456s
	iters: 900, epoch: 9 | loss: 0.4915701
	speed: 0.0092s/iter; left time: 12.7784s
	iters: 1000, epoch: 9 | loss: 0.2737035
	speed: 0.0092s/iter; left time: 11.8593s
	iters: 1100, epoch: 9 | loss: 0.2858341
	speed: 0.0092s/iter; left time: 10.9394s
Epoch: 9 cost time: 10.5s
Epoch: 9, Steps: 1146 | Train Loss: 0.4250482 Vali Loss: 0.4068478
Validation loss decreased (0.407029 --> 0.406848).  Saving model ...
Updating learning rate to 3.90625e-06
	iters: 100, epoch: 10 | loss: 1.3171291
	speed: 0.0091s/iter; left time: 9.5297s
	iters: 200, epoch: 10 | loss: 0.4640125
	speed: 0.0091s/iter; left time: 8.6363s
	iters: 300, epoch: 10 | loss: 0.3408894
	speed: 0.0091s/iter; left time: 7.7298s
	iters: 400, epoch: 10 | loss: 1.3408102
	speed: 0.0091s/iter; left time: 6.8224s
	iters: 500, epoch: 10 | loss: 0.3775051
	speed: 0.0091s/iter; left time: 5.9106s
	iters: 600, epoch: 10 | loss: 0.3521966
	speed: 0.0091s/iter; left time: 4.9989s
	iters: 700, epoch: 10 | loss: 0.4488587
	speed: 0.0091s/iter; left time: 4.0851s
	iters: 800, epoch: 10 | loss: 0.4658253
	speed: 0.0091s/iter; left time: 3.1715s
	iters: 900, epoch: 10 | loss: 0.5051276
	speed: 0.0091s/iter; left time: 2.2577s
	iters: 1000, epoch: 10 | loss: 0.2859417
	speed: 0.0091s/iter; left time: 1.3441s
	iters: 1100, epoch: 10 | loss: 0.3568883
	speed: 0.0091s/iter; left time: 0.4298s
Epoch: 10 cost time: 10.5s
Epoch: 10, Steps: 1146 | Train Loss: 0.4247898 Vali Loss: 0.4080886
EarlyStopping counter: 1 out of 3
Updating learning rate to 1.953125e-06
Training time: 114.0s | Peak GPU memory: 403.9MB

>>> Testing...
test 10444
test shape: (10444, 1, 96, 21) (10444, 1, 96, 21)
test shape: (10444, 96, 21) (10444, 96, 21)
MSE: 0.170534, MAE: 0.227614
Inference: 7.54s | 10444 samples | 1384.3 samples/sec
Results saved to /lustre09/project/6010289/sdmuhsin/SpectraGate/results/weather_results.csv
========================================
Finished: Mon 09 Mar 2026 06:15:37 PM EDT
========================================
