========================================
Job: fn_FEDformer_ETTh1_96
Model: FEDformer
Dataset: ETTh1
Pred len: 96
Time limit: 4:00:00
GPU: h100_2g.20gb:1
Started: Mon 09 Mar 2026 06:12:33 PM EDT
========================================
Mon Mar  9 18:12:33 2026       
+-----------------------------------------------------------------------------------------+
| NVIDIA-SMI 570.211.01             Driver Version: 570.211.01     CUDA Version: 12.8     |
|-----------------------------------------+------------------------+----------------------+
| GPU  Name                 Persistence-M | Bus-Id          Disp.A | Volatile Uncorr. ECC |
| Fan  Temp   Perf          Pwr:Usage/Cap |           Memory-Usage | GPU-Util  Compute M. |
|                                         |                        |               MIG M. |
|=========================================+========================+======================|
|   0  NVIDIA H100 80GB HBM3          Off |   00000000:CB:00.0 Off |                   On |
| N/A   38C    P0            314W /  700W |    9288MiB /  81559MiB |     N/A      Default |
|                                         |                        |              Enabled |
+-----------------------------------------+------------------------+----------------------+

+-----------------------------------------------------------------------------------------+
| MIG devices:                                                                            |
+------------------+----------------------------------+-----------+-----------------------+
| GPU  GI  CI  MIG |                     Memory-Usage |        Vol|        Shared         |
|      ID  ID  Dev |                       BAR1-Usage | SM     Unc| CE ENC  DEC  OFA  JPG |
|                  |                                  |        ECC|                       |
|==================+==================================+===========+=======================|
|  0    3   0   0  |              17MiB / 20096MiB    | 32      0 |  2   0    2    0    2 |
|                  |                 0MiB / 32767MiB  |           |                       |
+------------------+----------------------------------+-----------+-----------------------+
                                                                                         
+-----------------------------------------------------------------------------------------+
| Processes:                                                                              |
|  GPU   GI   CI              PID   Type   Process name                        GPU Memory |
|        ID   ID                                                               Usage      |
|=========================================================================================|
|  No running processes found                                                             |
+-----------------------------------------------------------------------------------------+
Using device: cuda:0
Model: FEDformer, Dataset: ETTh1, pred_len: 96, seq_len: 96

>>> Training...
train 8449
val 2785
Model Model : total params: 10,714,638 | trainable: 10,714,638 (40.8731MB)
	iters: 100, epoch: 1 | loss: 319.8225403
	speed: 0.0288s/iter; left time: 149.2429s
	iters: 200, epoch: 1 | loss: 6.8496747
	speed: 0.0273s/iter; left time: 138.6938s
Epoch: 1 cost time: 7.1s
Epoch: 1, Steps: 264 | Train Loss: 5523.2104433 Vali Loss: 5.1867800
Validation loss decreased (inf --> 5.186780).  Saving model ...
Updating learning rate to 0.01
	iters: 100, epoch: 2 | loss: 2.5754530
	speed: 0.0256s/iter; left time: 125.8959s
	iters: 200, epoch: 2 | loss: 2.3420718
	speed: 0.0257s/iter; left time: 123.7703s
Epoch: 2 cost time: 6.8s
Epoch: 2, Steps: 264 | Train Loss: 2.7743654 Vali Loss: 2.7224743
Validation loss decreased (5.186780 --> 2.722474).  Saving model ...
Updating learning rate to 0.005
	iters: 100, epoch: 3 | loss: 1.4470797
	speed: 0.0257s/iter; left time: 119.5735s
	iters: 200, epoch: 3 | loss: 1.7671986
	speed: 0.0258s/iter; left time: 117.2793s
Epoch: 3 cost time: 6.8s
Epoch: 3, Steps: 264 | Train Loss: 1.5661392 Vali Loss: 2.0040004
Validation loss decreased (2.722474 --> 2.004000).  Saving model ...
Updating learning rate to 0.0025
	iters: 100, epoch: 4 | loss: 1.2343109
	speed: 0.0256s/iter; left time: 112.3599s
	iters: 200, epoch: 4 | loss: 1.2415229
	speed: 0.0257s/iter; left time: 110.1615s
Epoch: 4 cost time: 6.8s
Epoch: 4, Steps: 264 | Train Loss: 1.2784761 Vali Loss: 1.8304837
Validation loss decreased (2.004000 --> 1.830484).  Saving model ...
Updating learning rate to 0.00125
	iters: 100, epoch: 5 | loss: 1.1738644
	speed: 0.0256s/iter; left time: 105.7095s
	iters: 200, epoch: 5 | loss: 1.1252508
	speed: 0.0257s/iter; left time: 103.4157s
Epoch: 5 cost time: 6.8s
Epoch: 5, Steps: 264 | Train Loss: 1.1778702 Vali Loss: 1.7469013
Validation loss decreased (1.830484 --> 1.746901).  Saving model ...
Updating learning rate to 0.000625
	iters: 100, epoch: 6 | loss: 1.1651324
	speed: 0.0256s/iter; left time: 98.7253s
	iters: 200, epoch: 6 | loss: 1.1506228
	speed: 0.0257s/iter; left time: 96.6831s
Epoch: 6 cost time: 6.8s
Epoch: 6, Steps: 264 | Train Loss: 1.1198057 Vali Loss: 1.7295022
Validation loss decreased (1.746901 --> 1.729502).  Saving model ...
Updating learning rate to 0.0003125
	iters: 100, epoch: 7 | loss: 1.1334850
	speed: 0.0256s/iter; left time: 91.9942s
	iters: 200, epoch: 7 | loss: 1.2503248
	speed: 0.0257s/iter; left time: 89.7527s
Epoch: 7 cost time: 6.8s
Epoch: 7, Steps: 264 | Train Loss: 1.0922818 Vali Loss: 1.6879061
Validation loss decreased (1.729502 --> 1.687906).  Saving model ...
Updating learning rate to 0.00015625
	iters: 100, epoch: 8 | loss: 1.2808098
	speed: 0.0256s/iter; left time: 85.2295s
	iters: 200, epoch: 8 | loss: 1.0673428
	speed: 0.0257s/iter; left time: 82.9327s
Epoch: 8 cost time: 6.8s
Epoch: 8, Steps: 264 | Train Loss: 1.0745633 Vali Loss: 1.6783961
Validation loss decreased (1.687906 --> 1.678396).  Saving model ...
Updating learning rate to 7.8125e-05
	iters: 100, epoch: 9 | loss: 1.0351646
	speed: 0.0256s/iter; left time: 78.4350s
	iters: 200, epoch: 9 | loss: 1.1656119
	speed: 0.0257s/iter; left time: 76.2279s
Epoch: 9 cost time: 6.8s
Epoch: 9, Steps: 264 | Train Loss: 1.0659318 Vali Loss: 1.6728729
Validation loss decreased (1.678396 --> 1.672873).  Saving model ...
Updating learning rate to 3.90625e-05
	iters: 100, epoch: 10 | loss: 1.1806695
	speed: 0.0256s/iter; left time: 71.8285s
	iters: 200, epoch: 10 | loss: 1.0054841
	speed: 0.0257s/iter; left time: 69.4373s
Epoch: 10 cost time: 6.8s
Epoch: 10, Steps: 264 | Train Loss: 1.0605000 Vali Loss: 1.6702955
Validation loss decreased (1.672873 --> 1.670295).  Saving model ...
Updating learning rate to 1.953125e-05
	iters: 100, epoch: 11 | loss: 0.9698523
	speed: 0.0256s/iter; left time: 64.9830s
	iters: 200, epoch: 11 | loss: 1.1255053
	speed: 0.0257s/iter; left time: 62.6175s
Epoch: 11 cost time: 6.8s
Epoch: 11, Steps: 264 | Train Loss: 1.0577378 Vali Loss: 1.6691684
Validation loss decreased (1.670295 --> 1.669168).  Saving model ...
Updating learning rate to 9.765625e-06
	iters: 100, epoch: 12 | loss: 1.0186026
	speed: 0.0256s/iter; left time: 58.2124s
	iters: 200, epoch: 12 | loss: 0.9746639
	speed: 0.0256s/iter; left time: 55.8348s
Epoch: 12 cost time: 6.8s
Epoch: 12, Steps: 264 | Train Loss: 1.0559817 Vali Loss: 1.6683844
Validation loss decreased (1.669168 --> 1.668384).  Saving model ...
Updating learning rate to 4.8828125e-06
	iters: 100, epoch: 13 | loss: 1.1244991
	speed: 0.0256s/iter; left time: 51.5564s
	iters: 200, epoch: 13 | loss: 0.9224363
	speed: 0.0256s/iter; left time: 49.0270s
Epoch: 13 cost time: 6.8s
Epoch: 13, Steps: 264 | Train Loss: 1.0548851 Vali Loss: 1.6676304
Validation loss decreased (1.668384 --> 1.667630).  Saving model ...
Updating learning rate to 2.44140625e-06
	iters: 100, epoch: 14 | loss: 1.0004948
	speed: 0.0256s/iter; left time: 44.6972s
	iters: 200, epoch: 14 | loss: 0.9861542
	speed: 0.0256s/iter; left time: 42.2709s
Epoch: 14 cost time: 6.8s
Epoch: 14, Steps: 264 | Train Loss: 1.0543317 Vali Loss: 1.6659561
Validation loss decreased (1.667630 --> 1.665956).  Saving model ...
Updating learning rate to 1.220703125e-06
	iters: 100, epoch: 15 | loss: 1.1239916
	speed: 0.0256s/iter; left time: 38.0356s
	iters: 200, epoch: 15 | loss: 1.0619521
	speed: 0.0257s/iter; left time: 35.5757s
Epoch: 15 cost time: 6.8s
Epoch: 15, Steps: 264 | Train Loss: 1.0542302 Vali Loss: 1.6654353
Validation loss decreased (1.665956 --> 1.665435).  Saving model ...
Updating learning rate to 6.103515625e-07
	iters: 100, epoch: 16 | loss: 1.0106308
	speed: 0.0257s/iter; left time: 31.3915s
	iters: 200, epoch: 16 | loss: 1.0835806
	speed: 0.0257s/iter; left time: 28.8594s
Epoch: 16 cost time: 6.8s
Epoch: 16, Steps: 264 | Train Loss: 1.0540236 Vali Loss: 1.6671180
EarlyStopping counter: 1 out of 6
Updating learning rate to 3.0517578125e-07
	iters: 100, epoch: 17 | loss: 1.1371291
	speed: 0.0256s/iter; left time: 24.4812s
	iters: 200, epoch: 17 | loss: 1.0391357
	speed: 0.0257s/iter; left time: 21.9966s
Epoch: 17 cost time: 6.8s
Epoch: 17, Steps: 264 | Train Loss: 1.0540116 Vali Loss: 1.6667963
EarlyStopping counter: 2 out of 6
Updating learning rate to 1.52587890625e-07
	iters: 100, epoch: 18 | loss: 0.9936308
	speed: 0.0256s/iter; left time: 17.7328s
	iters: 200, epoch: 18 | loss: 1.0681555
	speed: 0.0257s/iter; left time: 15.2232s
Epoch: 18 cost time: 6.8s
Epoch: 18, Steps: 264 | Train Loss: 1.0540285 Vali Loss: 1.6668882
EarlyStopping counter: 3 out of 6
Updating learning rate to 7.62939453125e-08
	iters: 100, epoch: 19 | loss: 0.9969532
	speed: 0.0256s/iter; left time: 10.9795s
	iters: 200, epoch: 19 | loss: 1.1566240
	speed: 0.0257s/iter; left time: 8.4705s
Epoch: 19 cost time: 6.8s
Epoch: 19, Steps: 264 | Train Loss: 1.0539732 Vali Loss: 1.6670812
EarlyStopping counter: 4 out of 6
Updating learning rate to 3.814697265625e-08
	iters: 100, epoch: 20 | loss: 1.0729996
	speed: 0.0258s/iter; left time: 4.2567s
	iters: 200, epoch: 20 | loss: 1.1093822
	speed: 0.0258s/iter; left time: 1.6787s
Epoch: 20 cost time: 6.8s
Epoch: 20, Steps: 264 | Train Loss: 1.0539503 Vali Loss: 1.6667831
EarlyStopping counter: 5 out of 6
Updating learning rate to 1.9073486328125e-08
Training time: 152.5s | Peak GPU memory: 728.0MB

>>> Testing...
test 2785
test shape: (2785, 1, 96, 7) (2785, 1, 96, 7)
test shape: (2785, 96, 7) (2785, 96, 7)
MSE: 1.272648, MAE: 0.857392
Inference: 7.43s | 2785 samples | 374.8 samples/sec
Results saved to /lustre09/project/6010289/sdmuhsin/SpectraGate/results/etth1_results.csv
========================================
Finished: Mon 09 Mar 2026 06:15:18 PM EDT
========================================
