========================================
Job: fn_FEDformer_ETTm2_96
Model: FEDformer
Dataset: ETTm2
Pred len: 96
Time limit: 8:00:00
GPU: h100_2g.20gb:1
Started: Mon 09 Mar 2026 06:12:40 PM EDT
========================================
Mon Mar  9 18:12:40 2026       
+-----------------------------------------------------------------------------------------+
| NVIDIA-SMI 570.211.01             Driver Version: 570.211.01     CUDA Version: 12.8     |
|-----------------------------------------+------------------------+----------------------+
| GPU  Name                 Persistence-M | Bus-Id          Disp.A | Volatile Uncorr. ECC |
| Fan  Temp   Perf          Pwr:Usage/Cap |           Memory-Usage | GPU-Util  Compute M. |
|                                         |                        |               MIG M. |
|=========================================+========================+======================|
|   0  NVIDIA H100 80GB HBM3          Off |   00000000:4E:00.0 Off |                   On |
| N/A   46C    P0            357W /  700W |   25466MiB /  81559MiB |     N/A      Default |
|                                         |                        |              Enabled |
+-----------------------------------------+------------------------+----------------------+

+-----------------------------------------------------------------------------------------+
| MIG devices:                                                                            |
+------------------+----------------------------------+-----------+-----------------------+
| GPU  GI  CI  MIG |                     Memory-Usage |        Vol|        Shared         |
|      ID  ID  Dev |                       BAR1-Usage | SM     Unc| CE ENC  DEC  OFA  JPG |
|                  |                                  |        ECC|                       |
|==================+==================================+===========+=======================|
|  0    3   0   0  |              17MiB / 20096MiB    | 32      0 |  2   0    2    0    2 |
|                  |                 0MiB / 32767MiB  |           |                       |
+------------------+----------------------------------+-----------+-----------------------+
                                                                                         
+-----------------------------------------------------------------------------------------+
| Processes:                                                                              |
|  GPU   GI   CI              PID   Type   Process name                        GPU Memory |
|        ID   ID                                                               Usage      |
|=========================================================================================|
|  No running processes found                                                             |
+-----------------------------------------------------------------------------------------+
Using device: cuda:0
Model: FEDformer, Dataset: ETTm2, pred_len: 96, seq_len: 96

>>> Training...
train 34369
val 11425
Model Model : total params: 10,714,638 | trainable: 10,714,638 (40.8731MB)
	iters: 100, epoch: 1 | loss: 24.7491207
	speed: 0.0285s/iter; left time: 608.5593s
	iters: 200, epoch: 1 | loss: 0.9638689
	speed: 0.0269s/iter; left time: 571.8857s
	iters: 300, epoch: 1 | loss: 0.6676943
	speed: 0.0264s/iter; left time: 558.2277s
	iters: 400, epoch: 1 | loss: 0.3291146
	speed: 0.0261s/iter; left time: 550.0889s
	iters: 500, epoch: 1 | loss: 0.2904105
	speed: 0.0259s/iter; left time: 544.0747s
	iters: 600, epoch: 1 | loss: 0.2894304
	speed: 0.0258s/iter; left time: 539.1434s
	iters: 700, epoch: 1 | loss: 0.3966580
	speed: 0.0257s/iter; left time: 534.8991s
	iters: 800, epoch: 1 | loss: 0.2715058
	speed: 0.0257s/iter; left time: 531.2393s
	iters: 900, epoch: 1 | loss: 0.3557754
	speed: 0.0256s/iter; left time: 527.7309s
	iters: 1000, epoch: 1 | loss: 0.2374110
	speed: 0.0256s/iter; left time: 524.4023s
Epoch: 1 cost time: 27.5s
Epoch: 1, Steps: 1074 | Train Loss: 219.1120652 Vali Loss: 0.2179621
Validation loss decreased (inf --> 0.217962).  Saving model ...
Updating learning rate to 0.01
	iters: 100, epoch: 2 | loss: 0.2595890
	speed: 0.0252s/iter; left time: 511.3879s
	iters: 200, epoch: 2 | loss: 0.3480842
	speed: 0.0252s/iter; left time: 509.8700s
	iters: 300, epoch: 2 | loss: 0.2577653
	speed: 0.0253s/iter; left time: 507.8645s
	iters: 400, epoch: 2 | loss: 0.2058423
	speed: 0.0253s/iter; left time: 505.4687s
	iters: 500, epoch: 2 | loss: 0.2383761
	speed: 0.0253s/iter; left time: 503.0389s
	iters: 600, epoch: 2 | loss: 0.5055935
	speed: 0.0253s/iter; left time: 500.4579s
	iters: 700, epoch: 2 | loss: 0.1912357
	speed: 0.0253s/iter; left time: 497.9326s
	iters: 800, epoch: 2 | loss: 0.2267345
	speed: 0.0253s/iter; left time: 495.4309s
	iters: 900, epoch: 2 | loss: 0.2483090
	speed: 0.0253s/iter; left time: 492.9684s
	iters: 1000, epoch: 2 | loss: 0.2022318
	speed: 0.0253s/iter; left time: 490.4882s
Epoch: 2 cost time: 27.2s
Epoch: 2, Steps: 1074 | Train Loss: 0.2895427 Vali Loss: 0.1874175
Validation loss decreased (0.217962 --> 0.187418).  Saving model ...
Updating learning rate to 0.005
	iters: 100, epoch: 3 | loss: 0.2112357
	speed: 0.0251s/iter; left time: 483.2511s
	iters: 200, epoch: 3 | loss: 0.3192196
	speed: 0.0252s/iter; left time: 482.7658s
	iters: 300, epoch: 3 | loss: 0.2147478
	speed: 0.0253s/iter; left time: 480.8793s
	iters: 400, epoch: 3 | loss: 0.4228510
	speed: 0.0253s/iter; left time: 478.6670s
	iters: 500, epoch: 3 | loss: 0.3039595
	speed: 0.0253s/iter; left time: 476.2254s
	iters: 600, epoch: 3 | loss: 0.2409838
	speed: 0.0253s/iter; left time: 473.7200s
	iters: 700, epoch: 3 | loss: 0.2237788
	speed: 0.0253s/iter; left time: 471.3192s
	iters: 800, epoch: 3 | loss: 0.2630684
	speed: 0.0253s/iter; left time: 468.7984s
	iters: 900, epoch: 3 | loss: 0.2661647
	speed: 0.0253s/iter; left time: 466.2277s
	iters: 1000, epoch: 3 | loss: 0.2865384
	speed: 0.0253s/iter; left time: 463.7131s
Epoch: 3 cost time: 27.2s
Epoch: 3, Steps: 1074 | Train Loss: 0.2640416 Vali Loss: 0.1902847
EarlyStopping counter: 1 out of 6
Updating learning rate to 0.0025
	iters: 100, epoch: 4 | loss: 0.1664916
	speed: 0.0251s/iter; left time: 456.2957s
	iters: 200, epoch: 4 | loss: 0.3268491
	speed: 0.0252s/iter; left time: 455.2972s
	iters: 300, epoch: 4 | loss: 0.1495710
	speed: 0.0252s/iter; left time: 453.0855s
	iters: 400, epoch: 4 | loss: 0.3215056
	speed: 0.0253s/iter; left time: 450.9632s
	iters: 500, epoch: 4 | loss: 0.2237182
	speed: 0.0253s/iter; left time: 448.5138s
	iters: 600, epoch: 4 | loss: 0.1977846
	speed: 0.0253s/iter; left time: 446.0389s
	iters: 700, epoch: 4 | loss: 0.1414167
	speed: 0.0253s/iter; left time: 443.5742s
	iters: 800, epoch: 4 | loss: 0.1973233
	speed: 0.0253s/iter; left time: 441.1265s
	iters: 900, epoch: 4 | loss: 0.2998697
	speed: 0.0253s/iter; left time: 438.6106s
	iters: 1000, epoch: 4 | loss: 0.1962430
	speed: 0.0253s/iter; left time: 436.1160s
Epoch: 4 cost time: 27.1s
Epoch: 4, Steps: 1074 | Train Loss: 0.2489270 Vali Loss: 0.1900848
EarlyStopping counter: 2 out of 6
Updating learning rate to 0.00125
	iters: 100, epoch: 5 | loss: 0.2283325
	speed: 0.0251s/iter; left time: 429.6850s
	iters: 200, epoch: 5 | loss: 0.3078788
	speed: 0.0252s/iter; left time: 427.9834s
	iters: 300, epoch: 5 | loss: 0.3354034
	speed: 0.0252s/iter; left time: 425.7608s
	iters: 400, epoch: 5 | loss: 0.1518369
	speed: 0.0252s/iter; left time: 423.4012s
	iters: 500, epoch: 5 | loss: 0.1548897
	speed: 0.0252s/iter; left time: 421.2359s
	iters: 600, epoch: 5 | loss: 0.2619273
	speed: 0.0253s/iter; left time: 418.9531s
	iters: 700, epoch: 5 | loss: 0.4511124
	speed: 0.0253s/iter; left time: 416.7022s
	iters: 800, epoch: 5 | loss: 0.2256028
	speed: 0.0253s/iter; left time: 414.3526s
	iters: 900, epoch: 5 | loss: 0.2402341
	speed: 0.0253s/iter; left time: 411.8407s
	iters: 1000, epoch: 5 | loss: 0.1475908
	speed: 0.0253s/iter; left time: 409.4860s
Epoch: 5 cost time: 27.2s
Epoch: 5, Steps: 1074 | Train Loss: 0.2388688 Vali Loss: 0.1897497
EarlyStopping counter: 3 out of 6
Updating learning rate to 0.000625
	iters: 100, epoch: 6 | loss: 0.2498467
	speed: 0.0252s/iter; left time: 403.0021s
	iters: 200, epoch: 6 | loss: 0.4360376
	speed: 0.0253s/iter; left time: 401.8593s
	iters: 300, epoch: 6 | loss: 0.1559222
	speed: 0.0253s/iter; left time: 399.9009s
	iters: 400, epoch: 6 | loss: 0.2335040
	speed: 0.0253s/iter; left time: 397.5158s
	iters: 500, epoch: 6 | loss: 0.1699729
	speed: 0.0253s/iter; left time: 395.1347s
	iters: 600, epoch: 6 | loss: 0.1644739
	speed: 0.0253s/iter; left time: 392.6575s
	iters: 700, epoch: 6 | loss: 0.1950907
	speed: 0.0253s/iter; left time: 390.2693s
	iters: 800, epoch: 6 | loss: 0.2480729
	speed: 0.0253s/iter; left time: 387.7142s
	iters: 900, epoch: 6 | loss: 0.2347795
	speed: 0.0253s/iter; left time: 385.1567s
	iters: 1000, epoch: 6 | loss: 0.2501535
	speed: 0.0253s/iter; left time: 382.6251s
Epoch: 6 cost time: 27.2s
Epoch: 6, Steps: 1074 | Train Loss: 0.2326015 Vali Loss: 0.1815647
Validation loss decreased (0.187418 --> 0.181565).  Saving model ...
Updating learning rate to 0.0003125
	iters: 100, epoch: 7 | loss: 0.2088718
	speed: 0.0250s/iter; left time: 372.9551s
	iters: 200, epoch: 7 | loss: 0.1420267
	speed: 0.0250s/iter; left time: 371.3857s
	iters: 300, epoch: 7 | loss: 0.2499255
	speed: 0.0251s/iter; left time: 370.1805s
	iters: 400, epoch: 7 | loss: 0.2687911
	speed: 0.0252s/iter; left time: 368.3073s
	iters: 500, epoch: 7 | loss: 0.1789123
	speed: 0.0251s/iter; left time: 365.4988s
	iters: 600, epoch: 7 | loss: 0.1678265
	speed: 0.0251s/iter; left time: 362.8235s
	iters: 700, epoch: 7 | loss: 0.1614074
	speed: 0.0251s/iter; left time: 360.1852s
	iters: 800, epoch: 7 | loss: 0.2215848
	speed: 0.0251s/iter; left time: 357.5722s
	iters: 900, epoch: 7 | loss: 0.4197955
	speed: 0.0251s/iter; left time: 355.0831s
	iters: 1000, epoch: 7 | loss: 0.2080053
	speed: 0.0251s/iter; left time: 352.6208s
Epoch: 7 cost time: 27.0s
Epoch: 7, Steps: 1074 | Train Loss: 0.2280735 Vali Loss: 0.1876063
EarlyStopping counter: 1 out of 6
Updating learning rate to 0.00015625
	iters: 100, epoch: 8 | loss: 0.1388078
	speed: 0.0250s/iter; left time: 346.1811s
	iters: 200, epoch: 8 | loss: 0.3027272
	speed: 0.0250s/iter; left time: 344.3802s
	iters: 300, epoch: 8 | loss: 0.1456904
	speed: 0.0250s/iter; left time: 342.1048s
	iters: 400, epoch: 8 | loss: 0.2003898
	speed: 0.0250s/iter; left time: 339.6777s
	iters: 500, epoch: 8 | loss: 0.1635144
	speed: 0.0251s/iter; left time: 337.2497s
	iters: 600, epoch: 8 | loss: 0.2276406
	speed: 0.0251s/iter; left time: 334.8199s
	iters: 700, epoch: 8 | loss: 0.2451205
	speed: 0.0251s/iter; left time: 332.3327s
	iters: 800, epoch: 8 | loss: 0.2200578
	speed: 0.0251s/iter; left time: 329.8300s
	iters: 900, epoch: 8 | loss: 0.1738733
	speed: 0.0251s/iter; left time: 327.3199s
	iters: 1000, epoch: 8 | loss: 0.2243850
	speed: 0.0251s/iter; left time: 324.8424s
Epoch: 8 cost time: 26.9s
Epoch: 8, Steps: 1074 | Train Loss: 0.2246334 Vali Loss: 0.1933733
EarlyStopping counter: 2 out of 6
Updating learning rate to 7.8125e-05
	iters: 100, epoch: 9 | loss: 0.2360347
	speed: 0.0249s/iter; left time: 318.7604s
	iters: 200, epoch: 9 | loss: 0.2058204
	speed: 0.0250s/iter; left time: 317.1174s
	iters: 300, epoch: 9 | loss: 0.4515596
	speed: 0.0250s/iter; left time: 314.9031s
	iters: 400, epoch: 9 | loss: 0.1736384
	speed: 0.0250s/iter; left time: 312.5585s
	iters: 500, epoch: 9 | loss: 0.1485199
	speed: 0.0250s/iter; left time: 310.1504s
	iters: 600, epoch: 9 | loss: 0.1429003
	speed: 0.0250s/iter; left time: 307.7548s
	iters: 700, epoch: 9 | loss: 0.2378560
	speed: 0.0250s/iter; left time: 305.2855s
	iters: 800, epoch: 9 | loss: 0.2101847
	speed: 0.0250s/iter; left time: 302.8100s
	iters: 900, epoch: 9 | loss: 0.3228176
	speed: 0.0251s/iter; left time: 300.3483s
	iters: 1000, epoch: 9 | loss: 0.2379848
	speed: 0.0251s/iter; left time: 297.8778s
Epoch: 9 cost time: 26.9s
Epoch: 9, Steps: 1074 | Train Loss: 0.2222139 Vali Loss: 0.1929677
EarlyStopping counter: 3 out of 6
Updating learning rate to 3.90625e-05
	iters: 100, epoch: 10 | loss: 0.1918237
	speed: 0.0250s/iter; left time: 292.6268s
	iters: 200, epoch: 10 | loss: 0.3481192
	speed: 0.0251s/iter; left time: 291.1527s
	iters: 300, epoch: 10 | loss: 0.2370389
	speed: 0.0251s/iter; left time: 289.1031s
	iters: 400, epoch: 10 | loss: 0.1662675
	speed: 0.0252s/iter; left time: 287.2112s
	iters: 500, epoch: 10 | loss: 0.1697569
	speed: 0.0252s/iter; left time: 284.7133s
	iters: 600, epoch: 10 | loss: 0.1775210
	speed: 0.0251s/iter; left time: 282.0313s
	iters: 700, epoch: 10 | loss: 0.1491162
	speed: 0.0251s/iter; left time: 279.3974s
	iters: 800, epoch: 10 | loss: 0.1397533
	speed: 0.0251s/iter; left time: 276.7832s
	iters: 900, epoch: 10 | loss: 0.1269418
	speed: 0.0251s/iter; left time: 274.3119s
	iters: 1000, epoch: 10 | loss: 0.2585703
	speed: 0.0251s/iter; left time: 271.7452s
Epoch: 10 cost time: 27.0s
Epoch: 10, Steps: 1074 | Train Loss: 0.2203914 Vali Loss: 0.1876663
EarlyStopping counter: 4 out of 6
Updating learning rate to 1.953125e-05
	iters: 100, epoch: 11 | loss: 0.1753392
	speed: 0.0249s/iter; left time: 265.1060s
	iters: 200, epoch: 11 | loss: 0.1570078
	speed: 0.0250s/iter; left time: 263.3865s
	iters: 300, epoch: 11 | loss: 0.3277486
	speed: 0.0250s/iter; left time: 261.1550s
	iters: 400, epoch: 11 | loss: 0.2728973
	speed: 0.0250s/iter; left time: 258.7691s
	iters: 500, epoch: 11 | loss: 0.1978743
	speed: 0.0250s/iter; left time: 256.3596s
	iters: 600, epoch: 11 | loss: 0.2320598
	speed: 0.0250s/iter; left time: 253.9643s
	iters: 700, epoch: 11 | loss: 0.1653146
	speed: 0.0250s/iter; left time: 251.5141s
	iters: 800, epoch: 11 | loss: 0.2361129
	speed: 0.0251s/iter; left time: 249.0461s
	iters: 900, epoch: 11 | loss: 0.1753721
	speed: 0.0251s/iter; left time: 246.5541s
	iters: 1000, epoch: 11 | loss: 0.2151642
	speed: 0.0251s/iter; left time: 244.0550s
Epoch: 11 cost time: 26.9s
Epoch: 11, Steps: 1074 | Train Loss: 0.2187861 Vali Loss: 0.1879843
EarlyStopping counter: 5 out of 6
Updating learning rate to 9.765625e-06
	iters: 100, epoch: 12 | loss: 0.1587927
	speed: 0.0249s/iter; left time: 238.4394s
	iters: 200, epoch: 12 | loss: 0.1534624
	speed: 0.0250s/iter; left time: 236.7048s
	iters: 300, epoch: 12 | loss: 0.1680633
	speed: 0.0250s/iter; left time: 234.4353s
	iters: 400, epoch: 12 | loss: 0.4510761
	speed: 0.0250s/iter; left time: 231.9997s
	iters: 500, epoch: 12 | loss: 0.2442715
	speed: 0.0251s/iter; left time: 229.7154s
	iters: 600, epoch: 12 | loss: 0.1903865
	speed: 0.0251s/iter; left time: 227.3334s
	iters: 700, epoch: 12 | loss: 0.2050646
	speed: 0.0251s/iter; left time: 224.9946s
	iters: 800, epoch: 12 | loss: 0.2138385
	speed: 0.0251s/iter; left time: 222.7155s
	iters: 900, epoch: 12 | loss: 0.1459009
	speed: 0.0251s/iter; left time: 220.2539s
	iters: 1000, epoch: 12 | loss: 0.2278890
	speed: 0.0251s/iter; left time: 217.6904s
Epoch: 12 cost time: 27.0s
Epoch: 12, Steps: 1074 | Train Loss: 0.2177605 Vali Loss: 0.1885673
EarlyStopping counter: 6 out of 6
Early stopping
Training time: 362.5s | Peak GPU memory: 728.0MB

>>> Testing...
test 11425
test shape: (11425, 1, 96, 7) (11425, 1, 96, 7)
test shape: (11425, 96, 7) (11425, 96, 7)
MSE: 0.273571, MAE: 0.381559
Inference: 29.89s | 11425 samples | 382.3 samples/sec
Results saved to /lustre09/project/6010289/sdmuhsin/SpectraGate/results/ettm2_results.csv
========================================
Finished: Mon 09 Mar 2026 06:19:18 PM EDT
========================================
