========================================
Job: fn_FEDformer_Weather_96
Model: FEDformer
Dataset: Weather
Pred len: 96
Time limit: 4:00:00
GPU: h100_2g.20gb:1
Started: Mon 09 Mar 2026 06:12:19 PM EDT
========================================
Mon Mar  9 18:12:19 2026       
+-----------------------------------------------------------------------------------------+
| NVIDIA-SMI 570.211.01             Driver Version: 570.211.01     CUDA Version: 12.8     |
|-----------------------------------------+------------------------+----------------------+
| GPU  Name                 Persistence-M | Bus-Id          Disp.A | Volatile Uncorr. ECC |
| Fan  Temp   Perf          Pwr:Usage/Cap |           Memory-Usage | GPU-Util  Compute M. |
|                                         |                        |               MIG M. |
|=========================================+========================+======================|
|   0  NVIDIA H100 80GB HBM3          Off |   00000000:5F:00.0 Off |                   On |
| N/A   27C    P0             68W /  700W |      59MiB /  81559MiB |     N/A      Default |
|                                         |                        |              Enabled |
+-----------------------------------------+------------------------+----------------------+

+-----------------------------------------------------------------------------------------+
| MIG devices:                                                                            |
+------------------+----------------------------------+-----------+-----------------------+
| GPU  GI  CI  MIG |                     Memory-Usage |        Vol|        Shared         |
|      ID  ID  Dev |                       BAR1-Usage | SM     Unc| CE ENC  DEC  OFA  JPG |
|                  |                                  |        ECC|                       |
|==================+==================================+===========+=======================|
|  0    3   0   0  |              17MiB / 20096MiB    | 32      0 |  2   0    2    0    2 |
|                  |                 0MiB / 32767MiB  |           |                       |
+------------------+----------------------------------+-----------+-----------------------+
                                                                                         
+-----------------------------------------------------------------------------------------+
| Processes:                                                                              |
|  GPU   GI   CI              PID   Type   Process name                        GPU Memory |
|        ID   ID                                                               Usage      |
|=========================================================================================|
|  No running processes found                                                             |
+-----------------------------------------------------------------------------------------+
Using device: cuda:0
Model: FEDformer, Dataset: Weather, pred_len: 96, seq_len: 96

>>> Training...
train 36696
val 5175
Model Model : total params: 10,757,674 | trainable: 10,757,674 (41.0373MB)
	iters: 100, epoch: 1 | loss: 0.5599341
	speed: 0.0363s/iter; left time: 412.2422s
	iters: 200, epoch: 1 | loss: 0.3619031
	speed: 0.0316s/iter; left time: 356.0916s
	iters: 300, epoch: 1 | loss: 0.3705601
	speed: 0.0301s/iter; left time: 335.6214s
	iters: 400, epoch: 1 | loss: 0.3211414
	speed: 0.0293s/iter; left time: 323.9740s
	iters: 500, epoch: 1 | loss: 0.3556553
	speed: 0.0288s/iter; left time: 315.9737s
	iters: 600, epoch: 1 | loss: 1.2736285
	speed: 0.0285s/iter; left time: 309.7107s
	iters: 700, epoch: 1 | loss: 0.3269373
	speed: 0.0283s/iter; left time: 304.4697s
	iters: 800, epoch: 1 | loss: 1.2141942
	speed: 0.0281s/iter; left time: 299.8581s
	iters: 900, epoch: 1 | loss: 0.4735367
	speed: 0.0280s/iter; left time: 295.6431s
	iters: 1000, epoch: 1 | loss: 1.4074055
	speed: 0.0279s/iter; left time: 291.7441s
	iters: 1100, epoch: 1 | loss: 0.3244619
	speed: 0.0278s/iter; left time: 288.0736s
Epoch: 1 cost time: 31.8s
Epoch: 1, Steps: 1146 | Train Loss: 0.4965334 Vali Loss: 0.4435406
Validation loss decreased (inf --> 0.443541).  Saving model ...
Updating learning rate to 0.0001
	iters: 100, epoch: 2 | loss: 0.3339622
	speed: 0.0268s/iter; left time: 273.9791s
	iters: 200, epoch: 2 | loss: 0.2284566
	speed: 0.0269s/iter; left time: 271.9653s
	iters: 300, epoch: 2 | loss: 1.0504825
	speed: 0.0269s/iter; left time: 269.4374s
	iters: 400, epoch: 2 | loss: 0.2352571
	speed: 0.0269s/iter; left time: 266.8293s
	iters: 500, epoch: 2 | loss: 0.5134596
	speed: 0.0269s/iter; left time: 264.2257s
	iters: 600, epoch: 2 | loss: 0.3204460
	speed: 0.0269s/iter; left time: 261.5853s
	iters: 700, epoch: 2 | loss: 0.3069827
	speed: 0.0269s/iter; left time: 258.9282s
	iters: 800, epoch: 2 | loss: 0.2713060
	speed: 0.0269s/iter; left time: 256.2663s
	iters: 900, epoch: 2 | loss: 0.3800729
	speed: 0.0269s/iter; left time: 253.5820s
	iters: 1000, epoch: 2 | loss: 0.3041919
	speed: 0.0269s/iter; left time: 250.8904s
	iters: 1100, epoch: 2 | loss: 0.2957877
	speed: 0.0269s/iter; left time: 248.2073s
Epoch: 2 cost time: 30.9s
Epoch: 2, Steps: 1146 | Train Loss: 0.4122582 Vali Loss: 0.4353249
Validation loss decreased (0.443541 --> 0.435325).  Saving model ...
Updating learning rate to 5e-05
	iters: 100, epoch: 3 | loss: 0.2357445
	speed: 0.0268s/iter; left time: 243.1345s
	iters: 200, epoch: 3 | loss: 0.3141682
	speed: 0.0269s/iter; left time: 241.1892s
	iters: 300, epoch: 3 | loss: 0.2865953
	speed: 0.0269s/iter; left time: 238.6320s
	iters: 400, epoch: 3 | loss: 0.2891451
	speed: 0.0269s/iter; left time: 236.0738s
	iters: 500, epoch: 3 | loss: 0.2342010
	speed: 0.0269s/iter; left time: 233.4464s
	iters: 600, epoch: 3 | loss: 0.2370962
	speed: 0.0269s/iter; left time: 230.8156s
	iters: 700, epoch: 3 | loss: 0.2347480
	speed: 0.0269s/iter; left time: 228.1106s
	iters: 800, epoch: 3 | loss: 0.2719800
	speed: 0.0269s/iter; left time: 225.4815s
	iters: 900, epoch: 3 | loss: 0.2577641
	speed: 0.0269s/iter; left time: 222.7987s
	iters: 1000, epoch: 3 | loss: 0.3621083
	speed: 0.0269s/iter; left time: 220.1199s
	iters: 1100, epoch: 3 | loss: 0.2665087
	speed: 0.0269s/iter; left time: 217.4386s
Epoch: 3 cost time: 30.9s
Epoch: 3, Steps: 1146 | Train Loss: 0.3897492 Vali Loss: 0.4343651
Validation loss decreased (0.435325 --> 0.434365).  Saving model ...
Updating learning rate to 2.5e-05
	iters: 100, epoch: 4 | loss: 0.4171462
	speed: 0.0268s/iter; left time: 212.3555s
	iters: 200, epoch: 4 | loss: 0.2570507
	speed: 0.0269s/iter; left time: 210.2733s
	iters: 300, epoch: 4 | loss: 0.2626391
	speed: 0.0269s/iter; left time: 207.7759s
	iters: 400, epoch: 4 | loss: 0.3250974
	speed: 0.0269s/iter; left time: 205.1548s
	iters: 500, epoch: 4 | loss: 0.4934250
	speed: 0.0269s/iter; left time: 202.5629s
	iters: 600, epoch: 4 | loss: 0.2833829
	speed: 0.0269s/iter; left time: 199.8822s
	iters: 700, epoch: 4 | loss: 1.1210928
	speed: 0.0269s/iter; left time: 197.2037s
	iters: 800, epoch: 4 | loss: 0.2724994
	speed: 0.0269s/iter; left time: 194.5205s
	iters: 900, epoch: 4 | loss: 0.3974154
	speed: 0.0269s/iter; left time: 191.8743s
	iters: 1000, epoch: 4 | loss: 0.2454818
	speed: 0.0269s/iter; left time: 189.1810s
	iters: 1100, epoch: 4 | loss: 0.2096496
	speed: 0.0269s/iter; left time: 186.4974s
Epoch: 4 cost time: 30.9s
Epoch: 4, Steps: 1146 | Train Loss: 0.3776657 Vali Loss: 0.4337472
Validation loss decreased (0.434365 --> 0.433747).  Saving model ...
Updating learning rate to 1.25e-05
	iters: 100, epoch: 5 | loss: 0.4432933
	speed: 0.0268s/iter; left time: 181.6422s
	iters: 200, epoch: 5 | loss: 0.3626239
	speed: 0.0269s/iter; left time: 179.4397s
	iters: 300, epoch: 5 | loss: 1.2102296
	speed: 0.0269s/iter; left time: 176.9945s
	iters: 400, epoch: 5 | loss: 0.3592567
	speed: 0.0269s/iter; left time: 174.3677s
	iters: 500, epoch: 5 | loss: 0.2416461
	speed: 0.0269s/iter; left time: 171.7096s
	iters: 600, epoch: 5 | loss: 0.2636227
	speed: 0.0269s/iter; left time: 169.0238s
	iters: 700, epoch: 5 | loss: 0.2896695
	speed: 0.0269s/iter; left time: 166.3459s
	iters: 800, epoch: 5 | loss: 0.2691265
	speed: 0.0269s/iter; left time: 163.6686s
	iters: 900, epoch: 5 | loss: 0.2285991
	speed: 0.0269s/iter; left time: 160.9834s
	iters: 1000, epoch: 5 | loss: 0.2355877
	speed: 0.0269s/iter; left time: 158.3178s
	iters: 1100, epoch: 5 | loss: 0.2211677
	speed: 0.0269s/iter; left time: 155.6194s
Epoch: 5 cost time: 30.9s
Epoch: 5, Steps: 1146 | Train Loss: 0.3714117 Vali Loss: 0.4377945
EarlyStopping counter: 1 out of 3
Updating learning rate to 6.25e-06
	iters: 100, epoch: 6 | loss: 0.1732416
	speed: 0.0268s/iter; left time: 150.9045s
	iters: 200, epoch: 6 | loss: 0.2502831
	speed: 0.0269s/iter; left time: 148.6907s
	iters: 300, epoch: 6 | loss: 0.3390010
	speed: 0.0269s/iter; left time: 146.0968s
	iters: 400, epoch: 6 | loss: 0.3239479
	speed: 0.0269s/iter; left time: 143.4913s
	iters: 500, epoch: 6 | loss: 0.2829810
	speed: 0.0269s/iter; left time: 140.8251s
	iters: 600, epoch: 6 | loss: 0.2891710
	speed: 0.0269s/iter; left time: 138.1482s
	iters: 700, epoch: 6 | loss: 0.3541210
	speed: 0.0269s/iter; left time: 135.4702s
	iters: 800, epoch: 6 | loss: 0.4158545
	speed: 0.0269s/iter; left time: 132.7889s
	iters: 900, epoch: 6 | loss: 0.4250096
	speed: 0.0269s/iter; left time: 130.1038s
	iters: 1000, epoch: 6 | loss: 0.3234306
	speed: 0.0269s/iter; left time: 127.4178s
	iters: 1100, epoch: 6 | loss: 0.2829074
	speed: 0.0269s/iter; left time: 124.7361s
Epoch: 6 cost time: 30.9s
Epoch: 6, Steps: 1146 | Train Loss: 0.3686140 Vali Loss: 0.4378374
EarlyStopping counter: 2 out of 3
Updating learning rate to 3.125e-06
	iters: 100, epoch: 7 | loss: 0.3026066
	speed: 0.0268s/iter; left time: 120.1272s
	iters: 200, epoch: 7 | loss: 0.3084073
	speed: 0.0269s/iter; left time: 117.8154s
	iters: 300, epoch: 7 | loss: 0.2137928
	speed: 0.0269s/iter; left time: 115.2190s
	iters: 400, epoch: 7 | loss: 0.3353799
	speed: 0.0269s/iter; left time: 112.5938s
	iters: 500, epoch: 7 | loss: 0.2174859
	speed: 0.0269s/iter; left time: 109.9511s
	iters: 600, epoch: 7 | loss: 0.3831101
	speed: 0.0269s/iter; left time: 107.2642s
	iters: 700, epoch: 7 | loss: 0.1999837
	speed: 0.0269s/iter; left time: 104.5749s
	iters: 800, epoch: 7 | loss: 0.2160739
	speed: 0.0269s/iter; left time: 101.8951s
	iters: 900, epoch: 7 | loss: 0.3486047
	speed: 0.0269s/iter; left time: 99.2121s
	iters: 1000, epoch: 7 | loss: 0.2577155
	speed: 0.0269s/iter; left time: 96.5262s
	iters: 1100, epoch: 7 | loss: 0.2474568
	speed: 0.0269s/iter; left time: 93.8380s
Epoch: 7 cost time: 30.9s
Epoch: 7, Steps: 1146 | Train Loss: 0.3669943 Vali Loss: 0.4392692
EarlyStopping counter: 3 out of 3
Early stopping
Training time: 229.0s | Peak GPU memory: 782.0MB

>>> Testing...
test 10444
test shape: (10444, 1, 96, 21) (10444, 1, 96, 21)
test shape: (10444, 96, 21) (10444, 96, 21)
MSE: 0.194936, MAE: 0.283299
Inference: 27.34s | 10444 samples | 382.1 samples/sec
Results saved to /lustre09/project/6010289/sdmuhsin/SpectraGate/results/weather_results.csv
========================================
Finished: Mon 09 Mar 2026 06:16:57 PM EDT
========================================
