========================================
Job: fn_FreTS_Exchange_96
Model: FreTS
Dataset: Exchange
Pred len: 96
Time limit: 4:00:00
GPU: h100_2g.20gb:1
Started: Mon 09 Mar 2026 06:13:36 PM EDT
========================================
Mon Mar  9 18:13:36 2026       
+-----------------------------------------------------------------------------------------+
| NVIDIA-SMI 570.211.01             Driver Version: 570.211.01     CUDA Version: 12.8     |
|-----------------------------------------+------------------------+----------------------+
| GPU  Name                 Persistence-M | Bus-Id          Disp.A | Volatile Uncorr. ECC |
| Fan  Temp   Perf          Pwr:Usage/Cap |           Memory-Usage | GPU-Util  Compute M. |
|                                         |                        |               MIG M. |
|=========================================+========================+======================|
|   0  NVIDIA H100 80GB HBM3          Off |   00000000:4E:00.0 Off |                   On |
| N/A   47C    P0            161W /  700W |   43391MiB /  81559MiB |     N/A      Default |
|                                         |                        |              Enabled |
+-----------------------------------------+------------------------+----------------------+

+-----------------------------------------------------------------------------------------+
| MIG devices:                                                                            |
+------------------+----------------------------------+-----------+-----------------------+
| GPU  GI  CI  MIG |                     Memory-Usage |        Vol|        Shared         |
|      ID  ID  Dev |                       BAR1-Usage | SM     Unc| CE ENC  DEC  OFA  JPG |
|                  |                                  |        ECC|                       |
|==================+==================================+===========+=======================|
|  0    3   0   0  |              17MiB / 20096MiB    | 32      0 |  2   0    2    0    2 |
|                  |                 0MiB / 32767MiB  |           |                       |
+------------------+----------------------------------+-----------+-----------------------+
                                                                                         
+-----------------------------------------------------------------------------------------+
| Processes:                                                                              |
|  GPU   GI   CI              PID   Type   Process name                        GPU Memory |
|        ID   ID                                                               Usage      |
|=========================================================================================|
|  No running processes found                                                             |
+-----------------------------------------------------------------------------------------+
Using device: cuda:0
Model: FreTS, Dataset: Exchange, pred_len: 96, seq_len: 96

>>> Training...
train 5120
val 665
Model Model : total params: 3,236,832 | trainable: 3,236,832 (12.3475MB)
	iters: 100, epoch: 1 | loss: 0.1254292
	speed: 0.0064s/iter; left time: 9.6351s
Epoch: 1 cost time: 0.9s
Epoch: 1, Steps: 160 | Train Loss: 0.5229900 Vali Loss: 0.2912564
Validation loss decreased (inf --> 0.291256).  Saving model ...
Updating learning rate to 0.001
	iters: 100, epoch: 2 | loss: 0.1045096
	speed: 0.0043s/iter; left time: 5.7905s
Epoch: 2 cost time: 0.7s
Epoch: 2, Steps: 160 | Train Loss: 0.1520426 Vali Loss: 0.2782663
Validation loss decreased (0.291256 --> 0.278266).  Saving model ...
Updating learning rate to 0.0005
	iters: 100, epoch: 3 | loss: 0.1504822
	speed: 0.0043s/iter; left time: 5.0939s
Epoch: 3 cost time: 0.7s
Epoch: 3, Steps: 160 | Train Loss: 0.1278304 Vali Loss: 0.2842107
EarlyStopping counter: 1 out of 3
Updating learning rate to 0.00025
	iters: 100, epoch: 4 | loss: 0.0768361
	speed: 0.0047s/iter; left time: 4.8171s
Epoch: 4 cost time: 0.7s
Epoch: 4, Steps: 160 | Train Loss: 0.1218163 Vali Loss: 0.4219552
EarlyStopping counter: 2 out of 3
Updating learning rate to 0.000125
	iters: 100, epoch: 5 | loss: 0.1101413
	speed: 0.0043s/iter; left time: 3.6840s
Epoch: 5 cost time: 0.7s
Epoch: 5, Steps: 160 | Train Loss: 0.1184396 Vali Loss: 0.2879542
EarlyStopping counter: 3 out of 3
Early stopping
Training time: 4.0s | Peak GPU memory: 223.2MB

>>> Testing...
test 1422
test shape: (1422, 1, 96, 8) (1422, 1, 96, 8)
test shape: (1422, 96, 8) (1422, 96, 8)
MSE: 0.150659, MAE: 0.284305
Inference: 1.07s | 1422 samples | 1333.3 samples/sec
Results saved to /lustre09/project/6010289/sdmuhsin/SpectraGate/results/exchange_results.csv
========================================
Finished: Mon 09 Mar 2026 06:13:46 PM EDT
========================================
