========================================
Job: fn_FEDformer_ETTh2_96
Model: FEDformer
Dataset: ETTh2
Pred len: 96
Time limit: 4:00:00
GPU: h100_2g.20gb:1
Started: Mon 09 Mar 2026 06:12:37 PM EDT
========================================
Mon Mar  9 18:12:37 2026       
+-----------------------------------------------------------------------------------------+
| NVIDIA-SMI 570.211.01             Driver Version: 570.211.01     CUDA Version: 12.8     |
|-----------------------------------------+------------------------+----------------------+
| GPU  Name                 Persistence-M | Bus-Id          Disp.A | Volatile Uncorr. ECC |
| Fan  Temp   Perf          Pwr:Usage/Cap |           Memory-Usage | GPU-Util  Compute M. |
|                                         |                        |               MIG M. |
|=========================================+========================+======================|
|   0  NVIDIA H100 80GB HBM3          Off |   00000000:DB:00.0 Off |                   On |
| N/A   47C    P0            161W /  700W |    2278MiB /  81559MiB |     N/A      Default |
|                                         |                        |              Enabled |
+-----------------------------------------+------------------------+----------------------+

+-----------------------------------------------------------------------------------------+
| MIG devices:                                                                            |
+------------------+----------------------------------+-----------+-----------------------+
| GPU  GI  CI  MIG |                     Memory-Usage |        Vol|        Shared         |
|      ID  ID  Dev |                       BAR1-Usage | SM     Unc| CE ENC  DEC  OFA  JPG |
|                  |                                  |        ECC|                       |
|==================+==================================+===========+=======================|
|  0    3   0   0  |              17MiB / 20096MiB    | 32      0 |  2   0    2    0    2 |
|                  |                 0MiB / 32767MiB  |           |                       |
+------------------+----------------------------------+-----------+-----------------------+
                                                                                         
+-----------------------------------------------------------------------------------------+
| Processes:                                                                              |
|  GPU   GI   CI              PID   Type   Process name                        GPU Memory |
|        ID   ID                                                               Usage      |
|=========================================================================================|
|  No running processes found                                                             |
+-----------------------------------------------------------------------------------------+
Using device: cuda:0
Model: FEDformer, Dataset: ETTh2, pred_len: 96, seq_len: 96

>>> Training...
train 8449
val 2785
Model Model : total params: 10,714,638 | trainable: 10,714,638 (40.8731MB)
	iters: 100, epoch: 1 | loss: 2.8796759
	speed: 0.0318s/iter; left time: 164.6595s
	iters: 200, epoch: 1 | loss: 0.5697182
	speed: 0.0290s/iter; left time: 147.1845s
Epoch: 1 cost time: 7.5s
Epoch: 1, Steps: 264 | Train Loss: 279.0170092 Vali Loss: 0.5100943
Validation loss decreased (inf --> 0.510094).  Saving model ...
Updating learning rate to 0.01
	iters: 100, epoch: 2 | loss: 0.4503467
	speed: 0.0260s/iter; left time: 127.8387s
	iters: 200, epoch: 2 | loss: 0.7342964
	speed: 0.0261s/iter; left time: 125.6677s
Epoch: 2 cost time: 6.9s
Epoch: 2, Steps: 264 | Train Loss: 0.4976460 Vali Loss: 0.4535661
Validation loss decreased (0.510094 --> 0.453566).  Saving model ...
Updating learning rate to 0.005
	iters: 100, epoch: 3 | loss: 0.3924517
	speed: 0.0260s/iter; left time: 121.1329s
	iters: 200, epoch: 3 | loss: 0.4116380
	speed: 0.0261s/iter; left time: 118.8500s
Epoch: 3 cost time: 6.9s
Epoch: 3, Steps: 264 | Train Loss: 0.4333713 Vali Loss: 0.5190923
EarlyStopping counter: 1 out of 6
Updating learning rate to 0.0025
	iters: 100, epoch: 4 | loss: 0.3024722
	speed: 0.0260s/iter; left time: 114.1297s
	iters: 200, epoch: 4 | loss: 0.6598915
	speed: 0.0261s/iter; left time: 111.8373s
Epoch: 4 cost time: 6.9s
Epoch: 4, Steps: 264 | Train Loss: 0.4127144 Vali Loss: 0.4919517
EarlyStopping counter: 2 out of 6
Updating learning rate to 0.00125
	iters: 100, epoch: 5 | loss: 0.3463065
	speed: 0.0260s/iter; left time: 107.0890s
	iters: 200, epoch: 5 | loss: 0.3725041
	speed: 0.0260s/iter; left time: 104.8476s
Epoch: 5 cost time: 6.9s
Epoch: 5, Steps: 264 | Train Loss: 0.4021518 Vali Loss: 0.4961030
EarlyStopping counter: 3 out of 6
Updating learning rate to 0.000625
	iters: 100, epoch: 6 | loss: 0.2182286
	speed: 0.0260s/iter; left time: 100.4387s
	iters: 200, epoch: 6 | loss: 0.6013721
	speed: 0.0261s/iter; left time: 98.1217s
Epoch: 6 cost time: 6.9s
Epoch: 6, Steps: 264 | Train Loss: 0.3964051 Vali Loss: 0.5012621
EarlyStopping counter: 4 out of 6
Updating learning rate to 0.0003125
	iters: 100, epoch: 7 | loss: 0.3461416
	speed: 0.0260s/iter; left time: 93.4006s
	iters: 200, epoch: 7 | loss: 0.2965595
	speed: 0.0261s/iter; left time: 91.1426s
Epoch: 7 cost time: 6.9s
Epoch: 7, Steps: 264 | Train Loss: 0.3930618 Vali Loss: 0.4953731
EarlyStopping counter: 5 out of 6
Updating learning rate to 0.00015625
	iters: 100, epoch: 8 | loss: 0.4280291
	speed: 0.0260s/iter; left time: 86.6311s
	iters: 200, epoch: 8 | loss: 0.3291545
	speed: 0.0261s/iter; left time: 84.2844s
Epoch: 8 cost time: 6.9s
Epoch: 8, Steps: 264 | Train Loss: 0.3910879 Vali Loss: 0.4962924
EarlyStopping counter: 6 out of 6
Early stopping
Training time: 62.2s | Peak GPU memory: 728.0MB

>>> Testing...
test 2785
test shape: (2785, 1, 96, 7) (2785, 1, 96, 7)
test shape: (2785, 96, 7) (2785, 96, 7)
MSE: 0.940516, MAE: 0.781305
Inference: 7.34s | 2785 samples | 379.3 samples/sec
Results saved to /lustre09/project/6010289/sdmuhsin/SpectraGate/results/etth2_results.csv
========================================
Finished: Mon 09 Mar 2026 06:13:53 PM EDT
========================================
