========================================
Job: fn_FreTS_ETTm2_96
Model: FreTS
Dataset: ETTm2
Pred len: 96
Time limit: 8:00:00
GPU: h100_2g.20gb:1
Started: Mon 09 Mar 2026 06:13:41 PM EDT
========================================
Mon Mar  9 18:13:41 2026       
+-----------------------------------------------------------------------------------------+
| NVIDIA-SMI 570.211.01             Driver Version: 570.211.01     CUDA Version: 12.8     |
|-----------------------------------------+------------------------+----------------------+
| GPU  Name                 Persistence-M | Bus-Id          Disp.A | Volatile Uncorr. ECC |
| Fan  Temp   Perf          Pwr:Usage/Cap |           Memory-Usage | GPU-Util  Compute M. |
|                                         |                        |               MIG M. |
|=========================================+========================+======================|
|   0  NVIDIA H100 80GB HBM3          Off |   00000000:CB:00.0 Off |                   On |
| N/A   39C    P0            208W /  700W |    1618MiB /  81559MiB |     N/A      Default |
|                                         |                        |              Enabled |
+-----------------------------------------+------------------------+----------------------+

+-----------------------------------------------------------------------------------------+
| MIG devices:                                                                            |
+------------------+----------------------------------+-----------+-----------------------+
| GPU  GI  CI  MIG |                     Memory-Usage |        Vol|        Shared         |
|      ID  ID  Dev |                       BAR1-Usage | SM     Unc| CE ENC  DEC  OFA  JPG |
|                  |                                  |        ECC|                       |
|==================+==================================+===========+=======================|
|  0    3   0   0  |              17MiB / 20096MiB    | 32      0 |  2   0    2    0    2 |
|                  |                 0MiB / 32767MiB  |           |                       |
+------------------+----------------------------------+-----------+-----------------------+
                                                                                         
+-----------------------------------------------------------------------------------------+
| Processes:                                                                              |
|  GPU   GI   CI              PID   Type   Process name                        GPU Memory |
|        ID   ID                                                               Usage      |
|=========================================================================================|
|  No running processes found                                                             |
+-----------------------------------------------------------------------------------------+
Using device: cuda:0
Model: FreTS, Dataset: ETTm2, pred_len: 96, seq_len: 96

>>> Training...
train 34369
val 11425
Model Model : total params: 3,236,832 | trainable: 3,236,832 (12.3475MB)
	iters: 100, epoch: 1 | loss: 0.8914118
	speed: 0.0059s/iter; left time: 63.1147s
	iters: 200, epoch: 1 | loss: 0.2498603
	speed: 0.0049s/iter; left time: 51.7625s
	iters: 300, epoch: 1 | loss: 0.4639157
	speed: 0.0046s/iter; left time: 47.7119s
	iters: 400, epoch: 1 | loss: 0.3160597
	speed: 0.0044s/iter; left time: 45.4867s
	iters: 500, epoch: 1 | loss: 0.2104411
	speed: 0.0043s/iter; left time: 43.9879s
	iters: 600, epoch: 1 | loss: 0.1634501
	speed: 0.0042s/iter; left time: 42.9203s
	iters: 700, epoch: 1 | loss: 0.1399194
	speed: 0.0042s/iter; left time: 41.9810s
	iters: 800, epoch: 1 | loss: 0.2413917
	speed: 0.0041s/iter; left time: 41.1744s
	iters: 900, epoch: 1 | loss: 0.1766949
	speed: 0.0041s/iter; left time: 40.4583s
	iters: 1000, epoch: 1 | loss: 0.2424517
	speed: 0.0041s/iter; left time: 39.8071s
Epoch: 1 cost time: 4.4s
Epoch: 1, Steps: 1074 | Train Loss: 0.3516632 Vali Loss: 0.2393408
Validation loss decreased (inf --> 0.239341).  Saving model ...
Updating learning rate to 0.001
	iters: 100, epoch: 2 | loss: 0.3836725
	speed: 0.0039s/iter; left time: 36.9997s
	iters: 200, epoch: 2 | loss: 0.4650689
	speed: 0.0039s/iter; left time: 36.6688s
	iters: 300, epoch: 2 | loss: 0.1538731
	speed: 0.0039s/iter; left time: 36.2633s
	iters: 400, epoch: 2 | loss: 0.1509503
	speed: 0.0039s/iter; left time: 35.8733s
	iters: 500, epoch: 2 | loss: 0.3856425
	speed: 0.0039s/iter; left time: 35.4812s
	iters: 600, epoch: 2 | loss: 0.1713967
	speed: 0.0039s/iter; left time: 35.0912s
	iters: 700, epoch: 2 | loss: 0.1789208
	speed: 0.0039s/iter; left time: 34.7014s
	iters: 800, epoch: 2 | loss: 0.1747131
	speed: 0.0039s/iter; left time: 34.3186s
	iters: 900, epoch: 2 | loss: 0.3588065
	speed: 0.0039s/iter; left time: 33.9285s
	iters: 1000, epoch: 2 | loss: 0.1217283
	speed: 0.0039s/iter; left time: 33.5409s
Epoch: 2 cost time: 4.2s
Epoch: 2, Steps: 1074 | Train Loss: 0.2476365 Vali Loss: 0.1483012
Validation loss decreased (0.239341 --> 0.148301).  Saving model ...
Updating learning rate to 0.0005
	iters: 100, epoch: 3 | loss: 0.1374566
	speed: 0.0039s/iter; left time: 32.8600s
	iters: 200, epoch: 3 | loss: 0.2570532
	speed: 0.0039s/iter; left time: 32.4656s
	iters: 300, epoch: 3 | loss: 0.1506600
	speed: 0.0039s/iter; left time: 32.0762s
	iters: 400, epoch: 3 | loss: 0.1048003
	speed: 0.0039s/iter; left time: 31.6874s
	iters: 500, epoch: 3 | loss: 0.4213981
	speed: 0.0039s/iter; left time: 31.3010s
	iters: 600, epoch: 3 | loss: 0.1926761
	speed: 0.0039s/iter; left time: 30.9407s
	iters: 700, epoch: 3 | loss: 0.2354299
	speed: 0.0039s/iter; left time: 30.5494s
	iters: 800, epoch: 3 | loss: 0.1390314
	speed: 0.0039s/iter; left time: 30.1601s
	iters: 900, epoch: 3 | loss: 0.2114007
	speed: 0.0039s/iter; left time: 29.7722s
	iters: 1000, epoch: 3 | loss: 0.1328667
	speed: 0.0039s/iter; left time: 29.3976s
Epoch: 3 cost time: 4.2s
Epoch: 3, Steps: 1074 | Train Loss: 0.2245899 Vali Loss: 0.1395990
Validation loss decreased (0.148301 --> 0.139599).  Saving model ...
Updating learning rate to 0.00025
	iters: 100, epoch: 4 | loss: 0.1483531
	speed: 0.0039s/iter; left time: 28.8702s
	iters: 200, epoch: 4 | loss: 0.1689956
	speed: 0.0039s/iter; left time: 28.5077s
	iters: 300, epoch: 4 | loss: 0.1324321
	speed: 0.0039s/iter; left time: 28.0581s
	iters: 400, epoch: 4 | loss: 0.1197367
	speed: 0.0039s/iter; left time: 27.6399s
	iters: 500, epoch: 4 | loss: 0.1942006
	speed: 0.0039s/iter; left time: 27.2338s
	iters: 600, epoch: 4 | loss: 0.2013575
	speed: 0.0039s/iter; left time: 26.8344s
	iters: 700, epoch: 4 | loss: 0.1411801
	speed: 0.0039s/iter; left time: 26.4361s
	iters: 800, epoch: 4 | loss: 0.1279560
	speed: 0.0039s/iter; left time: 26.0480s
	iters: 900, epoch: 4 | loss: 0.1985029
	speed: 0.0039s/iter; left time: 25.6676s
	iters: 1000, epoch: 4 | loss: 0.3102336
	speed: 0.0039s/iter; left time: 25.2850s
Epoch: 4 cost time: 4.2s
Epoch: 4, Steps: 1074 | Train Loss: 0.2147082 Vali Loss: 0.1292919
Validation loss decreased (0.139599 --> 0.129292).  Saving model ...
Updating learning rate to 0.000125
	iters: 100, epoch: 5 | loss: 0.3498340
	speed: 0.0039s/iter; left time: 24.6216s
	iters: 200, epoch: 5 | loss: 0.1946830
	speed: 0.0039s/iter; left time: 24.2278s
	iters: 300, epoch: 5 | loss: 0.1213388
	speed: 0.0039s/iter; left time: 23.8223s
	iters: 400, epoch: 5 | loss: 0.2906400
	speed: 0.0039s/iter; left time: 23.4255s
	iters: 500, epoch: 5 | loss: 0.2448697
	speed: 0.0039s/iter; left time: 23.0350s
	iters: 600, epoch: 5 | loss: 0.3188606
	speed: 0.0039s/iter; left time: 22.6439s
	iters: 700, epoch: 5 | loss: 0.2394354
	speed: 0.0039s/iter; left time: 22.2580s
	iters: 800, epoch: 5 | loss: 0.1634376
	speed: 0.0039s/iter; left time: 21.8691s
	iters: 900, epoch: 5 | loss: 0.1188998
	speed: 0.0039s/iter; left time: 21.4804s
	iters: 1000, epoch: 5 | loss: 0.1107993
	speed: 0.0039s/iter; left time: 21.0913s
Epoch: 5 cost time: 4.2s
Epoch: 5, Steps: 1074 | Train Loss: 0.2089098 Vali Loss: 0.1311364
EarlyStopping counter: 1 out of 3
Updating learning rate to 6.25e-05
	iters: 100, epoch: 6 | loss: 0.1394400
	speed: 0.0039s/iter; left time: 20.4174s
	iters: 200, epoch: 6 | loss: 0.2194150
	speed: 0.0039s/iter; left time: 20.0341s
	iters: 300, epoch: 6 | loss: 0.1325743
	speed: 0.0039s/iter; left time: 19.6490s
	iters: 400, epoch: 6 | loss: 0.1935637
	speed: 0.0039s/iter; left time: 19.2601s
	iters: 500, epoch: 6 | loss: 0.1858141
	speed: 0.0039s/iter; left time: 18.8741s
	iters: 600, epoch: 6 | loss: 0.1386209
	speed: 0.0039s/iter; left time: 18.4865s
	iters: 700, epoch: 6 | loss: 0.2229489
	speed: 0.0039s/iter; left time: 18.0992s
	iters: 800, epoch: 6 | loss: 0.1923267
	speed: 0.0039s/iter; left time: 17.7110s
	iters: 900, epoch: 6 | loss: 0.1056153
	speed: 0.0039s/iter; left time: 17.3231s
	iters: 1000, epoch: 6 | loss: 0.1676665
	speed: 0.0039s/iter; left time: 16.9355s
Epoch: 6 cost time: 4.2s
Epoch: 6, Steps: 1074 | Train Loss: 0.2060280 Vali Loss: 0.1366766
EarlyStopping counter: 2 out of 3
Updating learning rate to 3.125e-05
	iters: 100, epoch: 7 | loss: 0.1843174
	speed: 0.0039s/iter; left time: 16.2447s
	iters: 200, epoch: 7 | loss: 0.1485476
	speed: 0.0039s/iter; left time: 15.8571s
	iters: 300, epoch: 7 | loss: 0.2171238
	speed: 0.0039s/iter; left time: 15.4684s
	iters: 400, epoch: 7 | loss: 0.1399755
	speed: 0.0039s/iter; left time: 15.0797s
	iters: 500, epoch: 7 | loss: 0.1274513
	speed: 0.0039s/iter; left time: 14.6907s
	iters: 600, epoch: 7 | loss: 0.1020116
	speed: 0.0039s/iter; left time: 14.3020s
	iters: 700, epoch: 7 | loss: 0.3230448
	speed: 0.0039s/iter; left time: 13.9157s
	iters: 800, epoch: 7 | loss: 0.2290288
	speed: 0.0039s/iter; left time: 13.5354s
	iters: 900, epoch: 7 | loss: 0.0974050
	speed: 0.0039s/iter; left time: 13.1474s
	iters: 1000, epoch: 7 | loss: 0.1486518
	speed: 0.0039s/iter; left time: 12.7600s
Epoch: 7 cost time: 4.2s
Epoch: 7, Steps: 1074 | Train Loss: 0.2040641 Vali Loss: 0.1300447
EarlyStopping counter: 3 out of 3
Early stopping
Training time: 34.8s | Peak GPU memory: 212.6MB

>>> Testing...
test 11425
test shape: (11425, 1, 96, 7) (11425, 1, 96, 7)
test shape: (11425, 96, 7) (11425, 96, 7)
MSE: 0.186705, MAE: 0.276484
Inference: 7.95s | 11425 samples | 1437.0 samples/sec
Results saved to /lustre09/project/6010289/sdmuhsin/SpectraGate/results/ettm2_results.csv
========================================
Finished: Mon 09 Mar 2026 06:14:30 PM EDT
========================================
