========================================
Job: fn_FEDformer_ETTm2_96
Model: FEDformer
Dataset: ETTm2
Pred len: 96
Time limit: 8:00:00
GPU: h100_2g.20gb:1
Started: Mon 09 Mar 2026 05:49:00 PM EDT
========================================
Mon Mar  9 17:49:00 2026       
+-----------------------------------------------------------------------------------------+
| NVIDIA-SMI 570.211.01             Driver Version: 570.211.01     CUDA Version: 12.8     |
|-----------------------------------------+------------------------+----------------------+
| GPU  Name                 Persistence-M | Bus-Id          Disp.A | Volatile Uncorr. ECC |
| Fan  Temp   Perf          Pwr:Usage/Cap |           Memory-Usage | GPU-Util  Compute M. |
|                                         |                        |               MIG M. |
|=========================================+========================+======================|
|   0  NVIDIA H100 80GB HBM3          Off |   00000000:4E:00.0 Off |                   On |
| N/A   32C    P0             70W /  700W |      59MiB /  81559MiB |     N/A      Default |
|                                         |                        |              Enabled |
+-----------------------------------------+------------------------+----------------------+

+-----------------------------------------------------------------------------------------+
| MIG devices:                                                                            |
+------------------+----------------------------------+-----------+-----------------------+
| GPU  GI  CI  MIG |                     Memory-Usage |        Vol|        Shared         |
|      ID  ID  Dev |                       BAR1-Usage | SM     Unc| CE ENC  DEC  OFA  JPG |
|                  |                                  |        ECC|                       |
|==================+==================================+===========+=======================|
|  0    3   0   0  |              17MiB / 20096MiB    | 32      0 |  2   0    2    0    2 |
|                  |                 0MiB / 32767MiB  |           |                       |
+------------------+----------------------------------+-----------+-----------------------+
                                                                                         
+-----------------------------------------------------------------------------------------+
| Processes:                                                                              |
|  GPU   GI   CI              PID   Type   Process name                        GPU Memory |
|        ID   ID                                                               Usage      |
|=========================================================================================|
|  No running processes found                                                             |
+-----------------------------------------------------------------------------------------+
Using device: cuda:0
Model: FEDformer, Dataset: ETTm2, pred_len: 96, seq_len: 96

>>> Training...
train 34369
val 11425
Model Model : total params: 10,714,638 | trainable: 10,714,638 (40.8731MB)
	iters: 100, epoch: 1 | loss: 24.7491207
	speed: 0.0356s/iter; left time: 761.2717s
	iters: 200, epoch: 1 | loss: 0.9638689
	speed: 0.0306s/iter; left time: 650.8993s
	iters: 300, epoch: 1 | loss: 0.6676943
	speed: 0.0289s/iter; left time: 612.2106s
	iters: 400, epoch: 1 | loss: 0.3291146
	speed: 0.0281s/iter; left time: 591.5667s
	iters: 500, epoch: 1 | loss: 0.2904105
	speed: 0.0276s/iter; left time: 578.2100s
	iters: 600, epoch: 1 | loss: 0.2894304
	speed: 0.0272s/iter; left time: 568.4629s
	iters: 700, epoch: 1 | loss: 0.3966580
	speed: 0.0270s/iter; left time: 560.7523s
	iters: 800, epoch: 1 | loss: 0.2715058
	speed: 0.0268s/iter; left time: 554.3181s
	iters: 900, epoch: 1 | loss: 0.3557754
	speed: 0.0267s/iter; left time: 548.7751s
	iters: 1000, epoch: 1 | loss: 0.2374110
	speed: 0.0266s/iter; left time: 543.9585s
Epoch: 1 cost time: 28.5s
Epoch: 1, Steps: 1074 | Train Loss: 219.1120652 Vali Loss: 0.2179621
Validation loss decreased (inf --> 0.217962).  Saving model ...
Updating learning rate to 0.01
	iters: 100, epoch: 2 | loss: 0.2595890
	speed: 0.0254s/iter; left time: 515.6275s
	iters: 200, epoch: 2 | loss: 0.3480842
	speed: 0.0255s/iter; left time: 514.5469s
	iters: 300, epoch: 2 | loss: 0.2577653
	speed: 0.0255s/iter; left time: 512.5193s
	iters: 400, epoch: 2 | loss: 0.2058423
	speed: 0.0255s/iter; left time: 510.2022s
	iters: 500, epoch: 2 | loss: 0.2383761
	speed: 0.0255s/iter; left time: 507.8443s
	iters: 600, epoch: 2 | loss: 0.5055935
	speed: 0.0255s/iter; left time: 505.4664s
	iters: 700, epoch: 2 | loss: 0.1912357
	speed: 0.0255s/iter; left time: 502.9735s
	iters: 800, epoch: 2 | loss: 0.2267345
	speed: 0.0255s/iter; left time: 500.4619s
	iters: 900, epoch: 2 | loss: 0.2483090
	speed: 0.0255s/iter; left time: 497.9690s
	iters: 1000, epoch: 2 | loss: 0.2022318
	speed: 0.0255s/iter; left time: 495.4860s
Epoch: 2 cost time: 27.4s
Epoch: 2, Steps: 1074 | Train Loss: 0.2895427 Vali Loss: 0.1874175
Validation loss decreased (0.217962 --> 0.187418).  Saving model ...
Updating learning rate to 0.005
	iters: 100, epoch: 3 | loss: 0.2112357
	speed: 0.0254s/iter; left time: 488.6832s
	iters: 200, epoch: 3 | loss: 0.3192196
	speed: 0.0255s/iter; left time: 487.3571s
	iters: 300, epoch: 3 | loss: 0.2147478
	speed: 0.0255s/iter; left time: 485.2808s
	iters: 400, epoch: 3 | loss: 0.4228510
	speed: 0.0255s/iter; left time: 482.9436s
	iters: 500, epoch: 3 | loss: 0.3039595
	speed: 0.0255s/iter; left time: 480.5935s
	iters: 600, epoch: 3 | loss: 0.2409838
	speed: 0.0255s/iter; left time: 478.0719s
	iters: 700, epoch: 3 | loss: 0.2237788
	speed: 0.0255s/iter; left time: 475.5609s
	iters: 800, epoch: 3 | loss: 0.2630684
	speed: 0.0255s/iter; left time: 473.0411s
	iters: 900, epoch: 3 | loss: 0.2661647
	speed: 0.0255s/iter; left time: 470.5928s
	iters: 1000, epoch: 3 | loss: 0.2865384
	speed: 0.0255s/iter; left time: 468.0666s
Epoch: 3 cost time: 27.4s
Epoch: 3, Steps: 1074 | Train Loss: 0.2640416 Vali Loss: 0.1902847
EarlyStopping counter: 1 out of 6
Updating learning rate to 0.0025
	iters: 100, epoch: 4 | loss: 0.1664916
	speed: 0.0254s/iter; left time: 460.9608s
	iters: 200, epoch: 4 | loss: 0.3268491
	speed: 0.0255s/iter; left time: 459.7712s
	iters: 300, epoch: 4 | loss: 0.1495710
	speed: 0.0255s/iter; left time: 457.7594s
	iters: 400, epoch: 4 | loss: 0.3215056
	speed: 0.0255s/iter; left time: 455.5209s
	iters: 500, epoch: 4 | loss: 0.2237182
	speed: 0.0255s/iter; left time: 453.0460s
	iters: 600, epoch: 4 | loss: 0.1977846
	speed: 0.0255s/iter; left time: 450.5659s
	iters: 700, epoch: 4 | loss: 0.1414167
	speed: 0.0255s/iter; left time: 448.0551s
	iters: 800, epoch: 4 | loss: 0.1973233
	speed: 0.0255s/iter; left time: 445.5390s
	iters: 900, epoch: 4 | loss: 0.2998697
	speed: 0.0255s/iter; left time: 443.0023s
	iters: 1000, epoch: 4 | loss: 0.1962430
	speed: 0.0255s/iter; left time: 440.5038s
Epoch: 4 cost time: 27.4s
Epoch: 4, Steps: 1074 | Train Loss: 0.2489270 Vali Loss: 0.1900848
EarlyStopping counter: 2 out of 6
Updating learning rate to 0.00125
	iters: 100, epoch: 5 | loss: 0.2283325
	speed: 0.0254s/iter; left time: 433.6107s
	iters: 200, epoch: 5 | loss: 0.3078788
	speed: 0.0255s/iter; left time: 432.3174s
	iters: 300, epoch: 5 | loss: 0.3354034
	speed: 0.0255s/iter; left time: 430.5179s
	iters: 400, epoch: 5 | loss: 0.1518369
	speed: 0.0255s/iter; left time: 428.1678s
	iters: 500, epoch: 5 | loss: 0.1548897
	speed: 0.0255s/iter; left time: 425.7504s
	iters: 600, epoch: 5 | loss: 0.2619273
	speed: 0.0255s/iter; left time: 423.2820s
	iters: 700, epoch: 5 | loss: 0.4511124
	speed: 0.0255s/iter; left time: 420.7767s
	iters: 800, epoch: 5 | loss: 0.2256028
	speed: 0.0255s/iter; left time: 418.2773s
	iters: 900, epoch: 5 | loss: 0.2402341
	speed: 0.0255s/iter; left time: 415.7453s
	iters: 1000, epoch: 5 | loss: 0.1475908
	speed: 0.0255s/iter; left time: 413.2020s
Epoch: 5 cost time: 27.4s
Epoch: 5, Steps: 1074 | Train Loss: 0.2388688 Vali Loss: 0.1897497
EarlyStopping counter: 3 out of 6
Updating learning rate to 0.000625
	iters: 100, epoch: 6 | loss: 0.2498467
	speed: 0.0254s/iter; left time: 406.4038s
	iters: 200, epoch: 6 | loss: 0.4360376
	speed: 0.0255s/iter; left time: 405.1389s
	iters: 300, epoch: 6 | loss: 0.1559222
	speed: 0.0255s/iter; left time: 402.9972s
	iters: 400, epoch: 6 | loss: 0.2335040
	speed: 0.0255s/iter; left time: 400.6553s
	iters: 500, epoch: 6 | loss: 0.1699729
	speed: 0.0255s/iter; left time: 398.2544s
	iters: 600, epoch: 6 | loss: 0.1644739
	speed: 0.0255s/iter; left time: 395.7698s
	iters: 700, epoch: 6 | loss: 0.1950907
	speed: 0.0255s/iter; left time: 393.2998s
	iters: 800, epoch: 6 | loss: 0.2480729
	speed: 0.0255s/iter; left time: 390.7980s
	iters: 900, epoch: 6 | loss: 0.2347795
	speed: 0.0255s/iter; left time: 388.2841s
	iters: 1000, epoch: 6 | loss: 0.2501535
	speed: 0.0255s/iter; left time: 385.7873s
Epoch: 6 cost time: 27.4s
Epoch: 6, Steps: 1074 | Train Loss: 0.2326015 Vali Loss: 0.1815647
Validation loss decreased (0.187418 --> 0.181565).  Saving model ...
Updating learning rate to 0.0003125
	iters: 100, epoch: 7 | loss: 0.2088718
	speed: 0.0254s/iter; left time: 379.2508s
	iters: 200, epoch: 7 | loss: 0.1420267
	speed: 0.0255s/iter; left time: 377.8169s
	iters: 300, epoch: 7 | loss: 0.2499255
	speed: 0.0255s/iter; left time: 375.6890s
	iters: 400, epoch: 7 | loss: 0.2687911
	speed: 0.0255s/iter; left time: 373.3974s
	iters: 500, epoch: 7 | loss: 0.1789123
	speed: 0.0255s/iter; left time: 370.9403s
	iters: 600, epoch: 7 | loss: 0.1678265
	speed: 0.0255s/iter; left time: 368.4216s
	iters: 700, epoch: 7 | loss: 0.1614074
	speed: 0.0255s/iter; left time: 365.8922s
	iters: 800, epoch: 7 | loss: 0.2215848
	speed: 0.0255s/iter; left time: 363.3524s
	iters: 900, epoch: 7 | loss: 0.4197955
	speed: 0.0255s/iter; left time: 360.8231s
	iters: 1000, epoch: 7 | loss: 0.2080053
	speed: 0.0255s/iter; left time: 358.2701s
Epoch: 7 cost time: 27.4s
Epoch: 7, Steps: 1074 | Train Loss: 0.2280735 Vali Loss: 0.1876063
EarlyStopping counter: 1 out of 6
Updating learning rate to 0.00015625
	iters: 100, epoch: 8 | loss: 0.1388078
	speed: 0.0254s/iter; left time: 351.9021s
	iters: 200, epoch: 8 | loss: 0.3027272
	speed: 0.0255s/iter; left time: 350.4135s
	iters: 300, epoch: 8 | loss: 0.1456904
	speed: 0.0255s/iter; left time: 348.1985s
	iters: 400, epoch: 8 | loss: 0.2003898
	speed: 0.0255s/iter; left time: 345.7981s
	iters: 500, epoch: 8 | loss: 0.1635144
	speed: 0.0255s/iter; left time: 343.3610s
	iters: 600, epoch: 8 | loss: 0.2276406
	speed: 0.0255s/iter; left time: 340.8931s
	iters: 700, epoch: 8 | loss: 0.2451205
	speed: 0.0255s/iter; left time: 338.3882s
	iters: 800, epoch: 8 | loss: 0.2200578
	speed: 0.0255s/iter; left time: 335.8821s
	iters: 900, epoch: 8 | loss: 0.1738733
	speed: 0.0255s/iter; left time: 333.3530s
	iters: 1000, epoch: 8 | loss: 0.2243850
	speed: 0.0255s/iter; left time: 330.8258s
Epoch: 8 cost time: 27.4s
Epoch: 8, Steps: 1074 | Train Loss: 0.2246334 Vali Loss: 0.1933733
EarlyStopping counter: 2 out of 6
Updating learning rate to 7.8125e-05
	iters: 100, epoch: 9 | loss: 0.2360347
	speed: 0.0254s/iter; left time: 324.5198s
	iters: 200, epoch: 9 | loss: 0.2058204
	speed: 0.0255s/iter; left time: 323.0259s
	iters: 300, epoch: 9 | loss: 0.4515596
	speed: 0.0255s/iter; left time: 320.8485s
	iters: 400, epoch: 9 | loss: 0.1736384
	speed: 0.0255s/iter; left time: 318.5453s
	iters: 500, epoch: 9 | loss: 0.1485199
	speed: 0.0255s/iter; left time: 316.0657s
	iters: 600, epoch: 9 | loss: 0.1429003
	speed: 0.0255s/iter; left time: 313.5485s
	iters: 700, epoch: 9 | loss: 0.2378560
	speed: 0.0255s/iter; left time: 311.0159s
	iters: 800, epoch: 9 | loss: 0.2101847
	speed: 0.0255s/iter; left time: 308.4868s
	iters: 900, epoch: 9 | loss: 0.3228176
	speed: 0.0255s/iter; left time: 305.9771s
	iters: 1000, epoch: 9 | loss: 0.2379848
	speed: 0.0255s/iter; left time: 303.4336s
Epoch: 9 cost time: 27.4s
Epoch: 9, Steps: 1074 | Train Loss: 0.2222139 Vali Loss: 0.1929677
EarlyStopping counter: 3 out of 6
Updating learning rate to 3.90625e-05
	iters: 100, epoch: 10 | loss: 0.1918237
	speed: 0.0254s/iter; left time: 297.4231s
	iters: 200, epoch: 10 | loss: 0.3481192
	speed: 0.0255s/iter; left time: 295.6625s
	iters: 300, epoch: 10 | loss: 0.2370389
	speed: 0.0255s/iter; left time: 293.3929s
	iters: 400, epoch: 10 | loss: 0.1662675
	speed: 0.0255s/iter; left time: 290.9950s
	iters: 500, epoch: 10 | loss: 0.1697569
	speed: 0.0255s/iter; left time: 288.5465s
	iters: 600, epoch: 10 | loss: 0.1775210
	speed: 0.0255s/iter; left time: 286.0458s
	iters: 700, epoch: 10 | loss: 0.1491162
	speed: 0.0255s/iter; left time: 283.5577s
	iters: 800, epoch: 10 | loss: 0.1397533
	speed: 0.0255s/iter; left time: 281.0411s
	iters: 900, epoch: 10 | loss: 0.1269418
	speed: 0.0255s/iter; left time: 278.5465s
	iters: 1000, epoch: 10 | loss: 0.2585703
	speed: 0.0255s/iter; left time: 276.0085s
Epoch: 10 cost time: 27.4s
Epoch: 10, Steps: 1074 | Train Loss: 0.2203914 Vali Loss: 0.1876663
EarlyStopping counter: 4 out of 6
Updating learning rate to 1.953125e-05
	iters: 100, epoch: 11 | loss: 0.1753392
	speed: 0.0254s/iter; left time: 270.1031s
	iters: 200, epoch: 11 | loss: 0.1570078
	speed: 0.0255s/iter; left time: 268.4425s
	iters: 300, epoch: 11 | loss: 0.3277486
	speed: 0.0255s/iter; left time: 266.0999s
	iters: 400, epoch: 11 | loss: 0.2728973
	speed: 0.0255s/iter; left time: 263.6799s
	iters: 500, epoch: 11 | loss: 0.1978743
	speed: 0.0255s/iter; left time: 261.2204s
	iters: 600, epoch: 11 | loss: 0.2320598
	speed: 0.0255s/iter; left time: 258.7425s
	iters: 700, epoch: 11 | loss: 0.1653146
	speed: 0.0255s/iter; left time: 256.2278s
	iters: 800, epoch: 11 | loss: 0.2361129
	speed: 0.0255s/iter; left time: 253.6855s
	iters: 900, epoch: 11 | loss: 0.1753721
	speed: 0.0255s/iter; left time: 251.1655s
	iters: 1000, epoch: 11 | loss: 0.2151642
	speed: 0.0255s/iter; left time: 248.6324s
Epoch: 11 cost time: 27.4s
Epoch: 11, Steps: 1074 | Train Loss: 0.2187861 Vali Loss: 0.1879843
EarlyStopping counter: 5 out of 6
Updating learning rate to 9.765625e-06
	iters: 100, epoch: 12 | loss: 0.1587927
	speed: 0.0254s/iter; left time: 242.7430s
	iters: 200, epoch: 12 | loss: 0.1534624
	speed: 0.0255s/iter; left time: 240.9769s
	iters: 300, epoch: 12 | loss: 0.1680633
	speed: 0.0255s/iter; left time: 238.6657s
	iters: 400, epoch: 12 | loss: 0.4510761
	speed: 0.0255s/iter; left time: 236.2488s
	iters: 500, epoch: 12 | loss: 0.2442715
	speed: 0.0255s/iter; left time: 233.7890s
	iters: 600, epoch: 12 | loss: 0.1903865
	speed: 0.0255s/iter; left time: 231.2769s
	iters: 700, epoch: 12 | loss: 0.2050646
	speed: 0.0255s/iter; left time: 228.7655s
	iters: 800, epoch: 12 | loss: 0.2138385
	speed: 0.0255s/iter; left time: 226.2417s
	iters: 900, epoch: 12 | loss: 0.1459009
	speed: 0.0255s/iter; left time: 223.7223s
	iters: 1000, epoch: 12 | loss: 0.2278890
	speed: 0.0255s/iter; left time: 221.1831s
Epoch: 12 cost time: 27.4s
Epoch: 12, Steps: 1074 | Train Loss: 0.2177605 Vali Loss: 0.1885673
EarlyStopping counter: 6 out of 6
Early stopping
Training time: 367.8s | Peak GPU memory: 728.0MB

>>> Testing...
test 11425
test shape: (11425, 1, 96, 7) (11425, 1, 96, 7)
test shape: (11425, 96, 7) (11425, 96, 7)
MSE: 0.273571, MAE: 0.381559
Inference: 30.02s | 11425 samples | 380.6 samples/sec
Results saved to /lustre09/project/6010289/sdmuhsin/SpectraGate/results/ettm2_results.csv
========================================
Finished: Mon 09 Mar 2026 05:56:00 PM EDT
========================================
