========================================
Job: fn_FITS_Exchange_96
Model: FITS
Dataset: Exchange
Pred len: 96
Time limit: 8:00:00
GPU: h100_2g.20gb:1
Started: Mon 09 Mar 2026 06:13:22 PM EDT
========================================
Mon Mar  9 18:13:22 2026       
+-----------------------------------------------------------------------------------------+
| NVIDIA-SMI 570.211.01             Driver Version: 570.211.01     CUDA Version: 12.8     |
|-----------------------------------------+------------------------+----------------------+
| GPU  Name                 Persistence-M | Bus-Id          Disp.A | Volatile Uncorr. ECC |
| Fan  Temp   Perf          Pwr:Usage/Cap |           Memory-Usage | GPU-Util  Compute M. |
|                                         |                        |               MIG M. |
|=========================================+========================+======================|
|   0  NVIDIA H100 80GB HBM3          Off |   00000000:4E:00.0 Off |                   On |
| N/A   47C    P0            162W /  700W |   43391MiB /  81559MiB |     N/A      Default |
|                                         |                        |              Enabled |
+-----------------------------------------+------------------------+----------------------+

+-----------------------------------------------------------------------------------------+
| MIG devices:                                                                            |
+------------------+----------------------------------+-----------+-----------------------+
| GPU  GI  CI  MIG |                     Memory-Usage |        Vol|        Shared         |
|      ID  ID  Dev |                       BAR1-Usage | SM     Unc| CE ENC  DEC  OFA  JPG |
|                  |                                  |        ECC|                       |
|==================+==================================+===========+=======================|
|  0    3   0   0  |              17MiB / 20096MiB    | 32      0 |  2   0    2    0    2 |
|                  |                 0MiB / 32767MiB  |           |                       |
+------------------+----------------------------------+-----------+-----------------------+
                                                                                         
+-----------------------------------------------------------------------------------------+
| Processes:                                                                              |
|  GPU   GI   CI              PID   Type   Process name                        GPU Memory |
|        ID   ID                                                               Usage      |
|=========================================================================================|
|  No running processes found                                                             |
+-----------------------------------------------------------------------------------------+
Using device: cuda:0
Model: FITS, Dataset: Exchange, pred_len: 96, seq_len: 96

>>> Training...
train 5120
val 665
Model Model : total params: 312 | trainable: 312 (0.0012MB)
	iters: 100, epoch: 1 | loss: 0.1799335
	speed: 0.0038s/iter; left time: 11.6776s
Epoch: 1 cost time: 0.5s
Epoch: 1, Steps: 160 | Train Loss: 0.1435450 Vali Loss: 0.1342963
Validation loss decreased (inf --> 0.134296).  Saving model ...
Updating learning rate to 0.01
	iters: 100, epoch: 2 | loss: 0.1158396
	speed: 0.0018s/iter; left time: 5.4164s
Epoch: 2 cost time: 0.3s
Epoch: 2, Steps: 160 | Train Loss: 0.1275487 Vali Loss: 0.1324922
Validation loss decreased (0.134296 --> 0.132492).  Saving model ...
Updating learning rate to 0.005
	iters: 100, epoch: 3 | loss: 0.0899950
	speed: 0.0018s/iter; left time: 5.0918s
Epoch: 3 cost time: 0.3s
Epoch: 3, Steps: 160 | Train Loss: 0.1260495 Vali Loss: 0.1343639
EarlyStopping counter: 1 out of 6
Updating learning rate to 0.0025
	iters: 100, epoch: 4 | loss: 0.1547949
	speed: 0.0018s/iter; left time: 4.6676s
Epoch: 4 cost time: 0.3s
Epoch: 4, Steps: 160 | Train Loss: 0.1255521 Vali Loss: 0.1316206
Validation loss decreased (0.132492 --> 0.131621).  Saving model ...
Updating learning rate to 0.00125
	iters: 100, epoch: 5 | loss: 0.1679558
	speed: 0.0018s/iter; left time: 4.5030s
Epoch: 5 cost time: 0.3s
Epoch: 5, Steps: 160 | Train Loss: 0.1253519 Vali Loss: 0.1332961
EarlyStopping counter: 1 out of 6
Updating learning rate to 0.000625
	iters: 100, epoch: 6 | loss: 0.1304949
	speed: 0.0018s/iter; left time: 4.2032s
Epoch: 6 cost time: 0.3s
Epoch: 6, Steps: 160 | Train Loss: 0.1252490 Vali Loss: 0.1318522
EarlyStopping counter: 2 out of 6
Updating learning rate to 0.0003125
	iters: 100, epoch: 7 | loss: 0.1317641
	speed: 0.0019s/iter; left time: 4.1347s
Epoch: 7 cost time: 0.3s
Epoch: 7, Steps: 160 | Train Loss: 0.1251916 Vali Loss: 0.1315518
Validation loss decreased (0.131621 --> 0.131552).  Saving model ...
Updating learning rate to 0.00015625
	iters: 100, epoch: 8 | loss: 0.1710470
	speed: 0.0020s/iter; left time: 3.9114s
Epoch: 8 cost time: 0.3s
Epoch: 8, Steps: 160 | Train Loss: 0.1251679 Vali Loss: 0.1333695
EarlyStopping counter: 1 out of 6
Updating learning rate to 7.8125e-05
	iters: 100, epoch: 9 | loss: 0.0855043
	speed: 0.0019s/iter; left time: 3.5321s
Epoch: 9 cost time: 0.3s
Epoch: 9, Steps: 160 | Train Loss: 0.1251491 Vali Loss: 0.1334239
EarlyStopping counter: 2 out of 6
Updating learning rate to 3.90625e-05
	iters: 100, epoch: 10 | loss: 0.1217818
	speed: 0.0018s/iter; left time: 3.0591s
Epoch: 10 cost time: 0.3s
Epoch: 10, Steps: 160 | Train Loss: 0.1251415 Vali Loss: 0.1325576
EarlyStopping counter: 3 out of 6
Updating learning rate to 1.953125e-05
	iters: 100, epoch: 11 | loss: 0.1131225
	speed: 0.0018s/iter; left time: 2.7101s
Epoch: 11 cost time: 0.3s
Epoch: 11, Steps: 160 | Train Loss: 0.1251385 Vali Loss: 0.1337209
EarlyStopping counter: 4 out of 6
Updating learning rate to 9.765625e-06
	iters: 100, epoch: 12 | loss: 0.0628339
	speed: 0.0018s/iter; left time: 2.4466s
Epoch: 12 cost time: 0.3s
Epoch: 12, Steps: 160 | Train Loss: 0.1251360 Vali Loss: 0.1328912
EarlyStopping counter: 5 out of 6
Updating learning rate to 4.8828125e-06
	iters: 100, epoch: 13 | loss: 0.0880078
	speed: 0.0018s/iter; left time: 2.1320s
Epoch: 13 cost time: 0.3s
Epoch: 13, Steps: 160 | Train Loss: 0.1251350 Vali Loss: 0.1324839
EarlyStopping counter: 6 out of 6
Early stopping
Training time: 4.4s | Peak GPU memory: 66.3MB

>>> Testing...
test 1422
test shape: (1422, 1, 96, 8) (1422, 1, 96, 8)
test shape: (1422, 96, 8) (1422, 96, 8)
MSE: 0.083184, MAE: 0.200670
Inference: 0.67s | 1422 samples | 2121.7 samples/sec
Results saved to /lustre09/project/6010289/sdmuhsin/SpectraGate/results/exchange_results.csv
========================================
Finished: Mon 09 Mar 2026 06:13:33 PM EDT
========================================
