========================================
Job: fn_FITS_ETTm2_96
Model: FITS
Dataset: ETTm2
Pred len: 96
Time limit: 12:00:00
GPU: h100_2g.20gb:1
Started: Mon 09 Mar 2026 06:13:30 PM EDT
========================================
Mon Mar  9 18:13:30 2026       
+-----------------------------------------------------------------------------------------+
| NVIDIA-SMI 570.211.01             Driver Version: 570.211.01     CUDA Version: 12.8     |
|-----------------------------------------+------------------------+----------------------+
| GPU  Name                 Persistence-M | Bus-Id          Disp.A | Volatile Uncorr. ECC |
| Fan  Temp   Perf          Pwr:Usage/Cap |           Memory-Usage | GPU-Util  Compute M. |
|                                         |                        |               MIG M. |
|=========================================+========================+======================|
|   0  NVIDIA H100 80GB HBM3          Off |   00000000:CB:00.0 Off |                   On |
| N/A   38C    P0            121W /  700W |     632MiB /  81559MiB |     N/A      Default |
|                                         |                        |              Enabled |
+-----------------------------------------+------------------------+----------------------+

+-----------------------------------------------------------------------------------------+
| MIG devices:                                                                            |
+------------------+----------------------------------+-----------+-----------------------+
| GPU  GI  CI  MIG |                     Memory-Usage |        Vol|        Shared         |
|      ID  ID  Dev |                       BAR1-Usage | SM     Unc| CE ENC  DEC  OFA  JPG |
|                  |                                  |        ECC|                       |
|==================+==================================+===========+=======================|
|  0    3   0   0  |              17MiB / 20096MiB    | 32      0 |  2   0    2    0    2 |
|                  |                 0MiB / 32767MiB  |           |                       |
+------------------+----------------------------------+-----------+-----------------------+
                                                                                         
+-----------------------------------------------------------------------------------------+
| Processes:                                                                              |
|  GPU   GI   CI              PID   Type   Process name                        GPU Memory |
|        ID   ID                                                               Usage      |
|=========================================================================================|
|  No running processes found                                                             |
+-----------------------------------------------------------------------------------------+
Using device: cuda:0
Model: FITS, Dataset: ETTm2, pred_len: 96, seq_len: 96

>>> Training...
train 34369
val 11425
Model Model : total params: 312 | trainable: 312 (0.0012MB)
	iters: 100, epoch: 1 | loss: 0.2951859
	speed: 0.0030s/iter; left time: 64.0261s
	iters: 200, epoch: 1 | loss: 0.2167272
	speed: 0.0023s/iter; left time: 48.4173s
	iters: 300, epoch: 1 | loss: 0.2077164
	speed: 0.0020s/iter; left time: 43.1233s
	iters: 400, epoch: 1 | loss: 0.4297061
	speed: 0.0019s/iter; left time: 40.4040s
	iters: 500, epoch: 1 | loss: 0.2721417
	speed: 0.0018s/iter; left time: 38.7457s
	iters: 600, epoch: 1 | loss: 0.1473589
	speed: 0.0018s/iter; left time: 37.5779s
	iters: 700, epoch: 1 | loss: 0.3204634
	speed: 0.0018s/iter; left time: 36.6877s
	iters: 800, epoch: 1 | loss: 0.1862934
	speed: 0.0017s/iter; left time: 35.9756s
	iters: 900, epoch: 1 | loss: 0.4577964
	speed: 0.0017s/iter; left time: 35.3922s
	iters: 1000, epoch: 1 | loss: 0.3002942
	speed: 0.0017s/iter; left time: 34.8906s
Epoch: 1 cost time: 1.8s
Epoch: 1, Steps: 1074 | Train Loss: 0.2461611 Vali Loss: 0.1334065
Validation loss decreased (inf --> 0.133407).  Saving model ...
Updating learning rate to 0.01
	iters: 100, epoch: 2 | loss: 0.2233538
	speed: 0.0016s/iter; left time: 33.4651s
	iters: 200, epoch: 2 | loss: 0.1811146
	speed: 0.0016s/iter; left time: 32.5229s
	iters: 300, epoch: 2 | loss: 0.1215491
	speed: 0.0016s/iter; left time: 32.1020s
	iters: 400, epoch: 2 | loss: 0.2727852
	speed: 0.0016s/iter; left time: 31.8190s
	iters: 500, epoch: 2 | loss: 0.2096619
	speed: 0.0016s/iter; left time: 31.5520s
	iters: 600, epoch: 2 | loss: 0.2215094
	speed: 0.0016s/iter; left time: 31.3076s
	iters: 700, epoch: 2 | loss: 0.1676138
	speed: 0.0016s/iter; left time: 31.0742s
	iters: 800, epoch: 2 | loss: 0.6494120
	speed: 0.0016s/iter; left time: 30.8599s
	iters: 900, epoch: 2 | loss: 0.1789955
	speed: 0.0016s/iter; left time: 30.6586s
	iters: 1000, epoch: 2 | loss: 0.2028193
	speed: 0.0016s/iter; left time: 30.4642s
Epoch: 2 cost time: 1.7s
Epoch: 2, Steps: 1074 | Train Loss: 0.2439762 Vali Loss: 0.1317225
Validation loss decreased (0.133407 --> 0.131723).  Saving model ...
Updating learning rate to 0.005
	iters: 100, epoch: 3 | loss: 0.1421796
	speed: 0.0016s/iter; left time: 30.3334s
	iters: 200, epoch: 3 | loss: 0.4959235
	speed: 0.0016s/iter; left time: 29.9753s
	iters: 300, epoch: 3 | loss: 0.2414724
	speed: 0.0016s/iter; left time: 29.7638s
	iters: 400, epoch: 3 | loss: 0.4880363
	speed: 0.0016s/iter; left time: 29.5921s
	iters: 500, epoch: 3 | loss: 0.5081304
	speed: 0.0016s/iter; left time: 29.4351s
	iters: 600, epoch: 3 | loss: 0.1438603
	speed: 0.0016s/iter; left time: 29.2590s
	iters: 700, epoch: 3 | loss: 0.1107728
	speed: 0.0016s/iter; left time: 29.0853s
	iters: 800, epoch: 3 | loss: 0.1782115
	speed: 0.0016s/iter; left time: 28.9415s
	iters: 900, epoch: 3 | loss: 0.1290086
	speed: 0.0016s/iter; left time: 28.7710s
	iters: 1000, epoch: 3 | loss: 0.2532746
	speed: 0.0016s/iter; left time: 28.6117s
Epoch: 3 cost time: 1.7s
Epoch: 3, Steps: 1074 | Train Loss: 0.2427135 Vali Loss: 0.1335310
EarlyStopping counter: 1 out of 6
Updating learning rate to 0.0025
	iters: 100, epoch: 4 | loss: 0.2826896
	speed: 0.0016s/iter; left time: 28.8439s
	iters: 200, epoch: 4 | loss: 0.2086435
	speed: 0.0016s/iter; left time: 28.4733s
	iters: 300, epoch: 4 | loss: 0.1875415
	speed: 0.0016s/iter; left time: 28.2530s
	iters: 400, epoch: 4 | loss: 0.2849528
	speed: 0.0016s/iter; left time: 28.0612s
	iters: 500, epoch: 4 | loss: 0.1428223
	speed: 0.0016s/iter; left time: 27.8813s
	iters: 600, epoch: 4 | loss: 0.3557570
	speed: 0.0016s/iter; left time: 27.7147s
	iters: 700, epoch: 4 | loss: 0.1485070
	speed: 0.0016s/iter; left time: 27.5997s
	iters: 800, epoch: 4 | loss: 0.2577291
	speed: 0.0016s/iter; left time: 27.4435s
	iters: 900, epoch: 4 | loss: 0.1232556
	speed: 0.0016s/iter; left time: 27.2619s
	iters: 1000, epoch: 4 | loss: 0.2862836
	speed: 0.0016s/iter; left time: 27.0943s
Epoch: 4 cost time: 1.7s
Epoch: 4, Steps: 1074 | Train Loss: 0.2421220 Vali Loss: 0.1316893
Validation loss decreased (0.131723 --> 0.131689).  Saving model ...
Updating learning rate to 0.00125
	iters: 100, epoch: 5 | loss: 0.2440073
	speed: 0.0016s/iter; left time: 26.9223s
	iters: 200, epoch: 5 | loss: 0.3159611
	speed: 0.0016s/iter; left time: 26.6830s
	iters: 300, epoch: 5 | loss: 0.3252185
	speed: 0.0016s/iter; left time: 26.5134s
	iters: 400, epoch: 5 | loss: 0.2054126
	speed: 0.0016s/iter; left time: 26.3427s
	iters: 500, epoch: 5 | loss: 0.1478674
	speed: 0.0016s/iter; left time: 26.1633s
	iters: 600, epoch: 5 | loss: 0.3864700
	speed: 0.0016s/iter; left time: 26.0517s
	iters: 700, epoch: 5 | loss: 0.1690334
	speed: 0.0016s/iter; left time: 25.8922s
	iters: 800, epoch: 5 | loss: 0.1906861
	speed: 0.0016s/iter; left time: 25.7322s
	iters: 900, epoch: 5 | loss: 0.2416561
	speed: 0.0016s/iter; left time: 25.5773s
	iters: 1000, epoch: 5 | loss: 0.3461298
	speed: 0.0016s/iter; left time: 25.4234s
Epoch: 5 cost time: 1.7s
Epoch: 5, Steps: 1074 | Train Loss: 0.2417463 Vali Loss: 0.1302702
Validation loss decreased (0.131689 --> 0.130270).  Saving model ...
Updating learning rate to 0.000625
	iters: 100, epoch: 6 | loss: 0.3236098
	speed: 0.0016s/iter; left time: 25.1238s
	iters: 200, epoch: 6 | loss: 0.1563009
	speed: 0.0016s/iter; left time: 24.8662s
	iters: 300, epoch: 6 | loss: 0.1150693
	speed: 0.0016s/iter; left time: 24.7065s
	iters: 400, epoch: 6 | loss: 0.1936200
	speed: 0.0016s/iter; left time: 24.5370s
	iters: 500, epoch: 6 | loss: 0.2313102
	speed: 0.0016s/iter; left time: 24.3998s
	iters: 600, epoch: 6 | loss: 0.3768737
	speed: 0.0016s/iter; left time: 24.2606s
	iters: 700, epoch: 6 | loss: 0.2171811
	speed: 0.0016s/iter; left time: 24.1059s
	iters: 800, epoch: 6 | loss: 0.1813822
	speed: 0.0016s/iter; left time: 23.9414s
	iters: 900, epoch: 6 | loss: 0.2710088
	speed: 0.0016s/iter; left time: 23.7869s
	iters: 1000, epoch: 6 | loss: 0.1881565
	speed: 0.0016s/iter; left time: 23.6255s
Epoch: 6 cost time: 1.7s
Epoch: 6, Steps: 1074 | Train Loss: 0.2415886 Vali Loss: 0.1299651
Validation loss decreased (0.130270 --> 0.129965).  Saving model ...
Updating learning rate to 0.0003125
	iters: 100, epoch: 7 | loss: 0.2238607
	speed: 0.0016s/iter; left time: 23.6469s
	iters: 200, epoch: 7 | loss: 0.2037011
	speed: 0.0016s/iter; left time: 23.3355s
	iters: 300, epoch: 7 | loss: 0.1847985
	speed: 0.0016s/iter; left time: 23.1192s
	iters: 400, epoch: 7 | loss: 0.1352760
	speed: 0.0016s/iter; left time: 23.0154s
	iters: 500, epoch: 7 | loss: 0.2837550
	speed: 0.0016s/iter; left time: 22.8385s
	iters: 600, epoch: 7 | loss: 0.1834098
	speed: 0.0016s/iter; left time: 22.6672s
	iters: 700, epoch: 7 | loss: 0.2742961
	speed: 0.0016s/iter; left time: 22.4864s
	iters: 800, epoch: 7 | loss: 0.1815120
	speed: 0.0016s/iter; left time: 22.3193s
	iters: 900, epoch: 7 | loss: 0.2010528
	speed: 0.0016s/iter; left time: 22.1631s
	iters: 1000, epoch: 7 | loss: 0.2503280
	speed: 0.0016s/iter; left time: 22.0038s
Epoch: 7 cost time: 1.7s
Epoch: 7, Steps: 1074 | Train Loss: 0.2414933 Vali Loss: 0.1302285
EarlyStopping counter: 1 out of 6
Updating learning rate to 0.00015625
	iters: 100, epoch: 8 | loss: 0.1923052
	speed: 0.0016s/iter; left time: 22.0279s
	iters: 200, epoch: 8 | loss: 0.3050278
	speed: 0.0016s/iter; left time: 21.9077s
	iters: 300, epoch: 8 | loss: 0.1242133
	speed: 0.0016s/iter; left time: 21.7190s
	iters: 400, epoch: 8 | loss: 0.1750061
	speed: 0.0016s/iter; left time: 21.5122s
	iters: 500, epoch: 8 | loss: 0.2941767
	speed: 0.0016s/iter; left time: 21.3328s
	iters: 600, epoch: 8 | loss: 0.2181294
	speed: 0.0016s/iter; left time: 21.1674s
	iters: 700, epoch: 8 | loss: 0.1380092
	speed: 0.0016s/iter; left time: 21.0052s
	iters: 800, epoch: 8 | loss: 0.1616216
	speed: 0.0016s/iter; left time: 20.8350s
	iters: 900, epoch: 8 | loss: 0.2381276
	speed: 0.0016s/iter; left time: 20.6749s
	iters: 1000, epoch: 8 | loss: 0.3269890
	speed: 0.0016s/iter; left time: 20.5181s
Epoch: 8 cost time: 1.7s
Epoch: 8, Steps: 1074 | Train Loss: 0.2414446 Vali Loss: 0.1302366
EarlyStopping counter: 2 out of 6
Updating learning rate to 7.8125e-05
	iters: 100, epoch: 9 | loss: 0.2408664
	speed: 0.0016s/iter; left time: 20.4557s
	iters: 200, epoch: 9 | loss: 0.1364500
	speed: 0.0016s/iter; left time: 20.2056s
	iters: 300, epoch: 9 | loss: 0.3864230
	speed: 0.0016s/iter; left time: 20.0309s
	iters: 400, epoch: 9 | loss: 0.2945100
	speed: 0.0016s/iter; left time: 19.8527s
	iters: 500, epoch: 9 | loss: 0.2169242
	speed: 0.0016s/iter; left time: 19.7386s
	iters: 600, epoch: 9 | loss: 0.2152562
	speed: 0.0016s/iter; left time: 19.5396s
	iters: 700, epoch: 9 | loss: 0.1508092
	speed: 0.0016s/iter; left time: 19.3527s
	iters: 800, epoch: 9 | loss: 0.1707723
	speed: 0.0016s/iter; left time: 19.1536s
	iters: 900, epoch: 9 | loss: 0.1613270
	speed: 0.0016s/iter; left time: 18.9607s
	iters: 1000, epoch: 9 | loss: 0.1846579
	speed: 0.0016s/iter; left time: 18.7746s
Epoch: 9 cost time: 1.7s
Epoch: 9, Steps: 1074 | Train Loss: 0.2414132 Vali Loss: 0.1302830
EarlyStopping counter: 3 out of 6
Updating learning rate to 3.90625e-05
	iters: 100, epoch: 10 | loss: 0.2434527
	speed: 0.0016s/iter; left time: 18.3386s
	iters: 200, epoch: 10 | loss: 0.2536060
	speed: 0.0016s/iter; left time: 18.1418s
	iters: 300, epoch: 10 | loss: 0.3416412
	speed: 0.0016s/iter; left time: 18.0041s
	iters: 400, epoch: 10 | loss: 0.2516935
	speed: 0.0016s/iter; left time: 17.8564s
	iters: 500, epoch: 10 | loss: 0.1499306
	speed: 0.0016s/iter; left time: 17.7035s
	iters: 600, epoch: 10 | loss: 0.1235840
	speed: 0.0016s/iter; left time: 17.5505s
	iters: 700, epoch: 10 | loss: 0.1174170
	speed: 0.0016s/iter; left time: 17.3994s
	iters: 800, epoch: 10 | loss: 0.1364423
	speed: 0.0016s/iter; left time: 17.2549s
	iters: 900, epoch: 10 | loss: 0.1358248
	speed: 0.0016s/iter; left time: 17.1063s
	iters: 1000, epoch: 10 | loss: 0.3616099
	speed: 0.0016s/iter; left time: 16.9538s
Epoch: 10 cost time: 1.7s
Epoch: 10, Steps: 1074 | Train Loss: 0.2413983 Vali Loss: 0.1302623
EarlyStopping counter: 4 out of 6
Updating learning rate to 1.953125e-05
	iters: 100, epoch: 11 | loss: 0.1659911
	speed: 0.0016s/iter; left time: 16.7395s
	iters: 200, epoch: 11 | loss: 0.3453446
	speed: 0.0016s/iter; left time: 16.5704s
	iters: 300, epoch: 11 | loss: 0.2617618
	speed: 0.0016s/iter; left time: 16.3868s
	iters: 400, epoch: 11 | loss: 0.4330326
	speed: 0.0016s/iter; left time: 16.2026s
	iters: 500, epoch: 11 | loss: 0.1451443
	speed: 0.0016s/iter; left time: 16.0284s
	iters: 600, epoch: 11 | loss: 0.1483823
	speed: 0.0016s/iter; left time: 15.8617s
	iters: 700, epoch: 11 | loss: 0.1285153
	speed: 0.0016s/iter; left time: 15.6930s
	iters: 800, epoch: 11 | loss: 0.3013662
	speed: 0.0016s/iter; left time: 15.5291s
	iters: 900, epoch: 11 | loss: 0.1078550
	speed: 0.0016s/iter; left time: 15.3697s
	iters: 1000, epoch: 11 | loss: 0.1851048
	speed: 0.0016s/iter; left time: 15.2147s
Epoch: 11 cost time: 1.7s
Epoch: 11, Steps: 1074 | Train Loss: 0.2413906 Vali Loss: 0.1302654
EarlyStopping counter: 5 out of 6
Updating learning rate to 9.765625e-06
	iters: 100, epoch: 12 | loss: 0.2413447
	speed: 0.0016s/iter; left time: 15.0978s
	iters: 200, epoch: 12 | loss: 0.3603245
	speed: 0.0016s/iter; left time: 14.8495s
	iters: 300, epoch: 12 | loss: 0.1610252
	speed: 0.0016s/iter; left time: 14.6787s
	iters: 400, epoch: 12 | loss: 0.2021060
	speed: 0.0016s/iter; left time: 14.5184s
	iters: 500, epoch: 12 | loss: 0.2836309
	speed: 0.0016s/iter; left time: 14.3612s
	iters: 600, epoch: 12 | loss: 0.2816912
	speed: 0.0016s/iter; left time: 14.1926s
	iters: 700, epoch: 12 | loss: 0.2700297
	speed: 0.0016s/iter; left time: 14.0201s
	iters: 800, epoch: 12 | loss: 0.2704342
	speed: 0.0016s/iter; left time: 13.8518s
	iters: 900, epoch: 12 | loss: 0.1879126
	speed: 0.0016s/iter; left time: 13.6945s
	iters: 1000, epoch: 12 | loss: 0.1611487
	speed: 0.0016s/iter; left time: 13.5399s
Epoch: 12 cost time: 1.7s
Epoch: 12, Steps: 1074 | Train Loss: 0.2413815 Vali Loss: 0.1302694
EarlyStopping counter: 6 out of 6
Early stopping
Training time: 25.0s | Peak GPU memory: 66.1MB

>>> Testing...
test 11425
test shape: (11425, 1, 96, 7) (11425, 1, 96, 7)
test shape: (11425, 96, 7) (11425, 96, 7)
MSE: 0.185098, MAE: 0.268313
Inference: 4.68s | 11425 samples | 2443.1 samples/sec
Results saved to /lustre09/project/6010289/sdmuhsin/SpectraGate/results/ettm2_results.csv
========================================
Finished: Mon 09 Mar 2026 06:14:04 PM EDT
========================================
