========================================
Job: fn_FITS_Traffic_96
Model: FITS
Dataset: Traffic
Pred len: 96
Time limit: 24:00:00
GPU: h100_3g.40gb:1
Started: Mon 09 Mar 2026 06:15:20 PM EDT
========================================
Mon Mar  9 18:15:20 2026       
+-----------------------------------------------------------------------------------------+
| NVIDIA-SMI 570.211.01             Driver Version: 570.211.01     CUDA Version: 12.8     |
|-----------------------------------------+------------------------+----------------------+
| GPU  Name                 Persistence-M | Bus-Id          Disp.A | Volatile Uncorr. ECC |
| Fan  Temp   Perf          Pwr:Usage/Cap |           Memory-Usage | GPU-Util  Compute M. |
|                                         |                        |               MIG M. |
|=========================================+========================+======================|
|   0  NVIDIA H100 80GB HBM3          Off |   00000000:4E:00.0 Off |                   On |
| N/A   45C    P0            202W /  700W |    9901MiB /  81559MiB |     N/A      Default |
|                                         |                        |              Enabled |
+-----------------------------------------+------------------------+----------------------+

+-----------------------------------------------------------------------------------------+
| MIG devices:                                                                            |
+------------------+----------------------------------+-----------+-----------------------+
| GPU  GI  CI  MIG |                     Memory-Usage |        Vol|        Shared         |
|      ID  ID  Dev |                       BAR1-Usage | SM     Unc| CE ENC  DEC  OFA  JPG |
|                  |                                  |        ECC|                       |
|==================+==================================+===========+=======================|
|  0    2   0   0  |              26MiB / 40448MiB    | 60      0 |  3   0    3    0    3 |
|                  |                 0MiB / 65535MiB  |           |                       |
+------------------+----------------------------------+-----------+-----------------------+
                                                                                         
+-----------------------------------------------------------------------------------------+
| Processes:                                                                              |
|  GPU   GI   CI              PID   Type   Process name                        GPU Memory |
|        ID   ID                                                               Usage      |
|=========================================================================================|
|  No running processes found                                                             |
+-----------------------------------------------------------------------------------------+
Using device: cuda:0
Model: FITS, Dataset: Traffic, pred_len: 96, seq_len: 96

>>> Training...
train 12089
val 1661
Model Model : total params: 312 | trainable: 312 (0.0012MB)
	iters: 100, epoch: 1 | loss: 0.4646167
	speed: 0.0296s/iter; left time: 220.5158s
	iters: 200, epoch: 1 | loss: 0.4459338
	speed: 0.0291s/iter; left time: 213.7829s
	iters: 300, epoch: 1 | loss: 0.5134895
	speed: 0.0287s/iter; left time: 207.5069s
Epoch: 1 cost time: 10.8s
Epoch: 1, Steps: 377 | Train Loss: 0.4878647 Vali Loss: 0.6070607
Validation loss decreased (inf --> 0.607061).  Saving model ...
Updating learning rate to 0.01
	iters: 100, epoch: 2 | loss: 0.4630896
	speed: 0.0270s/iter; left time: 190.9675s
	iters: 200, epoch: 2 | loss: 0.4820257
	speed: 0.0274s/iter; left time: 190.7424s
	iters: 300, epoch: 2 | loss: 0.4456722
	speed: 0.0274s/iter; left time: 188.2208s
Epoch: 2 cost time: 10.3s
Epoch: 2, Steps: 377 | Train Loss: 0.4691624 Vali Loss: 0.6058680
Validation loss decreased (0.607061 --> 0.605868).  Saving model ...
Updating learning rate to 0.005
	iters: 100, epoch: 3 | loss: 0.4831031
	speed: 0.0273s/iter; left time: 182.6381s
	iters: 200, epoch: 3 | loss: 0.4612113
	speed: 0.0274s/iter; left time: 180.3272s
	iters: 300, epoch: 3 | loss: 0.4797457
	speed: 0.0272s/iter; left time: 176.1517s
Epoch: 3 cost time: 10.2s
Epoch: 3, Steps: 377 | Train Loss: 0.4671270 Vali Loss: 0.6029308
Validation loss decreased (0.605868 --> 0.602931).  Saving model ...
Updating learning rate to 0.0025
	iters: 100, epoch: 4 | loss: 0.4574437
	speed: 0.0272s/iter; left time: 171.8326s
	iters: 200, epoch: 4 | loss: 0.4537299
	speed: 0.0271s/iter; left time: 168.3219s
	iters: 300, epoch: 4 | loss: 0.4841627
	speed: 0.0270s/iter; left time: 164.9153s
Epoch: 4 cost time: 10.2s
Epoch: 4, Steps: 377 | Train Loss: 0.4661055 Vali Loss: 0.6039821
EarlyStopping counter: 1 out of 6
Updating learning rate to 0.00125
	iters: 100, epoch: 5 | loss: 0.4587754
	speed: 0.0271s/iter; left time: 160.7703s
	iters: 200, epoch: 5 | loss: 0.4525997
	speed: 0.0273s/iter; left time: 159.0709s
	iters: 300, epoch: 5 | loss: 0.4624839
	speed: 0.0271s/iter; left time: 155.6418s
Epoch: 5 cost time: 10.2s
Epoch: 5, Steps: 377 | Train Loss: 0.4657704 Vali Loss: 0.6035089
EarlyStopping counter: 2 out of 6
Updating learning rate to 0.000625
	iters: 100, epoch: 6 | loss: 0.4832555
	speed: 0.0271s/iter; left time: 150.4669s
	iters: 200, epoch: 6 | loss: 0.4544739
	speed: 0.0274s/iter; left time: 149.4338s
	iters: 300, epoch: 6 | loss: 0.4966646
	speed: 0.0272s/iter; left time: 145.6017s
Epoch: 6 cost time: 10.3s
Epoch: 6, Steps: 377 | Train Loss: 0.4654438 Vali Loss: 0.6022432
Validation loss decreased (0.602931 --> 0.602243).  Saving model ...
Updating learning rate to 0.0003125
	iters: 100, epoch: 7 | loss: 0.4695297
	speed: 0.0269s/iter; left time: 139.2214s
	iters: 200, epoch: 7 | loss: 0.4509887
	speed: 0.0269s/iter; left time: 136.7180s
	iters: 300, epoch: 7 | loss: 0.4620196
	speed: 0.0271s/iter; left time: 134.7110s
Epoch: 7 cost time: 10.3s
Epoch: 7, Steps: 377 | Train Loss: 0.4651887 Vali Loss: 0.6028964
EarlyStopping counter: 1 out of 6
Updating learning rate to 0.00015625
	iters: 100, epoch: 8 | loss: 0.4687302
	speed: 0.0271s/iter; left time: 129.9153s
	iters: 200, epoch: 8 | loss: 0.4860083
	speed: 0.0273s/iter; left time: 128.2395s
	iters: 300, epoch: 8 | loss: 0.4447818
	speed: 0.0271s/iter; left time: 124.8258s
Epoch: 8 cost time: 10.2s
Epoch: 8, Steps: 377 | Train Loss: 0.4650810 Vali Loss: 0.6027747
EarlyStopping counter: 2 out of 6
Updating learning rate to 7.8125e-05
	iters: 100, epoch: 9 | loss: 0.4338804
	speed: 0.0275s/iter; left time: 121.6711s
	iters: 200, epoch: 9 | loss: 0.4642553
	speed: 0.0272s/iter; left time: 117.8329s
	iters: 300, epoch: 9 | loss: 0.4958791
	speed: 0.0272s/iter; left time: 114.7484s
Epoch: 9 cost time: 10.2s
Epoch: 9, Steps: 377 | Train Loss: 0.4650821 Vali Loss: 0.6027284
EarlyStopping counter: 3 out of 6
Updating learning rate to 3.90625e-05
	iters: 100, epoch: 10 | loss: 0.4906113
	speed: 0.0270s/iter; left time: 109.1462s
	iters: 200, epoch: 10 | loss: 0.4332854
	speed: 0.0268s/iter; left time: 105.9718s
	iters: 300, epoch: 10 | loss: 0.5351041
	speed: 0.0269s/iter; left time: 103.4378s
Epoch: 10 cost time: 10.2s
Epoch: 10, Steps: 377 | Train Loss: 0.4650337 Vali Loss: 0.6024740
EarlyStopping counter: 4 out of 6
Updating learning rate to 1.953125e-05
	iters: 100, epoch: 11 | loss: 0.4469343
	speed: 0.0270s/iter; left time: 99.2641s
	iters: 200, epoch: 11 | loss: 0.4919593
	speed: 0.0273s/iter; left time: 97.4906s
	iters: 300, epoch: 11 | loss: 0.4951217
	speed: 0.0272s/iter; left time: 94.5153s
Epoch: 11 cost time: 10.3s
Epoch: 11, Steps: 377 | Train Loss: 0.4649961 Vali Loss: 0.6026081
EarlyStopping counter: 5 out of 6
Updating learning rate to 9.765625e-06
	iters: 100, epoch: 12 | loss: 0.4704408
	speed: 0.0274s/iter; left time: 90.2632s
	iters: 200, epoch: 12 | loss: 0.4684810
	speed: 0.0274s/iter; left time: 87.5597s
	iters: 300, epoch: 12 | loss: 0.4391965
	speed: 0.0274s/iter; left time: 84.8208s
Epoch: 12 cost time: 10.3s
Epoch: 12, Steps: 377 | Train Loss: 0.4650655 Vali Loss: 0.6031746
EarlyStopping counter: 6 out of 6
Early stopping
Training time: 144.9s | Peak GPU memory: 289.5MB

>>> Testing...
test 3413
test shape: (3413, 1, 96, 862) (3413, 1, 96, 862)
test shape: (3413, 96, 862) (3413, 96, 862)
MSE: 0.725929, MAE: 0.452936
Inference: 6.59s | 3413 samples | 517.5 samples/sec
Results saved to /lustre09/project/6010289/sdmuhsin/SpectraGate/results/traffic_results.csv
========================================
Finished: Mon 09 Mar 2026 06:18:08 PM EDT
========================================
