========================================
Job: fn_FITS_ETTh2_96
Model: FITS
Dataset: ETTh2
Pred len: 96
Time limit: 8:00:00
GPU: h100_2g.20gb:1
Started: Mon 09 Mar 2026 06:13:25 PM EDT
========================================
Mon Mar  9 18:13:25 2026       
+-----------------------------------------------------------------------------------------+
| NVIDIA-SMI 570.211.01             Driver Version: 570.211.01     CUDA Version: 12.8     |
|-----------------------------------------+------------------------+----------------------+
| GPU  Name                 Persistence-M | Bus-Id          Disp.A | Volatile Uncorr. ECC |
| Fan  Temp   Perf          Pwr:Usage/Cap |           Memory-Usage | GPU-Util  Compute M. |
|                                         |                        |               MIG M. |
|=========================================+========================+======================|
|   0  NVIDIA H100 80GB HBM3          Off |   00000000:DB:00.0 Off |                   On |
| N/A   45C    P0            264W /  700W |    2642MiB /  81559MiB |     N/A      Default |
|                                         |                        |              Enabled |
+-----------------------------------------+------------------------+----------------------+

+-----------------------------------------------------------------------------------------+
| MIG devices:                                                                            |
+------------------+----------------------------------+-----------+-----------------------+
| GPU  GI  CI  MIG |                     Memory-Usage |        Vol|        Shared         |
|      ID  ID  Dev |                       BAR1-Usage | SM     Unc| CE ENC  DEC  OFA  JPG |
|                  |                                  |        ECC|                       |
|==================+==================================+===========+=======================|
|  0    3   0   0  |              17MiB / 20096MiB    | 32      0 |  2   0    2    0    2 |
|                  |                 0MiB / 32767MiB  |           |                       |
+------------------+----------------------------------+-----------+-----------------------+
                                                                                         
+-----------------------------------------------------------------------------------------+
| Processes:                                                                              |
|  GPU   GI   CI              PID   Type   Process name                        GPU Memory |
|        ID   ID                                                               Usage      |
|=========================================================================================|
|  No running processes found                                                             |
+-----------------------------------------------------------------------------------------+
Using device: cuda:0
Model: FITS, Dataset: ETTh2, pred_len: 96, seq_len: 96

>>> Training...
train 8449
val 2785
Model Model : total params: 312 | trainable: 312 (0.0012MB)
	iters: 100, epoch: 1 | loss: 1.2105883
	speed: 0.0029s/iter; left time: 15.2593s
	iters: 200, epoch: 1 | loss: 0.5594856
	speed: 0.0022s/iter; left time: 11.2685s
Epoch: 1 cost time: 0.5s
Epoch: 1, Steps: 264 | Train Loss: 0.4409623 Vali Loss: 0.2164150
Validation loss decreased (inf --> 0.216415).  Saving model ...
Updating learning rate to 0.01
	iters: 100, epoch: 2 | loss: 0.2901595
	speed: 0.0015s/iter; left time: 7.3897s
	iters: 200, epoch: 2 | loss: 0.5087594
	speed: 0.0015s/iter; left time: 7.2380s
Epoch: 2 cost time: 0.4s
Epoch: 2, Steps: 264 | Train Loss: 0.4279607 Vali Loss: 0.2144989
Validation loss decreased (0.216415 --> 0.214499).  Saving model ...
Updating learning rate to 0.005
	iters: 100, epoch: 3 | loss: 0.3064473
	speed: 0.0015s/iter; left time: 6.9674s
	iters: 200, epoch: 3 | loss: 0.2265286
	speed: 0.0015s/iter; left time: 6.8167s
Epoch: 3 cost time: 0.4s
Epoch: 3, Steps: 264 | Train Loss: 0.4243968 Vali Loss: 0.2140081
Validation loss decreased (0.214499 --> 0.214008).  Saving model ...
Updating learning rate to 0.0025
	iters: 100, epoch: 4 | loss: 0.3678269
	speed: 0.0015s/iter; left time: 6.6804s
	iters: 200, epoch: 4 | loss: 0.5813770
	speed: 0.0015s/iter; left time: 6.4818s
Epoch: 4 cost time: 0.4s
Epoch: 4, Steps: 264 | Train Loss: 0.4230077 Vali Loss: 0.2141721
EarlyStopping counter: 1 out of 6
Updating learning rate to 0.00125
	iters: 100, epoch: 5 | loss: 0.3906824
	speed: 0.0015s/iter; left time: 6.1970s
	iters: 200, epoch: 5 | loss: 0.3376864
	speed: 0.0015s/iter; left time: 6.0328s
Epoch: 5 cost time: 0.4s
Epoch: 5, Steps: 264 | Train Loss: 0.4220921 Vali Loss: 0.2138535
Validation loss decreased (0.214008 --> 0.213854).  Saving model ...
Updating learning rate to 0.000625
	iters: 100, epoch: 6 | loss: 0.4482169
	speed: 0.0015s/iter; left time: 5.8450s
	iters: 200, epoch: 6 | loss: 0.3128682
	speed: 0.0015s/iter; left time: 5.6716s
Epoch: 6 cost time: 0.4s
Epoch: 6, Steps: 264 | Train Loss: 0.4217579 Vali Loss: 0.2137935
Validation loss decreased (0.213854 --> 0.213793).  Saving model ...
Updating learning rate to 0.0003125
	iters: 100, epoch: 7 | loss: 0.3475300
	speed: 0.0015s/iter; left time: 5.3852s
	iters: 200, epoch: 7 | loss: 0.3443937
	speed: 0.0015s/iter; left time: 5.2278s
Epoch: 7 cost time: 0.4s
Epoch: 7, Steps: 264 | Train Loss: 0.4214584 Vali Loss: 0.2137542
Validation loss decreased (0.213793 --> 0.213754).  Saving model ...
Updating learning rate to 0.00015625
	iters: 100, epoch: 8 | loss: 0.3752714
	speed: 0.0015s/iter; left time: 5.0022s
	iters: 200, epoch: 8 | loss: 0.3361153
	speed: 0.0015s/iter; left time: 4.8428s
Epoch: 8 cost time: 0.4s
Epoch: 8, Steps: 264 | Train Loss: 0.4213359 Vali Loss: 0.2138599
EarlyStopping counter: 1 out of 6
Updating learning rate to 7.8125e-05
	iters: 100, epoch: 9 | loss: 0.3265141
	speed: 0.0015s/iter; left time: 4.6247s
	iters: 200, epoch: 9 | loss: 0.3975277
	speed: 0.0015s/iter; left time: 4.4619s
Epoch: 9 cost time: 0.4s
Epoch: 9, Steps: 264 | Train Loss: 0.4212504 Vali Loss: 0.2138902
EarlyStopping counter: 2 out of 6
Updating learning rate to 3.90625e-05
	iters: 100, epoch: 10 | loss: 0.4340662
	speed: 0.0015s/iter; left time: 4.2053s
	iters: 200, epoch: 10 | loss: 0.3323334
	speed: 0.0015s/iter; left time: 4.0550s
Epoch: 10 cost time: 0.4s
Epoch: 10, Steps: 264 | Train Loss: 0.4212112 Vali Loss: 0.2139053
EarlyStopping counter: 3 out of 6
Updating learning rate to 1.953125e-05
	iters: 100, epoch: 11 | loss: 0.3254082
	speed: 0.0015s/iter; left time: 3.8342s
	iters: 200, epoch: 11 | loss: 0.5198986
	speed: 0.0015s/iter; left time: 3.6756s
Epoch: 11 cost time: 0.4s
Epoch: 11, Steps: 264 | Train Loss: 0.4210835 Vali Loss: 0.2137701
EarlyStopping counter: 4 out of 6
Updating learning rate to 9.765625e-06
	iters: 100, epoch: 12 | loss: 0.2348344
	speed: 0.0015s/iter; left time: 3.4202s
	iters: 200, epoch: 12 | loss: 0.3518991
	speed: 0.0015s/iter; left time: 3.2681s
Epoch: 12 cost time: 0.4s
Epoch: 12, Steps: 264 | Train Loss: 0.4212072 Vali Loss: 0.2138609
EarlyStopping counter: 5 out of 6
Updating learning rate to 4.8828125e-06
	iters: 100, epoch: 13 | loss: 0.2942726
	speed: 0.0015s/iter; left time: 3.0235s
	iters: 200, epoch: 13 | loss: 0.3614438
	speed: 0.0015s/iter; left time: 2.8686s
Epoch: 13 cost time: 0.4s
Epoch: 13, Steps: 264 | Train Loss: 0.4212052 Vali Loss: 0.2138936
EarlyStopping counter: 6 out of 6
Early stopping
Training time: 6.5s | Peak GPU memory: 66.1MB

>>> Testing...
test 2785
test shape: (2785, 1, 96, 7) (2785, 1, 96, 7)
test shape: (2785, 96, 7) (2785, 96, 7)
MSE: 0.293355, MAE: 0.341662
Inference: 1.11s | 2785 samples | 2501.3 samples/sec
Results saved to /lustre09/project/6010289/sdmuhsin/SpectraGate/results/etth2_results.csv
========================================
Finished: Mon 09 Mar 2026 06:13:38 PM EDT
========================================
