========================================
Job: fn_FITS_ETTm2_96
Model: FITS
Dataset: ETTm2
Pred len: 96
Time limit: 12:00:00
GPU: h100_2g.20gb:1
Started: Mon 09 Mar 2026 05:49:00 PM EDT
========================================
Mon Mar  9 17:49:00 2026       
+-----------------------------------------------------------------------------------------+
| NVIDIA-SMI 570.211.01             Driver Version: 570.211.01     CUDA Version: 12.8     |
|-----------------------------------------+------------------------+----------------------+
| GPU  Name                 Persistence-M | Bus-Id          Disp.A | Volatile Uncorr. ECC |
| Fan  Temp   Perf          Pwr:Usage/Cap |           Memory-Usage | GPU-Util  Compute M. |
|                                         |                        |               MIG M. |
|=========================================+========================+======================|
|   0  NVIDIA H100 80GB HBM3          Off |   00000000:4E:00.0 Off |                   On |
| N/A   32C    P0             71W /  700W |      59MiB /  81559MiB |     N/A      Default |
|                                         |                        |              Enabled |
+-----------------------------------------+------------------------+----------------------+

+-----------------------------------------------------------------------------------------+
| MIG devices:                                                                            |
+------------------+----------------------------------+-----------+-----------------------+
| GPU  GI  CI  MIG |                     Memory-Usage |        Vol|        Shared         |
|      ID  ID  Dev |                       BAR1-Usage | SM     Unc| CE ENC  DEC  OFA  JPG |
|                  |                                  |        ECC|                       |
|==================+==================================+===========+=======================|
|  0    5   0   0  |              17MiB / 20096MiB    | 32      0 |  2   0    2    0    2 |
|                  |                 0MiB / 32767MiB  |           |                       |
+------------------+----------------------------------+-----------+-----------------------+
                                                                                         
+-----------------------------------------------------------------------------------------+
| Processes:                                                                              |
|  GPU   GI   CI              PID   Type   Process name                        GPU Memory |
|        ID   ID                                                               Usage      |
|=========================================================================================|
|  No running processes found                                                             |
+-----------------------------------------------------------------------------------------+
Using device: cuda:0
Model: FITS, Dataset: ETTm2, pred_len: 96, seq_len: 96

>>> Training...
train 34369
val 11425
Model Model : total params: 312 | trainable: 312 (0.0012MB)
	iters: 100, epoch: 1 | loss: 0.2951859
	speed: 0.0064s/iter; left time: 137.0230s
	iters: 200, epoch: 1 | loss: 0.2167272
	speed: 0.0040s/iter; left time: 84.3515s
	iters: 300, epoch: 1 | loss: 0.2077164
	speed: 0.0032s/iter; left time: 66.7347s
	iters: 400, epoch: 1 | loss: 0.4297061
	speed: 0.0027s/iter; left time: 57.8344s
	iters: 500, epoch: 1 | loss: 0.2721417
	speed: 0.0025s/iter; left time: 52.4270s
	iters: 600, epoch: 1 | loss: 0.1473589
	speed: 0.0023s/iter; left time: 48.7702s
	iters: 700, epoch: 1 | loss: 0.3204634
	speed: 0.0022s/iter; left time: 46.1160s
	iters: 800, epoch: 1 | loss: 0.1862934
	speed: 0.0021s/iter; left time: 44.1010s
	iters: 900, epoch: 1 | loss: 0.4577964
	speed: 0.0021s/iter; left time: 42.7144s
	iters: 1000, epoch: 1 | loss: 0.3002942
	speed: 0.0020s/iter; left time: 41.3624s
Epoch: 1 cost time: 2.1s
Epoch: 1, Steps: 1074 | Train Loss: 0.2461611 Vali Loss: 0.1334065
Validation loss decreased (inf --> 0.133407).  Saving model ...
Updating learning rate to 0.01
	iters: 100, epoch: 2 | loss: 0.2233538
	speed: 0.0015s/iter; left time: 31.1219s
	iters: 200, epoch: 2 | loss: 0.1811146
	speed: 0.0015s/iter; left time: 30.8040s
	iters: 300, epoch: 2 | loss: 0.1215491
	speed: 0.0015s/iter; left time: 30.6506s
	iters: 400, epoch: 2 | loss: 0.2727852
	speed: 0.0015s/iter; left time: 30.9773s
	iters: 500, epoch: 2 | loss: 0.2096619
	speed: 0.0015s/iter; left time: 30.7048s
	iters: 600, epoch: 2 | loss: 0.2215094
	speed: 0.0015s/iter; left time: 30.4690s
	iters: 700, epoch: 2 | loss: 0.1676138
	speed: 0.0015s/iter; left time: 30.2574s
	iters: 800, epoch: 2 | loss: 0.6494120
	speed: 0.0015s/iter; left time: 30.1800s
	iters: 900, epoch: 2 | loss: 0.1789955
	speed: 0.0015s/iter; left time: 29.9883s
	iters: 1000, epoch: 2 | loss: 0.2028193
	speed: 0.0015s/iter; left time: 29.8017s
Epoch: 2 cost time: 1.6s
Epoch: 2, Steps: 1074 | Train Loss: 0.2439762 Vali Loss: 0.1317225
Validation loss decreased (0.133407 --> 0.131723).  Saving model ...
Updating learning rate to 0.005
	iters: 100, epoch: 3 | loss: 0.1421796
	speed: 0.0015s/iter; left time: 29.4527s
	iters: 200, epoch: 3 | loss: 0.4959235
	speed: 0.0015s/iter; left time: 29.1651s
	iters: 300, epoch: 3 | loss: 0.2414724
	speed: 0.0015s/iter; left time: 28.9616s
	iters: 400, epoch: 3 | loss: 0.4880363
	speed: 0.0015s/iter; left time: 28.7892s
	iters: 500, epoch: 3 | loss: 0.5081304
	speed: 0.0015s/iter; left time: 28.6166s
	iters: 600, epoch: 3 | loss: 0.1438603
	speed: 0.0015s/iter; left time: 28.4349s
	iters: 700, epoch: 3 | loss: 0.1107728
	speed: 0.0015s/iter; left time: 28.4900s
	iters: 800, epoch: 3 | loss: 0.1782115
	speed: 0.0015s/iter; left time: 28.4461s
	iters: 900, epoch: 3 | loss: 0.1290086
	speed: 0.0015s/iter; left time: 28.2470s
	iters: 1000, epoch: 3 | loss: 0.2532746
	speed: 0.0015s/iter; left time: 28.0619s
Epoch: 3 cost time: 1.6s
Epoch: 3, Steps: 1074 | Train Loss: 0.2427135 Vali Loss: 0.1335310
EarlyStopping counter: 1 out of 6
Updating learning rate to 0.0025
	iters: 100, epoch: 4 | loss: 0.2826896
	speed: 0.0015s/iter; left time: 27.6571s
	iters: 200, epoch: 4 | loss: 0.2086435
	speed: 0.0015s/iter; left time: 27.4160s
	iters: 300, epoch: 4 | loss: 0.1875415
	speed: 0.0016s/iter; left time: 27.8521s
	iters: 400, epoch: 4 | loss: 0.2849528
	speed: 0.0015s/iter; left time: 27.5126s
	iters: 500, epoch: 4 | loss: 0.1428223
	speed: 0.0015s/iter; left time: 27.2613s
	iters: 600, epoch: 4 | loss: 0.3557570
	speed: 0.0015s/iter; left time: 27.0362s
	iters: 700, epoch: 4 | loss: 0.1485070
	speed: 0.0015s/iter; left time: 26.8494s
	iters: 800, epoch: 4 | loss: 0.2577291
	speed: 0.0015s/iter; left time: 26.6541s
	iters: 900, epoch: 4 | loss: 0.1232556
	speed: 0.0015s/iter; left time: 26.4718s
	iters: 1000, epoch: 4 | loss: 0.2862836
	speed: 0.0015s/iter; left time: 26.2877s
Epoch: 4 cost time: 1.6s
Epoch: 4, Steps: 1074 | Train Loss: 0.2421220 Vali Loss: 0.1316893
Validation loss decreased (0.131723 --> 0.131689).  Saving model ...
Updating learning rate to 0.00125
	iters: 100, epoch: 5 | loss: 0.2440073
	speed: 0.0015s/iter; left time: 26.1122s
	iters: 200, epoch: 5 | loss: 0.3159611
	speed: 0.0015s/iter; left time: 25.8049s
	iters: 300, epoch: 5 | loss: 0.3252185
	speed: 0.0015s/iter; left time: 25.5991s
	iters: 400, epoch: 5 | loss: 0.2054126
	speed: 0.0015s/iter; left time: 25.4198s
	iters: 500, epoch: 5 | loss: 0.1478674
	speed: 0.0015s/iter; left time: 25.2376s
	iters: 600, epoch: 5 | loss: 0.3864700
	speed: 0.0015s/iter; left time: 25.3619s
	iters: 700, epoch: 5 | loss: 0.1690334
	speed: 0.0015s/iter; left time: 25.4774s
	iters: 800, epoch: 5 | loss: 0.1906861
	speed: 0.0015s/iter; left time: 25.2651s
	iters: 900, epoch: 5 | loss: 0.2416561
	speed: 0.0015s/iter; left time: 25.0483s
	iters: 1000, epoch: 5 | loss: 0.3461298
	speed: 0.0015s/iter; left time: 24.8457s
Epoch: 5 cost time: 1.6s
Epoch: 5, Steps: 1074 | Train Loss: 0.2417463 Vali Loss: 0.1302702
Validation loss decreased (0.131689 --> 0.130270).  Saving model ...
Updating learning rate to 0.000625
	iters: 100, epoch: 6 | loss: 0.3236098
	speed: 0.0015s/iter; left time: 24.4589s
	iters: 200, epoch: 6 | loss: 0.1563009
	speed: 0.0016s/iter; left time: 25.1280s
	iters: 300, epoch: 6 | loss: 0.1150693
	speed: 0.0016s/iter; left time: 24.6255s
	iters: 400, epoch: 6 | loss: 0.1936200
	speed: 0.0015s/iter; left time: 24.2869s
	iters: 500, epoch: 6 | loss: 0.2313102
	speed: 0.0015s/iter; left time: 24.0321s
	iters: 600, epoch: 6 | loss: 0.3768737
	speed: 0.0015s/iter; left time: 23.8096s
	iters: 700, epoch: 6 | loss: 0.2171811
	speed: 0.0015s/iter; left time: 23.6063s
	iters: 800, epoch: 6 | loss: 0.1813822
	speed: 0.0015s/iter; left time: 23.4152s
	iters: 900, epoch: 6 | loss: 0.2710088
	speed: 0.0015s/iter; left time: 23.2330s
	iters: 1000, epoch: 6 | loss: 0.1881565
	speed: 0.0015s/iter; left time: 23.0698s
Epoch: 6 cost time: 1.7s
Epoch: 6, Steps: 1074 | Train Loss: 0.2415886 Vali Loss: 0.1299651
Validation loss decreased (0.130270 --> 0.129965).  Saving model ...
Updating learning rate to 0.0003125
	iters: 100, epoch: 7 | loss: 0.2238607
	speed: 0.0015s/iter; left time: 22.7744s
	iters: 200, epoch: 7 | loss: 0.2037011
	speed: 0.0015s/iter; left time: 22.5198s
	iters: 300, epoch: 7 | loss: 0.1847985
	speed: 0.0015s/iter; left time: 22.3434s
	iters: 400, epoch: 7 | loss: 0.1352760
	speed: 0.0015s/iter; left time: 22.1763s
	iters: 500, epoch: 7 | loss: 0.2837550
	speed: 0.0015s/iter; left time: 22.0167s
	iters: 600, epoch: 7 | loss: 0.1834098
	speed: 0.0015s/iter; left time: 22.1345s
	iters: 700, epoch: 7 | loss: 0.2742961
	speed: 0.0015s/iter; left time: 21.9381s
	iters: 800, epoch: 7 | loss: 0.1815120
	speed: 0.0015s/iter; left time: 21.7527s
	iters: 900, epoch: 7 | loss: 0.2010528
	speed: 0.0015s/iter; left time: 21.5789s
	iters: 1000, epoch: 7 | loss: 0.2503280
	speed: 0.0015s/iter; left time: 21.4058s
Epoch: 7 cost time: 1.6s
Epoch: 7, Steps: 1074 | Train Loss: 0.2414933 Vali Loss: 0.1302285
EarlyStopping counter: 1 out of 6
Updating learning rate to 0.00015625
	iters: 100, epoch: 8 | loss: 0.1923052
	speed: 0.0015s/iter; left time: 21.1431s
	iters: 200, epoch: 8 | loss: 0.3050278
	speed: 0.0016s/iter; left time: 21.7841s
	iters: 300, epoch: 8 | loss: 0.1242133
	speed: 0.0016s/iter; left time: 21.3278s
	iters: 400, epoch: 8 | loss: 0.1750061
	speed: 0.0015s/iter; left time: 21.0205s
	iters: 500, epoch: 8 | loss: 0.2941767
	speed: 0.0015s/iter; left time: 20.7732s
	iters: 600, epoch: 8 | loss: 0.2181294
	speed: 0.0015s/iter; left time: 20.5555s
	iters: 700, epoch: 8 | loss: 0.1380092
	speed: 0.0015s/iter; left time: 20.3698s
	iters: 800, epoch: 8 | loss: 0.1616216
	speed: 0.0015s/iter; left time: 20.1894s
	iters: 900, epoch: 8 | loss: 0.2381276
	speed: 0.0015s/iter; left time: 20.0108s
	iters: 1000, epoch: 8 | loss: 0.3269890
	speed: 0.0015s/iter; left time: 19.9665s
Epoch: 8 cost time: 1.7s
Epoch: 8, Steps: 1074 | Train Loss: 0.2414446 Vali Loss: 0.1302366
EarlyStopping counter: 2 out of 6
Updating learning rate to 7.8125e-05
	iters: 100, epoch: 9 | loss: 0.2408664
	speed: 0.0015s/iter; left time: 19.4464s
	iters: 200, epoch: 9 | loss: 0.1364500
	speed: 0.0015s/iter; left time: 19.2094s
	iters: 300, epoch: 9 | loss: 0.3864230
	speed: 0.0015s/iter; left time: 19.0399s
	iters: 400, epoch: 9 | loss: 0.2945100
	speed: 0.0015s/iter; left time: 18.8794s
	iters: 500, epoch: 9 | loss: 0.2169242
	speed: 0.0015s/iter; left time: 18.7553s
	iters: 600, epoch: 9 | loss: 0.2152562
	speed: 0.0015s/iter; left time: 19.0247s
	iters: 700, epoch: 9 | loss: 0.1508092
	speed: 0.0015s/iter; left time: 18.8052s
	iters: 800, epoch: 9 | loss: 0.1707723
	speed: 0.0015s/iter; left time: 18.6032s
	iters: 900, epoch: 9 | loss: 0.1613270
	speed: 0.0015s/iter; left time: 18.4124s
	iters: 1000, epoch: 9 | loss: 0.1846579
	speed: 0.0015s/iter; left time: 18.2306s
Epoch: 9 cost time: 1.6s
Epoch: 9, Steps: 1074 | Train Loss: 0.2414132 Vali Loss: 0.1302830
EarlyStopping counter: 3 out of 6
Updating learning rate to 3.90625e-05
	iters: 100, epoch: 10 | loss: 0.2434527
	speed: 0.0015s/iter; left time: 17.8284s
	iters: 200, epoch: 10 | loss: 0.2536060
	speed: 0.0015s/iter; left time: 17.6053s
	iters: 300, epoch: 10 | loss: 0.3416412
	speed: 0.0015s/iter; left time: 17.4338s
	iters: 400, epoch: 10 | loss: 0.2516935
	speed: 0.0015s/iter; left time: 17.2808s
	iters: 500, epoch: 10 | loss: 0.1499306
	speed: 0.0015s/iter; left time: 17.1198s
	iters: 600, epoch: 10 | loss: 0.1235840
	speed: 0.0015s/iter; left time: 16.9604s
	iters: 700, epoch: 10 | loss: 0.1174170
	speed: 0.0015s/iter; left time: 16.8074s
	iters: 800, epoch: 10 | loss: 0.1364423
	speed: 0.0015s/iter; left time: 16.6532s
	iters: 900, epoch: 10 | loss: 0.1358248
	speed: 0.0015s/iter; left time: 16.6253s
	iters: 1000, epoch: 10 | loss: 0.3616099
	speed: 0.0015s/iter; left time: 16.4537s
Epoch: 10 cost time: 1.6s
Epoch: 10, Steps: 1074 | Train Loss: 0.2413983 Vali Loss: 0.1302623
EarlyStopping counter: 4 out of 6
Updating learning rate to 1.953125e-05
	iters: 100, epoch: 11 | loss: 0.1659911
	speed: 0.0015s/iter; left time: 16.1800s
	iters: 200, epoch: 11 | loss: 0.3453446
	speed: 0.0015s/iter; left time: 15.9863s
	iters: 300, epoch: 11 | loss: 0.2617618
	speed: 0.0015s/iter; left time: 15.8066s
	iters: 400, epoch: 11 | loss: 0.4330326
	speed: 0.0015s/iter; left time: 15.6405s
	iters: 500, epoch: 11 | loss: 0.1451443
	speed: 0.0016s/iter; left time: 15.9224s
	iters: 600, epoch: 11 | loss: 0.1483823
	speed: 0.0015s/iter; left time: 15.6926s
	iters: 700, epoch: 11 | loss: 0.1285153
	speed: 0.0015s/iter; left time: 15.4817s
	iters: 800, epoch: 11 | loss: 0.3013662
	speed: 0.0015s/iter; left time: 15.2919s
	iters: 900, epoch: 11 | loss: 0.1078550
	speed: 0.0015s/iter; left time: 15.1129s
	iters: 1000, epoch: 11 | loss: 0.1851048
	speed: 0.0015s/iter; left time: 14.9374s
Epoch: 11 cost time: 1.6s
Epoch: 11, Steps: 1074 | Train Loss: 0.2413906 Vali Loss: 0.1302654
EarlyStopping counter: 5 out of 6
Updating learning rate to 9.765625e-06
	iters: 100, epoch: 12 | loss: 0.2413447
	speed: 0.0015s/iter; left time: 14.5348s
	iters: 200, epoch: 12 | loss: 0.3603245
	speed: 0.0015s/iter; left time: 14.3808s
	iters: 300, epoch: 12 | loss: 0.1610252
	speed: 0.0015s/iter; left time: 14.2180s
	iters: 400, epoch: 12 | loss: 0.2021060
	speed: 0.0015s/iter; left time: 14.0517s
	iters: 500, epoch: 12 | loss: 0.2836309
	speed: 0.0015s/iter; left time: 13.8959s
	iters: 600, epoch: 12 | loss: 0.2816912
	speed: 0.0015s/iter; left time: 13.7354s
	iters: 700, epoch: 12 | loss: 0.2700297
	speed: 0.0015s/iter; left time: 13.5811s
	iters: 800, epoch: 12 | loss: 0.2704342
	speed: 0.0015s/iter; left time: 13.4286s
	iters: 900, epoch: 12 | loss: 0.1879126
	speed: 0.0015s/iter; left time: 13.3829s
	iters: 1000, epoch: 12 | loss: 0.1611487
	speed: 0.0015s/iter; left time: 13.2199s
Epoch: 12 cost time: 1.6s
Epoch: 12, Steps: 1074 | Train Loss: 0.2413815 Vali Loss: 0.1302694
EarlyStopping counter: 6 out of 6
Early stopping
Training time: 24.9s | Peak GPU memory: 66.1MB

>>> Testing...
test 11425
test shape: (11425, 1, 96, 7) (11425, 1, 96, 7)
test shape: (11425, 96, 7) (11425, 96, 7)
MSE: 0.185098, MAE: 0.268313
Inference: 4.63s | 11425 samples | 2465.7 samples/sec
Results saved to /lustre09/project/6010289/sdmuhsin/SpectraGate/results/ettm2_results.csv
========================================
Finished: Mon 09 Mar 2026 05:49:51 PM EDT
========================================
