========================================
Job: fn_FreTS_ETTh1_96
Model: FreTS
Dataset: ETTh1
Pred len: 96
Time limit: 4:00:00
GPU: h100_2g.20gb:1
Started: Mon 09 Mar 2026 06:13:38 PM EDT
========================================
Mon Mar  9 18:13:38 2026       
+-----------------------------------------------------------------------------------------+
| NVIDIA-SMI 570.211.01             Driver Version: 570.211.01     CUDA Version: 12.8     |
|-----------------------------------------+------------------------+----------------------+
| GPU  Name                 Persistence-M | Bus-Id          Disp.A | Volatile Uncorr. ECC |
| Fan  Temp   Perf          Pwr:Usage/Cap |           Memory-Usage | GPU-Util  Compute M. |
|                                         |                        |               MIG M. |
|=========================================+========================+======================|
|   0  NVIDIA H100 80GB HBM3          Off |   00000000:DB:00.0 Off |                   On |
| N/A   38C    P0            125W /  700W |     614MiB /  81559MiB |     N/A      Default |
|                                         |                        |              Enabled |
+-----------------------------------------+------------------------+----------------------+

+-----------------------------------------------------------------------------------------+
| MIG devices:                                                                            |
+------------------+----------------------------------+-----------+-----------------------+
| GPU  GI  CI  MIG |                     Memory-Usage |        Vol|        Shared         |
|      ID  ID  Dev |                       BAR1-Usage | SM     Unc| CE ENC  DEC  OFA  JPG |
|                  |                                  |        ECC|                       |
|==================+==================================+===========+=======================|
|  0    3   0   0  |              17MiB / 20096MiB    | 32      0 |  2   0    2    0    2 |
|                  |                 0MiB / 32767MiB  |           |                       |
+------------------+----------------------------------+-----------+-----------------------+
                                                                                         
+-----------------------------------------------------------------------------------------+
| Processes:                                                                              |
|  GPU   GI   CI              PID   Type   Process name                        GPU Memory |
|        ID   ID                                                               Usage      |
|=========================================================================================|
|  No running processes found                                                             |
+-----------------------------------------------------------------------------------------+
Using device: cuda:0
Model: FreTS, Dataset: ETTh1, pred_len: 96, seq_len: 96

>>> Training...
train 8449
val 2785
Model Model : total params: 3,236,832 | trainable: 3,236,832 (12.3475MB)
	iters: 100, epoch: 1 | loss: 0.4098895
	speed: 0.0059s/iter; left time: 15.0202s
	iters: 200, epoch: 1 | loss: 0.3666645
	speed: 0.0049s/iter; left time: 11.9400s
Epoch: 1 cost time: 1.2s
Epoch: 1, Steps: 264 | Train Loss: 0.5358158 Vali Loss: 0.7551697
Validation loss decreased (inf --> 0.755170).  Saving model ...
Updating learning rate to 0.001
	iters: 100, epoch: 2 | loss: 0.3567639
	speed: 0.0039s/iter; left time: 8.7949s
	iters: 200, epoch: 2 | loss: 0.4936615
	speed: 0.0039s/iter; left time: 8.3931s
Epoch: 2 cost time: 1.0s
Epoch: 2, Steps: 264 | Train Loss: 0.3996268 Vali Loss: 0.7312855
Validation loss decreased (0.755170 --> 0.731286).  Saving model ...
Updating learning rate to 0.0005
	iters: 100, epoch: 3 | loss: 0.3739327
	speed: 0.0038s/iter; left time: 7.7284s
	iters: 200, epoch: 3 | loss: 0.4046657
	speed: 0.0039s/iter; left time: 7.3652s
Epoch: 3 cost time: 1.0s
Epoch: 3, Steps: 264 | Train Loss: 0.3633991 Vali Loss: 0.7045280
Validation loss decreased (0.731286 --> 0.704528).  Saving model ...
Updating learning rate to 0.00025
	iters: 100, epoch: 4 | loss: 0.3912477
	speed: 0.0038s/iter; left time: 6.7174s
	iters: 200, epoch: 4 | loss: 0.3934792
	speed: 0.0038s/iter; left time: 6.3396s
Epoch: 4 cost time: 1.0s
Epoch: 4, Steps: 264 | Train Loss: 0.3520865 Vali Loss: 0.6761614
Validation loss decreased (0.704528 --> 0.676161).  Saving model ...
Updating learning rate to 0.000125
	iters: 100, epoch: 5 | loss: 0.3018897
	speed: 0.0038s/iter; left time: 5.6990s
	iters: 200, epoch: 5 | loss: 0.2858339
	speed: 0.0038s/iter; left time: 5.3240s
Epoch: 5 cost time: 1.0s
Epoch: 5, Steps: 264 | Train Loss: 0.3459200 Vali Loss: 0.6585868
Validation loss decreased (0.676161 --> 0.658587).  Saving model ...
Updating learning rate to 6.25e-05
	iters: 100, epoch: 6 | loss: 0.3904607
	speed: 0.0038s/iter; left time: 4.6871s
	iters: 200, epoch: 6 | loss: 0.3376711
	speed: 0.0038s/iter; left time: 4.3096s
Epoch: 6 cost time: 1.0s
Epoch: 6, Steps: 264 | Train Loss: 0.3423800 Vali Loss: 0.6497474
Validation loss decreased (0.658587 --> 0.649747).  Saving model ...
Updating learning rate to 3.125e-05
	iters: 100, epoch: 7 | loss: 0.3294427
	speed: 0.0039s/iter; left time: 3.6865s
	iters: 200, epoch: 7 | loss: 0.2757480
	speed: 0.0039s/iter; left time: 3.3075s
Epoch: 7 cost time: 1.0s
Epoch: 7, Steps: 264 | Train Loss: 0.3401432 Vali Loss: 0.6450902
Validation loss decreased (0.649747 --> 0.645090).  Saving model ...
Updating learning rate to 1.5625e-05
	iters: 100, epoch: 8 | loss: 0.2824011
	speed: 0.0039s/iter; left time: 2.6746s
	iters: 200, epoch: 8 | loss: 0.2643159
	speed: 0.0039s/iter; left time: 2.2848s
Epoch: 8 cost time: 1.0s
Epoch: 8, Steps: 264 | Train Loss: 0.3389930 Vali Loss: 0.6494046
EarlyStopping counter: 1 out of 3
Updating learning rate to 7.8125e-06
	iters: 100, epoch: 9 | loss: 0.3167754
	speed: 0.0038s/iter; left time: 1.6431s
	iters: 200, epoch: 9 | loss: 0.3033033
	speed: 0.0038s/iter; left time: 1.2656s
Epoch: 9 cost time: 1.0s
Epoch: 9, Steps: 264 | Train Loss: 0.3382480 Vali Loss: 0.6521702
EarlyStopping counter: 2 out of 3
Updating learning rate to 3.90625e-06
	iters: 100, epoch: 10 | loss: 0.3578468
	speed: 0.0039s/iter; left time: 0.6363s
	iters: 200, epoch: 10 | loss: 0.3014142
	speed: 0.0039s/iter; left time: 0.2516s
Epoch: 10 cost time: 1.0s
Epoch: 10, Steps: 264 | Train Loss: 0.3378483 Vali Loss: 0.6506131
EarlyStopping counter: 3 out of 3
Early stopping
Training time: 12.3s | Peak GPU memory: 212.6MB

>>> Testing...
test 2785
test shape: (2785, 1, 96, 7) (2785, 1, 96, 7)
test shape: (2785, 96, 7) (2785, 96, 7)
MSE: 0.401484, MAE: 0.411493
Inference: 1.89s | 2785 samples | 1471.6 samples/sec
Results saved to /lustre09/project/6010289/sdmuhsin/SpectraGate/results/etth1_results.csv
========================================
Finished: Mon 09 Mar 2026 06:13:57 PM EDT
========================================
