========================================
Job: fn_FreTS_ETTm1_96
Model: FreTS
Dataset: ETTm1
Pred len: 96
Time limit: 8:00:00
GPU: h100_2g.20gb:1
Started: Mon 09 Mar 2026 06:13:41 PM EDT
========================================
Mon Mar  9 18:13:41 2026       
+-----------------------------------------------------------------------------------------+
| NVIDIA-SMI 570.211.01             Driver Version: 570.211.01     CUDA Version: 12.8     |
|-----------------------------------------+------------------------+----------------------+
| GPU  Name                 Persistence-M | Bus-Id          Disp.A | Volatile Uncorr. ECC |
| Fan  Temp   Perf          Pwr:Usage/Cap |           Memory-Usage | GPU-Util  Compute M. |
|                                         |                        |               MIG M. |
|=========================================+========================+======================|
|   0  NVIDIA H100 80GB HBM3          Off |   00000000:DB:00.0 Off |                   On |
| N/A   46C    P0            263W /  700W |    2642MiB /  81559MiB |     N/A      Default |
|                                         |                        |              Enabled |
+-----------------------------------------+------------------------+----------------------+

+-----------------------------------------------------------------------------------------+
| MIG devices:                                                                            |
+------------------+----------------------------------+-----------+-----------------------+
| GPU  GI  CI  MIG |                     Memory-Usage |        Vol|        Shared         |
|      ID  ID  Dev |                       BAR1-Usage | SM     Unc| CE ENC  DEC  OFA  JPG |
|                  |                                  |        ECC|                       |
|==================+==================================+===========+=======================|
|  0    3   0   0  |              17MiB / 20096MiB    | 32      0 |  2   0    2    0    2 |
|                  |                 0MiB / 32767MiB  |           |                       |
+------------------+----------------------------------+-----------+-----------------------+
                                                                                         
+-----------------------------------------------------------------------------------------+
| Processes:                                                                              |
|  GPU   GI   CI              PID   Type   Process name                        GPU Memory |
|        ID   ID                                                               Usage      |
|=========================================================================================|
|  No running processes found                                                             |
+-----------------------------------------------------------------------------------------+
Using device: cuda:0
Model: FreTS, Dataset: ETTm1, pred_len: 96, seq_len: 96

>>> Training...
train 34369
val 11425
Model Model : total params: 3,236,832 | trainable: 3,236,832 (12.3475MB)
	iters: 100, epoch: 1 | loss: 0.3815051
	speed: 0.0059s/iter; left time: 62.2914s
	iters: 200, epoch: 1 | loss: 0.3949993
	speed: 0.0048s/iter; left time: 51.0638s
	iters: 300, epoch: 1 | loss: 0.3810190
	speed: 0.0045s/iter; left time: 47.0442s
	iters: 400, epoch: 1 | loss: 0.3772434
	speed: 0.0043s/iter; left time: 44.8475s
	iters: 500, epoch: 1 | loss: 0.3826442
	speed: 0.0042s/iter; left time: 43.3762s
	iters: 600, epoch: 1 | loss: 0.2718452
	speed: 0.0042s/iter; left time: 42.2502s
	iters: 700, epoch: 1 | loss: 0.3455707
	speed: 0.0041s/iter; left time: 41.3791s
	iters: 800, epoch: 1 | loss: 0.3145316
	speed: 0.0041s/iter; left time: 40.5936s
	iters: 900, epoch: 1 | loss: 0.3584440
	speed: 0.0041s/iter; left time: 39.8966s
	iters: 1000, epoch: 1 | loss: 0.3129530
	speed: 0.0040s/iter; left time: 39.2614s
Epoch: 1 cost time: 4.3s
Epoch: 1, Steps: 1074 | Train Loss: 0.3892802 Vali Loss: 0.4468175
Validation loss decreased (inf --> 0.446817).  Saving model ...
Updating learning rate to 0.001
	iters: 100, epoch: 2 | loss: 0.2702414
	speed: 0.0038s/iter; left time: 36.5684s
	iters: 200, epoch: 2 | loss: 0.2641177
	speed: 0.0038s/iter; left time: 36.1899s
	iters: 300, epoch: 2 | loss: 0.3809880
	speed: 0.0038s/iter; left time: 35.8009s
	iters: 400, epoch: 2 | loss: 0.3283937
	speed: 0.0038s/iter; left time: 35.4165s
	iters: 500, epoch: 2 | loss: 0.2962882
	speed: 0.0038s/iter; left time: 35.0318s
	iters: 600, epoch: 2 | loss: 0.2981570
	speed: 0.0038s/iter; left time: 34.6493s
	iters: 700, epoch: 2 | loss: 0.2611941
	speed: 0.0038s/iter; left time: 34.2669s
	iters: 800, epoch: 2 | loss: 0.2253488
	speed: 0.0038s/iter; left time: 33.8852s
	iters: 900, epoch: 2 | loss: 0.3731069
	speed: 0.0038s/iter; left time: 33.5086s
	iters: 1000, epoch: 2 | loss: 0.2800769
	speed: 0.0038s/iter; left time: 33.1263s
Epoch: 2 cost time: 4.1s
Epoch: 2, Steps: 1074 | Train Loss: 0.3116518 Vali Loss: 0.4356515
Validation loss decreased (0.446817 --> 0.435652).  Saving model ...
Updating learning rate to 0.0005
	iters: 100, epoch: 3 | loss: 0.2413760
	speed: 0.0039s/iter; left time: 32.7478s
	iters: 200, epoch: 3 | loss: 0.2592199
	speed: 0.0038s/iter; left time: 32.2179s
	iters: 300, epoch: 3 | loss: 0.3292377
	speed: 0.0038s/iter; left time: 31.7776s
	iters: 400, epoch: 3 | loss: 0.3493135
	speed: 0.0038s/iter; left time: 31.3634s
	iters: 500, epoch: 3 | loss: 0.3578411
	speed: 0.0038s/iter; left time: 30.9629s
	iters: 600, epoch: 3 | loss: 0.2767146
	speed: 0.0038s/iter; left time: 30.5867s
	iters: 700, epoch: 3 | loss: 0.3081404
	speed: 0.0038s/iter; left time: 30.1938s
	iters: 800, epoch: 3 | loss: 0.2677403
	speed: 0.0038s/iter; left time: 29.8040s
	iters: 900, epoch: 3 | loss: 0.3035205
	speed: 0.0038s/iter; left time: 29.4162s
	iters: 1000, epoch: 3 | loss: 0.2703961
	speed: 0.0038s/iter; left time: 29.0305s
Epoch: 3 cost time: 4.1s
Epoch: 3, Steps: 1074 | Train Loss: 0.2875128 Vali Loss: 0.4069479
Validation loss decreased (0.435652 --> 0.406948).  Saving model ...
Updating learning rate to 0.00025
	iters: 100, epoch: 4 | loss: 0.2314245
	speed: 0.0038s/iter; left time: 28.3859s
	iters: 200, epoch: 4 | loss: 0.2950604
	speed: 0.0038s/iter; left time: 28.0004s
	iters: 300, epoch: 4 | loss: 0.2685541
	speed: 0.0038s/iter; left time: 27.6279s
	iters: 400, epoch: 4 | loss: 0.3161169
	speed: 0.0038s/iter; left time: 27.2523s
	iters: 500, epoch: 4 | loss: 0.2521671
	speed: 0.0038s/iter; left time: 26.8589s
	iters: 600, epoch: 4 | loss: 0.2244901
	speed: 0.0038s/iter; left time: 26.4662s
	iters: 700, epoch: 4 | loss: 0.2862124
	speed: 0.0038s/iter; left time: 26.0787s
	iters: 800, epoch: 4 | loss: 0.2464733
	speed: 0.0038s/iter; left time: 25.6929s
	iters: 900, epoch: 4 | loss: 0.2427713
	speed: 0.0038s/iter; left time: 25.3070s
	iters: 1000, epoch: 4 | loss: 0.2608798
	speed: 0.0038s/iter; left time: 24.9251s
Epoch: 4 cost time: 4.1s
Epoch: 4, Steps: 1074 | Train Loss: 0.2772809 Vali Loss: 0.4079453
EarlyStopping counter: 1 out of 3
Updating learning rate to 0.000125
	iters: 100, epoch: 5 | loss: 0.3025683
	speed: 0.0038s/iter; left time: 24.2156s
	iters: 200, epoch: 5 | loss: 0.2845923
	speed: 0.0038s/iter; left time: 23.8487s
	iters: 300, epoch: 5 | loss: 0.3329074
	speed: 0.0038s/iter; left time: 23.4710s
	iters: 400, epoch: 5 | loss: 0.2934449
	speed: 0.0038s/iter; left time: 23.0891s
	iters: 500, epoch: 5 | loss: 0.2354676
	speed: 0.0038s/iter; left time: 22.7088s
	iters: 600, epoch: 5 | loss: 0.3186209
	speed: 0.0038s/iter; left time: 22.3287s
	iters: 700, epoch: 5 | loss: 0.2547673
	speed: 0.0038s/iter; left time: 21.9548s
	iters: 800, epoch: 5 | loss: 0.2616733
	speed: 0.0038s/iter; left time: 21.5873s
	iters: 900, epoch: 5 | loss: 0.2280076
	speed: 0.0038s/iter; left time: 21.2141s
	iters: 1000, epoch: 5 | loss: 0.3154717
	speed: 0.0038s/iter; left time: 20.8404s
Epoch: 5 cost time: 4.1s
Epoch: 5, Steps: 1074 | Train Loss: 0.2704216 Vali Loss: 0.4109673
EarlyStopping counter: 2 out of 3
Updating learning rate to 6.25e-05
	iters: 100, epoch: 6 | loss: 0.2440544
	speed: 0.0038s/iter; left time: 20.2559s
	iters: 200, epoch: 6 | loss: 0.2613868
	speed: 0.0038s/iter; left time: 19.8419s
	iters: 300, epoch: 6 | loss: 0.2658691
	speed: 0.0038s/iter; left time: 19.4354s
	iters: 400, epoch: 6 | loss: 0.2674462
	speed: 0.0038s/iter; left time: 19.0481s
	iters: 500, epoch: 6 | loss: 0.3106541
	speed: 0.0038s/iter; left time: 18.6552s
	iters: 600, epoch: 6 | loss: 0.2247228
	speed: 0.0038s/iter; left time: 18.2675s
	iters: 700, epoch: 6 | loss: 0.2718299
	speed: 0.0038s/iter; left time: 17.8799s
	iters: 800, epoch: 6 | loss: 0.2580065
	speed: 0.0038s/iter; left time: 17.4942s
	iters: 900, epoch: 6 | loss: 0.2618592
	speed: 0.0038s/iter; left time: 17.1091s
	iters: 1000, epoch: 6 | loss: 0.3035489
	speed: 0.0038s/iter; left time: 16.7252s
Epoch: 6 cost time: 4.1s
Epoch: 6, Steps: 1074 | Train Loss: 0.2657890 Vali Loss: 0.4117415
EarlyStopping counter: 3 out of 3
Early stopping
Training time: 29.4s | Peak GPU memory: 212.6MB

>>> Testing...
test 11425
test shape: (11425, 1, 96, 7) (11425, 1, 96, 7)
test shape: (11425, 96, 7) (11425, 96, 7)
MSE: 0.336134, MAE: 0.372307
Inference: 7.82s | 11425 samples | 1461.7 samples/sec
Results saved to /lustre09/project/6010289/sdmuhsin/SpectraGate/results/ettm1_results.csv
========================================
Finished: Mon 09 Mar 2026 06:14:24 PM EDT
========================================
