========================================
Job: fn_Informer_ETTh2_96
Model: Informer
Dataset: ETTh2
Pred len: 96
Time limit: 4:00:00
GPU: h100_2g.20gb:1
Started: Mon 09 Mar 2026 06:13:58 PM EDT
========================================
Mon Mar  9 18:13:58 2026       
+-----------------------------------------------------------------------------------------+
| NVIDIA-SMI 570.211.01             Driver Version: 570.211.01     CUDA Version: 12.8     |
|-----------------------------------------+------------------------+----------------------+
| GPU  Name                 Persistence-M | Bus-Id          Disp.A | Volatile Uncorr. ECC |
| Fan  Temp   Perf          Pwr:Usage/Cap |           Memory-Usage | GPU-Util  Compute M. |
|                                         |                        |               MIG M. |
|=========================================+========================+======================|
|   0  NVIDIA H100 80GB HBM3          Off |   00000000:5F:00.0 Off |                   On |
| N/A   34C    P0             92W /  700W |      59MiB /  81559MiB |     N/A      Default |
|                                         |                        |              Enabled |
+-----------------------------------------+------------------------+----------------------+

+-----------------------------------------------------------------------------------------+
| MIG devices:                                                                            |
+------------------+----------------------------------+-----------+-----------------------+
| GPU  GI  CI  MIG |                     Memory-Usage |        Vol|        Shared         |
|      ID  ID  Dev |                       BAR1-Usage | SM     Unc| CE ENC  DEC  OFA  JPG |
|                  |                                  |        ECC|                       |
|==================+==================================+===========+=======================|
|  0    3   0   0  |              17MiB / 20096MiB    | 32      0 |  2   0    2    0    2 |
|                  |                 0MiB / 32767MiB  |           |                       |
+------------------+----------------------------------+-----------+-----------------------+
                                                                                         
+-----------------------------------------------------------------------------------------+
| Processes:                                                                              |
|  GPU   GI   CI              PID   Type   Process name                        GPU Memory |
|        ID   ID                                                               Usage      |
|=========================================================================================|
|  No running processes found                                                             |
+-----------------------------------------------------------------------------------------+
Using device: cuda:0
Model: Informer, Dataset: ETTh2, pred_len: 96, seq_len: 96

>>> Training...
train 8449
val 2785
Model Model : total params: 11,328,007 | trainable: 11,328,007 (43.2129MB)
	iters: 100, epoch: 1 | loss: 0.4148678
	speed: 0.0368s/iter; left time: 93.6003s
	iters: 200, epoch: 1 | loss: 0.4288022
	speed: 0.0341s/iter; left time: 83.3231s
Epoch: 1 cost time: 8.9s
Epoch: 1, Steps: 264 | Train Loss: 0.3786528 Vali Loss: 1.0409278
Validation loss decreased (inf --> 1.040928).  Saving model ...
Updating learning rate to 0.0001
	iters: 100, epoch: 2 | loss: 0.2291981
	speed: 0.0313s/iter; left time: 71.2720s
	iters: 200, epoch: 2 | loss: 0.2196441
	speed: 0.0314s/iter; left time: 68.3307s
Epoch: 2 cost time: 8.3s
Epoch: 2, Steps: 264 | Train Loss: 0.2589426 Vali Loss: 1.0517855
EarlyStopping counter: 1 out of 3
Updating learning rate to 5e-05
	iters: 100, epoch: 3 | loss: 0.2544203
	speed: 0.0313s/iter; left time: 63.0312s
	iters: 200, epoch: 3 | loss: 0.1825918
	speed: 0.0314s/iter; left time: 60.0656s
Epoch: 3 cost time: 8.3s
Epoch: 3, Steps: 264 | Train Loss: 0.2128867 Vali Loss: 1.4181544
EarlyStopping counter: 2 out of 3
Updating learning rate to 2.5e-05
	iters: 100, epoch: 4 | loss: 0.2017514
	speed: 0.0313s/iter; left time: 54.7124s
	iters: 200, epoch: 4 | loss: 0.2015489
	speed: 0.0314s/iter; left time: 51.7206s
Epoch: 4 cost time: 8.3s
Epoch: 4, Steps: 264 | Train Loss: 0.1918204 Vali Loss: 1.4250796
EarlyStopping counter: 3 out of 3
Early stopping
Training time: 39.0s | Peak GPU memory: 830.1MB

>>> Testing...
test 2785
test shape: (2785, 1, 96, 7) (2785, 1, 96, 7)
test shape: (2785, 96, 7) (2785, 96, 7)
MSE: 3.120429, MAE: 1.384063
Inference: 11.23s | 2785 samples | 248.1 samples/sec
Results saved to /lustre09/project/6010289/sdmuhsin/SpectraGate/results/etth2_results.csv
========================================
Finished: Mon 09 Mar 2026 06:14:54 PM EDT
========================================
