========================================
Job: fn_iTransformer_Weather_96
Model: iTransformer
Dataset: Weather
Pred len: 96
Time limit: 4:00:00
GPU: h100_2g.20gb:1
Started: Mon 09 Mar 2026 06:12:19 PM EDT
========================================
Mon Mar  9 18:12:19 2026       
+-----------------------------------------------------------------------------------------+
| NVIDIA-SMI 570.211.01             Driver Version: 570.211.01     CUDA Version: 12.8     |
|-----------------------------------------+------------------------+----------------------+
| GPU  Name                 Persistence-M | Bus-Id          Disp.A | Volatile Uncorr. ECC |
| Fan  Temp   Perf          Pwr:Usage/Cap |           Memory-Usage | GPU-Util  Compute M. |
|                                         |                        |               MIG M. |
|=========================================+========================+======================|
|   0  NVIDIA H100 80GB HBM3          Off |   00000000:5F:00.0 Off |                   On |
| N/A   32C    P0             69W /  700W |      59MiB /  81559MiB |     N/A      Default |
|                                         |                        |              Enabled |
+-----------------------------------------+------------------------+----------------------+

+-----------------------------------------------------------------------------------------+
| MIG devices:                                                                            |
+------------------+----------------------------------+-----------+-----------------------+
| GPU  GI  CI  MIG |                     Memory-Usage |        Vol|        Shared         |
|      ID  ID  Dev |                       BAR1-Usage | SM     Unc| CE ENC  DEC  OFA  JPG |
|                  |                                  |        ECC|                       |
|==================+==================================+===========+=======================|
|  0    3   0   0  |              17MiB / 20096MiB    | 32      0 |  2   0    2    0    2 |
|                  |                 0MiB / 32767MiB  |           |                       |
+------------------+----------------------------------+-----------+-----------------------+
                                                                                         
+-----------------------------------------------------------------------------------------+
| Processes:                                                                              |
|  GPU   GI   CI              PID   Type   Process name                        GPU Memory |
|        ID   ID                                                               Usage      |
|=========================================================================================|
|  No running processes found                                                             |
+-----------------------------------------------------------------------------------------+
Using device: cuda:0
Model: iTransformer, Dataset: Weather, pred_len: 96, seq_len: 96

>>> Training...
train 36696
val 5175
Model Model : total params: 4,832,864 | trainable: 4,832,864 (18.4359MB)
	iters: 100, epoch: 1 | loss: 0.4979458
	speed: 0.0079s/iter; left time: 89.9676s
	iters: 200, epoch: 1 | loss: 0.6852024
	speed: 0.0069s/iter; left time: 77.6031s
	iters: 300, epoch: 1 | loss: 1.2896122
	speed: 0.0065s/iter; left time: 72.7975s
	iters: 400, epoch: 1 | loss: 0.4187993
	speed: 0.0064s/iter; left time: 70.2953s
	iters: 500, epoch: 1 | loss: 0.5157354
	speed: 0.0062s/iter; left time: 68.4932s
	iters: 600, epoch: 1 | loss: 0.3804829
	speed: 0.0063s/iter; left time: 67.9643s
	iters: 700, epoch: 1 | loss: 0.2889694
	speed: 0.0062s/iter; left time: 66.5673s
	iters: 800, epoch: 1 | loss: 0.4335832
	speed: 0.0062s/iter; left time: 65.9577s
	iters: 900, epoch: 1 | loss: 0.3450525
	speed: 0.0061s/iter; left time: 64.8902s
	iters: 1000, epoch: 1 | loss: 0.4045535
	speed: 0.0061s/iter; left time: 63.9869s
	iters: 1100, epoch: 1 | loss: 0.2806946
	speed: 0.0061s/iter; left time: 63.3163s
Epoch: 1 cost time: 7.0s
Epoch: 1, Steps: 1146 | Train Loss: 0.5120384 Vali Loss: 0.4491248
Validation loss decreased (inf --> 0.449125).  Saving model ...
Updating learning rate to 0.0005
	iters: 100, epoch: 2 | loss: 0.4841251
	speed: 0.0061s/iter; left time: 62.0099s
	iters: 200, epoch: 2 | loss: 0.4756136
	speed: 0.0062s/iter; left time: 62.3481s
	iters: 300, epoch: 2 | loss: 0.3604753
	speed: 0.0061s/iter; left time: 61.1027s
	iters: 400, epoch: 2 | loss: 0.5696143
	speed: 0.0061s/iter; left time: 60.6447s
	iters: 500, epoch: 2 | loss: 0.3315431
	speed: 0.0061s/iter; left time: 59.9583s
	iters: 600, epoch: 2 | loss: 0.4204842
	speed: 0.0061s/iter; left time: 59.1393s
	iters: 700, epoch: 2 | loss: 0.6166527
	speed: 0.0061s/iter; left time: 58.5071s
	iters: 800, epoch: 2 | loss: 0.6049259
	speed: 0.0061s/iter; left time: 57.7523s
	iters: 900, epoch: 2 | loss: 0.3371481
	speed: 0.0061s/iter; left time: 57.2222s
	iters: 1000, epoch: 2 | loss: 0.4072983
	speed: 0.0061s/iter; left time: 56.5457s
	iters: 1100, epoch: 2 | loss: 0.3731625
	speed: 0.0061s/iter; left time: 55.9955s
Epoch: 2 cost time: 7.0s
Epoch: 2, Steps: 1146 | Train Loss: 0.4861954 Vali Loss: 0.4682337
EarlyStopping counter: 1 out of 3
Updating learning rate to 0.00025
	iters: 100, epoch: 3 | loss: 0.2896801
	speed: 0.0061s/iter; left time: 55.5136s
	iters: 200, epoch: 3 | loss: 0.3103056
	speed: 0.0060s/iter; left time: 54.1223s
	iters: 300, epoch: 3 | loss: 0.2845042
	speed: 0.0060s/iter; left time: 53.6072s
	iters: 400, epoch: 3 | loss: 0.4143096
	speed: 0.0060s/iter; left time: 52.8340s
	iters: 500, epoch: 3 | loss: 0.3081024
	speed: 0.0060s/iter; left time: 52.3597s
	iters: 600, epoch: 3 | loss: 0.2800182
	speed: 0.0060s/iter; left time: 51.6594s
	iters: 700, epoch: 3 | loss: 1.3062640
	speed: 0.0060s/iter; left time: 51.1260s
	iters: 800, epoch: 3 | loss: 0.4038248
	speed: 0.0060s/iter; left time: 50.4469s
	iters: 900, epoch: 3 | loss: 0.3270411
	speed: 0.0060s/iter; left time: 49.7953s
	iters: 1000, epoch: 3 | loss: 0.3869298
	speed: 0.0060s/iter; left time: 49.1768s
	iters: 1100, epoch: 3 | loss: 0.2739423
	speed: 0.0060s/iter; left time: 48.5252s
Epoch: 3 cost time: 6.9s
Epoch: 3, Steps: 1146 | Train Loss: 0.4488192 Vali Loss: 0.4209079
Validation loss decreased (0.449125 --> 0.420908).  Saving model ...
Updating learning rate to 0.000125
	iters: 100, epoch: 4 | loss: 0.2672889
	speed: 0.0060s/iter; left time: 47.8802s
	iters: 200, epoch: 4 | loss: 0.2570475
	speed: 0.0060s/iter; left time: 46.9976s
	iters: 300, epoch: 4 | loss: 0.4085510
	speed: 0.0060s/iter; left time: 46.5863s
	iters: 400, epoch: 4 | loss: 0.3708194
	speed: 0.0060s/iter; left time: 45.8892s
	iters: 500, epoch: 4 | loss: 0.2226673
	speed: 0.0060s/iter; left time: 45.4035s
	iters: 600, epoch: 4 | loss: 0.2653699
	speed: 0.0060s/iter; left time: 44.7909s
	iters: 700, epoch: 4 | loss: 0.3564691
	speed: 0.0060s/iter; left time: 44.2093s
	iters: 800, epoch: 4 | loss: 0.3623681
	speed: 0.0060s/iter; left time: 43.5718s
	iters: 900, epoch: 4 | loss: 0.5308606
	speed: 0.0060s/iter; left time: 42.8932s
	iters: 1000, epoch: 4 | loss: 0.3687387
	speed: 0.0060s/iter; left time: 42.4445s
	iters: 1100, epoch: 4 | loss: 0.3010460
	speed: 0.0061s/iter; left time: 41.9536s
Epoch: 4 cost time: 7.0s
Epoch: 4, Steps: 1146 | Train Loss: 0.4205492 Vali Loss: 0.4380886
EarlyStopping counter: 1 out of 3
Updating learning rate to 6.25e-05
	iters: 100, epoch: 5 | loss: 0.2844973
	speed: 0.0063s/iter; left time: 42.5673s
	iters: 200, epoch: 5 | loss: 1.1808107
	speed: 0.0061s/iter; left time: 40.7515s
	iters: 300, epoch: 5 | loss: 0.4152663
	speed: 0.0060s/iter; left time: 39.7683s
	iters: 400, epoch: 5 | loss: 0.3087086
	speed: 0.0061s/iter; left time: 39.5413s
	iters: 500, epoch: 5 | loss: 1.0148184
	speed: 0.0061s/iter; left time: 38.9334s
	iters: 600, epoch: 5 | loss: 0.2758280
	speed: 0.0062s/iter; left time: 38.7410s
	iters: 700, epoch: 5 | loss: 0.2543387
	speed: 0.0062s/iter; left time: 38.2441s
	iters: 800, epoch: 5 | loss: 0.2406142
	speed: 0.0062s/iter; left time: 37.7837s
	iters: 900, epoch: 5 | loss: 0.2441251
	speed: 0.0062s/iter; left time: 37.2281s
	iters: 1000, epoch: 5 | loss: 0.2861241
	speed: 0.0062s/iter; left time: 36.7187s
	iters: 1100, epoch: 5 | loss: 1.1545992
	speed: 0.0062s/iter; left time: 36.0127s
Epoch: 5 cost time: 7.1s
Epoch: 5, Steps: 1146 | Train Loss: 0.4016276 Vali Loss: 0.4303128
EarlyStopping counter: 2 out of 3
Updating learning rate to 3.125e-05
	iters: 100, epoch: 6 | loss: 0.3358741
	speed: 0.0060s/iter; left time: 33.7300s
	iters: 200, epoch: 6 | loss: 0.2395516
	speed: 0.0061s/iter; left time: 33.5838s
	iters: 300, epoch: 6 | loss: 0.4627917
	speed: 0.0060s/iter; left time: 32.8432s
	iters: 400, epoch: 6 | loss: 0.3692634
	speed: 0.0061s/iter; left time: 32.5950s
	iters: 500, epoch: 6 | loss: 0.4358301
	speed: 0.0061s/iter; left time: 31.8837s
	iters: 600, epoch: 6 | loss: 0.4970975
	speed: 0.0061s/iter; left time: 31.2765s
	iters: 700, epoch: 6 | loss: 0.4760987
	speed: 0.0061s/iter; left time: 30.6028s
	iters: 800, epoch: 6 | loss: 0.2147499
	speed: 0.0061s/iter; left time: 30.0347s
	iters: 900, epoch: 6 | loss: 0.3779306
	speed: 0.0061s/iter; left time: 29.3757s
	iters: 1000, epoch: 6 | loss: 0.1972214
	speed: 0.0061s/iter; left time: 28.7904s
	iters: 1100, epoch: 6 | loss: 0.4776767
	speed: 0.0061s/iter; left time: 28.1453s
Epoch: 6 cost time: 7.0s
Epoch: 6, Steps: 1146 | Train Loss: 0.3874504 Vali Loss: 0.4360864
EarlyStopping counter: 3 out of 3
Early stopping
Training time: 45.8s | Peak GPU memory: 177.6MB

>>> Testing...
test 10444
test shape: (10444, 1, 96, 21) (10444, 1, 96, 21)
test shape: (10444, 96, 21) (10444, 96, 21)
MSE: 0.178053, MAE: 0.219185
Inference: 10.88s | 10444 samples | 959.6 samples/sec
Results saved to /lustre09/project/6010289/sdmuhsin/SpectraGate/results/weather_results.csv
========================================
Finished: Mon 09 Mar 2026 06:13:24 PM EDT
========================================
