========================================
Job: fn_Informer_Traffic_96
Model: Informer
Dataset: Traffic
Pred len: 96
Time limit: 12:00:00
GPU: h100_3g.40gb:1
Started: Mon 09 Mar 2026 06:12:23 PM EDT
========================================
Mon Mar  9 18:12:23 2026       
+-----------------------------------------------------------------------------------------+
| NVIDIA-SMI 570.211.01             Driver Version: 570.211.01     CUDA Version: 12.8     |
|-----------------------------------------+------------------------+----------------------+
| GPU  Name                 Persistence-M | Bus-Id          Disp.A | Volatile Uncorr. ECC |
| Fan  Temp   Perf          Pwr:Usage/Cap |           Memory-Usage | GPU-Util  Compute M. |
|                                         |                        |               MIG M. |
|=========================================+========================+======================|
|   0  NVIDIA H100 80GB HBM3          Off |   00000000:5F:00.0 Off |                   On |
| N/A   32C    P0             69W /  700W |      59MiB /  81559MiB |     N/A      Default |
|                                         |                        |              Enabled |
+-----------------------------------------+------------------------+----------------------+

+-----------------------------------------------------------------------------------------+
| MIG devices:                                                                            |
+------------------+----------------------------------+-----------+-----------------------+
| GPU  GI  CI  MIG |                     Memory-Usage |        Vol|        Shared         |
|      ID  ID  Dev |                       BAR1-Usage | SM     Unc| CE ENC  DEC  OFA  JPG |
|                  |                                  |        ECC|                       |
|==================+==================================+===========+=======================|
|  0    2   0   0  |              26MiB / 40448MiB    | 60      0 |  3   0    3    0    3 |
|                  |                 0MiB / 65535MiB  |           |                       |
+------------------+----------------------------------+-----------+-----------------------+
                                                                                         
+-----------------------------------------------------------------------------------------+
| Processes:                                                                              |
|  GPU   GI   CI              PID   Type   Process name                        GPU Memory |
|        ID   ID                                                               Usage      |
|=========================================================================================|
|  No running processes found                                                             |
+-----------------------------------------------------------------------------------------+
Using device: cuda:0
Model: Informer, Dataset: Traffic, pred_len: 96, seq_len: 96

>>> Training...
train 12089
val 1661
Model Model : total params: 14,393,182 | trainable: 14,393,182 (54.9056MB)
	iters: 100, epoch: 1 | loss: 0.7775477
	speed: 0.0385s/iter; left time: 287.1231s
	iters: 200, epoch: 1 | loss: 0.6391203
	speed: 0.0338s/iter; left time: 248.2874s
	iters: 300, epoch: 1 | loss: 0.5981095
	speed: 0.0322s/iter; left time: 233.3996s
	iters: 400, epoch: 1 | loss: 0.4562177
	speed: 0.0314s/iter; left time: 224.3883s
	iters: 500, epoch: 1 | loss: 0.4151296
	speed: 0.0309s/iter; left time: 217.6343s
	iters: 600, epoch: 1 | loss: 0.3743251
	speed: 0.0306s/iter; left time: 212.5096s
	iters: 700, epoch: 1 | loss: 0.3315264
	speed: 0.0303s/iter; left time: 207.8358s
Epoch: 1 cost time: 22.8s
Epoch: 1, Steps: 755 | Train Loss: 0.5571855 Vali Loss: 0.6392618
Validation loss decreased (inf --> 0.639262).  Saving model ...
Updating learning rate to 0.0001
	iters: 100, epoch: 2 | loss: 0.3042848
	speed: 0.0293s/iter; left time: 195.8869s
	iters: 200, epoch: 2 | loss: 0.2965780
	speed: 0.0294s/iter; left time: 193.6523s
	iters: 300, epoch: 2 | loss: 0.2897272
	speed: 0.0293s/iter; left time: 190.2880s
	iters: 400, epoch: 2 | loss: 0.3051431
	speed: 0.0293s/iter; left time: 187.3557s
	iters: 500, epoch: 2 | loss: 0.2885572
	speed: 0.0293s/iter; left time: 184.1775s
	iters: 600, epoch: 2 | loss: 0.2812376
	speed: 0.0292s/iter; left time: 180.8900s
	iters: 700, epoch: 2 | loss: 0.2620271
	speed: 0.0291s/iter; left time: 177.5048s
Epoch: 2 cost time: 22.0s
Epoch: 2, Steps: 755 | Train Loss: 0.2867111 Vali Loss: 0.5830643
Validation loss decreased (0.639262 --> 0.583064).  Saving model ...
Updating learning rate to 5e-05
	iters: 100, epoch: 3 | loss: 0.2485832
	speed: 0.0289s/iter; left time: 171.5455s
	iters: 200, epoch: 3 | loss: 0.2576983
	speed: 0.0290s/iter; left time: 169.4160s
	iters: 300, epoch: 3 | loss: 0.2422990
	speed: 0.0291s/iter; left time: 166.7830s
	iters: 400, epoch: 3 | loss: 0.2957469
	speed: 0.0291s/iter; left time: 164.2951s
	iters: 500, epoch: 3 | loss: 0.2271581
	speed: 0.0290s/iter; left time: 160.8665s
	iters: 600, epoch: 3 | loss: 0.2530320
	speed: 0.0290s/iter; left time: 157.8949s
	iters: 700, epoch: 3 | loss: 0.2387628
	speed: 0.0290s/iter; left time: 154.7527s
Epoch: 3 cost time: 21.9s
Epoch: 3, Steps: 755 | Train Loss: 0.2463814 Vali Loss: 0.5658284
Validation loss decreased (0.583064 --> 0.565828).  Saving model ...
Updating learning rate to 2.5e-05
	iters: 100, epoch: 4 | loss: 0.2439237
	speed: 0.0287s/iter; left time: 149.0791s
	iters: 200, epoch: 4 | loss: 0.2149598
	speed: 0.0287s/iter; left time: 146.0027s
	iters: 300, epoch: 4 | loss: 0.2429312
	speed: 0.0287s/iter; left time: 143.3464s
	iters: 400, epoch: 4 | loss: 0.2232898
	speed: 0.0288s/iter; left time: 140.5792s
	iters: 500, epoch: 4 | loss: 0.2735228
	speed: 0.0288s/iter; left time: 137.6977s
	iters: 600, epoch: 4 | loss: 0.2221041
	speed: 0.0288s/iter; left time: 135.1131s
	iters: 700, epoch: 4 | loss: 0.2346881
	speed: 0.0288s/iter; left time: 132.1964s
Epoch: 4 cost time: 21.8s
Epoch: 4, Steps: 755 | Train Loss: 0.2333973 Vali Loss: 0.5577237
Validation loss decreased (0.565828 --> 0.557724).  Saving model ...
Updating learning rate to 1.25e-05
	iters: 100, epoch: 5 | loss: 0.2209826
	speed: 0.0288s/iter; left time: 127.5950s
	iters: 200, epoch: 5 | loss: 0.2352515
	speed: 0.0289s/iter; left time: 124.9531s
	iters: 300, epoch: 5 | loss: 0.2318407
	speed: 0.0288s/iter; left time: 121.9231s
	iters: 400, epoch: 5 | loss: 0.2304090
	speed: 0.0288s/iter; left time: 119.0052s
	iters: 500, epoch: 5 | loss: 0.2418166
	speed: 0.0288s/iter; left time: 115.9944s
	iters: 600, epoch: 5 | loss: 0.2057504
	speed: 0.0288s/iter; left time: 113.0552s
	iters: 700, epoch: 5 | loss: 0.2131687
	speed: 0.0288s/iter; left time: 110.3907s
Epoch: 5 cost time: 21.8s
Epoch: 5, Steps: 755 | Train Loss: 0.2273951 Vali Loss: 0.5560259
Validation loss decreased (0.557724 --> 0.556026).  Saving model ...
Updating learning rate to 6.25e-06
	iters: 100, epoch: 6 | loss: 0.2333924
	speed: 0.0291s/iter; left time: 106.7993s
	iters: 200, epoch: 6 | loss: 0.2161330
	speed: 0.0290s/iter; left time: 103.5795s
	iters: 300, epoch: 6 | loss: 0.2502448
	speed: 0.0289s/iter; left time: 100.4230s
	iters: 400, epoch: 6 | loss: 0.2269524
	speed: 0.0288s/iter; left time: 97.3287s
	iters: 500, epoch: 6 | loss: 0.2065261
	speed: 0.0288s/iter; left time: 94.3336s
	iters: 600, epoch: 6 | loss: 0.2477707
	speed: 0.0288s/iter; left time: 91.5497s
	iters: 700, epoch: 6 | loss: 0.2309459
	speed: 0.0289s/iter; left time: 88.7722s
Epoch: 6 cost time: 21.8s
Epoch: 6, Steps: 755 | Train Loss: 0.2245275 Vali Loss: 0.5518541
Validation loss decreased (0.556026 --> 0.551854).  Saving model ...
Updating learning rate to 3.125e-06
	iters: 100, epoch: 7 | loss: 0.2141174
	speed: 0.0297s/iter; left time: 86.7482s
	iters: 200, epoch: 7 | loss: 0.2112605
	speed: 0.0296s/iter; left time: 83.4341s
	iters: 300, epoch: 7 | loss: 0.2203322
	speed: 0.0294s/iter; left time: 79.9226s
	iters: 400, epoch: 7 | loss: 0.2681419
	speed: 0.0291s/iter; left time: 76.3025s
	iters: 500, epoch: 7 | loss: 0.2547989
	speed: 0.0290s/iter; left time: 73.0984s
	iters: 600, epoch: 7 | loss: 0.2273302
	speed: 0.0289s/iter; left time: 69.9677s
	iters: 700, epoch: 7 | loss: 0.2405922
	speed: 0.0289s/iter; left time: 67.0419s
Epoch: 7 cost time: 21.8s
Epoch: 7, Steps: 755 | Train Loss: 0.2228985 Vali Loss: 0.5540541
EarlyStopping counter: 1 out of 3
Updating learning rate to 1.5625e-06
	iters: 100, epoch: 8 | loss: 0.2188075
	speed: 0.0285s/iter; left time: 61.6776s
	iters: 200, epoch: 8 | loss: 0.2170184
	speed: 0.0285s/iter; left time: 58.7899s
	iters: 300, epoch: 8 | loss: 0.2010396
	speed: 0.0285s/iter; left time: 56.0697s
	iters: 400, epoch: 8 | loss: 0.2097137
	speed: 0.0285s/iter; left time: 53.2740s
	iters: 500, epoch: 8 | loss: 0.2141267
	speed: 0.0286s/iter; left time: 50.4401s
	iters: 600, epoch: 8 | loss: 0.2051933
	speed: 0.0286s/iter; left time: 47.7258s
	iters: 700, epoch: 8 | loss: 0.2054549
	speed: 0.0288s/iter; left time: 45.0367s
Epoch: 8 cost time: 21.7s
Epoch: 8, Steps: 755 | Train Loss: 0.2220504 Vali Loss: 0.5508707
Validation loss decreased (0.551854 --> 0.550871).  Saving model ...
Updating learning rate to 7.8125e-07
	iters: 100, epoch: 9 | loss: 0.2453148
	speed: 0.0284s/iter; left time: 40.0509s
	iters: 200, epoch: 9 | loss: 0.2075117
	speed: 0.0284s/iter; left time: 37.2216s
	iters: 300, epoch: 9 | loss: 0.2153315
	speed: 0.0283s/iter; left time: 34.2673s
	iters: 400, epoch: 9 | loss: 0.2235641
	speed: 0.0282s/iter; left time: 31.3757s
	iters: 500, epoch: 9 | loss: 0.2161638
	speed: 0.0283s/iter; left time: 28.5669s
	iters: 600, epoch: 9 | loss: 0.2193169
	speed: 0.0284s/iter; left time: 25.8528s
	iters: 700, epoch: 9 | loss: 0.2234304
	speed: 0.0285s/iter; left time: 23.0740s
Epoch: 9 cost time: 21.5s
Epoch: 9, Steps: 755 | Train Loss: 0.2215819 Vali Loss: 0.5515971
EarlyStopping counter: 1 out of 3
Updating learning rate to 3.90625e-07
	iters: 100, epoch: 10 | loss: 0.2087684
	speed: 0.0288s/iter; left time: 18.8910s
	iters: 200, epoch: 10 | loss: 0.2041483
	speed: 0.0288s/iter; left time: 16.0367s
	iters: 300, epoch: 10 | loss: 0.2241300
	speed: 0.0288s/iter; left time: 13.1169s
	iters: 400, epoch: 10 | loss: 0.2149833
	speed: 0.0286s/iter; left time: 10.1851s
	iters: 500, epoch: 10 | loss: 0.2408082
	speed: 0.0285s/iter; left time: 7.2974s
	iters: 600, epoch: 10 | loss: 0.2093532
	speed: 0.0284s/iter; left time: 4.4351s
	iters: 700, epoch: 10 | loss: 0.2067399
	speed: 0.0284s/iter; left time: 1.5882s
Epoch: 10 cost time: 21.4s
Epoch: 10, Steps: 755 | Train Loss: 0.2213264 Vali Loss: 0.5521654
EarlyStopping counter: 2 out of 3
Updating learning rate to 1.953125e-07
Training time: 244.2s | Peak GPU memory: 615.8MB

>>> Testing...
test 3413
test shape: (3413, 1, 96, 862) (3413, 1, 96, 862)
test shape: (3413, 96, 862) (3413, 96, 862)
MSE: 0.697505, MAE: 0.385213
Inference: 18.78s | 3413 samples | 181.7 samples/sec
Results saved to /lustre09/project/6010289/sdmuhsin/SpectraGate/results/traffic_results.csv
========================================
Finished: Mon 09 Mar 2026 06:17:00 PM EDT
========================================
