========================================
Job: fn_iTransformer_ETTm1_96
Model: iTransformer
Dataset: ETTm1
Pred len: 96
Time limit: 8:00:00
GPU: h100_2g.20gb:1
Started: Mon 09 Mar 2026 06:12:19 PM EDT
========================================
Mon Mar  9 18:12:19 2026       
+-----------------------------------------------------------------------------------------+
| NVIDIA-SMI 570.211.01             Driver Version: 570.211.01     CUDA Version: 12.8     |
|-----------------------------------------+------------------------+----------------------+
| GPU  Name                 Persistence-M | Bus-Id          Disp.A | Volatile Uncorr. ECC |
| Fan  Temp   Perf          Pwr:Usage/Cap |           Memory-Usage | GPU-Util  Compute M. |
|                                         |                        |               MIG M. |
|=========================================+========================+======================|
|   0  NVIDIA H100 80GB HBM3          Off |   00000000:5F:00.0 Off |                   On |
| N/A   31C    P0             70W /  700W |      59MiB /  81559MiB |     N/A      Default |
|                                         |                        |              Enabled |
+-----------------------------------------+------------------------+----------------------+

+-----------------------------------------------------------------------------------------+
| MIG devices:                                                                            |
+------------------+----------------------------------+-----------+-----------------------+
| GPU  GI  CI  MIG |                     Memory-Usage |        Vol|        Shared         |
|      ID  ID  Dev |                       BAR1-Usage | SM     Unc| CE ENC  DEC  OFA  JPG |
|                  |                                  |        ECC|                       |
|==================+==================================+===========+=======================|
|  0    3   0   0  |              17MiB / 20096MiB    | 32      0 |  2   0    2    0    2 |
|                  |                 0MiB / 32767MiB  |           |                       |
+------------------+----------------------------------+-----------+-----------------------+
                                                                                         
+-----------------------------------------------------------------------------------------+
| Processes:                                                                              |
|  GPU   GI   CI              PID   Type   Process name                        GPU Memory |
|        ID   ID                                                               Usage      |
|=========================================================================================|
|  No running processes found                                                             |
+-----------------------------------------------------------------------------------------+
Using device: cuda:0
Model: iTransformer, Dataset: ETTm1, pred_len: 96, seq_len: 96

>>> Training...
train 34369
val 11425
Model Model : total params: 6,403,680 | trainable: 6,403,680 (24.4281MB)
	iters: 100, epoch: 1 | loss: 1.0066489
	speed: 0.0072s/iter; left time: 152.9679s
	iters: 200, epoch: 1 | loss: 0.5584403
	speed: 0.0054s/iter; left time: 115.4992s
	iters: 300, epoch: 1 | loss: 0.4391826
	speed: 0.0049s/iter; left time: 104.2647s
	iters: 400, epoch: 1 | loss: 0.4630476
	speed: 0.0047s/iter; left time: 98.0966s
	iters: 500, epoch: 1 | loss: 0.3920451
	speed: 0.0045s/iter; left time: 94.1218s
	iters: 600, epoch: 1 | loss: 0.3380399
	speed: 0.0044s/iter; left time: 91.1347s
	iters: 700, epoch: 1 | loss: 0.3340461
	speed: 0.0043s/iter; left time: 89.3773s
	iters: 800, epoch: 1 | loss: 0.3818947
	speed: 0.0043s/iter; left time: 88.4567s
	iters: 900, epoch: 1 | loss: 0.3291583
	speed: 0.0042s/iter; left time: 87.1108s
	iters: 1000, epoch: 1 | loss: 0.3792537
	speed: 0.0042s/iter; left time: 86.0047s
Epoch: 1 cost time: 4.5s
Epoch: 1, Steps: 1074 | Train Loss: 7.7287051 Vali Loss: 0.5138156
Validation loss decreased (inf --> 0.513816).  Saving model ...
Updating learning rate to 0.01
	iters: 100, epoch: 2 | loss: 0.3391110
	speed: 0.0039s/iter; left time: 78.7065s
	iters: 200, epoch: 2 | loss: 0.3973439
	speed: 0.0039s/iter; left time: 79.4619s
	iters: 300, epoch: 2 | loss: 0.3365286
	speed: 0.0039s/iter; left time: 78.7683s
	iters: 400, epoch: 2 | loss: 0.3903947
	speed: 0.0039s/iter; left time: 78.4252s
	iters: 500, epoch: 2 | loss: 0.3562886
	speed: 0.0039s/iter; left time: 77.9351s
	iters: 600, epoch: 2 | loss: 0.3432190
	speed: 0.0039s/iter; left time: 77.7753s
	iters: 700, epoch: 2 | loss: 0.3634057
	speed: 0.0039s/iter; left time: 77.2822s
	iters: 800, epoch: 2 | loss: 0.3405918
	speed: 0.0039s/iter; left time: 76.8031s
	iters: 900, epoch: 2 | loss: 0.4001371
	speed: 0.0039s/iter; left time: 76.8590s
	iters: 1000, epoch: 2 | loss: 0.3088821
	speed: 0.0039s/iter; left time: 76.3964s
Epoch: 2 cost time: 4.2s
Epoch: 2, Steps: 1074 | Train Loss: 0.3501412 Vali Loss: 0.4657080
Validation loss decreased (0.513816 --> 0.465708).  Saving model ...
Updating learning rate to 0.005
	iters: 100, epoch: 3 | loss: 0.3457143
	speed: 0.0039s/iter; left time: 74.7950s
	iters: 200, epoch: 3 | loss: 0.3486333
	speed: 0.0039s/iter; left time: 74.3017s
	iters: 300, epoch: 3 | loss: 0.3160706
	speed: 0.0039s/iter; left time: 74.9772s
	iters: 400, epoch: 3 | loss: 0.2716724
	speed: 0.0040s/iter; left time: 74.8805s
	iters: 500, epoch: 3 | loss: 0.2933590
	speed: 0.0039s/iter; left time: 74.2531s
	iters: 600, epoch: 3 | loss: 0.3883792
	speed: 0.0039s/iter; left time: 73.7019s
	iters: 700, epoch: 3 | loss: 0.2709405
	speed: 0.0039s/iter; left time: 73.4735s
	iters: 800, epoch: 3 | loss: 0.3337782
	speed: 0.0039s/iter; left time: 72.9349s
	iters: 900, epoch: 3 | loss: 0.2997611
	speed: 0.0039s/iter; left time: 72.4608s
	iters: 1000, epoch: 3 | loss: 0.3279283
	speed: 0.0039s/iter; left time: 72.1924s
Epoch: 3 cost time: 4.2s
Epoch: 3, Steps: 1074 | Train Loss: 0.3233750 Vali Loss: 0.4452660
Validation loss decreased (0.465708 --> 0.445266).  Saving model ...
Updating learning rate to 0.0025
	iters: 100, epoch: 4 | loss: 0.2946508
	speed: 0.0042s/iter; left time: 75.6722s
	iters: 200, epoch: 4 | loss: 0.3140988
	speed: 0.0040s/iter; left time: 72.4874s
	iters: 300, epoch: 4 | loss: 0.2948197
	speed: 0.0040s/iter; left time: 71.2776s
	iters: 400, epoch: 4 | loss: 0.3255610
	speed: 0.0040s/iter; left time: 70.9360s
	iters: 500, epoch: 4 | loss: 0.3061773
	speed: 0.0039s/iter; left time: 70.1291s
	iters: 600, epoch: 4 | loss: 0.2932919
	speed: 0.0039s/iter; left time: 69.4802s
	iters: 700, epoch: 4 | loss: 0.3464266
	speed: 0.0039s/iter; left time: 69.2900s
	iters: 800, epoch: 4 | loss: 0.2569977
	speed: 0.0040s/iter; left time: 69.0619s
	iters: 900, epoch: 4 | loss: 0.3311561
	speed: 0.0040s/iter; left time: 68.7947s
	iters: 1000, epoch: 4 | loss: 0.2426108
	speed: 0.0040s/iter; left time: 68.5949s
Epoch: 4 cost time: 4.3s
Epoch: 4, Steps: 1074 | Train Loss: 0.3105348 Vali Loss: 0.4370857
Validation loss decreased (0.445266 --> 0.437086).  Saving model ...
Updating learning rate to 0.00125
	iters: 100, epoch: 5 | loss: 0.2970507
	speed: 0.0039s/iter; left time: 66.2155s
	iters: 200, epoch: 5 | loss: 0.2941459
	speed: 0.0039s/iter; left time: 65.6274s
	iters: 300, epoch: 5 | loss: 0.3015948
	speed: 0.0039s/iter; left time: 65.6020s
	iters: 400, epoch: 5 | loss: 0.3260013
	speed: 0.0039s/iter; left time: 65.7380s
	iters: 500, epoch: 5 | loss: 0.3100008
	speed: 0.0039s/iter; left time: 65.6691s
	iters: 600, epoch: 5 | loss: 0.3241813
	speed: 0.0039s/iter; left time: 65.4486s
	iters: 700, epoch: 5 | loss: 0.3286695
	speed: 0.0040s/iter; left time: 65.1969s
	iters: 800, epoch: 5 | loss: 0.3733574
	speed: 0.0040s/iter; left time: 64.9056s
	iters: 900, epoch: 5 | loss: 0.3279965
	speed: 0.0040s/iter; left time: 64.5145s
	iters: 1000, epoch: 5 | loss: 0.3532635
	speed: 0.0040s/iter; left time: 64.1940s
Epoch: 5 cost time: 4.3s
Epoch: 5, Steps: 1074 | Train Loss: 0.3003410 Vali Loss: 0.4345223
Validation loss decreased (0.437086 --> 0.434522).  Saving model ...
Updating learning rate to 0.000625
	iters: 100, epoch: 6 | loss: 0.2219323
	speed: 0.0039s/iter; left time: 62.1870s
	iters: 200, epoch: 6 | loss: 0.3125203
	speed: 0.0039s/iter; left time: 61.5487s
	iters: 300, epoch: 6 | loss: 0.2556456
	speed: 0.0039s/iter; left time: 61.7279s
	iters: 400, epoch: 6 | loss: 0.3124667
	speed: 0.0039s/iter; left time: 61.1019s
	iters: 500, epoch: 6 | loss: 0.4068185
	speed: 0.0039s/iter; left time: 60.6244s
	iters: 600, epoch: 6 | loss: 0.2404588
	speed: 0.0039s/iter; left time: 60.3785s
	iters: 700, epoch: 6 | loss: 0.2444948
	speed: 0.0039s/iter; left time: 60.0515s
	iters: 800, epoch: 6 | loss: 0.2567205
	speed: 0.0039s/iter; left time: 59.6046s
	iters: 900, epoch: 6 | loss: 0.2542479
	speed: 0.0039s/iter; left time: 59.2020s
	iters: 1000, epoch: 6 | loss: 0.2767904
	speed: 0.0039s/iter; left time: 58.9323s
Epoch: 6 cost time: 4.2s
Epoch: 6, Steps: 1074 | Train Loss: 0.2915121 Vali Loss: 0.4335998
Validation loss decreased (0.434522 --> 0.433600).  Saving model ...
Updating learning rate to 0.0003125
	iters: 100, epoch: 7 | loss: 0.2634827
	speed: 0.0039s/iter; left time: 57.8898s
	iters: 200, epoch: 7 | loss: 0.2959077
	speed: 0.0039s/iter; left time: 57.5324s
	iters: 300, epoch: 7 | loss: 0.2819513
	speed: 0.0039s/iter; left time: 57.3763s
	iters: 400, epoch: 7 | loss: 0.3097612
	speed: 0.0039s/iter; left time: 57.3644s
	iters: 500, epoch: 7 | loss: 0.3052718
	speed: 0.0039s/iter; left time: 56.8221s
	iters: 600, epoch: 7 | loss: 0.2546060
	speed: 0.0039s/iter; left time: 56.4049s
	iters: 700, epoch: 7 | loss: 0.3545602
	speed: 0.0039s/iter; left time: 56.2511s
	iters: 800, epoch: 7 | loss: 0.2840324
	speed: 0.0039s/iter; left time: 55.7148s
	iters: 900, epoch: 7 | loss: 0.3104459
	speed: 0.0039s/iter; left time: 55.3495s
	iters: 1000, epoch: 7 | loss: 0.3353551
	speed: 0.0039s/iter; left time: 55.2322s
Epoch: 7 cost time: 4.2s
Epoch: 7, Steps: 1074 | Train Loss: 0.2841740 Vali Loss: 0.4375305
EarlyStopping counter: 1 out of 6
Updating learning rate to 0.00015625
	iters: 100, epoch: 8 | loss: 0.2787622
	speed: 0.0042s/iter; left time: 58.5868s
	iters: 200, epoch: 8 | loss: 0.2689814
	speed: 0.0042s/iter; left time: 57.2366s
	iters: 300, epoch: 8 | loss: 0.3281107
	speed: 0.0041s/iter; left time: 56.6767s
	iters: 400, epoch: 8 | loss: 0.2795949
	speed: 0.0042s/iter; left time: 56.5145s
	iters: 500, epoch: 8 | loss: 0.2675571
	speed: 0.0042s/iter; left time: 56.2193s
	iters: 600, epoch: 8 | loss: 0.2677835
	speed: 0.0041s/iter; left time: 55.3727s
	iters: 700, epoch: 8 | loss: 0.3169350
	speed: 0.0041s/iter; left time: 54.6364s
	iters: 800, epoch: 8 | loss: 0.3103600
	speed: 0.0041s/iter; left time: 54.2601s
	iters: 900, epoch: 8 | loss: 0.2916508
	speed: 0.0041s/iter; left time: 53.5653s
	iters: 1000, epoch: 8 | loss: 0.3342274
	speed: 0.0041s/iter; left time: 52.9058s
Epoch: 8 cost time: 4.4s
Epoch: 8, Steps: 1074 | Train Loss: 0.2774095 Vali Loss: 0.4296579
Validation loss decreased (0.433600 --> 0.429658).  Saving model ...
Updating learning rate to 7.8125e-05
	iters: 100, epoch: 9 | loss: 0.2428878
	speed: 0.0039s/iter; left time: 50.2567s
	iters: 200, epoch: 9 | loss: 0.3397932
	speed: 0.0040s/iter; left time: 50.5604s
	iters: 300, epoch: 9 | loss: 0.2557104
	speed: 0.0040s/iter; left time: 49.8880s
	iters: 400, epoch: 9 | loss: 0.2230123
	speed: 0.0040s/iter; left time: 49.3538s
	iters: 500, epoch: 9 | loss: 0.2281533
	speed: 0.0040s/iter; left time: 49.3058s
	iters: 600, epoch: 9 | loss: 0.2409896
	speed: 0.0040s/iter; left time: 48.8140s
	iters: 700, epoch: 9 | loss: 0.2551768
	speed: 0.0040s/iter; left time: 48.3677s
	iters: 800, epoch: 9 | loss: 0.2532952
	speed: 0.0040s/iter; left time: 48.1671s
	iters: 900, epoch: 9 | loss: 0.2744504
	speed: 0.0040s/iter; left time: 48.0464s
	iters: 1000, epoch: 9 | loss: 0.2591974
	speed: 0.0040s/iter; left time: 47.7229s
Epoch: 9 cost time: 4.3s
Epoch: 9, Steps: 1074 | Train Loss: 0.2696849 Vali Loss: 0.4308335
EarlyStopping counter: 1 out of 6
Updating learning rate to 3.90625e-05
	iters: 100, epoch: 10 | loss: 0.3835550
	speed: 0.0040s/iter; left time: 46.9465s
	iters: 200, epoch: 10 | loss: 0.2749122
	speed: 0.0040s/iter; left time: 46.7283s
	iters: 300, epoch: 10 | loss: 0.2661234
	speed: 0.0041s/iter; left time: 46.6715s
	iters: 400, epoch: 10 | loss: 0.2136852
	speed: 0.0040s/iter; left time: 45.8944s
	iters: 500, epoch: 10 | loss: 0.2839144
	speed: 0.0040s/iter; left time: 45.2690s
	iters: 600, epoch: 10 | loss: 0.2715362
	speed: 0.0040s/iter; left time: 44.9699s
	iters: 700, epoch: 10 | loss: 0.2615531
	speed: 0.0040s/iter; left time: 44.4435s
	iters: 800, epoch: 10 | loss: 0.2291403
	speed: 0.0040s/iter; left time: 43.9464s
	iters: 900, epoch: 10 | loss: 0.2642441
	speed: 0.0040s/iter; left time: 43.6137s
	iters: 1000, epoch: 10 | loss: 0.2853245
	speed: 0.0040s/iter; left time: 43.1254s
Epoch: 10 cost time: 4.3s
Epoch: 10, Steps: 1074 | Train Loss: 0.2642163 Vali Loss: 0.4256573
Validation loss decreased (0.429658 --> 0.425657).  Saving model ...
Updating learning rate to 1.953125e-05
	iters: 100, epoch: 11 | loss: 0.2079938
	speed: 0.0039s/iter; left time: 42.0298s
	iters: 200, epoch: 11 | loss: 0.2439891
	speed: 0.0039s/iter; left time: 41.5595s
	iters: 300, epoch: 11 | loss: 0.2656928
	speed: 0.0040s/iter; left time: 41.6306s
	iters: 400, epoch: 11 | loss: 0.2393320
	speed: 0.0040s/iter; left time: 41.3662s
	iters: 500, epoch: 11 | loss: 0.2109828
	speed: 0.0040s/iter; left time: 40.8347s
	iters: 600, epoch: 11 | loss: 0.2921026
	speed: 0.0040s/iter; left time: 40.5140s
	iters: 700, epoch: 11 | loss: 0.2700523
	speed: 0.0040s/iter; left time: 40.4548s
	iters: 800, epoch: 11 | loss: 0.2159040
	speed: 0.0040s/iter; left time: 40.1204s
	iters: 900, epoch: 11 | loss: 0.2213133
	speed: 0.0040s/iter; left time: 39.7854s
	iters: 1000, epoch: 11 | loss: 0.2411772
	speed: 0.0041s/iter; left time: 39.5455s
Epoch: 11 cost time: 4.4s
Epoch: 11, Steps: 1074 | Train Loss: 0.2602664 Vali Loss: 0.4309432
EarlyStopping counter: 1 out of 6
Updating learning rate to 9.765625e-06
	iters: 100, epoch: 12 | loss: 0.2518587
	speed: 0.0041s/iter; left time: 39.1678s
	iters: 200, epoch: 12 | loss: 0.2921224
	speed: 0.0040s/iter; left time: 37.9730s
	iters: 300, epoch: 12 | loss: 0.2759872
	speed: 0.0040s/iter; left time: 37.3101s
	iters: 400, epoch: 12 | loss: 0.2036746
	speed: 0.0040s/iter; left time: 37.1124s
	iters: 500, epoch: 12 | loss: 0.2544881
	speed: 0.0040s/iter; left time: 36.6081s
	iters: 600, epoch: 12 | loss: 0.2827411
	speed: 0.0040s/iter; left time: 36.1423s
	iters: 700, epoch: 12 | loss: 0.2553466
	speed: 0.0040s/iter; left time: 35.6697s
	iters: 800, epoch: 12 | loss: 0.2955126
	speed: 0.0040s/iter; left time: 35.3573s
	iters: 900, epoch: 12 | loss: 0.3009613
	speed: 0.0040s/iter; left time: 34.9099s
	iters: 1000, epoch: 12 | loss: 0.2696199
	speed: 0.0040s/iter; left time: 34.4794s
Epoch: 12 cost time: 4.3s
Epoch: 12, Steps: 1074 | Train Loss: 0.2574117 Vali Loss: 0.4294544
EarlyStopping counter: 2 out of 6
Updating learning rate to 4.8828125e-06
	iters: 100, epoch: 13 | loss: 0.3472209
	speed: 0.0039s/iter; left time: 33.4126s
	iters: 200, epoch: 13 | loss: 0.2163545
	speed: 0.0040s/iter; left time: 33.5991s
	iters: 300, epoch: 13 | loss: 0.3050425
	speed: 0.0040s/iter; left time: 33.0033s
	iters: 400, epoch: 13 | loss: 0.2697802
	speed: 0.0040s/iter; left time: 32.4929s
	iters: 500, epoch: 13 | loss: 0.2951043
	speed: 0.0040s/iter; left time: 32.2399s
	iters: 600, epoch: 13 | loss: 0.2426167
	speed: 0.0040s/iter; left time: 31.7676s
	iters: 700, epoch: 13 | loss: 0.2122749
	speed: 0.0040s/iter; left time: 31.3109s
	iters: 800, epoch: 13 | loss: 0.2385623
	speed: 0.0040s/iter; left time: 30.9869s
	iters: 900, epoch: 13 | loss: 0.2958315
	speed: 0.0040s/iter; left time: 30.6700s
	iters: 1000, epoch: 13 | loss: 0.2825028
	speed: 0.0040s/iter; left time: 30.2247s
Epoch: 13 cost time: 4.3s
Epoch: 13, Steps: 1074 | Train Loss: 0.2556169 Vali Loss: 0.4326814
EarlyStopping counter: 3 out of 6
Updating learning rate to 2.44140625e-06
	iters: 100, epoch: 14 | loss: 0.2690788
	speed: 0.0041s/iter; left time: 30.3500s
	iters: 200, epoch: 14 | loss: 0.2320517
	speed: 0.0041s/iter; left time: 29.9430s
	iters: 300, epoch: 14 | loss: 0.2830251
	speed: 0.0041s/iter; left time: 29.8719s
	iters: 400, epoch: 14 | loss: 0.3240717
	speed: 0.0041s/iter; left time: 29.4039s
	iters: 500, epoch: 14 | loss: 0.2605124
	speed: 0.0041s/iter; left time: 28.8301s
	iters: 600, epoch: 14 | loss: 0.2187516
	speed: 0.0041s/iter; left time: 28.4409s
	iters: 700, epoch: 14 | loss: 0.2374372
	speed: 0.0041s/iter; left time: 27.9510s
	iters: 800, epoch: 14 | loss: 0.2578578
	speed: 0.0041s/iter; left time: 27.4118s
	iters: 900, epoch: 14 | loss: 0.2562019
	speed: 0.0041s/iter; left time: 26.9938s
	iters: 1000, epoch: 14 | loss: 0.2162740
	speed: 0.0041s/iter; left time: 26.5158s
Epoch: 14 cost time: 4.4s
Epoch: 14, Steps: 1074 | Train Loss: 0.2545886 Vali Loss: 0.4339982
EarlyStopping counter: 4 out of 6
Updating learning rate to 1.220703125e-06
	iters: 100, epoch: 15 | loss: 0.2787428
	speed: 0.0041s/iter; left time: 26.1008s
	iters: 200, epoch: 15 | loss: 0.2542629
	speed: 0.0041s/iter; left time: 25.6933s
	iters: 300, epoch: 15 | loss: 0.2408327
	speed: 0.0042s/iter; left time: 25.5230s
	iters: 400, epoch: 15 | loss: 0.2237282
	speed: 0.0041s/iter; left time: 25.0233s
	iters: 500, epoch: 15 | loss: 0.2498129
	speed: 0.0041s/iter; left time: 24.4648s
	iters: 600, epoch: 15 | loss: 0.2326759
	speed: 0.0041s/iter; left time: 23.8904s
	iters: 700, epoch: 15 | loss: 0.2931766
	speed: 0.0041s/iter; left time: 23.4513s
	iters: 800, epoch: 15 | loss: 0.2966224
	speed: 0.0041s/iter; left time: 22.9445s
	iters: 900, epoch: 15 | loss: 0.2175536
	speed: 0.0040s/iter; left time: 22.4544s
	iters: 1000, epoch: 15 | loss: 0.2337799
	speed: 0.0041s/iter; left time: 22.0586s
Epoch: 15 cost time: 4.3s
Epoch: 15, Steps: 1074 | Train Loss: 0.2540225 Vali Loss: 0.4331041
EarlyStopping counter: 5 out of 6
Updating learning rate to 6.103515625e-07
	iters: 100, epoch: 16 | loss: 0.2372521
	speed: 0.0040s/iter; left time: 21.2940s
	iters: 200, epoch: 16 | loss: 0.2427859
	speed: 0.0040s/iter; left time: 20.6060s
	iters: 300, epoch: 16 | loss: 0.2464862
	speed: 0.0040s/iter; left time: 20.0700s
	iters: 400, epoch: 16 | loss: 0.2778483
	speed: 0.0040s/iter; left time: 19.7788s
	iters: 500, epoch: 16 | loss: 0.2383821
	speed: 0.0040s/iter; left time: 19.3285s
	iters: 600, epoch: 16 | loss: 0.2325369
	speed: 0.0040s/iter; left time: 18.8990s
	iters: 700, epoch: 16 | loss: 0.2287983
	speed: 0.0040s/iter; left time: 18.5834s
	iters: 800, epoch: 16 | loss: 0.2349772
	speed: 0.0040s/iter; left time: 18.1599s
	iters: 900, epoch: 16 | loss: 0.2645656
	speed: 0.0040s/iter; left time: 17.7336s
	iters: 1000, epoch: 16 | loss: 0.2179899
	speed: 0.0040s/iter; left time: 17.3176s
Epoch: 16 cost time: 4.3s
Epoch: 16, Steps: 1074 | Train Loss: 0.2537151 Vali Loss: 0.4327032
EarlyStopping counter: 6 out of 6
Early stopping
Training time: 78.9s | Peak GPU memory: 192.4MB

>>> Testing...
test 11425
test shape: (11425, 1, 96, 7) (11425, 1, 96, 7)
test shape: (11425, 96, 7) (11425, 96, 7)
MSE: 0.379617, MAE: 0.390570
Inference: 9.32s | 11425 samples | 1225.9 samples/sec
Results saved to /lustre09/project/6010289/sdmuhsin/SpectraGate/results/ettm1_results.csv
========================================
Finished: Mon 09 Mar 2026 06:14:09 PM EDT
========================================
