========================================
Job: fn_iTransformer_ETTm2_96
Model: iTransformer
Dataset: ETTm2
Pred len: 96
Time limit: 8:00:00
GPU: h100_2g.20gb:1
Started: Mon 09 Mar 2026 05:49:01 PM EDT
========================================
Mon Mar  9 17:49:01 2026       
+-----------------------------------------------------------------------------------------+
| NVIDIA-SMI 570.211.01             Driver Version: 570.211.01     CUDA Version: 12.8     |
|-----------------------------------------+------------------------+----------------------+
| GPU  Name                 Persistence-M | Bus-Id          Disp.A | Volatile Uncorr. ECC |
| Fan  Temp   Perf          Pwr:Usage/Cap |           Memory-Usage | GPU-Util  Compute M. |
|                                         |                        |               MIG M. |
|=========================================+========================+======================|
|   0  NVIDIA H100 80GB HBM3          Off |   00000000:5F:00.0 Off |                   On |
| N/A   32C    P0             69W /  700W |      59MiB /  81559MiB |     N/A      Default |
|                                         |                        |              Enabled |
+-----------------------------------------+------------------------+----------------------+

+-----------------------------------------------------------------------------------------+
| MIG devices:                                                                            |
+------------------+----------------------------------+-----------+-----------------------+
| GPU  GI  CI  MIG |                     Memory-Usage |        Vol|        Shared         |
|      ID  ID  Dev |                       BAR1-Usage | SM     Unc| CE ENC  DEC  OFA  JPG |
|                  |                                  |        ECC|                       |
|==================+==================================+===========+=======================|
|  0    3   0   0  |              17MiB / 20096MiB    | 32      0 |  2   0    2    0    2 |
|                  |                 0MiB / 32767MiB  |           |                       |
+------------------+----------------------------------+-----------+-----------------------+
                                                                                         
+-----------------------------------------------------------------------------------------+
| Processes:                                                                              |
|  GPU   GI   CI              PID   Type   Process name                        GPU Memory |
|        ID   ID                                                               Usage      |
|=========================================================================================|
|  No running processes found                                                             |
+-----------------------------------------------------------------------------------------+
Using device: cuda:0
Model: iTransformer, Dataset: ETTm2, pred_len: 96, seq_len: 96

>>> Training...
train 34369
val 11425
Model Model : total params: 6,403,680 | trainable: 6,403,680 (24.4281MB)
	iters: 100, epoch: 1 | loss: 1.3381400
	speed: 0.0059s/iter; left time: 126.2466s
	iters: 200, epoch: 1 | loss: 0.2714293
	speed: 0.0048s/iter; left time: 102.7137s
	iters: 300, epoch: 1 | loss: 0.1833343
	speed: 0.0044s/iter; left time: 93.8231s
	iters: 400, epoch: 1 | loss: 0.3069493
	speed: 0.0042s/iter; left time: 89.1964s
	iters: 500, epoch: 1 | loss: 0.1753213
	speed: 0.0041s/iter; left time: 86.7210s
	iters: 600, epoch: 1 | loss: 0.2204140
	speed: 0.0041s/iter; left time: 84.5696s
	iters: 700, epoch: 1 | loss: 0.3426093
	speed: 0.0040s/iter; left time: 82.9344s
	iters: 800, epoch: 1 | loss: 0.2814898
	speed: 0.0040s/iter; left time: 81.9456s
	iters: 900, epoch: 1 | loss: 0.2360116
	speed: 0.0039s/iter; left time: 80.7967s
	iters: 1000, epoch: 1 | loss: 0.3491056
	speed: 0.0039s/iter; left time: 79.8194s
Epoch: 1 cost time: 4.2s
Epoch: 1, Steps: 1074 | Train Loss: 3.1971004 Vali Loss: 0.1543034
Validation loss decreased (inf --> 0.154303).  Saving model ...
Updating learning rate to 0.01
	iters: 100, epoch: 2 | loss: 0.2226894
	speed: 0.0037s/iter; left time: 74.2198s
	iters: 200, epoch: 2 | loss: 0.2044600
	speed: 0.0036s/iter; left time: 73.7101s
	iters: 300, epoch: 2 | loss: 0.2412174
	speed: 0.0037s/iter; left time: 74.1225s
	iters: 400, epoch: 2 | loss: 0.6359123
	speed: 0.0037s/iter; left time: 73.5236s
	iters: 500, epoch: 2 | loss: 0.3810884
	speed: 0.0037s/iter; left time: 73.0286s
	iters: 600, epoch: 2 | loss: 0.1897957
	speed: 0.0037s/iter; left time: 72.9444s
	iters: 700, epoch: 2 | loss: 0.1390091
	speed: 0.0037s/iter; left time: 72.4816s
	iters: 800, epoch: 2 | loss: 0.2246365
	speed: 0.0037s/iter; left time: 72.0165s
	iters: 900, epoch: 2 | loss: 0.4510421
	speed: 0.0037s/iter; left time: 71.7094s
	iters: 1000, epoch: 2 | loss: 0.2593373
	speed: 0.0037s/iter; left time: 71.4962s
Epoch: 2 cost time: 4.0s
Epoch: 2, Steps: 1074 | Train Loss: 0.2833099 Vali Loss: 0.1643126
EarlyStopping counter: 1 out of 6
Updating learning rate to 0.005
	iters: 100, epoch: 3 | loss: 0.1956781
	speed: 0.0039s/iter; left time: 74.5835s
	iters: 200, epoch: 3 | loss: 0.1687511
	speed: 0.0038s/iter; left time: 72.0024s
	iters: 300, epoch: 3 | loss: 0.2554505
	speed: 0.0037s/iter; left time: 70.8790s
	iters: 400, epoch: 3 | loss: 0.5385732
	speed: 0.0037s/iter; left time: 70.1612s
	iters: 500, epoch: 3 | loss: 0.3663948
	speed: 0.0037s/iter; left time: 69.6858s
	iters: 600, epoch: 3 | loss: 0.1499764
	speed: 0.0037s/iter; left time: 69.5249s
	iters: 700, epoch: 3 | loss: 0.1550160
	speed: 0.0037s/iter; left time: 68.9943s
	iters: 800, epoch: 3 | loss: 0.1844718
	speed: 0.0037s/iter; left time: 68.4974s
	iters: 900, epoch: 3 | loss: 0.2121616
	speed: 0.0037s/iter; left time: 68.4488s
	iters: 1000, epoch: 3 | loss: 0.3665930
	speed: 0.0037s/iter; left time: 67.9969s
Epoch: 3 cost time: 4.0s
Epoch: 3, Steps: 1074 | Train Loss: 0.2489329 Vali Loss: 0.1401729
Validation loss decreased (0.154303 --> 0.140173).  Saving model ...
Updating learning rate to 0.0025
	iters: 100, epoch: 4 | loss: 0.1858517
	speed: 0.0036s/iter; left time: 66.2302s
	iters: 200, epoch: 4 | loss: 0.1732837
	speed: 0.0036s/iter; left time: 65.8611s
	iters: 300, epoch: 4 | loss: 0.2340186
	speed: 0.0037s/iter; left time: 65.6325s
	iters: 400, epoch: 4 | loss: 0.1492877
	speed: 0.0037s/iter; left time: 65.2031s
	iters: 500, epoch: 4 | loss: 0.2904673
	speed: 0.0036s/iter; left time: 64.8143s
	iters: 600, epoch: 4 | loss: 0.1567779
	speed: 0.0036s/iter; left time: 64.4196s
	iters: 700, epoch: 4 | loss: 0.1962121
	speed: 0.0037s/iter; left time: 64.3038s
	iters: 800, epoch: 4 | loss: 0.2431897
	speed: 0.0037s/iter; left time: 63.8920s
	iters: 900, epoch: 4 | loss: 0.2235781
	speed: 0.0037s/iter; left time: 63.5058s
	iters: 1000, epoch: 4 | loss: 0.3044204
	speed: 0.0037s/iter; left time: 63.1079s
Epoch: 4 cost time: 3.9s
Epoch: 4, Steps: 1074 | Train Loss: 0.2354444 Vali Loss: 0.1413702
EarlyStopping counter: 1 out of 6
Updating learning rate to 0.00125
	iters: 100, epoch: 5 | loss: 0.2122075
	speed: 0.0036s/iter; left time: 62.3159s
	iters: 200, epoch: 5 | loss: 0.1897467
	speed: 0.0037s/iter; left time: 62.9746s
	iters: 300, epoch: 5 | loss: 0.5437046
	speed: 0.0037s/iter; left time: 62.2529s
	iters: 400, epoch: 5 | loss: 0.1719324
	speed: 0.0037s/iter; left time: 61.7656s
	iters: 500, epoch: 5 | loss: 0.1962753
	speed: 0.0037s/iter; left time: 61.6730s
	iters: 600, epoch: 5 | loss: 0.4503134
	speed: 0.0037s/iter; left time: 61.1681s
	iters: 700, epoch: 5 | loss: 0.1361098
	speed: 0.0037s/iter; left time: 60.7193s
	iters: 800, epoch: 5 | loss: 0.1824371
	speed: 0.0037s/iter; left time: 60.2646s
	iters: 900, epoch: 5 | loss: 0.2770660
	speed: 0.0037s/iter; left time: 59.8352s
	iters: 1000, epoch: 5 | loss: 0.1356262
	speed: 0.0037s/iter; left time: 59.4152s
Epoch: 5 cost time: 3.9s
Epoch: 5, Steps: 1074 | Train Loss: 0.2288575 Vali Loss: 0.1343442
Validation loss decreased (0.140173 --> 0.134344).  Saving model ...
Updating learning rate to 0.000625
	iters: 100, epoch: 6 | loss: 0.1057220
	speed: 0.0036s/iter; left time: 58.4270s
	iters: 200, epoch: 6 | loss: 0.1716283
	speed: 0.0036s/iter; left time: 57.9964s
	iters: 300, epoch: 6 | loss: 0.2427249
	speed: 0.0037s/iter; left time: 57.7107s
	iters: 400, epoch: 6 | loss: 0.1606802
	speed: 0.0036s/iter; left time: 57.3068s
	iters: 500, epoch: 6 | loss: 0.5346359
	speed: 0.0036s/iter; left time: 56.9228s
	iters: 600, epoch: 6 | loss: 0.0993181
	speed: 0.0036s/iter; left time: 56.5570s
	iters: 700, epoch: 6 | loss: 0.1422503
	speed: 0.0036s/iter; left time: 56.1848s
	iters: 800, epoch: 6 | loss: 0.4553668
	speed: 0.0036s/iter; left time: 55.8204s
	iters: 900, epoch: 6 | loss: 0.1603344
	speed: 0.0036s/iter; left time: 55.4521s
	iters: 1000, epoch: 6 | loss: 0.1245903
	speed: 0.0036s/iter; left time: 55.1157s
Epoch: 6 cost time: 3.9s
Epoch: 6, Steps: 1074 | Train Loss: 0.2232523 Vali Loss: 0.1345535
EarlyStopping counter: 1 out of 6
Updating learning rate to 0.0003125
	iters: 100, epoch: 7 | loss: 0.2992637
	speed: 0.0037s/iter; left time: 54.5453s
	iters: 200, epoch: 7 | loss: 0.1658121
	speed: 0.0037s/iter; left time: 54.9794s
	iters: 300, epoch: 7 | loss: 0.1981294
	speed: 0.0037s/iter; left time: 54.3069s
	iters: 400, epoch: 7 | loss: 0.1159170
	speed: 0.0037s/iter; left time: 53.8006s
	iters: 500, epoch: 7 | loss: 0.1592212
	speed: 0.0037s/iter; left time: 53.3454s
	iters: 600, epoch: 7 | loss: 0.1438237
	speed: 0.0037s/iter; left time: 53.1873s
	iters: 700, epoch: 7 | loss: 0.2385915
	speed: 0.0037s/iter; left time: 52.7117s
	iters: 800, epoch: 7 | loss: 0.1554945
	speed: 0.0037s/iter; left time: 52.2876s
	iters: 900, epoch: 7 | loss: 0.2468338
	speed: 0.0037s/iter; left time: 52.0226s
	iters: 1000, epoch: 7 | loss: 0.1717755
	speed: 0.0037s/iter; left time: 51.5784s
Epoch: 7 cost time: 3.9s
Epoch: 7, Steps: 1074 | Train Loss: 0.2194314 Vali Loss: 0.1347329
EarlyStopping counter: 2 out of 6
Updating learning rate to 0.00015625
	iters: 100, epoch: 8 | loss: 0.4202029
	speed: 0.0036s/iter; left time: 50.2573s
	iters: 200, epoch: 8 | loss: 0.1373829
	speed: 0.0036s/iter; left time: 49.9067s
	iters: 300, epoch: 8 | loss: 0.1036785
	speed: 0.0036s/iter; left time: 49.5402s
	iters: 400, epoch: 8 | loss: 0.1829709
	speed: 0.0037s/iter; left time: 49.6208s
	iters: 500, epoch: 8 | loss: 0.1969854
	speed: 0.0037s/iter; left time: 49.1740s
	iters: 600, epoch: 8 | loss: 0.2896742
	speed: 0.0036s/iter; left time: 48.7634s
	iters: 700, epoch: 8 | loss: 0.2460679
	speed: 0.0036s/iter; left time: 48.3654s
	iters: 800, epoch: 8 | loss: 0.2612963
	speed: 0.0037s/iter; left time: 48.1549s
	iters: 900, epoch: 8 | loss: 0.1600129
	speed: 0.0037s/iter; left time: 47.7485s
	iters: 1000, epoch: 8 | loss: 0.1597109
	speed: 0.0037s/iter; left time: 47.3452s
Epoch: 8 cost time: 3.9s
Epoch: 8, Steps: 1074 | Train Loss: 0.2111637 Vali Loss: 0.1323988
Validation loss decreased (0.134344 --> 0.132399).  Saving model ...
Updating learning rate to 7.8125e-05
	iters: 100, epoch: 9 | loss: 0.2011931
	speed: 0.0037s/iter; left time: 46.7171s
	iters: 200, epoch: 9 | loss: 0.3414890
	speed: 0.0036s/iter; left time: 46.3131s
	iters: 300, epoch: 9 | loss: 0.1743437
	speed: 0.0037s/iter; left time: 46.3526s
	iters: 400, epoch: 9 | loss: 0.3183978
	speed: 0.0037s/iter; left time: 45.8475s
	iters: 500, epoch: 9 | loss: 0.1590268
	speed: 0.0037s/iter; left time: 45.3997s
	iters: 600, epoch: 9 | loss: 0.1132473
	speed: 0.0037s/iter; left time: 44.9822s
	iters: 700, epoch: 9 | loss: 0.2204502
	speed: 0.0037s/iter; left time: 44.5764s
	iters: 800, epoch: 9 | loss: 0.1592237
	speed: 0.0037s/iter; left time: 44.1771s
	iters: 900, epoch: 9 | loss: 0.3059605
	speed: 0.0037s/iter; left time: 43.7882s
	iters: 1000, epoch: 9 | loss: 0.6668265
	speed: 0.0037s/iter; left time: 43.6709s
Epoch: 9 cost time: 3.9s
Epoch: 9, Steps: 1074 | Train Loss: 0.2057985 Vali Loss: 0.1313472
Validation loss decreased (0.132399 --> 0.131347).  Saving model ...
Updating learning rate to 3.90625e-05
	iters: 100, epoch: 10 | loss: 0.1368566
	speed: 0.0038s/iter; left time: 44.0492s
	iters: 200, epoch: 10 | loss: 0.2597173
	speed: 0.0037s/iter; left time: 43.0071s
	iters: 300, epoch: 10 | loss: 0.2995889
	speed: 0.0037s/iter; left time: 42.3966s
	iters: 400, epoch: 10 | loss: 0.2484114
	speed: 0.0037s/iter; left time: 41.9278s
	iters: 500, epoch: 10 | loss: 0.1634595
	speed: 0.0037s/iter; left time: 41.7566s
	iters: 600, epoch: 10 | loss: 0.1793222
	speed: 0.0037s/iter; left time: 41.4518s
	iters: 700, epoch: 10 | loss: 0.1343878
	speed: 0.0037s/iter; left time: 41.0934s
	iters: 800, epoch: 10 | loss: 0.1619536
	speed: 0.0037s/iter; left time: 40.7017s
	iters: 900, epoch: 10 | loss: 0.1883322
	speed: 0.0037s/iter; left time: 40.2623s
	iters: 1000, epoch: 10 | loss: 0.1267242
	speed: 0.0037s/iter; left time: 39.8378s
Epoch: 10 cost time: 4.0s
Epoch: 10, Steps: 1074 | Train Loss: 0.2013839 Vali Loss: 0.1332267
EarlyStopping counter: 1 out of 6
Updating learning rate to 1.953125e-05
	iters: 100, epoch: 11 | loss: 0.2326327
	speed: 0.0036s/iter; left time: 38.5975s
	iters: 200, epoch: 11 | loss: 0.1881213
	speed: 0.0036s/iter; left time: 38.2310s
	iters: 300, epoch: 11 | loss: 0.2077996
	speed: 0.0036s/iter; left time: 37.8790s
	iters: 400, epoch: 11 | loss: 0.1735657
	speed: 0.0036s/iter; left time: 37.5030s
	iters: 500, epoch: 11 | loss: 0.0884783
	speed: 0.0036s/iter; left time: 37.1300s
	iters: 600, epoch: 11 | loss: 0.5216692
	speed: 0.0036s/iter; left time: 36.7736s
	iters: 700, epoch: 11 | loss: 0.2405817
	speed: 0.0037s/iter; left time: 36.7226s
	iters: 800, epoch: 11 | loss: 0.1000847
	speed: 0.0037s/iter; left time: 36.3224s
	iters: 900, epoch: 11 | loss: 0.2014161
	speed: 0.0037s/iter; left time: 35.9332s
	iters: 1000, epoch: 11 | loss: 0.1735625
	speed: 0.0037s/iter; left time: 35.5795s
Epoch: 11 cost time: 3.9s
Epoch: 11, Steps: 1074 | Train Loss: 0.1977994 Vali Loss: 0.1340996
EarlyStopping counter: 2 out of 6
Updating learning rate to 9.765625e-06
	iters: 100, epoch: 12 | loss: 0.2177763
	speed: 0.0036s/iter; left time: 34.8761s
	iters: 200, epoch: 12 | loss: 0.2074855
	speed: 0.0037s/iter; left time: 35.0285s
	iters: 300, epoch: 12 | loss: 0.1701245
	speed: 0.0037s/iter; left time: 34.4779s
	iters: 400, epoch: 12 | loss: 0.2958124
	speed: 0.0037s/iter; left time: 34.0260s
	iters: 500, epoch: 12 | loss: 0.4199232
	speed: 0.0037s/iter; left time: 33.6077s
	iters: 600, epoch: 12 | loss: 0.1610165
	speed: 0.0037s/iter; left time: 33.3686s
	iters: 700, epoch: 12 | loss: 0.1767604
	speed: 0.0037s/iter; left time: 32.9592s
	iters: 800, epoch: 12 | loss: 0.4585359
	speed: 0.0037s/iter; left time: 32.5563s
	iters: 900, epoch: 12 | loss: 0.1773036
	speed: 0.0037s/iter; left time: 32.2712s
	iters: 1000, epoch: 12 | loss: 0.1585406
	speed: 0.0037s/iter; left time: 31.8747s
Epoch: 12 cost time: 4.0s
Epoch: 12, Steps: 1074 | Train Loss: 0.1956176 Vali Loss: 0.1334049
EarlyStopping counter: 3 out of 6
Updating learning rate to 4.8828125e-06
	iters: 100, epoch: 13 | loss: 0.0931411
	speed: 0.0038s/iter; left time: 31.9685s
	iters: 200, epoch: 13 | loss: 0.1891319
	speed: 0.0037s/iter; left time: 31.1046s
	iters: 300, epoch: 13 | loss: 0.5956714
	speed: 0.0037s/iter; left time: 30.5745s
	iters: 400, epoch: 13 | loss: 0.1129259
	speed: 0.0037s/iter; left time: 30.3677s
	iters: 500, epoch: 13 | loss: 0.1747324
	speed: 0.0037s/iter; left time: 29.9016s
	iters: 600, epoch: 13 | loss: 0.1632784
	speed: 0.0037s/iter; left time: 29.4679s
	iters: 700, epoch: 13 | loss: 0.1670593
	speed: 0.0037s/iter; left time: 29.0507s
	iters: 800, epoch: 13 | loss: 0.1656586
	speed: 0.0037s/iter; left time: 28.7607s
	iters: 900, epoch: 13 | loss: 0.1314020
	speed: 0.0037s/iter; left time: 28.3537s
	iters: 1000, epoch: 13 | loss: 0.2461529
	speed: 0.0037s/iter; left time: 27.9544s
Epoch: 13 cost time: 4.0s
Epoch: 13, Steps: 1074 | Train Loss: 0.1944479 Vali Loss: 0.1342458
EarlyStopping counter: 4 out of 6
Updating learning rate to 2.44140625e-06
	iters: 100, epoch: 14 | loss: 0.1148796
	speed: 0.0037s/iter; left time: 27.1352s
	iters: 200, epoch: 14 | loss: 0.1190599
	speed: 0.0036s/iter; left time: 26.7088s
	iters: 300, epoch: 14 | loss: 0.1278917
	speed: 0.0037s/iter; left time: 26.5826s
	iters: 400, epoch: 14 | loss: 0.2391516
	speed: 0.0037s/iter; left time: 26.1352s
	iters: 500, epoch: 14 | loss: 0.1978479
	speed: 0.0037s/iter; left time: 25.7251s
	iters: 600, epoch: 14 | loss: 0.1220236
	speed: 0.0037s/iter; left time: 25.3334s
	iters: 700, epoch: 14 | loss: 0.3582140
	speed: 0.0037s/iter; left time: 24.9456s
	iters: 800, epoch: 14 | loss: 0.1415540
	speed: 0.0037s/iter; left time: 24.5646s
	iters: 900, epoch: 14 | loss: 0.1213849
	speed: 0.0037s/iter; left time: 24.1919s
	iters: 1000, epoch: 14 | loss: 0.1042540
	speed: 0.0037s/iter; left time: 23.8893s
Epoch: 14 cost time: 3.9s
Epoch: 14, Steps: 1074 | Train Loss: 0.1937144 Vali Loss: 0.1342110
EarlyStopping counter: 5 out of 6
Updating learning rate to 1.220703125e-06
	iters: 100, epoch: 15 | loss: 0.2256526
	speed: 0.0039s/iter; left time: 24.5150s
	iters: 200, epoch: 15 | loss: 0.1750180
	speed: 0.0037s/iter; left time: 23.4157s
	iters: 300, epoch: 15 | loss: 0.1013445
	speed: 0.0037s/iter; left time: 22.8252s
	iters: 400, epoch: 15 | loss: 0.1637146
	speed: 0.0037s/iter; left time: 22.3438s
	iters: 500, epoch: 15 | loss: 0.1592389
	speed: 0.0037s/iter; left time: 22.0448s
	iters: 600, epoch: 15 | loss: 0.2075787
	speed: 0.0037s/iter; left time: 21.6065s
	iters: 700, epoch: 15 | loss: 0.2742524
	speed: 0.0037s/iter; left time: 21.1896s
	iters: 800, epoch: 15 | loss: 0.1855449
	speed: 0.0037s/iter; left time: 20.9439s
	iters: 900, epoch: 15 | loss: 0.5656936
	speed: 0.0037s/iter; left time: 20.5277s
	iters: 1000, epoch: 15 | loss: 0.1671901
	speed: 0.0037s/iter; left time: 20.1230s
Epoch: 15 cost time: 4.0s
Epoch: 15, Steps: 1074 | Train Loss: 0.1932718 Vali Loss: 0.1340394
EarlyStopping counter: 6 out of 6
Early stopping
Training time: 68.7s | Peak GPU memory: 192.4MB

>>> Testing...
test 11425
test shape: (11425, 1, 96, 7) (11425, 1, 96, 7)
test shape: (11425, 96, 7) (11425, 96, 7)
MSE: 0.186521, MAE: 0.267177
Inference: 9.11s | 11425 samples | 1253.6 samples/sec
Results saved to /lustre09/project/6010289/sdmuhsin/SpectraGate/results/ettm2_results.csv
========================================
Finished: Mon 09 Mar 2026 05:50:26 PM EDT
========================================
