========================================
Job: fn_Informer_ECL_96
Model: Informer
Dataset: ECL
Pred len: 96
Time limit: 12:00:00
GPU: h100_3g.40gb:1
Started: Mon 09 Mar 2026 06:12:23 PM EDT
========================================
Mon Mar  9 18:12:23 2026       
+-----------------------------------------------------------------------------------------+
| NVIDIA-SMI 570.211.01             Driver Version: 570.211.01     CUDA Version: 12.8     |
|-----------------------------------------+------------------------+----------------------+
| GPU  Name                 Persistence-M | Bus-Id          Disp.A | Volatile Uncorr. ECC |
| Fan  Temp   Perf          Pwr:Usage/Cap |           Memory-Usage | GPU-Util  Compute M. |
|                                         |                        |               MIG M. |
|=========================================+========================+======================|
|   0  NVIDIA H100 80GB HBM3          Off |   00000000:CB:00.0 Off |                   On |
| N/A   31C    P0             70W /  700W |      59MiB /  81559MiB |     N/A      Default |
|                                         |                        |              Enabled |
+-----------------------------------------+------------------------+----------------------+

+-----------------------------------------------------------------------------------------+
| MIG devices:                                                                            |
+------------------+----------------------------------+-----------+-----------------------+
| GPU  GI  CI  MIG |                     Memory-Usage |        Vol|        Shared         |
|      ID  ID  Dev |                       BAR1-Usage | SM     Unc| CE ENC  DEC  OFA  JPG |
|                  |                                  |        ECC|                       |
|==================+==================================+===========+=======================|
|  0    2   0   0  |              26MiB / 40448MiB    | 60      0 |  3   0    3    0    3 |
|                  |                 0MiB / 65535MiB  |           |                       |
+------------------+----------------------------------+-----------+-----------------------+
                                                                                         
+-----------------------------------------------------------------------------------------+
| Processes:                                                                              |
|  GPU   GI   CI              PID   Type   Process name                        GPU Memory |
|        ID   ID                                                               Usage      |
|=========================================================================================|
|  No running processes found                                                             |
+-----------------------------------------------------------------------------------------+
Using device: cuda:0
Model: Informer, Dataset: ECL, pred_len: 96, seq_len: 96

>>> Training...
train 18221
val 2537
Model Model : total params: 12,453,697 | trainable: 12,453,697 (47.5071MB)
	iters: 100, epoch: 1 | loss: 0.6342050
	speed: 0.0537s/iter; left time: 299.9620s
	iters: 200, epoch: 1 | loss: 0.5391841
	speed: 0.0445s/iter; left time: 244.4990s
	iters: 300, epoch: 1 | loss: 0.3447758
	speed: 0.0414s/iter; left time: 223.4563s
	iters: 400, epoch: 1 | loss: 0.3055072
	speed: 0.0399s/iter; left time: 211.3062s
	iters: 500, epoch: 1 | loss: 0.2709706
	speed: 0.0391s/iter; left time: 202.7935s
Epoch: 1 cost time: 22.0s
Epoch: 1, Steps: 569 | Train Loss: 0.4531950 Vali Loss: 0.2849176
Validation loss decreased (inf --> 0.284918).  Saving model ...
Updating learning rate to 0.0001
	iters: 100, epoch: 2 | loss: 0.2350181
	speed: 0.0353s/iter; left time: 177.5045s
	iters: 200, epoch: 2 | loss: 0.2045028
	speed: 0.0355s/iter; left time: 174.5029s
	iters: 300, epoch: 2 | loss: 0.2105854
	speed: 0.0355s/iter; left time: 171.3018s
	iters: 400, epoch: 2 | loss: 0.2036530
	speed: 0.0356s/iter; left time: 167.8771s
	iters: 500, epoch: 2 | loss: 0.1985991
	speed: 0.0356s/iter; left time: 164.4147s
Epoch: 2 cost time: 20.2s
Epoch: 2, Steps: 569 | Train Loss: 0.2037142 Vali Loss: 0.2412768
Validation loss decreased (0.284918 --> 0.241277).  Saving model ...
Updating learning rate to 5e-05
	iters: 100, epoch: 3 | loss: 0.1741832
	speed: 0.0354s/iter; left time: 157.7862s
	iters: 200, epoch: 3 | loss: 0.1686421
	speed: 0.0355s/iter; left time: 154.3506s
	iters: 300, epoch: 3 | loss: 0.1698020
	speed: 0.0355s/iter; left time: 150.9093s
	iters: 400, epoch: 3 | loss: 0.1741885
	speed: 0.0355s/iter; left time: 147.4602s
	iters: 500, epoch: 3 | loss: 0.1739411
	speed: 0.0354s/iter; left time: 143.6441s
Epoch: 3 cost time: 20.2s
Epoch: 3, Steps: 569 | Train Loss: 0.1719906 Vali Loss: 0.2322457
Validation loss decreased (0.241277 --> 0.232246).  Saving model ...
Updating learning rate to 2.5e-05
	iters: 100, epoch: 4 | loss: 0.1594863
	speed: 0.0351s/iter; left time: 136.2479s
	iters: 200, epoch: 4 | loss: 0.1688256
	speed: 0.0352s/iter; left time: 133.3184s
	iters: 300, epoch: 4 | loss: 0.1640370
	speed: 0.0353s/iter; left time: 130.0735s
	iters: 400, epoch: 4 | loss: 0.1556519
	speed: 0.0353s/iter; left time: 126.6802s
	iters: 500, epoch: 4 | loss: 0.1530435
	speed: 0.0354s/iter; left time: 123.2084s
Epoch: 4 cost time: 20.1s
Epoch: 4, Steps: 569 | Train Loss: 0.1606872 Vali Loss: 0.2254108
Validation loss decreased (0.232246 --> 0.225411).  Saving model ...
Updating learning rate to 1.25e-05
	iters: 100, epoch: 5 | loss: 0.1519879
	speed: 0.0354s/iter; left time: 117.3333s
	iters: 200, epoch: 5 | loss: 0.1567324
	speed: 0.0355s/iter; left time: 114.1555s
	iters: 300, epoch: 5 | loss: 0.1521478
	speed: 0.0354s/iter; left time: 110.3467s
	iters: 400, epoch: 5 | loss: 0.1466219
	speed: 0.0354s/iter; left time: 106.6827s
	iters: 500, epoch: 5 | loss: 0.1542287
	speed: 0.0354s/iter; left time: 103.0875s
Epoch: 5 cost time: 20.1s
Epoch: 5, Steps: 569 | Train Loss: 0.1552291 Vali Loss: 0.2268483
EarlyStopping counter: 1 out of 3
Updating learning rate to 6.25e-06
	iters: 100, epoch: 6 | loss: 0.1548665
	speed: 0.0354s/iter; left time: 97.2486s
	iters: 200, epoch: 6 | loss: 0.1530156
	speed: 0.0354s/iter; left time: 93.6303s
	iters: 300, epoch: 6 | loss: 0.1536098
	speed: 0.0354s/iter; left time: 90.1294s
	iters: 400, epoch: 6 | loss: 0.1541836
	speed: 0.0354s/iter; left time: 86.5893s
	iters: 500, epoch: 6 | loss: 0.1526082
	speed: 0.0354s/iter; left time: 82.9532s
Epoch: 6 cost time: 20.1s
Epoch: 6, Steps: 569 | Train Loss: 0.1524617 Vali Loss: 0.2250745
Validation loss decreased (0.225411 --> 0.225074).  Saving model ...
Updating learning rate to 3.125e-06
	iters: 100, epoch: 7 | loss: 0.1526715
	speed: 0.0353s/iter; left time: 76.7920s
	iters: 200, epoch: 7 | loss: 0.1562482
	speed: 0.0354s/iter; left time: 73.4584s
	iters: 300, epoch: 7 | loss: 0.1504098
	speed: 0.0354s/iter; left time: 69.9573s
	iters: 400, epoch: 7 | loss: 0.1447267
	speed: 0.0354s/iter; left time: 66.5308s
	iters: 500, epoch: 7 | loss: 0.1540561
	speed: 0.0355s/iter; left time: 63.0212s
Epoch: 7 cost time: 20.2s
Epoch: 7, Steps: 569 | Train Loss: 0.1510463 Vali Loss: 0.2248628
Validation loss decreased (0.225074 --> 0.224863).  Saving model ...
Updating learning rate to 1.5625e-06
	iters: 100, epoch: 8 | loss: 0.1454003
	speed: 0.0351s/iter; left time: 56.4933s
	iters: 200, epoch: 8 | loss: 0.1449879
	speed: 0.0352s/iter; left time: 53.1353s
	iters: 300, epoch: 8 | loss: 0.1539531
	speed: 0.0354s/iter; left time: 49.7960s
	iters: 400, epoch: 8 | loss: 0.1445291
	speed: 0.0354s/iter; left time: 46.2637s
	iters: 500, epoch: 8 | loss: 0.1483544
	speed: 0.0354s/iter; left time: 42.7299s
Epoch: 8 cost time: 20.1s
Epoch: 8, Steps: 569 | Train Loss: 0.1503365 Vali Loss: 0.2245198
Validation loss decreased (0.224863 --> 0.224520).  Saving model ...
Updating learning rate to 7.8125e-07
	iters: 100, epoch: 9 | loss: 0.1443078
	speed: 0.0351s/iter; left time: 36.5035s
	iters: 200, epoch: 9 | loss: 0.1485302
	speed: 0.0352s/iter; left time: 33.0062s
	iters: 300, epoch: 9 | loss: 0.1446421
	speed: 0.0348s/iter; left time: 29.2235s
	iters: 400, epoch: 9 | loss: 0.1433290
	speed: 0.0346s/iter; left time: 25.6021s
	iters: 500, epoch: 9 | loss: 0.1555443
	speed: 0.0345s/iter; left time: 22.0635s
Epoch: 9 cost time: 19.7s
Epoch: 9, Steps: 569 | Train Loss: 0.1499845 Vali Loss: 0.2250099
EarlyStopping counter: 1 out of 3
Updating learning rate to 3.90625e-07
	iters: 100, epoch: 10 | loss: 0.1568875
	speed: 0.0347s/iter; left time: 16.2871s
	iters: 200, epoch: 10 | loss: 0.1469070
	speed: 0.0341s/iter; left time: 12.6269s
	iters: 300, epoch: 10 | loss: 0.1536233
	speed: 0.0340s/iter; left time: 9.1683s
	iters: 400, epoch: 10 | loss: 0.1445341
	speed: 0.0339s/iter; left time: 5.7582s
	iters: 500, epoch: 10 | loss: 0.1459134
	speed: 0.0338s/iter; left time: 2.3685s
Epoch: 10 cost time: 19.3s
Epoch: 10, Steps: 569 | Train Loss: 0.1497687 Vali Loss: 0.2234524
Validation loss decreased (0.224520 --> 0.223452).  Saving model ...
Updating learning rate to 1.953125e-07
Training time: 223.7s | Peak GPU memory: 881.4MB

>>> Testing...
test 5165
test shape: (5165, 1, 96, 321) (5165, 1, 96, 321)
test shape: (5165, 96, 321) (5165, 96, 321)
MSE: 0.321775, MAE: 0.407696
Inference: 24.39s | 5165 samples | 211.7 samples/sec
Results saved to /lustre09/project/6010289/sdmuhsin/SpectraGate/results/ecl_results.csv
========================================
Finished: Mon 09 Mar 2026 06:16:42 PM EDT
========================================
