========================================
Job: fn_iTransformer_ETTh2_96
Model: iTransformer
Dataset: ETTh2
Pred len: 96
Time limit: 4:00:00
GPU: h100_2g.20gb:1
Started: Mon 09 Mar 2026 06:12:19 PM EDT
========================================
Mon Mar  9 18:12:19 2026       
+-----------------------------------------------------------------------------------------+
| NVIDIA-SMI 570.211.01             Driver Version: 570.211.01     CUDA Version: 12.8     |
|-----------------------------------------+------------------------+----------------------+
| GPU  Name                 Persistence-M | Bus-Id          Disp.A | Volatile Uncorr. ECC |
| Fan  Temp   Perf          Pwr:Usage/Cap |           Memory-Usage | GPU-Util  Compute M. |
|                                         |                        |               MIG M. |
|=========================================+========================+======================|
|   0  NVIDIA H100 80GB HBM3          Off |   00000000:CB:00.0 Off |                   On |
| N/A   31C    P0             70W /  700W |      59MiB /  81559MiB |     N/A      Default |
|                                         |                        |              Enabled |
+-----------------------------------------+------------------------+----------------------+

+-----------------------------------------------------------------------------------------+
| MIG devices:                                                                            |
+------------------+----------------------------------+-----------+-----------------------+
| GPU  GI  CI  MIG |                     Memory-Usage |        Vol|        Shared         |
|      ID  ID  Dev |                       BAR1-Usage | SM     Unc| CE ENC  DEC  OFA  JPG |
|                  |                                  |        ECC|                       |
|==================+==================================+===========+=======================|
|  0    3   0   0  |              17MiB / 20096MiB    | 32      0 |  2   0    2    0    2 |
|                  |                 0MiB / 32767MiB  |           |                       |
+------------------+----------------------------------+-----------+-----------------------+
                                                                                         
+-----------------------------------------------------------------------------------------+
| Processes:                                                                              |
|  GPU   GI   CI              PID   Type   Process name                        GPU Memory |
|        ID   ID                                                               Usage      |
|=========================================================================================|
|  No running processes found                                                             |
+-----------------------------------------------------------------------------------------+
Using device: cuda:0
Model: iTransformer, Dataset: ETTh2, pred_len: 96, seq_len: 96

>>> Training...
train 8449
val 2785
Model Model : total params: 6,403,680 | trainable: 6,403,680 (24.4281MB)
	iters: 100, epoch: 1 | loss: 3.1471288
	speed: 0.0069s/iter; left time: 35.8957s
	iters: 200, epoch: 1 | loss: 0.8600505
	speed: 0.0053s/iter; left time: 26.8957s
Epoch: 1 cost time: 1.3s
Epoch: 1, Steps: 264 | Train Loss: 60.6836483 Vali Loss: 0.3616616
Validation loss decreased (inf --> 0.361662).  Saving model ...
Updating learning rate to 0.01
	iters: 100, epoch: 2 | loss: 0.3887565
	speed: 0.0037s/iter; left time: 18.1057s
	iters: 200, epoch: 2 | loss: 0.3553714
	speed: 0.0037s/iter; left time: 17.7798s
Epoch: 2 cost time: 1.0s
Epoch: 2, Steps: 264 | Train Loss: 0.6708715 Vali Loss: 0.3290438
Validation loss decreased (0.361662 --> 0.329044).  Saving model ...
Updating learning rate to 0.005
	iters: 100, epoch: 3 | loss: 0.3943036
	speed: 0.0037s/iter; left time: 17.2321s
	iters: 200, epoch: 3 | loss: 0.4130227
	speed: 0.0037s/iter; left time: 16.8443s
Epoch: 3 cost time: 1.0s
Epoch: 3, Steps: 264 | Train Loss: 0.4611276 Vali Loss: 0.2829645
Validation loss decreased (0.329044 --> 0.282965).  Saving model ...
Updating learning rate to 0.0025
	iters: 100, epoch: 4 | loss: 0.4602295
	speed: 0.0037s/iter; left time: 16.2223s
	iters: 200, epoch: 4 | loss: 0.2990882
	speed: 0.0037s/iter; left time: 15.8619s
Epoch: 4 cost time: 1.0s
Epoch: 4, Steps: 264 | Train Loss: 0.4270548 Vali Loss: 0.2673896
Validation loss decreased (0.282965 --> 0.267390).  Saving model ...
Updating learning rate to 0.00125
	iters: 100, epoch: 5 | loss: 0.2973636
	speed: 0.0037s/iter; left time: 15.3509s
	iters: 200, epoch: 5 | loss: 0.5206843
	speed: 0.0037s/iter; left time: 14.9424s
Epoch: 5 cost time: 1.0s
Epoch: 5, Steps: 264 | Train Loss: 0.4100594 Vali Loss: 0.2773888
EarlyStopping counter: 1 out of 6
Updating learning rate to 0.000625
	iters: 100, epoch: 6 | loss: 0.7008008
	speed: 0.0037s/iter; left time: 14.2374s
	iters: 200, epoch: 6 | loss: 0.4031081
	speed: 0.0037s/iter; left time: 13.8983s
Epoch: 6 cost time: 1.0s
Epoch: 6, Steps: 264 | Train Loss: 0.4022259 Vali Loss: 0.2671078
Validation loss decreased (0.267390 --> 0.267108).  Saving model ...
Updating learning rate to 0.0003125
	iters: 100, epoch: 7 | loss: 0.2516319
	speed: 0.0037s/iter; left time: 13.3498s
	iters: 200, epoch: 7 | loss: 0.4687803
	speed: 0.0037s/iter; left time: 12.9750s
Epoch: 7 cost time: 1.0s
Epoch: 7, Steps: 264 | Train Loss: 0.3948225 Vali Loss: 0.2625730
Validation loss decreased (0.267108 --> 0.262573).  Saving model ...
Updating learning rate to 0.00015625
	iters: 100, epoch: 8 | loss: 0.3836005
	speed: 0.0037s/iter; left time: 12.3312s
	iters: 200, epoch: 8 | loss: 0.4592832
	speed: 0.0037s/iter; left time: 11.9779s
Epoch: 8 cost time: 1.0s
Epoch: 8, Steps: 264 | Train Loss: 0.3920553 Vali Loss: 0.2686256
EarlyStopping counter: 1 out of 6
Updating learning rate to 7.8125e-05
	iters: 100, epoch: 9 | loss: 0.4263217
	speed: 0.0037s/iter; left time: 11.3513s
	iters: 200, epoch: 9 | loss: 0.4067422
	speed: 0.0037s/iter; left time: 10.9878s
Epoch: 9 cost time: 1.0s
Epoch: 9, Steps: 264 | Train Loss: 0.3896224 Vali Loss: 0.2689224
EarlyStopping counter: 2 out of 6
Updating learning rate to 3.90625e-05
	iters: 100, epoch: 10 | loss: 0.3066788
	speed: 0.0037s/iter; left time: 10.3731s
	iters: 200, epoch: 10 | loss: 0.5232617
	speed: 0.0037s/iter; left time: 10.0143s
Epoch: 10 cost time: 1.0s
Epoch: 10, Steps: 264 | Train Loss: 0.3886714 Vali Loss: 0.2668638
EarlyStopping counter: 3 out of 6
Updating learning rate to 1.953125e-05
	iters: 100, epoch: 11 | loss: 0.2955990
	speed: 0.0037s/iter; left time: 9.3939s
	iters: 200, epoch: 11 | loss: 0.4590847
	speed: 0.0037s/iter; left time: 9.0304s
Epoch: 11 cost time: 1.0s
Epoch: 11, Steps: 264 | Train Loss: 0.3878308 Vali Loss: 0.2669076
EarlyStopping counter: 4 out of 6
Updating learning rate to 9.765625e-06
	iters: 100, epoch: 12 | loss: 0.2587213
	speed: 0.0037s/iter; left time: 8.4878s
	iters: 200, epoch: 12 | loss: 0.4306589
	speed: 0.0037s/iter; left time: 8.1551s
Epoch: 12 cost time: 1.0s
Epoch: 12, Steps: 264 | Train Loss: 0.3874261 Vali Loss: 0.2666752
EarlyStopping counter: 5 out of 6
Updating learning rate to 4.8828125e-06
	iters: 100, epoch: 13 | loss: 0.3264596
	speed: 0.0038s/iter; left time: 7.6322s
	iters: 200, epoch: 13 | loss: 0.3101135
	speed: 0.0038s/iter; left time: 7.2825s
Epoch: 13 cost time: 1.0s
Epoch: 13, Steps: 264 | Train Loss: 0.3871633 Vali Loss: 0.2661559
EarlyStopping counter: 6 out of 6
Early stopping
Training time: 15.2s | Peak GPU memory: 192.4MB

>>> Testing...
test 2785
test shape: (2785, 1, 96, 7) (2785, 1, 96, 7)
test shape: (2785, 96, 7) (2785, 96, 7)
MSE: 0.347123, MAE: 0.383895
Inference: 2.27s | 2785 samples | 1228.3 samples/sec
Results saved to /lustre09/project/6010289/sdmuhsin/SpectraGate/results/etth2_results.csv
========================================
Finished: Mon 09 Mar 2026 06:12:58 PM EDT
========================================
