========================================
Job: fn_iTransformer_ECL_96
Model: iTransformer
Dataset: ECL
Pred len: 96
Time limit: 12:00:00
GPU: h100_3g.40gb:1
Started: Mon 09 Mar 2026 06:12:19 PM EDT
========================================
Mon Mar  9 18:12:19 2026       
+-----------------------------------------------------------------------------------------+
| NVIDIA-SMI 570.211.01             Driver Version: 570.211.01     CUDA Version: 12.8     |
|-----------------------------------------+------------------------+----------------------+
| GPU  Name                 Persistence-M | Bus-Id          Disp.A | Volatile Uncorr. ECC |
| Fan  Temp   Perf          Pwr:Usage/Cap |           Memory-Usage | GPU-Util  Compute M. |
|                                         |                        |               MIG M. |
|=========================================+========================+======================|
|   0  NVIDIA H100 80GB HBM3          Off |   00000000:DB:00.0 Off |                   On |
| N/A   42C    P0            128W /  700W |    4008MiB /  81559MiB |     N/A      Default |
|                                         |                        |              Enabled |
+-----------------------------------------+------------------------+----------------------+

+-----------------------------------------------------------------------------------------+
| MIG devices:                                                                            |
+------------------+----------------------------------+-----------+-----------------------+
| GPU  GI  CI  MIG |                     Memory-Usage |        Vol|        Shared         |
|      ID  ID  Dev |                       BAR1-Usage | SM     Unc| CE ENC  DEC  OFA  JPG |
|                  |                                  |        ECC|                       |
|==================+==================================+===========+=======================|
|  0    1   0   0  |              26MiB / 40448MiB    | 60      0 |  3   0    3    0    3 |
|                  |                 0MiB / 65535MiB  |           |                       |
+------------------+----------------------------------+-----------+-----------------------+
                                                                                         
+-----------------------------------------------------------------------------------------+
| Processes:                                                                              |
|  GPU   GI   CI              PID   Type   Process name                        GPU Memory |
|        ID   ID                                                               Usage      |
|=========================================================================================|
|  No running processes found                                                             |
+-----------------------------------------------------------------------------------------+
Using device: cuda:0
Model: iTransformer, Dataset: ECL, pred_len: 96, seq_len: 96

>>> Training...
train 18221
val 2537
Model Model : total params: 6,403,680 | trainable: 6,403,680 (24.4281MB)
	iters: 100, epoch: 1 | loss: 1.5912600
	speed: 0.0347s/iter; left time: 391.8758s
	iters: 200, epoch: 1 | loss: 0.5862527
	speed: 0.0333s/iter; left time: 372.7687s
	iters: 300, epoch: 1 | loss: 0.4771206
	speed: 0.0329s/iter; left time: 364.4283s
	iters: 400, epoch: 1 | loss: 0.3728543
	speed: 0.0326s/iter; left time: 358.4994s
	iters: 500, epoch: 1 | loss: 0.3407501
	speed: 0.0325s/iter; left time: 353.6771s
Epoch: 1 cost time: 18.5s
Epoch: 1, Steps: 569 | Train Loss: 43.0125348 Vali Loss: 0.3046155
Validation loss decreased (inf --> 0.304615).  Saving model ...
Updating learning rate to 0.01
	iters: 100, epoch: 2 | loss: 0.3416634
	speed: 0.0319s/iter; left time: 341.3205s
	iters: 200, epoch: 2 | loss: 0.3206492
	speed: 0.0318s/iter; left time: 337.8013s
	iters: 300, epoch: 2 | loss: 0.2978855
	speed: 0.0318s/iter; left time: 334.5323s
	iters: 400, epoch: 2 | loss: 0.2761922
	speed: 0.0318s/iter; left time: 331.4167s
	iters: 500, epoch: 2 | loss: 0.3147116
	speed: 0.0318s/iter; left time: 328.2179s
Epoch: 2 cost time: 18.1s
Epoch: 2, Steps: 569 | Train Loss: 0.3207658 Vali Loss: 0.4047903
EarlyStopping counter: 1 out of 6
Updating learning rate to 0.005
	iters: 100, epoch: 3 | loss: 0.2602765
	speed: 0.0318s/iter; left time: 322.6548s
	iters: 200, epoch: 3 | loss: 0.2449391
	speed: 0.0318s/iter; left time: 319.4516s
	iters: 300, epoch: 3 | loss: 0.3027074
	speed: 0.0318s/iter; left time: 316.3048s
	iters: 400, epoch: 3 | loss: 0.2498205
	speed: 0.0318s/iter; left time: 313.1440s
	iters: 500, epoch: 3 | loss: 0.2414312
	speed: 0.0318s/iter; left time: 310.0334s
Epoch: 3 cost time: 18.1s
Epoch: 3, Steps: 569 | Train Loss: 0.2662670 Vali Loss: 0.2270555
Validation loss decreased (0.304615 --> 0.227055).  Saving model ...
Updating learning rate to 0.0025
	iters: 100, epoch: 4 | loss: 0.2479621
	speed: 0.0317s/iter; left time: 303.8930s
	iters: 200, epoch: 4 | loss: 0.2493401
	speed: 0.0318s/iter; left time: 301.2303s
	iters: 300, epoch: 4 | loss: 0.2452568
	speed: 0.0318s/iter; left time: 298.2913s
	iters: 400, epoch: 4 | loss: 0.2360313
	speed: 0.0318s/iter; left time: 295.0806s
	iters: 500, epoch: 4 | loss: 0.2517875
	speed: 0.0318s/iter; left time: 291.9624s
Epoch: 4 cost time: 18.1s
Epoch: 4, Steps: 569 | Train Loss: 0.2471211 Vali Loss: 0.2170757
Validation loss decreased (0.227055 --> 0.217076).  Saving model ...
Updating learning rate to 0.00125
	iters: 100, epoch: 5 | loss: 0.2462065
	speed: 0.0318s/iter; left time: 286.4016s
	iters: 200, epoch: 5 | loss: 0.2568309
	speed: 0.0318s/iter; left time: 283.4398s
	iters: 300, epoch: 5 | loss: 0.2256512
	speed: 0.0318s/iter; left time: 280.1905s
	iters: 400, epoch: 5 | loss: 0.2560060
	speed: 0.0318s/iter; left time: 276.9658s
	iters: 500, epoch: 5 | loss: 0.2300235
	speed: 0.0318s/iter; left time: 273.7915s
Epoch: 5 cost time: 18.1s
Epoch: 5, Steps: 569 | Train Loss: 0.2403008 Vali Loss: 0.2158085
Validation loss decreased (0.217076 --> 0.215809).  Saving model ...
Updating learning rate to 0.000625
	iters: 100, epoch: 6 | loss: 0.2025224
	speed: 0.0318s/iter; left time: 267.9586s
	iters: 200, epoch: 6 | loss: 0.2136744
	speed: 0.0319s/iter; left time: 265.5447s
	iters: 300, epoch: 6 | loss: 0.2760388
	speed: 0.0318s/iter; left time: 262.2635s
	iters: 400, epoch: 6 | loss: 0.2395815
	speed: 0.0319s/iter; left time: 259.1437s
	iters: 500, epoch: 6 | loss: 0.2304889
	speed: 0.0318s/iter; left time: 255.8892s
Epoch: 6 cost time: 18.1s
Epoch: 6, Steps: 569 | Train Loss: 0.2362904 Vali Loss: 0.2101777
Validation loss decreased (0.215809 --> 0.210178).  Saving model ...
Updating learning rate to 0.0003125
	iters: 100, epoch: 7 | loss: 0.2294801
	speed: 0.0318s/iter; left time: 250.1517s
	iters: 200, epoch: 7 | loss: 0.2419635
	speed: 0.0318s/iter; left time: 247.2477s
	iters: 300, epoch: 7 | loss: 0.2364164
	speed: 0.0318s/iter; left time: 244.1237s
	iters: 400, epoch: 7 | loss: 0.2555639
	speed: 0.0318s/iter; left time: 240.9395s
	iters: 500, epoch: 7 | loss: 0.2345300
	speed: 0.0318s/iter; left time: 237.7313s
Epoch: 7 cost time: 18.1s
Epoch: 7, Steps: 569 | Train Loss: 0.2340450 Vali Loss: 0.2098311
Validation loss decreased (0.210178 --> 0.209831).  Saving model ...
Updating learning rate to 0.00015625
	iters: 100, epoch: 8 | loss: 0.2053609
	speed: 0.0318s/iter; left time: 232.2189s
	iters: 200, epoch: 8 | loss: 0.2102553
	speed: 0.0318s/iter; left time: 228.9614s
	iters: 300, epoch: 8 | loss: 0.2360113
	speed: 0.0318s/iter; left time: 225.7769s
	iters: 400, epoch: 8 | loss: 0.2467338
	speed: 0.0318s/iter; left time: 222.6609s
	iters: 500, epoch: 8 | loss: 0.2544290
	speed: 0.0318s/iter; left time: 219.6005s
Epoch: 8 cost time: 18.1s
Epoch: 8, Steps: 569 | Train Loss: 0.2325459 Vali Loss: 0.2076171
Validation loss decreased (0.209831 --> 0.207617).  Saving model ...
Updating learning rate to 7.8125e-05
	iters: 100, epoch: 9 | loss: 0.2514099
	speed: 0.0318s/iter; left time: 214.0195s
	iters: 200, epoch: 9 | loss: 0.2599458
	speed: 0.0318s/iter; left time: 210.8587s
	iters: 300, epoch: 9 | loss: 0.2563761
	speed: 0.0318s/iter; left time: 207.6505s
	iters: 400, epoch: 9 | loss: 0.2276204
	speed: 0.0318s/iter; left time: 204.5714s
	iters: 500, epoch: 9 | loss: 0.2219286
	speed: 0.0318s/iter; left time: 201.3816s
Epoch: 9 cost time: 18.1s
Epoch: 9, Steps: 569 | Train Loss: 0.2315663 Vali Loss: 0.2066226
Validation loss decreased (0.207617 --> 0.206623).  Saving model ...
Updating learning rate to 3.90625e-05
	iters: 100, epoch: 10 | loss: 0.2314229
	speed: 0.0318s/iter; left time: 195.7082s
	iters: 200, epoch: 10 | loss: 0.2180248
	speed: 0.0318s/iter; left time: 192.7446s
	iters: 300, epoch: 10 | loss: 0.2143506
	speed: 0.0318s/iter; left time: 189.5740s
	iters: 400, epoch: 10 | loss: 0.2129635
	speed: 0.0318s/iter; left time: 186.3949s
	iters: 500, epoch: 10 | loss: 0.2711624
	speed: 0.0318s/iter; left time: 183.2695s
Epoch: 10 cost time: 18.1s
Epoch: 10, Steps: 569 | Train Loss: 0.2309649 Vali Loss: 0.2063584
Validation loss decreased (0.206623 --> 0.206358).  Saving model ...
Updating learning rate to 1.953125e-05
	iters: 100, epoch: 11 | loss: 0.2204378
	speed: 0.0317s/iter; left time: 177.4618s
	iters: 200, epoch: 11 | loss: 0.2209553
	speed: 0.0318s/iter; left time: 174.5552s
	iters: 300, epoch: 11 | loss: 0.2514665
	speed: 0.0318s/iter; left time: 171.4212s
	iters: 400, epoch: 11 | loss: 0.2171432
	speed: 0.0318s/iter; left time: 168.2538s
	iters: 500, epoch: 11 | loss: 0.2187621
	speed: 0.0318s/iter; left time: 165.1479s
Epoch: 11 cost time: 18.1s
Epoch: 11, Steps: 569 | Train Loss: 0.2305868 Vali Loss: 0.2060235
Validation loss decreased (0.206358 --> 0.206024).  Saving model ...
Updating learning rate to 9.765625e-06
	iters: 100, epoch: 12 | loss: 0.2466017
	speed: 0.0317s/iter; left time: 159.3384s
	iters: 200, epoch: 12 | loss: 0.2555028
	speed: 0.0318s/iter; left time: 156.4823s
	iters: 300, epoch: 12 | loss: 0.2254355
	speed: 0.0318s/iter; left time: 153.3699s
	iters: 400, epoch: 12 | loss: 0.2333846
	speed: 0.0318s/iter; left time: 150.1365s
	iters: 500, epoch: 12 | loss: 0.2170308
	speed: 0.0318s/iter; left time: 146.9418s
Epoch: 12 cost time: 18.1s
Epoch: 12, Steps: 569 | Train Loss: 0.2303320 Vali Loss: 0.2057659
Validation loss decreased (0.206024 --> 0.205766).  Saving model ...
Updating learning rate to 4.8828125e-06
	iters: 100, epoch: 13 | loss: 0.2009532
	speed: 0.0318s/iter; left time: 141.3959s
	iters: 200, epoch: 13 | loss: 0.2353949
	speed: 0.0318s/iter; left time: 138.4023s
	iters: 300, epoch: 13 | loss: 0.2503929
	speed: 0.0318s/iter; left time: 135.2465s
	iters: 400, epoch: 13 | loss: 0.2274877
	speed: 0.0318s/iter; left time: 132.1505s
	iters: 500, epoch: 13 | loss: 0.2253450
	speed: 0.0318s/iter; left time: 128.9431s
Epoch: 13 cost time: 18.1s
Epoch: 13, Steps: 569 | Train Loss: 0.2301490 Vali Loss: 0.2055371
Validation loss decreased (0.205766 --> 0.205537).  Saving model ...
Updating learning rate to 2.44140625e-06
	iters: 100, epoch: 14 | loss: 0.2421714
	speed: 0.0317s/iter; left time: 123.1670s
	iters: 200, epoch: 14 | loss: 0.2300221
	speed: 0.0317s/iter; left time: 120.0527s
	iters: 300, epoch: 14 | loss: 0.2450981
	speed: 0.0317s/iter; left time: 116.8920s
	iters: 400, epoch: 14 | loss: 0.2440051
	speed: 0.0317s/iter; left time: 113.7395s
	iters: 500, epoch: 14 | loss: 0.2258878
	speed: 0.0317s/iter; left time: 110.5695s
Epoch: 14 cost time: 18.1s
Epoch: 14, Steps: 569 | Train Loss: 0.2299983 Vali Loss: 0.2053590
Validation loss decreased (0.205537 --> 0.205359).  Saving model ...
Updating learning rate to 1.220703125e-06
	iters: 100, epoch: 15 | loss: 0.2396177
	speed: 0.0317s/iter; left time: 105.0714s
	iters: 200, epoch: 15 | loss: 0.2218572
	speed: 0.0317s/iter; left time: 101.9919s
	iters: 300, epoch: 15 | loss: 0.2465444
	speed: 0.0317s/iter; left time: 98.9001s
	iters: 400, epoch: 15 | loss: 0.2070717
	speed: 0.0318s/iter; left time: 95.7427s
	iters: 500, epoch: 15 | loss: 0.2091714
	speed: 0.0317s/iter; left time: 92.5512s
Epoch: 15 cost time: 18.1s
Epoch: 15, Steps: 569 | Train Loss: 0.2299635 Vali Loss: 0.2053370
Validation loss decreased (0.205359 --> 0.205337).  Saving model ...
Updating learning rate to 6.103515625e-07
	iters: 100, epoch: 16 | loss: 0.2326198
	speed: 0.0317s/iter; left time: 87.0413s
	iters: 200, epoch: 16 | loss: 0.2198275
	speed: 0.0317s/iter; left time: 83.9295s
	iters: 300, epoch: 16 | loss: 0.2261903
	speed: 0.0317s/iter; left time: 80.7764s
	iters: 400, epoch: 16 | loss: 0.2408490
	speed: 0.0317s/iter; left time: 77.6477s
	iters: 500, epoch: 16 | loss: 0.2186796
	speed: 0.0317s/iter; left time: 74.4769s
Epoch: 16 cost time: 18.1s
Epoch: 16, Steps: 569 | Train Loss: 0.2299148 Vali Loss: 0.2054666
EarlyStopping counter: 1 out of 6
Updating learning rate to 3.0517578125e-07
	iters: 100, epoch: 17 | loss: 0.2495680
	speed: 0.0317s/iter; left time: 68.9535s
	iters: 200, epoch: 17 | loss: 0.2154959
	speed: 0.0317s/iter; left time: 65.8812s
	iters: 300, epoch: 17 | loss: 0.2249466
	speed: 0.0317s/iter; left time: 62.7231s
	iters: 400, epoch: 17 | loss: 0.2114144
	speed: 0.0317s/iter; left time: 59.5588s
	iters: 500, epoch: 17 | loss: 0.2178859
	speed: 0.0317s/iter; left time: 56.3953s
Epoch: 17 cost time: 18.1s
Epoch: 17, Steps: 569 | Train Loss: 0.2298521 Vali Loss: 0.2053362
Validation loss decreased (0.205337 --> 0.205336).  Saving model ...
Updating learning rate to 1.52587890625e-07
	iters: 100, epoch: 18 | loss: 0.2058951
	speed: 0.0317s/iter; left time: 50.9304s
	iters: 200, epoch: 18 | loss: 0.2242057
	speed: 0.0317s/iter; left time: 47.7989s
	iters: 300, epoch: 18 | loss: 0.2056234
	speed: 0.0317s/iter; left time: 44.6578s
	iters: 400, epoch: 18 | loss: 0.2415915
	speed: 0.0317s/iter; left time: 41.4959s
	iters: 500, epoch: 18 | loss: 0.2259659
	speed: 0.0317s/iter; left time: 38.3281s
Epoch: 18 cost time: 18.1s
Epoch: 18, Steps: 569 | Train Loss: 0.2298388 Vali Loss: 0.2053176
Validation loss decreased (0.205336 --> 0.205318).  Saving model ...
Updating learning rate to 7.62939453125e-08
	iters: 100, epoch: 19 | loss: 0.2276829
	speed: 0.0317s/iter; left time: 32.9308s
	iters: 200, epoch: 19 | loss: 0.2236345
	speed: 0.0317s/iter; left time: 29.7862s
	iters: 300, epoch: 19 | loss: 0.2343272
	speed: 0.0317s/iter; left time: 26.6086s
	iters: 400, epoch: 19 | loss: 0.2102851
	speed: 0.0317s/iter; left time: 23.4431s
	iters: 500, epoch: 19 | loss: 0.2142241
	speed: 0.0317s/iter; left time: 20.2800s
Epoch: 19 cost time: 18.1s
Epoch: 19, Steps: 569 | Train Loss: 0.2298431 Vali Loss: 0.2053224
EarlyStopping counter: 1 out of 6
Updating learning rate to 3.814697265625e-08
	iters: 100, epoch: 20 | loss: 0.2264125
	speed: 0.0318s/iter; left time: 14.9246s
	iters: 200, epoch: 20 | loss: 0.2254574
	speed: 0.0318s/iter; left time: 11.7555s
	iters: 300, epoch: 20 | loss: 0.2352522
	speed: 0.0318s/iter; left time: 8.5814s
	iters: 400, epoch: 20 | loss: 0.2463974
	speed: 0.0318s/iter; left time: 5.4037s
	iters: 500, epoch: 20 | loss: 0.2326168
	speed: 0.0318s/iter; left time: 2.2253s
Epoch: 20 cost time: 18.1s
Epoch: 20, Steps: 569 | Train Loss: 0.2298166 Vali Loss: 0.2054429
EarlyStopping counter: 2 out of 6
Updating learning rate to 1.9073486328125e-08
Training time: 407.0s | Peak GPU memory: 993.6MB

>>> Testing...
test 5165
test shape: (5165, 1, 96, 321) (5165, 1, 96, 321)
test shape: (5165, 96, 321) (5165, 96, 321)
MSE: 0.229360, MAE: 0.316670
Inference: 9.01s | 5165 samples | 573.1 samples/sec
Results saved to /lustre09/project/6010289/sdmuhsin/SpectraGate/results/ecl_results.csv
========================================
Finished: Mon 09 Mar 2026 06:19:40 PM EDT
========================================
