========================================
Job: fn_iTransformer_ETTm2_96
Model: iTransformer
Dataset: ETTm2
Pred len: 96
Time limit: 8:00:00
GPU: h100_2g.20gb:1
Started: Mon 09 Mar 2026 06:12:19 PM EDT
========================================
Mon Mar  9 18:12:19 2026       
+-----------------------------------------------------------------------------------------+
| NVIDIA-SMI 570.211.01             Driver Version: 570.211.01     CUDA Version: 12.8     |
|-----------------------------------------+------------------------+----------------------+
| GPU  Name                 Persistence-M | Bus-Id          Disp.A | Volatile Uncorr. ECC |
| Fan  Temp   Perf          Pwr:Usage/Cap |           Memory-Usage | GPU-Util  Compute M. |
|                                         |                        |               MIG M. |
|=========================================+========================+======================|
|   0  NVIDIA H100 80GB HBM3          Off |   00000000:DB:00.0 Off |                   On |
| N/A   31C    P0             72W /  700W |      59MiB /  81559MiB |     N/A      Default |
|                                         |                        |              Enabled |
+-----------------------------------------+------------------------+----------------------+

+-----------------------------------------------------------------------------------------+
| MIG devices:                                                                            |
+------------------+----------------------------------+-----------+-----------------------+
| GPU  GI  CI  MIG |                     Memory-Usage |        Vol|        Shared         |
|      ID  ID  Dev |                       BAR1-Usage | SM     Unc| CE ENC  DEC  OFA  JPG |
|                  |                                  |        ECC|                       |
|==================+==================================+===========+=======================|
|  0    3   0   0  |              17MiB / 20096MiB    | 32      0 |  2   0    2    0    2 |
|                  |                 0MiB / 32767MiB  |           |                       |
+------------------+----------------------------------+-----------+-----------------------+
                                                                                         
+-----------------------------------------------------------------------------------------+
| Processes:                                                                              |
|  GPU   GI   CI              PID   Type   Process name                        GPU Memory |
|        ID   ID                                                               Usage      |
|=========================================================================================|
|  No running processes found                                                             |
+-----------------------------------------------------------------------------------------+
Using device: cuda:0
Model: iTransformer, Dataset: ETTm2, pred_len: 96, seq_len: 96

>>> Training...
train 34369
val 11425
Model Model : total params: 6,403,680 | trainable: 6,403,680 (24.4281MB)
	iters: 100, epoch: 1 | loss: 1.3381400
	speed: 0.0070s/iter; left time: 148.7086s
	iters: 200, epoch: 1 | loss: 0.2714293
	speed: 0.0053s/iter; left time: 113.2291s
	iters: 300, epoch: 1 | loss: 0.1833343
	speed: 0.0048s/iter; left time: 101.2464s
	iters: 400, epoch: 1 | loss: 0.3069493
	speed: 0.0045s/iter; left time: 95.2401s
	iters: 500, epoch: 1 | loss: 0.1753213
	speed: 0.0044s/iter; left time: 91.5077s
	iters: 600, epoch: 1 | loss: 0.2204140
	speed: 0.0043s/iter; left time: 88.9104s
	iters: 700, epoch: 1 | loss: 0.3426093
	speed: 0.0042s/iter; left time: 86.9707s
	iters: 800, epoch: 1 | loss: 0.2814898
	speed: 0.0041s/iter; left time: 85.3870s
	iters: 900, epoch: 1 | loss: 0.2360116
	speed: 0.0041s/iter; left time: 84.0783s
	iters: 1000, epoch: 1 | loss: 0.3491056
	speed: 0.0041s/iter; left time: 82.9791s
Epoch: 1 cost time: 4.3s
Epoch: 1, Steps: 1074 | Train Loss: 3.1971004 Vali Loss: 0.1543034
Validation loss decreased (inf --> 0.154303).  Saving model ...
Updating learning rate to 0.01
	iters: 100, epoch: 2 | loss: 0.2226894
	speed: 0.0038s/iter; left time: 76.2070s
	iters: 200, epoch: 2 | loss: 0.2044600
	speed: 0.0037s/iter; left time: 75.7077s
	iters: 300, epoch: 2 | loss: 0.2412174
	speed: 0.0037s/iter; left time: 75.2916s
	iters: 400, epoch: 2 | loss: 0.6359123
	speed: 0.0038s/iter; left time: 75.0363s
	iters: 500, epoch: 2 | loss: 0.3810884
	speed: 0.0037s/iter; left time: 74.6105s
	iters: 600, epoch: 2 | loss: 0.1897957
	speed: 0.0037s/iter; left time: 74.2491s
	iters: 700, epoch: 2 | loss: 0.1390091
	speed: 0.0037s/iter; left time: 73.8511s
	iters: 800, epoch: 2 | loss: 0.2246365
	speed: 0.0037s/iter; left time: 73.4539s
	iters: 900, epoch: 2 | loss: 0.4510421
	speed: 0.0037s/iter; left time: 73.0476s
	iters: 1000, epoch: 2 | loss: 0.2593373
	speed: 0.0037s/iter; left time: 72.6957s
Epoch: 2 cost time: 4.0s
Epoch: 2, Steps: 1074 | Train Loss: 0.2833099 Vali Loss: 0.1643126
EarlyStopping counter: 1 out of 6
Updating learning rate to 0.005
	iters: 100, epoch: 3 | loss: 0.1956781
	speed: 0.0037s/iter; left time: 71.9554s
	iters: 200, epoch: 3 | loss: 0.1687511
	speed: 0.0037s/iter; left time: 71.6160s
	iters: 300, epoch: 3 | loss: 0.2554505
	speed: 0.0037s/iter; left time: 71.1898s
	iters: 400, epoch: 3 | loss: 0.5385732
	speed: 0.0037s/iter; left time: 70.8657s
	iters: 500, epoch: 3 | loss: 0.3663948
	speed: 0.0037s/iter; left time: 70.4666s
	iters: 600, epoch: 3 | loss: 0.1499764
	speed: 0.0037s/iter; left time: 70.0733s
	iters: 700, epoch: 3 | loss: 0.1550160
	speed: 0.0037s/iter; left time: 69.6895s
	iters: 800, epoch: 3 | loss: 0.1844718
	speed: 0.0037s/iter; left time: 69.3022s
	iters: 900, epoch: 3 | loss: 0.2121616
	speed: 0.0037s/iter; left time: 68.9157s
	iters: 1000, epoch: 3 | loss: 0.3665930
	speed: 0.0037s/iter; left time: 68.6247s
Epoch: 3 cost time: 4.0s
Epoch: 3, Steps: 1074 | Train Loss: 0.2489329 Vali Loss: 0.1401729
Validation loss decreased (0.154303 --> 0.140173).  Saving model ...
Updating learning rate to 0.0025
	iters: 100, epoch: 4 | loss: 0.1858517
	speed: 0.0038s/iter; left time: 69.0161s
	iters: 200, epoch: 4 | loss: 0.1732837
	speed: 0.0038s/iter; left time: 68.7651s
	iters: 300, epoch: 4 | loss: 0.2340186
	speed: 0.0038s/iter; left time: 68.2469s
	iters: 400, epoch: 4 | loss: 0.1492877
	speed: 0.0038s/iter; left time: 67.5928s
	iters: 500, epoch: 4 | loss: 0.2904673
	speed: 0.0038s/iter; left time: 67.0402s
	iters: 600, epoch: 4 | loss: 0.1567779
	speed: 0.0038s/iter; left time: 66.5453s
	iters: 700, epoch: 4 | loss: 0.1962121
	speed: 0.0038s/iter; left time: 66.0886s
	iters: 800, epoch: 4 | loss: 0.2431897
	speed: 0.0038s/iter; left time: 65.6526s
	iters: 900, epoch: 4 | loss: 0.2235781
	speed: 0.0038s/iter; left time: 65.2931s
	iters: 1000, epoch: 4 | loss: 0.3044204
	speed: 0.0038s/iter; left time: 64.9662s
Epoch: 4 cost time: 4.0s
Epoch: 4, Steps: 1074 | Train Loss: 0.2354444 Vali Loss: 0.1413702
EarlyStopping counter: 1 out of 6
Updating learning rate to 0.00125
	iters: 100, epoch: 5 | loss: 0.2122075
	speed: 0.0037s/iter; left time: 63.8639s
	iters: 200, epoch: 5 | loss: 0.1897467
	speed: 0.0037s/iter; left time: 63.3910s
	iters: 300, epoch: 5 | loss: 0.5437046
	speed: 0.0037s/iter; left time: 62.9989s
	iters: 400, epoch: 5 | loss: 0.1719324
	speed: 0.0037s/iter; left time: 62.6419s
	iters: 500, epoch: 5 | loss: 0.1962753
	speed: 0.0037s/iter; left time: 62.2676s
	iters: 600, epoch: 5 | loss: 0.4503134
	speed: 0.0037s/iter; left time: 61.9409s
	iters: 700, epoch: 5 | loss: 0.1361098
	speed: 0.0037s/iter; left time: 61.5817s
	iters: 800, epoch: 5 | loss: 0.1824371
	speed: 0.0037s/iter; left time: 61.2088s
	iters: 900, epoch: 5 | loss: 0.2770660
	speed: 0.0037s/iter; left time: 60.8512s
	iters: 1000, epoch: 5 | loss: 0.1356262
	speed: 0.0037s/iter; left time: 60.4789s
Epoch: 5 cost time: 4.0s
Epoch: 5, Steps: 1074 | Train Loss: 0.2288575 Vali Loss: 0.1343442
Validation loss decreased (0.140173 --> 0.134344).  Saving model ...
Updating learning rate to 0.000625
	iters: 100, epoch: 6 | loss: 0.1057220
	speed: 0.0038s/iter; left time: 60.0525s
	iters: 200, epoch: 6 | loss: 0.1716283
	speed: 0.0037s/iter; left time: 59.4684s
	iters: 300, epoch: 6 | loss: 0.2427249
	speed: 0.0037s/iter; left time: 59.0823s
	iters: 400, epoch: 6 | loss: 0.1606802
	speed: 0.0037s/iter; left time: 58.6778s
	iters: 500, epoch: 6 | loss: 0.5346359
	speed: 0.0037s/iter; left time: 58.2677s
	iters: 600, epoch: 6 | loss: 0.0993181
	speed: 0.0037s/iter; left time: 57.8697s
	iters: 700, epoch: 6 | loss: 0.1422503
	speed: 0.0037s/iter; left time: 57.5020s
	iters: 800, epoch: 6 | loss: 0.4553668
	speed: 0.0037s/iter; left time: 57.1969s
	iters: 900, epoch: 6 | loss: 0.1603344
	speed: 0.0037s/iter; left time: 56.9116s
	iters: 1000, epoch: 6 | loss: 0.1245903
	speed: 0.0037s/iter; left time: 56.6144s
Epoch: 6 cost time: 4.0s
Epoch: 6, Steps: 1074 | Train Loss: 0.2232523 Vali Loss: 0.1345535
EarlyStopping counter: 1 out of 6
Updating learning rate to 0.0003125
	iters: 100, epoch: 7 | loss: 0.2992637
	speed: 0.0037s/iter; left time: 55.6909s
	iters: 200, epoch: 7 | loss: 0.1658121
	speed: 0.0037s/iter; left time: 55.2409s
	iters: 300, epoch: 7 | loss: 0.1981294
	speed: 0.0037s/iter; left time: 54.8306s
	iters: 400, epoch: 7 | loss: 0.1159170
	speed: 0.0037s/iter; left time: 54.4257s
	iters: 500, epoch: 7 | loss: 0.1592212
	speed: 0.0037s/iter; left time: 54.0653s
	iters: 600, epoch: 7 | loss: 0.1438237
	speed: 0.0037s/iter; left time: 53.7609s
	iters: 700, epoch: 7 | loss: 0.2385915
	speed: 0.0037s/iter; left time: 53.4864s
	iters: 800, epoch: 7 | loss: 0.1554945
	speed: 0.0037s/iter; left time: 53.1354s
	iters: 900, epoch: 7 | loss: 0.2468338
	speed: 0.0037s/iter; left time: 52.7400s
	iters: 1000, epoch: 7 | loss: 0.1717755
	speed: 0.0037s/iter; left time: 52.3377s
Epoch: 7 cost time: 4.0s
Epoch: 7, Steps: 1074 | Train Loss: 0.2194314 Vali Loss: 0.1347329
EarlyStopping counter: 2 out of 6
Updating learning rate to 0.00015625
	iters: 100, epoch: 8 | loss: 0.4202029
	speed: 0.0037s/iter; left time: 51.6820s
	iters: 200, epoch: 8 | loss: 0.1373829
	speed: 0.0037s/iter; left time: 51.2988s
	iters: 300, epoch: 8 | loss: 0.1036785
	speed: 0.0037s/iter; left time: 50.8885s
	iters: 400, epoch: 8 | loss: 0.1829709
	speed: 0.0037s/iter; left time: 50.6278s
	iters: 500, epoch: 8 | loss: 0.1969854
	speed: 0.0037s/iter; left time: 50.2774s
	iters: 600, epoch: 8 | loss: 0.2896742
	speed: 0.0037s/iter; left time: 49.8916s
	iters: 700, epoch: 8 | loss: 0.2460679
	speed: 0.0037s/iter; left time: 49.5236s
	iters: 800, epoch: 8 | loss: 0.2612963
	speed: 0.0037s/iter; left time: 49.1526s
	iters: 900, epoch: 8 | loss: 0.1600129
	speed: 0.0037s/iter; left time: 48.7959s
	iters: 1000, epoch: 8 | loss: 0.1597109
	speed: 0.0037s/iter; left time: 48.4429s
Epoch: 8 cost time: 4.0s
Epoch: 8, Steps: 1074 | Train Loss: 0.2111637 Vali Loss: 0.1323988
Validation loss decreased (0.134344 --> 0.132399).  Saving model ...
Updating learning rate to 7.8125e-05
	iters: 100, epoch: 9 | loss: 0.2011931
	speed: 0.0037s/iter; left time: 47.8241s
	iters: 200, epoch: 9 | loss: 0.3414890
	speed: 0.0037s/iter; left time: 47.2452s
	iters: 300, epoch: 9 | loss: 0.1743437
	speed: 0.0037s/iter; left time: 46.8349s
	iters: 400, epoch: 9 | loss: 0.3183978
	speed: 0.0037s/iter; left time: 46.4232s
	iters: 500, epoch: 9 | loss: 0.1590268
	speed: 0.0037s/iter; left time: 46.0271s
	iters: 600, epoch: 9 | loss: 0.1132473
	speed: 0.0037s/iter; left time: 45.6686s
	iters: 700, epoch: 9 | loss: 0.2204502
	speed: 0.0037s/iter; left time: 45.3959s
	iters: 800, epoch: 9 | loss: 0.1592237
	speed: 0.0037s/iter; left time: 45.0954s
	iters: 900, epoch: 9 | loss: 0.3059605
	speed: 0.0037s/iter; left time: 44.7682s
	iters: 1000, epoch: 9 | loss: 0.6668265
	speed: 0.0037s/iter; left time: 44.4350s
Epoch: 9 cost time: 4.0s
Epoch: 9, Steps: 1074 | Train Loss: 0.2057985 Vali Loss: 0.1313472
Validation loss decreased (0.132399 --> 0.131347).  Saving model ...
Updating learning rate to 3.90625e-05
	iters: 100, epoch: 10 | loss: 0.1368566
	speed: 0.0038s/iter; left time: 44.1135s
	iters: 200, epoch: 10 | loss: 0.2597173
	speed: 0.0037s/iter; left time: 43.5450s
	iters: 300, epoch: 10 | loss: 0.2995889
	speed: 0.0037s/iter; left time: 43.1256s
	iters: 400, epoch: 10 | loss: 0.2484114
	speed: 0.0037s/iter; left time: 42.7365s
	iters: 500, epoch: 10 | loss: 0.1634595
	speed: 0.0037s/iter; left time: 42.3557s
	iters: 600, epoch: 10 | loss: 0.1793222
	speed: 0.0037s/iter; left time: 41.9706s
	iters: 700, epoch: 10 | loss: 0.1343878
	speed: 0.0037s/iter; left time: 41.5912s
	iters: 800, epoch: 10 | loss: 0.1619536
	speed: 0.0037s/iter; left time: 41.2191s
	iters: 900, epoch: 10 | loss: 0.1883322
	speed: 0.0037s/iter; left time: 40.8493s
	iters: 1000, epoch: 10 | loss: 0.1267242
	speed: 0.0037s/iter; left time: 40.4691s
Epoch: 10 cost time: 4.0s
Epoch: 10, Steps: 1074 | Train Loss: 0.2013839 Vali Loss: 0.1332267
EarlyStopping counter: 1 out of 6
Updating learning rate to 1.953125e-05
	iters: 100, epoch: 11 | loss: 0.2326327
	speed: 0.0037s/iter; left time: 39.8847s
	iters: 200, epoch: 11 | loss: 0.1881213
	speed: 0.0037s/iter; left time: 39.4776s
	iters: 300, epoch: 11 | loss: 0.2077996
	speed: 0.0037s/iter; left time: 39.1029s
	iters: 400, epoch: 11 | loss: 0.1735657
	speed: 0.0037s/iter; left time: 38.7255s
	iters: 500, epoch: 11 | loss: 0.0884783
	speed: 0.0037s/iter; left time: 38.3526s
	iters: 600, epoch: 11 | loss: 0.5216692
	speed: 0.0037s/iter; left time: 37.9727s
	iters: 700, epoch: 11 | loss: 0.2405817
	speed: 0.0037s/iter; left time: 37.6009s
	iters: 800, epoch: 11 | loss: 0.1000847
	speed: 0.0037s/iter; left time: 37.2289s
	iters: 900, epoch: 11 | loss: 0.2014161
	speed: 0.0037s/iter; left time: 36.8500s
	iters: 1000, epoch: 11 | loss: 0.1735625
	speed: 0.0037s/iter; left time: 36.4844s
Epoch: 11 cost time: 4.0s
Epoch: 11, Steps: 1074 | Train Loss: 0.1977994 Vali Loss: 0.1340996
EarlyStopping counter: 2 out of 6
Updating learning rate to 9.765625e-06
	iters: 100, epoch: 12 | loss: 0.2177763
	speed: 0.0037s/iter; left time: 35.5921s
	iters: 200, epoch: 12 | loss: 0.2074855
	speed: 0.0037s/iter; left time: 35.2817s
	iters: 300, epoch: 12 | loss: 0.1701245
	speed: 0.0037s/iter; left time: 34.9046s
	iters: 400, epoch: 12 | loss: 0.2958124
	speed: 0.0037s/iter; left time: 34.5306s
	iters: 500, epoch: 12 | loss: 0.4199232
	speed: 0.0037s/iter; left time: 34.2658s
	iters: 600, epoch: 12 | loss: 0.1610165
	speed: 0.0037s/iter; left time: 33.9836s
	iters: 700, epoch: 12 | loss: 0.1767604
	speed: 0.0038s/iter; left time: 33.6696s
	iters: 800, epoch: 12 | loss: 0.4585359
	speed: 0.0038s/iter; left time: 33.3290s
	iters: 900, epoch: 12 | loss: 0.1773036
	speed: 0.0038s/iter; left time: 32.9746s
	iters: 1000, epoch: 12 | loss: 0.1585406
	speed: 0.0038s/iter; left time: 32.5671s
Epoch: 12 cost time: 4.0s
Epoch: 12, Steps: 1074 | Train Loss: 0.1956176 Vali Loss: 0.1334049
EarlyStopping counter: 3 out of 6
Updating learning rate to 4.8828125e-06
	iters: 100, epoch: 13 | loss: 0.0931411
	speed: 0.0037s/iter; left time: 31.6377s
	iters: 200, epoch: 13 | loss: 0.1891319
	speed: 0.0037s/iter; left time: 31.2521s
	iters: 300, epoch: 13 | loss: 0.5956714
	speed: 0.0037s/iter; left time: 30.8635s
	iters: 400, epoch: 13 | loss: 0.1129259
	speed: 0.0037s/iter; left time: 30.5075s
	iters: 500, epoch: 13 | loss: 0.1747324
	speed: 0.0037s/iter; left time: 30.1344s
	iters: 600, epoch: 13 | loss: 0.1632784
	speed: 0.0037s/iter; left time: 29.7616s
	iters: 700, epoch: 13 | loss: 0.1670593
	speed: 0.0037s/iter; left time: 29.3925s
	iters: 800, epoch: 13 | loss: 0.1656586
	speed: 0.0037s/iter; left time: 29.0173s
	iters: 900, epoch: 13 | loss: 0.1314020
	speed: 0.0037s/iter; left time: 28.6420s
	iters: 1000, epoch: 13 | loss: 0.2461529
	speed: 0.0037s/iter; left time: 28.2683s
Epoch: 13 cost time: 4.0s
Epoch: 13, Steps: 1074 | Train Loss: 0.1944479 Vali Loss: 0.1342458
EarlyStopping counter: 4 out of 6
Updating learning rate to 2.44140625e-06
	iters: 100, epoch: 14 | loss: 0.1148796
	speed: 0.0037s/iter; left time: 27.7096s
	iters: 200, epoch: 14 | loss: 0.1190599
	speed: 0.0037s/iter; left time: 27.3379s
	iters: 300, epoch: 14 | loss: 0.1278917
	speed: 0.0037s/iter; left time: 26.9563s
	iters: 400, epoch: 14 | loss: 0.2391516
	speed: 0.0037s/iter; left time: 26.5756s
	iters: 500, epoch: 14 | loss: 0.1978479
	speed: 0.0037s/iter; left time: 26.2022s
	iters: 600, epoch: 14 | loss: 0.1220236
	speed: 0.0037s/iter; left time: 25.8470s
	iters: 700, epoch: 14 | loss: 0.3582140
	speed: 0.0037s/iter; left time: 25.4738s
	iters: 800, epoch: 14 | loss: 0.1415540
	speed: 0.0037s/iter; left time: 25.0988s
	iters: 900, epoch: 14 | loss: 0.1213849
	speed: 0.0037s/iter; left time: 24.7224s
	iters: 1000, epoch: 14 | loss: 0.1042540
	speed: 0.0037s/iter; left time: 24.3482s
Epoch: 14 cost time: 4.0s
Epoch: 14, Steps: 1074 | Train Loss: 0.1937144 Vali Loss: 0.1342110
EarlyStopping counter: 5 out of 6
Updating learning rate to 1.220703125e-06
	iters: 100, epoch: 15 | loss: 0.2256526
	speed: 0.0037s/iter; left time: 23.7307s
	iters: 200, epoch: 15 | loss: 0.1750180
	speed: 0.0037s/iter; left time: 23.3266s
	iters: 300, epoch: 15 | loss: 0.1013445
	speed: 0.0037s/iter; left time: 23.0265s
	iters: 400, epoch: 15 | loss: 0.1637146
	speed: 0.0038s/iter; left time: 22.7490s
	iters: 500, epoch: 15 | loss: 0.1592389
	speed: 0.0038s/iter; left time: 22.4224s
	iters: 600, epoch: 15 | loss: 0.2075787
	speed: 0.0038s/iter; left time: 22.0702s
	iters: 700, epoch: 15 | loss: 0.2742524
	speed: 0.0038s/iter; left time: 21.7417s
	iters: 800, epoch: 15 | loss: 0.1855449
	speed: 0.0038s/iter; left time: 21.3290s
	iters: 900, epoch: 15 | loss: 0.5656936
	speed: 0.0038s/iter; left time: 20.9300s
	iters: 1000, epoch: 15 | loss: 0.1671901
	speed: 0.0038s/iter; left time: 20.5273s
Epoch: 15 cost time: 4.0s
Epoch: 15, Steps: 1074 | Train Loss: 0.1932718 Vali Loss: 0.1340394
EarlyStopping counter: 6 out of 6
Early stopping
Training time: 69.9s | Peak GPU memory: 192.4MB

>>> Testing...
test 11425
test shape: (11425, 1, 96, 7) (11425, 1, 96, 7)
test shape: (11425, 96, 7) (11425, 96, 7)
MSE: 0.186521, MAE: 0.267177
Inference: 9.23s | 11425 samples | 1237.4 samples/sec
Results saved to /lustre09/project/6010289/sdmuhsin/SpectraGate/results/ettm2_results.csv
========================================
Finished: Mon 09 Mar 2026 06:14:00 PM EDT
========================================
