========================================
Job: fn_iTransformer_ETTh1_96
Model: iTransformer
Dataset: ETTh1
Pred len: 96
Time limit: 4:00:00
GPU: h100_2g.20gb:1
Started: Mon 09 Mar 2026 06:12:19 PM EDT
========================================
Mon Mar  9 18:12:19 2026       
+-----------------------------------------------------------------------------------------+
| NVIDIA-SMI 570.211.01             Driver Version: 570.211.01     CUDA Version: 12.8     |
|-----------------------------------------+------------------------+----------------------+
| GPU  Name                 Persistence-M | Bus-Id          Disp.A | Volatile Uncorr. ECC |
| Fan  Temp   Perf          Pwr:Usage/Cap |           Memory-Usage | GPU-Util  Compute M. |
|                                         |                        |               MIG M. |
|=========================================+========================+======================|
|   0  NVIDIA H100 80GB HBM3          Off |   00000000:4E:00.0 Off |                   On |
| N/A   31C    P0             72W /  700W |      59MiB /  81559MiB |     N/A      Default |
|                                         |                        |              Enabled |
+-----------------------------------------+------------------------+----------------------+

+-----------------------------------------------------------------------------------------+
| MIG devices:                                                                            |
+------------------+----------------------------------+-----------+-----------------------+
| GPU  GI  CI  MIG |                     Memory-Usage |        Vol|        Shared         |
|      ID  ID  Dev |                       BAR1-Usage | SM     Unc| CE ENC  DEC  OFA  JPG |
|                  |                                  |        ECC|                       |
|==================+==================================+===========+=======================|
|  0    3   0   0  |              17MiB / 20096MiB    | 32      0 |  2   0    2    0    2 |
|                  |                 0MiB / 32767MiB  |           |                       |
+------------------+----------------------------------+-----------+-----------------------+
                                                                                         
+-----------------------------------------------------------------------------------------+
| Processes:                                                                              |
|  GPU   GI   CI              PID   Type   Process name                        GPU Memory |
|        ID   ID                                                               Usage      |
|=========================================================================================|
|  No running processes found                                                             |
+-----------------------------------------------------------------------------------------+
Using device: cuda:0
Model: iTransformer, Dataset: ETTh1, pred_len: 96, seq_len: 96

>>> Training...
train 8449
val 2785
Model Model : total params: 6,403,680 | trainable: 6,403,680 (24.4281MB)
	iters: 100, epoch: 1 | loss: 0.9583358
	speed: 0.0072s/iter; left time: 37.0836s
	iters: 200, epoch: 1 | loss: 0.5239804
	speed: 0.0054s/iter; left time: 27.5443s
Epoch: 1 cost time: 1.3s
Epoch: 1, Steps: 264 | Train Loss: 36.6165422 Vali Loss: 0.9967163
Validation loss decreased (inf --> 0.996716).  Saving model ...
Updating learning rate to 0.01
	iters: 100, epoch: 2 | loss: 0.4962634
	speed: 0.0038s/iter; left time: 18.8526s
	iters: 200, epoch: 2 | loss: 0.4133646
	speed: 0.0038s/iter; left time: 18.4050s
Epoch: 2 cost time: 1.0s
Epoch: 2, Steps: 264 | Train Loss: 0.4846746 Vali Loss: 0.9038504
Validation loss decreased (0.996716 --> 0.903850).  Saving model ...
Updating learning rate to 0.005
	iters: 100, epoch: 3 | loss: 0.4451107
	speed: 0.0038s/iter; left time: 17.8874s
	iters: 200, epoch: 3 | loss: 0.5133017
	speed: 0.0040s/iter; left time: 18.0465s
Epoch: 3 cost time: 1.0s
Epoch: 3, Steps: 264 | Train Loss: 0.4205656 Vali Loss: 0.8109847
Validation loss decreased (0.903850 --> 0.810985).  Saving model ...
Updating learning rate to 0.0025
	iters: 100, epoch: 4 | loss: 0.4555399
	speed: 0.0038s/iter; left time: 16.8883s
	iters: 200, epoch: 4 | loss: 0.3942510
	speed: 0.0039s/iter; left time: 16.8484s
Epoch: 4 cost time: 1.0s
Epoch: 4, Steps: 264 | Train Loss: 0.3970698 Vali Loss: 0.7919830
Validation loss decreased (0.810985 --> 0.791983).  Saving model ...
Updating learning rate to 0.00125
	iters: 100, epoch: 5 | loss: 0.3870691
	speed: 0.0039s/iter; left time: 15.9297s
	iters: 200, epoch: 5 | loss: 0.3981983
	speed: 0.0039s/iter; left time: 15.7348s
Epoch: 5 cost time: 1.0s
Epoch: 5, Steps: 264 | Train Loss: 0.3861690 Vali Loss: 0.7870556
Validation loss decreased (0.791983 --> 0.787056).  Saving model ...
Updating learning rate to 0.000625
	iters: 100, epoch: 6 | loss: 0.3760391
	speed: 0.0039s/iter; left time: 14.8872s
	iters: 200, epoch: 6 | loss: 0.3782953
	speed: 0.0039s/iter; left time: 14.5803s
Epoch: 6 cost time: 1.0s
Epoch: 6, Steps: 264 | Train Loss: 0.3802777 Vali Loss: 0.7706217
Validation loss decreased (0.787056 --> 0.770622).  Saving model ...
Updating learning rate to 0.0003125
	iters: 100, epoch: 7 | loss: 0.3755500
	speed: 0.0038s/iter; left time: 13.8421s
	iters: 200, epoch: 7 | loss: 0.3475531
	speed: 0.0039s/iter; left time: 13.4742s
Epoch: 7 cost time: 1.0s
Epoch: 7, Steps: 264 | Train Loss: 0.3767468 Vali Loss: 0.7690014
Validation loss decreased (0.770622 --> 0.769001).  Saving model ...
Updating learning rate to 0.00015625
	iters: 100, epoch: 8 | loss: 0.5016793
	speed: 0.0039s/iter; left time: 12.8532s
	iters: 200, epoch: 8 | loss: 0.3252746
	speed: 0.0039s/iter; left time: 12.4789s
Epoch: 8 cost time: 1.0s
Epoch: 8, Steps: 264 | Train Loss: 0.3748778 Vali Loss: 0.7623010
Validation loss decreased (0.769001 --> 0.762301).  Saving model ...
Updating learning rate to 7.8125e-05
	iters: 100, epoch: 9 | loss: 0.3480311
	speed: 0.0039s/iter; left time: 11.8906s
	iters: 200, epoch: 9 | loss: 0.3843732
	speed: 0.0039s/iter; left time: 11.4600s
Epoch: 9 cost time: 1.0s
Epoch: 9, Steps: 264 | Train Loss: 0.3735525 Vali Loss: 0.7600684
Validation loss decreased (0.762301 --> 0.760068).  Saving model ...
Updating learning rate to 3.90625e-05
	iters: 100, epoch: 10 | loss: 0.3372987
	speed: 0.0040s/iter; left time: 11.2253s
	iters: 200, epoch: 10 | loss: 0.4570201
	speed: 0.0039s/iter; left time: 10.6085s
Epoch: 10 cost time: 1.0s
Epoch: 10, Steps: 264 | Train Loss: 0.3728198 Vali Loss: 0.7608917
EarlyStopping counter: 1 out of 6
Updating learning rate to 1.953125e-05
	iters: 100, epoch: 11 | loss: 0.3298700
	speed: 0.0039s/iter; left time: 10.0303s
	iters: 200, epoch: 11 | loss: 0.4246230
	speed: 0.0039s/iter; left time: 9.4959s
Epoch: 11 cost time: 1.0s
Epoch: 11, Steps: 264 | Train Loss: 0.3723881 Vali Loss: 0.7585185
Validation loss decreased (0.760068 --> 0.758518).  Saving model ...
Updating learning rate to 9.765625e-06
	iters: 100, epoch: 12 | loss: 0.4287304
	speed: 0.0040s/iter; left time: 9.0374s
	iters: 200, epoch: 12 | loss: 0.3623494
	speed: 0.0039s/iter; left time: 8.5129s
Epoch: 12 cost time: 1.0s
Epoch: 12, Steps: 264 | Train Loss: 0.3721563 Vali Loss: 0.7581387
Validation loss decreased (0.758518 --> 0.758139).  Saving model ...
Updating learning rate to 4.8828125e-06
	iters: 100, epoch: 13 | loss: 0.3862556
	speed: 0.0041s/iter; left time: 8.3421s
	iters: 200, epoch: 13 | loss: 0.3359084
	speed: 0.0040s/iter; left time: 7.6741s
Epoch: 13 cost time: 1.1s
Epoch: 13, Steps: 264 | Train Loss: 0.3720050 Vali Loss: 0.7586880
EarlyStopping counter: 1 out of 6
Updating learning rate to 2.44140625e-06
	iters: 100, epoch: 14 | loss: 0.3968666
	speed: 0.0040s/iter; left time: 6.9710s
	iters: 200, epoch: 14 | loss: 0.3678488
	speed: 0.0039s/iter; left time: 6.4573s
Epoch: 14 cost time: 1.0s
Epoch: 14, Steps: 264 | Train Loss: 0.3719368 Vali Loss: 0.7585619
EarlyStopping counter: 2 out of 6
Updating learning rate to 1.220703125e-06
	iters: 100, epoch: 15 | loss: 0.4145316
	speed: 0.0040s/iter; left time: 5.8711s
	iters: 200, epoch: 15 | loss: 0.3508348
	speed: 0.0040s/iter; left time: 5.5163s
Epoch: 15 cost time: 1.1s
Epoch: 15, Steps: 264 | Train Loss: 0.3718649 Vali Loss: 0.7584335
EarlyStopping counter: 3 out of 6
Updating learning rate to 6.103515625e-07
	iters: 100, epoch: 16 | loss: 0.3755779
	speed: 0.0040s/iter; left time: 4.9037s
	iters: 200, epoch: 16 | loss: 0.3444453
	speed: 0.0041s/iter; left time: 4.5715s
Epoch: 16 cost time: 1.1s
Epoch: 16, Steps: 264 | Train Loss: 0.3718019 Vali Loss: 0.7577725
Validation loss decreased (0.758139 --> 0.757773).  Saving model ...
Updating learning rate to 3.0517578125e-07
	iters: 100, epoch: 17 | loss: 0.3558556
	speed: 0.0039s/iter; left time: 3.7087s
	iters: 200, epoch: 17 | loss: 0.4470113
	speed: 0.0039s/iter; left time: 3.3124s
Epoch: 17 cost time: 1.0s
Epoch: 17, Steps: 264 | Train Loss: 0.3717635 Vali Loss: 0.7583283
EarlyStopping counter: 1 out of 6
Updating learning rate to 1.52587890625e-07
	iters: 100, epoch: 18 | loss: 0.3487684
	speed: 0.0039s/iter; left time: 2.7364s
	iters: 200, epoch: 18 | loss: 0.4049353
	speed: 0.0040s/iter; left time: 2.3574s
Epoch: 18 cost time: 1.1s
Epoch: 18, Steps: 264 | Train Loss: 0.3718184 Vali Loss: 0.7584455
EarlyStopping counter: 2 out of 6
Updating learning rate to 7.62939453125e-08
	iters: 100, epoch: 19 | loss: 0.4223966
	speed: 0.0040s/iter; left time: 1.7084s
	iters: 200, epoch: 19 | loss: 0.4306987
	speed: 0.0040s/iter; left time: 1.3126s
Epoch: 19 cost time: 1.1s
Epoch: 19, Steps: 264 | Train Loss: 0.3717957 Vali Loss: 0.7582883
EarlyStopping counter: 3 out of 6
Updating learning rate to 3.814697265625e-08
	iters: 100, epoch: 20 | loss: 0.3428798
	speed: 0.0038s/iter; left time: 0.6323s
	iters: 200, epoch: 20 | loss: 0.4019879
	speed: 0.0039s/iter; left time: 0.2551s
Epoch: 20 cost time: 1.0s
Epoch: 20, Steps: 264 | Train Loss: 0.3718054 Vali Loss: 0.7580293
EarlyStopping counter: 4 out of 6
Updating learning rate to 1.9073486328125e-08
Training time: 24.4s | Peak GPU memory: 192.4MB

>>> Testing...
test 2785
test shape: (2785, 1, 96, 7) (2785, 1, 96, 7)
test shape: (2785, 96, 7) (2785, 96, 7)
MSE: 0.438623, MAE: 0.437063
Inference: 2.28s | 2785 samples | 1219.5 samples/sec
Results saved to /lustre09/project/6010289/sdmuhsin/SpectraGate/results/etth1_results.csv
========================================
Finished: Mon 09 Mar 2026 06:13:07 PM EDT
========================================
