========================================
Job: fn_MICN_ETTh1_96
Model: MICN
Dataset: ETTh1
Pred len: 96
Time limit: 4:00:00
GPU: h100_2g.20gb:1
Started: Mon 09 Mar 2026 06:14:43 PM EDT
========================================
Mon Mar  9 18:14:43 2026       
+-----------------------------------------------------------------------------------------+
| NVIDIA-SMI 570.211.01             Driver Version: 570.211.01     CUDA Version: 12.8     |
|-----------------------------------------+------------------------+----------------------+
| GPU  Name                 Persistence-M | Bus-Id          Disp.A | Volatile Uncorr. ECC |
| Fan  Temp   Perf          Pwr:Usage/Cap |           Memory-Usage | GPU-Util  Compute M. |
|                                         |                        |               MIG M. |
|=========================================+========================+======================|
|   0  NVIDIA H100 80GB HBM3          Off |   00000000:CB:00.0 Off |                   On |
| N/A   41C    P0            122W /  700W |     632MiB /  81559MiB |     N/A      Default |
|                                         |                        |              Enabled |
+-----------------------------------------+------------------------+----------------------+

+-----------------------------------------------------------------------------------------+
| MIG devices:                                                                            |
+------------------+----------------------------------+-----------+-----------------------+
| GPU  GI  CI  MIG |                     Memory-Usage |        Vol|        Shared         |
|      ID  ID  Dev |                       BAR1-Usage | SM     Unc| CE ENC  DEC  OFA  JPG |
|                  |                                  |        ECC|                       |
|==================+==================================+===========+=======================|
|  0    3   0   0  |              17MiB / 20096MiB    | 32      0 |  2   0    2    0    2 |
|                  |                 0MiB / 32767MiB  |           |                       |
+------------------+----------------------------------+-----------+-----------------------+
                                                                                         
+-----------------------------------------------------------------------------------------+
| Processes:                                                                              |
|  GPU   GI   CI              PID   Type   Process name                        GPU Memory |
|        ID   ID                                                               Usage      |
|=========================================================================================|
|  No running processes found                                                             |
+-----------------------------------------------------------------------------------------+
Using device: cuda:0
Model: MICN, Dataset: ETTh1, pred_len: 96, seq_len: 96

>>> Training...
train 8449
val 2785
Model Model : total params: 25,200,743 | trainable: 25,200,743 (96.1332MB)
	iters: 100, epoch: 1 | loss: 0.3672782
	speed: 0.0199s/iter; left time: 50.4624s
	iters: 200, epoch: 1 | loss: 0.3800523
	speed: 0.0183s/iter; left time: 44.6007s
Epoch: 1 cost time: 4.7s
Epoch: 1, Steps: 264 | Train Loss: 0.4341636 Vali Loss: 0.7154824
Validation loss decreased (inf --> 0.715482).  Saving model ...
Updating learning rate to 0.001
	iters: 100, epoch: 2 | loss: 0.3576549
	speed: 0.0166s/iter; left time: 37.8583s
	iters: 200, epoch: 2 | loss: 0.3692696
	speed: 0.0167s/iter; left time: 36.2627s
Epoch: 2 cost time: 4.4s
Epoch: 2, Steps: 264 | Train Loss: 0.3882815 Vali Loss: 0.6883005
Validation loss decreased (0.715482 --> 0.688300).  Saving model ...
Updating learning rate to 0.0005
	iters: 100, epoch: 3 | loss: 0.3140760
	speed: 0.0166s/iter; left time: 33.4808s
	iters: 200, epoch: 3 | loss: 0.3434331
	speed: 0.0167s/iter; left time: 31.8653s
Epoch: 3 cost time: 4.4s
Epoch: 3, Steps: 264 | Train Loss: 0.3812215 Vali Loss: 0.7145075
EarlyStopping counter: 1 out of 3
Updating learning rate to 0.00025
	iters: 100, epoch: 4 | loss: 0.3053108
	speed: 0.0166s/iter; left time: 29.0957s
	iters: 200, epoch: 4 | loss: 0.3637691
	speed: 0.0167s/iter; left time: 27.4778s
Epoch: 4 cost time: 4.4s
Epoch: 4, Steps: 264 | Train Loss: 0.3777331 Vali Loss: 0.6924716
EarlyStopping counter: 2 out of 3
Updating learning rate to 0.000125
	iters: 100, epoch: 5 | loss: 0.3463460
	speed: 0.0166s/iter; left time: 24.6541s
	iters: 200, epoch: 5 | loss: 0.4056675
	speed: 0.0167s/iter; left time: 23.0635s
Epoch: 5 cost time: 4.4s
Epoch: 5, Steps: 264 | Train Loss: 0.3762735 Vali Loss: 0.6959562
EarlyStopping counter: 3 out of 3
Early stopping
Training time: 25.0s | Peak GPU memory: 792.6MB

>>> Testing...
test 2785
test shape: (2785, 1, 96, 7) (2785, 1, 96, 7)
test shape: (2785, 96, 7) (2785, 96, 7)
MSE: 0.455163, MAE: 0.457186
Inference: 5.00s | 2785 samples | 557.0 samples/sec
Results saved to /lustre09/project/6010289/sdmuhsin/SpectraGate/results/etth1_results.csv
========================================
Finished: Mon 09 Mar 2026 06:15:18 PM EDT
========================================
