========================================
Job: fn_MICN_ETTm2_96
Model: MICN
Dataset: ETTm2
Pred len: 96
Time limit: 8:00:00
GPU: h100_2g.20gb:1
Started: Mon 09 Mar 2026 06:14:57 PM EDT
========================================
Mon Mar  9 18:14:57 2026       
+-----------------------------------------------------------------------------------------+
| NVIDIA-SMI 570.211.01             Driver Version: 570.211.01     CUDA Version: 12.8     |
|-----------------------------------------+------------------------+----------------------+
| GPU  Name                 Persistence-M | Bus-Id          Disp.A | Volatile Uncorr. ECC |
| Fan  Temp   Perf          Pwr:Usage/Cap |           Memory-Usage | GPU-Util  Compute M. |
|                                         |                        |               MIG M. |
|=========================================+========================+======================|
|   0  NVIDIA H100 80GB HBM3          Off |   00000000:5F:00.0 Off |                   On |
| N/A   40C    P0            188W /  700W |    1258MiB /  81559MiB |     N/A      Default |
|                                         |                        |              Enabled |
+-----------------------------------------+------------------------+----------------------+

+-----------------------------------------------------------------------------------------+
| MIG devices:                                                                            |
+------------------+----------------------------------+-----------+-----------------------+
| GPU  GI  CI  MIG |                     Memory-Usage |        Vol|        Shared         |
|      ID  ID  Dev |                       BAR1-Usage | SM     Unc| CE ENC  DEC  OFA  JPG |
|                  |                                  |        ECC|                       |
|==================+==================================+===========+=======================|
|  0    3   0   0  |              17MiB / 20096MiB    | 32      0 |  2   0    2    0    2 |
|                  |                 0MiB / 32767MiB  |           |                       |
+------------------+----------------------------------+-----------+-----------------------+
                                                                                         
+-----------------------------------------------------------------------------------------+
| Processes:                                                                              |
|  GPU   GI   CI              PID   Type   Process name                        GPU Memory |
|        ID   ID                                                               Usage      |
|=========================================================================================|
|  No running processes found                                                             |
+-----------------------------------------------------------------------------------------+
Using device: cuda:0
Model: MICN, Dataset: ETTm2, pred_len: 96, seq_len: 96

>>> Training...
train 34369
val 11425
Model Model : total params: 25,201,255 | trainable: 25,201,255 (96.1352MB)
	iters: 100, epoch: 1 | loss: 0.1501172
	speed: 0.0201s/iter; left time: 213.9340s
	iters: 200, epoch: 1 | loss: 0.3399645
	speed: 0.0184s/iter; left time: 194.4763s
	iters: 300, epoch: 1 | loss: 0.1306294
	speed: 0.0179s/iter; left time: 186.9488s
	iters: 400, epoch: 1 | loss: 0.1216186
	speed: 0.0176s/iter; left time: 182.2945s
	iters: 500, epoch: 1 | loss: 0.2136388
	speed: 0.0175s/iter; left time: 178.8432s
	iters: 600, epoch: 1 | loss: 0.1436918
	speed: 0.0174s/iter; left time: 176.0302s
	iters: 700, epoch: 1 | loss: 0.2712016
	speed: 0.0173s/iter; left time: 173.5531s
	iters: 800, epoch: 1 | loss: 0.1859195
	speed: 0.0172s/iter; left time: 171.3356s
	iters: 900, epoch: 1 | loss: 0.2161811
	speed: 0.0172s/iter; left time: 169.1742s
	iters: 1000, epoch: 1 | loss: 0.2692846
	speed: 0.0171s/iter; left time: 167.0567s
Epoch: 1 cost time: 18.4s
Epoch: 1, Steps: 1074 | Train Loss: 0.2478308 Vali Loss: 0.1496012
Validation loss decreased (inf --> 0.149601).  Saving model ...
Updating learning rate to 0.001
	iters: 100, epoch: 2 | loss: 0.2199026
	speed: 0.0167s/iter; left time: 159.8181s
	iters: 200, epoch: 2 | loss: 0.4018692
	speed: 0.0168s/iter; left time: 158.6863s
	iters: 300, epoch: 2 | loss: 0.2862342
	speed: 0.0168s/iter; left time: 157.0948s
	iters: 400, epoch: 2 | loss: 0.1671823
	speed: 0.0168s/iter; left time: 155.6237s
	iters: 500, epoch: 2 | loss: 0.3100199
	speed: 0.0168s/iter; left time: 154.0425s
	iters: 600, epoch: 2 | loss: 0.2283101
	speed: 0.0168s/iter; left time: 152.4866s
	iters: 700, epoch: 2 | loss: 0.3266427
	speed: 0.0168s/iter; left time: 150.9042s
	iters: 800, epoch: 2 | loss: 0.2524881
	speed: 0.0168s/iter; left time: 149.2170s
	iters: 900, epoch: 2 | loss: 0.2268502
	speed: 0.0168s/iter; left time: 147.4584s
	iters: 1000, epoch: 2 | loss: 0.2048890
	speed: 0.0168s/iter; left time: 145.7181s
Epoch: 2 cost time: 18.1s
Epoch: 2, Steps: 1074 | Train Loss: 0.2372547 Vali Loss: 0.1590131
EarlyStopping counter: 1 out of 3
Updating learning rate to 0.0005
	iters: 100, epoch: 3 | loss: 0.2306688
	speed: 0.0167s/iter; left time: 141.4244s
	iters: 200, epoch: 3 | loss: 0.2101835
	speed: 0.0167s/iter; left time: 140.2147s
	iters: 300, epoch: 3 | loss: 0.2391393
	speed: 0.0167s/iter; left time: 138.7621s
	iters: 400, epoch: 3 | loss: 0.1154701
	speed: 0.0168s/iter; left time: 137.3565s
	iters: 500, epoch: 3 | loss: 0.4023737
	speed: 0.0168s/iter; left time: 135.8311s
	iters: 600, epoch: 3 | loss: 0.5647454
	speed: 0.0168s/iter; left time: 134.1226s
	iters: 700, epoch: 3 | loss: 0.2797944
	speed: 0.0168s/iter; left time: 132.4187s
	iters: 800, epoch: 3 | loss: 0.1707126
	speed: 0.0168s/iter; left time: 130.7646s
	iters: 900, epoch: 3 | loss: 0.2083608
	speed: 0.0168s/iter; left time: 129.0481s
	iters: 1000, epoch: 3 | loss: 0.1241199
	speed: 0.0168s/iter; left time: 127.3405s
Epoch: 3 cost time: 18.0s
Epoch: 3, Steps: 1074 | Train Loss: 0.2347186 Vali Loss: 0.1386399
Validation loss decreased (0.149601 --> 0.138640).  Saving model ...
Updating learning rate to 0.00025
	iters: 100, epoch: 4 | loss: 0.2871699
	speed: 0.0167s/iter; left time: 124.2433s
	iters: 200, epoch: 4 | loss: 0.1456108
	speed: 0.0168s/iter; left time: 122.7793s
	iters: 300, epoch: 4 | loss: 0.2132878
	speed: 0.0168s/iter; left time: 121.1330s
	iters: 400, epoch: 4 | loss: 0.3118372
	speed: 0.0168s/iter; left time: 119.3901s
	iters: 500, epoch: 4 | loss: 0.1346401
	speed: 0.0168s/iter; left time: 117.6571s
	iters: 600, epoch: 4 | loss: 0.1222033
	speed: 0.0168s/iter; left time: 115.9593s
	iters: 700, epoch: 4 | loss: 0.1304007
	speed: 0.0168s/iter; left time: 114.2857s
	iters: 800, epoch: 4 | loss: 0.1237670
	speed: 0.0168s/iter; left time: 112.6498s
	iters: 900, epoch: 4 | loss: 0.2770938
	speed: 0.0168s/iter; left time: 110.9846s
	iters: 1000, epoch: 4 | loss: 0.1656803
	speed: 0.0168s/iter; left time: 109.2425s
Epoch: 4 cost time: 18.0s
Epoch: 4, Steps: 1074 | Train Loss: 0.2333165 Vali Loss: 0.1356762
Validation loss decreased (0.138640 --> 0.135676).  Saving model ...
Updating learning rate to 0.000125
	iters: 100, epoch: 5 | loss: 0.9026580
	speed: 0.0166s/iter; left time: 105.1171s
	iters: 200, epoch: 5 | loss: 0.1584190
	speed: 0.0166s/iter; left time: 103.7917s
	iters: 300, epoch: 5 | loss: 0.3961034
	speed: 0.0166s/iter; left time: 102.1882s
	iters: 400, epoch: 5 | loss: 0.2770723
	speed: 0.0166s/iter; left time: 100.5951s
	iters: 500, epoch: 5 | loss: 0.1788460
	speed: 0.0166s/iter; left time: 98.9801s
	iters: 600, epoch: 5 | loss: 0.1648043
	speed: 0.0167s/iter; left time: 97.4639s
	iters: 700, epoch: 5 | loss: 0.1654774
	speed: 0.0167s/iter; left time: 95.9461s
	iters: 800, epoch: 5 | loss: 0.4034809
	speed: 0.0167s/iter; left time: 94.2767s
	iters: 900, epoch: 5 | loss: 0.1287169
	speed: 0.0167s/iter; left time: 92.6381s
	iters: 1000, epoch: 5 | loss: 0.2257752
	speed: 0.0167s/iter; left time: 91.0108s
Epoch: 5 cost time: 18.0s
Epoch: 5, Steps: 1074 | Train Loss: 0.2328476 Vali Loss: 0.1314476
Validation loss decreased (0.135676 --> 0.131448).  Saving model ...
Updating learning rate to 6.25e-05
	iters: 100, epoch: 6 | loss: 0.2014230
	speed: 0.0163s/iter; left time: 86.0864s
	iters: 200, epoch: 6 | loss: 0.2349987
	speed: 0.0164s/iter; left time: 84.6535s
	iters: 300, epoch: 6 | loss: 0.2069989
	speed: 0.0164s/iter; left time: 83.0701s
	iters: 400, epoch: 6 | loss: 0.3111215
	speed: 0.0164s/iter; left time: 81.4716s
	iters: 500, epoch: 6 | loss: 0.1154449
	speed: 0.0164s/iter; left time: 79.8378s
	iters: 600, epoch: 6 | loss: 0.1789554
	speed: 0.0164s/iter; left time: 78.2070s
	iters: 700, epoch: 6 | loss: 0.0982023
	speed: 0.0164s/iter; left time: 76.5797s
	iters: 800, epoch: 6 | loss: 0.2660748
	speed: 0.0164s/iter; left time: 74.9535s
	iters: 900, epoch: 6 | loss: 0.4123185
	speed: 0.0164s/iter; left time: 73.3210s
	iters: 1000, epoch: 6 | loss: 0.1219521
	speed: 0.0164s/iter; left time: 71.6837s
Epoch: 6 cost time: 17.6s
Epoch: 6, Steps: 1074 | Train Loss: 0.2325995 Vali Loss: 0.1365294
EarlyStopping counter: 1 out of 3
Updating learning rate to 3.125e-05
	iters: 100, epoch: 7 | loss: 0.3207587
	speed: 0.0163s/iter; left time: 68.4815s
	iters: 200, epoch: 7 | loss: 0.2190470
	speed: 0.0164s/iter; left time: 67.0295s
	iters: 300, epoch: 7 | loss: 0.2135834
	speed: 0.0164s/iter; left time: 65.6406s
	iters: 400, epoch: 7 | loss: 0.2149661
	speed: 0.0164s/iter; left time: 63.9742s
	iters: 500, epoch: 7 | loss: 0.1817668
	speed: 0.0164s/iter; left time: 62.3181s
	iters: 600, epoch: 7 | loss: 0.1433884
	speed: 0.0164s/iter; left time: 60.6641s
	iters: 700, epoch: 7 | loss: 0.1951993
	speed: 0.0164s/iter; left time: 59.0321s
	iters: 800, epoch: 7 | loss: 0.2189791
	speed: 0.0164s/iter; left time: 57.3837s
	iters: 900, epoch: 7 | loss: 0.1959138
	speed: 0.0164s/iter; left time: 55.7403s
	iters: 1000, epoch: 7 | loss: 0.2015468
	speed: 0.0164s/iter; left time: 54.1017s
Epoch: 7 cost time: 17.6s
Epoch: 7, Steps: 1074 | Train Loss: 0.2323855 Vali Loss: 0.1350753
EarlyStopping counter: 2 out of 3
Updating learning rate to 1.5625e-05
	iters: 100, epoch: 8 | loss: 0.2865783
	speed: 0.0163s/iter; left time: 50.8810s
	iters: 200, epoch: 8 | loss: 0.1496879
	speed: 0.0163s/iter; left time: 49.4116s
	iters: 300, epoch: 8 | loss: 0.2339591
	speed: 0.0164s/iter; left time: 47.8306s
	iters: 400, epoch: 8 | loss: 0.1215567
	speed: 0.0164s/iter; left time: 46.2325s
	iters: 500, epoch: 8 | loss: 0.1896858
	speed: 0.0164s/iter; left time: 44.6077s
	iters: 600, epoch: 8 | loss: 0.1890200
	speed: 0.0164s/iter; left time: 42.9796s
	iters: 700, epoch: 8 | loss: 0.2790999
	speed: 0.0164s/iter; left time: 41.3472s
	iters: 800, epoch: 8 | loss: 0.3751630
	speed: 0.0164s/iter; left time: 39.7158s
	iters: 900, epoch: 8 | loss: 0.1889658
	speed: 0.0164s/iter; left time: 38.0860s
	iters: 1000, epoch: 8 | loss: 0.1152730
	speed: 0.0164s/iter; left time: 36.4544s
Epoch: 8 cost time: 17.6s
Epoch: 8, Steps: 1074 | Train Loss: 0.2322857 Vali Loss: 0.1351466
EarlyStopping counter: 3 out of 3
Early stopping
Training time: 159.5s | Peak GPU memory: 792.7MB

>>> Testing...
test 11425
test shape: (11425, 1, 96, 7) (11425, 1, 96, 7)
test shape: (11425, 96, 7) (11425, 96, 7)
MSE: 0.189894, MAE: 0.286103
Inference: 20.66s | 11425 samples | 553.0 samples/sec
Results saved to /lustre09/project/6010289/sdmuhsin/SpectraGate/results/ettm2_results.csv
========================================
Finished: Mon 09 Mar 2026 06:18:03 PM EDT
========================================
