========================================
Job: fn_MICN_ETTh2_96
Model: MICN
Dataset: ETTh2
Pred len: 96
Time limit: 4:00:00
GPU: h100_2g.20gb:1
Started: Mon 09 Mar 2026 06:14:43 PM EDT
========================================
Mon Mar  9 18:14:43 2026       
+-----------------------------------------------------------------------------------------+
| NVIDIA-SMI 570.211.01             Driver Version: 570.211.01     CUDA Version: 12.8     |
|-----------------------------------------+------------------------+----------------------+
| GPU  Name                 Persistence-M | Bus-Id          Disp.A | Volatile Uncorr. ECC |
| Fan  Temp   Perf          Pwr:Usage/Cap |           Memory-Usage | GPU-Util  Compute M. |
|                                         |                        |               MIG M. |
|=========================================+========================+======================|
|   0  NVIDIA H100 80GB HBM3          Off |   00000000:DB:00.0 Off |                   On |
| N/A   45C    P0            205W /  700W |    2104MiB /  81559MiB |     N/A      Default |
|                                         |                        |              Enabled |
+-----------------------------------------+------------------------+----------------------+

+-----------------------------------------------------------------------------------------+
| MIG devices:                                                                            |
+------------------+----------------------------------+-----------+-----------------------+
| GPU  GI  CI  MIG |                     Memory-Usage |        Vol|        Shared         |
|      ID  ID  Dev |                       BAR1-Usage | SM     Unc| CE ENC  DEC  OFA  JPG |
|                  |                                  |        ECC|                       |
|==================+==================================+===========+=======================|
|  0    5   0   0  |              17MiB / 20096MiB    | 32      0 |  2   0    2    0    2 |
|                  |                 0MiB / 32767MiB  |           |                       |
+------------------+----------------------------------+-----------+-----------------------+
                                                                                         
+-----------------------------------------------------------------------------------------+
| Processes:                                                                              |
|  GPU   GI   CI              PID   Type   Process name                        GPU Memory |
|        ID   ID                                                               Usage      |
|=========================================================================================|
|  No running processes found                                                             |
+-----------------------------------------------------------------------------------------+
Using device: cuda:0
Model: MICN, Dataset: ETTh2, pred_len: 96, seq_len: 96

>>> Training...
train 8449
val 2785
Model Model : total params: 25,200,743 | trainable: 25,200,743 (96.1332MB)
	iters: 100, epoch: 1 | loss: 0.3854520
	speed: 0.0200s/iter; left time: 50.8720s
	iters: 200, epoch: 1 | loss: 0.4331008
	speed: 0.0185s/iter; left time: 45.0547s
Epoch: 1 cost time: 4.8s
Epoch: 1, Steps: 264 | Train Loss: 0.4526581 Vali Loss: 0.2476403
Validation loss decreased (inf --> 0.247640).  Saving model ...
Updating learning rate to 0.001
	iters: 100, epoch: 2 | loss: 0.3772568
	speed: 0.0168s/iter; left time: 38.2213s
	iters: 200, epoch: 2 | loss: 0.6510924
	speed: 0.0168s/iter; left time: 36.6687s
Epoch: 2 cost time: 4.5s
Epoch: 2, Steps: 264 | Train Loss: 0.4131958 Vali Loss: 0.2465648
Validation loss decreased (0.247640 --> 0.246565).  Saving model ...
Updating learning rate to 0.0005
	iters: 100, epoch: 3 | loss: 0.2416797
	speed: 0.0168s/iter; left time: 33.8414s
	iters: 200, epoch: 3 | loss: 0.6199096
	speed: 0.0169s/iter; left time: 32.2672s
Epoch: 3 cost time: 4.5s
Epoch: 3, Steps: 264 | Train Loss: 0.4065305 Vali Loss: 0.2365918
Validation loss decreased (0.246565 --> 0.236592).  Saving model ...
Updating learning rate to 0.00025
	iters: 100, epoch: 4 | loss: 0.2626817
	speed: 0.0168s/iter; left time: 29.3668s
	iters: 200, epoch: 4 | loss: 0.2569506
	speed: 0.0168s/iter; left time: 27.7688s
Epoch: 4 cost time: 4.5s
Epoch: 4, Steps: 264 | Train Loss: 0.4047262 Vali Loss: 0.2486193
EarlyStopping counter: 1 out of 3
Updating learning rate to 0.000125
	iters: 100, epoch: 5 | loss: 0.4074221
	speed: 0.0168s/iter; left time: 24.9670s
	iters: 200, epoch: 5 | loss: 0.5622017
	speed: 0.0169s/iter; left time: 23.3417s
Epoch: 5 cost time: 4.5s
Epoch: 5, Steps: 264 | Train Loss: 0.4036968 Vali Loss: 0.2422843
EarlyStopping counter: 2 out of 3
Updating learning rate to 6.25e-05
	iters: 100, epoch: 6 | loss: 0.5833382
	speed: 0.0168s/iter; left time: 20.4887s
	iters: 200, epoch: 6 | loss: 0.8450769
	speed: 0.0168s/iter; left time: 18.8713s
Epoch: 6 cost time: 4.5s
Epoch: 6, Steps: 264 | Train Loss: 0.4032691 Vali Loss: 0.2395174
EarlyStopping counter: 3 out of 3
Early stopping
Training time: 30.3s | Peak GPU memory: 792.6MB

>>> Testing...
test 2785
test shape: (2785, 1, 96, 7) (2785, 1, 96, 7)
test shape: (2785, 96, 7) (2785, 96, 7)
MSE: 0.335508, MAE: 0.388045
Inference: 5.05s | 2785 samples | 551.9 samples/sec
Results saved to /lustre09/project/6010289/sdmuhsin/SpectraGate/results/etth2_results.csv
========================================
Finished: Mon 09 Mar 2026 06:15:24 PM EDT
========================================
