========================================
Job: fn_MICN_Weather_96
Model: MICN
Dataset: Weather
Pred len: 96
Time limit: 4:00:00
GPU: h100_2g.20gb:1
Started: Mon 09 Mar 2026 06:14:31 PM EDT
========================================
Mon Mar  9 18:14:31 2026       
+-----------------------------------------------------------------------------------------+
| NVIDIA-SMI 570.211.01             Driver Version: 570.211.01     CUDA Version: 12.8     |
|-----------------------------------------+------------------------+----------------------+
| GPU  Name                 Persistence-M | Bus-Id          Disp.A | Volatile Uncorr. ECC |
| Fan  Temp   Perf          Pwr:Usage/Cap |           Memory-Usage | GPU-Util  Compute M. |
|                                         |                        |               MIG M. |
|=========================================+========================+======================|
|   0  NVIDIA H100 80GB HBM3          Off |   00000000:CB:00.0 Off |                   On |
| N/A   42C    P0            208W /  700W |    1618MiB /  81559MiB |     N/A      Default |
|                                         |                        |              Enabled |
+-----------------------------------------+------------------------+----------------------+

+-----------------------------------------------------------------------------------------+
| MIG devices:                                                                            |
+------------------+----------------------------------+-----------+-----------------------+
| GPU  GI  CI  MIG |                     Memory-Usage |        Vol|        Shared         |
|      ID  ID  Dev |                       BAR1-Usage | SM     Unc| CE ENC  DEC  OFA  JPG |
|                  |                                  |        ECC|                       |
|==================+==================================+===========+=======================|
|  0    3   0   0  |              17MiB / 20096MiB    | 32      0 |  2   0    2    0    2 |
|                  |                 0MiB / 32767MiB  |           |                       |
+------------------+----------------------------------+-----------+-----------------------+
                                                                                         
+-----------------------------------------------------------------------------------------+
| Processes:                                                                              |
|  GPU   GI   CI              PID   Type   Process name                        GPU Memory |
|        ID   ID                                                               Usage      |
|=========================================================================================|
|  No running processes found                                                             |
+-----------------------------------------------------------------------------------------+
Using device: cuda:0
Model: MICN, Dataset: Weather, pred_len: 96, seq_len: 96

>>> Training...
train 36696
val 5175
Model Model : total params: 25,229,429 | trainable: 25,229,429 (96.2426MB)
	iters: 100, epoch: 1 | loss: 0.3200881
	speed: 0.0205s/iter; left time: 232.6422s
	iters: 200, epoch: 1 | loss: 0.3699767
	speed: 0.0189s/iter; left time: 212.3325s
	iters: 300, epoch: 1 | loss: 0.3523013
	speed: 0.0183s/iter; left time: 204.3357s
	iters: 400, epoch: 1 | loss: 0.4096859
	speed: 0.0180s/iter; left time: 199.5816s
	iters: 500, epoch: 1 | loss: 0.3252780
	speed: 0.0179s/iter; left time: 195.9865s
	iters: 600, epoch: 1 | loss: 0.4415725
	speed: 0.0178s/iter; left time: 193.1744s
	iters: 700, epoch: 1 | loss: 0.3797797
	speed: 0.0177s/iter; left time: 190.5683s
	iters: 800, epoch: 1 | loss: 0.3044695
	speed: 0.0176s/iter; left time: 188.1148s
	iters: 900, epoch: 1 | loss: 0.3567871
	speed: 0.0176s/iter; left time: 185.8076s
	iters: 1000, epoch: 1 | loss: 0.4640841
	speed: 0.0176s/iter; left time: 183.6170s
	iters: 1100, epoch: 1 | loss: 0.5992530
	speed: 0.0175s/iter; left time: 181.5039s
Epoch: 1 cost time: 20.1s
Epoch: 1, Steps: 1146 | Train Loss: 0.5039086 Vali Loss: 0.4683203
Validation loss decreased (inf --> 0.468320).  Saving model ...
Updating learning rate to 0.001
	iters: 100, epoch: 2 | loss: 0.3156322
	speed: 0.0171s/iter; left time: 174.8057s
	iters: 200, epoch: 2 | loss: 0.4657522
	speed: 0.0172s/iter; left time: 173.6277s
	iters: 300, epoch: 2 | loss: 0.3700404
	speed: 0.0172s/iter; left time: 172.0687s
	iters: 400, epoch: 2 | loss: 0.3384821
	speed: 0.0172s/iter; left time: 170.4131s
	iters: 500, epoch: 2 | loss: 0.5502510
	speed: 0.0172s/iter; left time: 168.6820s
	iters: 600, epoch: 2 | loss: 0.5965338
	speed: 0.0172s/iter; left time: 166.9753s
	iters: 700, epoch: 2 | loss: 0.3726930
	speed: 0.0172s/iter; left time: 165.3325s
	iters: 800, epoch: 2 | loss: 1.2447466
	speed: 0.0172s/iter; left time: 163.5835s
	iters: 900, epoch: 2 | loss: 0.2880241
	speed: 0.0172s/iter; left time: 161.8466s
	iters: 1000, epoch: 2 | loss: 0.5751864
	speed: 0.0172s/iter; left time: 160.1289s
	iters: 1100, epoch: 2 | loss: 0.3983029
	speed: 0.0172s/iter; left time: 158.3859s
Epoch: 2 cost time: 19.7s
Epoch: 2, Steps: 1146 | Train Loss: 0.4957493 Vali Loss: 0.4620103
Validation loss decreased (0.468320 --> 0.462010).  Saving model ...
Updating learning rate to 0.0005
	iters: 100, epoch: 3 | loss: 0.4436672
	speed: 0.0172s/iter; left time: 156.0488s
	iters: 200, epoch: 3 | loss: 0.3490701
	speed: 0.0172s/iter; left time: 154.2132s
	iters: 300, epoch: 3 | loss: 0.3467866
	speed: 0.0172s/iter; left time: 152.5197s
	iters: 400, epoch: 3 | loss: 0.4870975
	speed: 0.0172s/iter; left time: 150.8326s
	iters: 500, epoch: 3 | loss: 0.3446158
	speed: 0.0172s/iter; left time: 149.0612s
	iters: 600, epoch: 3 | loss: 0.5603347
	speed: 0.0172s/iter; left time: 147.3218s
	iters: 700, epoch: 3 | loss: 0.4125648
	speed: 0.0172s/iter; left time: 145.6449s
	iters: 800, epoch: 3 | loss: 0.2608380
	speed: 0.0172s/iter; left time: 143.9752s
	iters: 900, epoch: 3 | loss: 0.5098164
	speed: 0.0172s/iter; left time: 142.2346s
	iters: 1000, epoch: 3 | loss: 0.3733830
	speed: 0.0172s/iter; left time: 140.4902s
	iters: 1100, epoch: 3 | loss: 0.4867526
	speed: 0.0172s/iter; left time: 138.8039s
Epoch: 3 cost time: 19.7s
Epoch: 3, Steps: 1146 | Train Loss: 0.4941630 Vali Loss: 0.4619539
Validation loss decreased (0.462010 --> 0.461954).  Saving model ...
Updating learning rate to 0.00025
	iters: 100, epoch: 4 | loss: 0.3988199
	speed: 0.0169s/iter; left time: 133.7686s
	iters: 200, epoch: 4 | loss: 0.4352760
	speed: 0.0169s/iter; left time: 132.5348s
	iters: 300, epoch: 4 | loss: 0.3765131
	speed: 0.0170s/iter; left time: 130.9778s
	iters: 400, epoch: 4 | loss: 0.4969798
	speed: 0.0170s/iter; left time: 129.3146s
	iters: 500, epoch: 4 | loss: 0.4987037
	speed: 0.0170s/iter; left time: 127.6578s
	iters: 600, epoch: 4 | loss: 0.3588827
	speed: 0.0170s/iter; left time: 125.9957s
	iters: 700, epoch: 4 | loss: 0.3327142
	speed: 0.0170s/iter; left time: 124.3175s
	iters: 800, epoch: 4 | loss: 0.4882490
	speed: 0.0170s/iter; left time: 122.7599s
	iters: 900, epoch: 4 | loss: 0.4840591
	speed: 0.0170s/iter; left time: 121.2270s
	iters: 1000, epoch: 4 | loss: 0.3813996
	speed: 0.0170s/iter; left time: 119.6207s
	iters: 1100, epoch: 4 | loss: 0.4789367
	speed: 0.0170s/iter; left time: 117.8520s
Epoch: 4 cost time: 19.5s
Epoch: 4, Steps: 1146 | Train Loss: 0.4935491 Vali Loss: 0.4649124
EarlyStopping counter: 1 out of 3
Updating learning rate to 0.000125
	iters: 100, epoch: 5 | loss: 0.4264154
	speed: 0.0168s/iter; left time: 114.0708s
	iters: 200, epoch: 5 | loss: 0.4361378
	speed: 0.0169s/iter; left time: 112.6703s
	iters: 300, epoch: 5 | loss: 0.5600153
	speed: 0.0169s/iter; left time: 111.1074s
	iters: 400, epoch: 5 | loss: 0.3823324
	speed: 0.0169s/iter; left time: 109.4635s
	iters: 500, epoch: 5 | loss: 0.4856605
	speed: 0.0169s/iter; left time: 107.8095s
	iters: 600, epoch: 5 | loss: 1.3668640
	speed: 0.0169s/iter; left time: 106.1393s
	iters: 700, epoch: 5 | loss: 0.3450999
	speed: 0.0169s/iter; left time: 104.4702s
	iters: 800, epoch: 5 | loss: 0.3934071
	speed: 0.0169s/iter; left time: 102.8754s
	iters: 900, epoch: 5 | loss: 0.4181609
	speed: 0.0169s/iter; left time: 101.2496s
	iters: 1000, epoch: 5 | loss: 0.3143769
	speed: 0.0169s/iter; left time: 99.5212s
	iters: 1100, epoch: 5 | loss: 0.4429514
	speed: 0.0169s/iter; left time: 97.7843s
Epoch: 5 cost time: 19.4s
Epoch: 5, Steps: 1146 | Train Loss: 0.4927430 Vali Loss: 0.4634048
EarlyStopping counter: 2 out of 3
Updating learning rate to 6.25e-05
	iters: 100, epoch: 6 | loss: 0.3838116
	speed: 0.0168s/iter; left time: 94.4445s
	iters: 200, epoch: 6 | loss: 0.3299860
	speed: 0.0168s/iter; left time: 93.0150s
	iters: 300, epoch: 6 | loss: 0.3361009
	speed: 0.0168s/iter; left time: 91.4135s
	iters: 400, epoch: 6 | loss: 0.3988087
	speed: 0.0168s/iter; left time: 89.7668s
	iters: 500, epoch: 6 | loss: 0.2938811
	speed: 0.0168s/iter; left time: 88.1030s
	iters: 600, epoch: 6 | loss: 0.5569125
	speed: 0.0168s/iter; left time: 86.4335s
	iters: 700, epoch: 6 | loss: 0.4009484
	speed: 0.0168s/iter; left time: 84.7698s
	iters: 800, epoch: 6 | loss: 0.2753833
	speed: 0.0169s/iter; left time: 83.0878s
	iters: 900, epoch: 6 | loss: 1.2149591
	speed: 0.0169s/iter; left time: 81.4092s
	iters: 1000, epoch: 6 | loss: 0.3729613
	speed: 0.0169s/iter; left time: 79.7251s
	iters: 1100, epoch: 6 | loss: 0.4508975
	speed: 0.0169s/iter; left time: 78.0443s
Epoch: 6 cost time: 19.3s
Epoch: 6, Steps: 1146 | Train Loss: 0.4925563 Vali Loss: 0.4619001
Validation loss decreased (0.461954 --> 0.461900).  Saving model ...
Updating learning rate to 3.125e-05
	iters: 100, epoch: 7 | loss: 1.0013891
	speed: 0.0169s/iter; left time: 75.9044s
	iters: 200, epoch: 7 | loss: 1.3631237
	speed: 0.0169s/iter; left time: 74.0288s
	iters: 300, epoch: 7 | loss: 0.3263443
	speed: 0.0169s/iter; left time: 72.2708s
	iters: 400, epoch: 7 | loss: 0.3206566
	speed: 0.0169s/iter; left time: 70.5582s
	iters: 500, epoch: 7 | loss: 0.3962449
	speed: 0.0169s/iter; left time: 68.8498s
	iters: 600, epoch: 7 | loss: 0.4519317
	speed: 0.0169s/iter; left time: 67.1555s
	iters: 700, epoch: 7 | loss: 0.5102560
	speed: 0.0168s/iter; left time: 65.4591s
	iters: 800, epoch: 7 | loss: 0.3082155
	speed: 0.0168s/iter; left time: 63.7695s
	iters: 900, epoch: 7 | loss: 0.3191708
	speed: 0.0168s/iter; left time: 62.0840s
	iters: 1000, epoch: 7 | loss: 0.2821222
	speed: 0.0168s/iter; left time: 60.3978s
	iters: 1100, epoch: 7 | loss: 0.6172529
	speed: 0.0168s/iter; left time: 58.7099s
Epoch: 7 cost time: 19.3s
Epoch: 7, Steps: 1146 | Train Loss: 0.4924258 Vali Loss: 0.4624369
EarlyStopping counter: 1 out of 3
Updating learning rate to 1.5625e-05
	iters: 100, epoch: 8 | loss: 0.3927803
	speed: 0.0167s/iter; left time: 55.9015s
	iters: 200, epoch: 8 | loss: 0.3367534
	speed: 0.0168s/iter; left time: 54.3733s
	iters: 300, epoch: 8 | loss: 0.3871923
	speed: 0.0168s/iter; left time: 52.7408s
	iters: 400, epoch: 8 | loss: 0.4425709
	speed: 0.0168s/iter; left time: 51.0930s
	iters: 500, epoch: 8 | loss: 1.3558362
	speed: 0.0168s/iter; left time: 49.4233s
	iters: 600, epoch: 8 | loss: 1.2018143
	speed: 0.0168s/iter; left time: 47.7474s
	iters: 700, epoch: 8 | loss: 0.3117992
	speed: 0.0168s/iter; left time: 46.0725s
	iters: 800, epoch: 8 | loss: 0.4960737
	speed: 0.0168s/iter; left time: 44.3954s
	iters: 900, epoch: 8 | loss: 0.4109254
	speed: 0.0168s/iter; left time: 42.7164s
	iters: 1000, epoch: 8 | loss: 0.3415483
	speed: 0.0168s/iter; left time: 41.0365s
	iters: 1100, epoch: 8 | loss: 0.4876752
	speed: 0.0168s/iter; left time: 39.3544s
Epoch: 8 cost time: 19.3s
Epoch: 8, Steps: 1146 | Train Loss: 0.4922344 Vali Loss: 0.4624259
EarlyStopping counter: 2 out of 3
Updating learning rate to 7.8125e-06
	iters: 100, epoch: 9 | loss: 0.4066958
	speed: 0.0167s/iter; left time: 36.7057s
	iters: 200, epoch: 9 | loss: 0.5570397
	speed: 0.0168s/iter; left time: 35.1300s
	iters: 300, epoch: 9 | loss: 0.3888663
	speed: 0.0168s/iter; left time: 33.4920s
	iters: 400, epoch: 9 | loss: 0.3494695
	speed: 0.0168s/iter; left time: 31.8267s
	iters: 500, epoch: 9 | loss: 0.4091855
	speed: 0.0168s/iter; left time: 30.1550s
	iters: 600, epoch: 9 | loss: 0.3151139
	speed: 0.0168s/iter; left time: 28.4772s
	iters: 700, epoch: 9 | loss: 1.1193445
	speed: 0.0168s/iter; left time: 26.7982s
	iters: 800, epoch: 9 | loss: 0.3008966
	speed: 0.0168s/iter; left time: 25.1184s
	iters: 900, epoch: 9 | loss: 0.3552062
	speed: 0.0168s/iter; left time: 23.4373s
	iters: 1000, epoch: 9 | loss: 0.4518650
	speed: 0.0168s/iter; left time: 21.7559s
	iters: 1100, epoch: 9 | loss: 0.5274489
	speed: 0.0168s/iter; left time: 20.0746s
Epoch: 9 cost time: 19.3s
Epoch: 9, Steps: 1146 | Train Loss: 0.4922601 Vali Loss: 0.4611704
Validation loss decreased (0.461900 --> 0.461170).  Saving model ...
Updating learning rate to 3.90625e-06
	iters: 100, epoch: 10 | loss: 0.3904211
	speed: 0.0168s/iter; left time: 17.5424s
	iters: 200, epoch: 10 | loss: 0.4121993
	speed: 0.0168s/iter; left time: 15.9060s
	iters: 300, epoch: 10 | loss: 0.4205826
	speed: 0.0168s/iter; left time: 14.2385s
	iters: 400, epoch: 10 | loss: 0.3703716
	speed: 0.0168s/iter; left time: 12.5639s
	iters: 500, epoch: 10 | loss: 1.3956503
	speed: 0.0168s/iter; left time: 10.8838s
	iters: 600, epoch: 10 | loss: 0.3507147
	speed: 0.0168s/iter; left time: 9.2033s
	iters: 700, epoch: 10 | loss: 0.4165324
	speed: 0.0168s/iter; left time: 7.5213s
	iters: 800, epoch: 10 | loss: 0.4554591
	speed: 0.0168s/iter; left time: 5.8390s
	iters: 900, epoch: 10 | loss: 0.3889996
	speed: 0.0168s/iter; left time: 4.1567s
	iters: 1000, epoch: 10 | loss: 0.5245995
	speed: 0.0168s/iter; left time: 2.4740s
	iters: 1100, epoch: 10 | loss: 0.4001371
	speed: 0.0168s/iter; left time: 0.7911s
Epoch: 10 cost time: 19.3s
Epoch: 10, Steps: 1146 | Train Loss: 0.4921886 Vali Loss: 0.4631160
EarlyStopping counter: 1 out of 3
Updating learning rate to 1.953125e-06
Training time: 207.0s | Peak GPU memory: 794.6MB

>>> Testing...
test 10444
test shape: (10444, 1, 96, 21) (10444, 1, 96, 21)
test shape: (10444, 96, 21) (10444, 96, 21)
MSE: 0.196392, MAE: 0.256005
Inference: 19.04s | 10444 samples | 548.5 samples/sec
Results saved to /lustre09/project/6010289/sdmuhsin/SpectraGate/results/weather_results.csv
========================================
Finished: Mon 09 Mar 2026 06:18:23 PM EDT
========================================
