========================================
Job: fn_MICN_ETTm1_96
Model: MICN
Dataset: ETTm1
Pred len: 96
Time limit: 8:00:00
GPU: h100_2g.20gb:1
Started: Mon 09 Mar 2026 06:14:55 PM EDT
========================================
Mon Mar  9 18:14:55 2026       
+-----------------------------------------------------------------------------------------+
| NVIDIA-SMI 570.211.01             Driver Version: 570.211.01     CUDA Version: 12.8     |
|-----------------------------------------+------------------------+----------------------+
| GPU  Name                 Persistence-M | Bus-Id          Disp.A | Volatile Uncorr. ECC |
| Fan  Temp   Perf          Pwr:Usage/Cap |           Memory-Usage | GPU-Util  Compute M. |
|                                         |                        |               MIG M. |
|=========================================+========================+======================|
|   0  NVIDIA H100 80GB HBM3          Off |   00000000:5F:00.0 Off |                   On |
| N/A   35C    P0             97W /  700W |      59MiB /  81559MiB |     N/A      Default |
|                                         |                        |              Enabled |
+-----------------------------------------+------------------------+----------------------+

+-----------------------------------------------------------------------------------------+
| MIG devices:                                                                            |
+------------------+----------------------------------+-----------+-----------------------+
| GPU  GI  CI  MIG |                     Memory-Usage |        Vol|        Shared         |
|      ID  ID  Dev |                       BAR1-Usage | SM     Unc| CE ENC  DEC  OFA  JPG |
|                  |                                  |        ECC|                       |
|==================+==================================+===========+=======================|
|  0    3   0   0  |              17MiB / 20096MiB    | 32      0 |  2   0    2    0    2 |
|                  |                 0MiB / 32767MiB  |           |                       |
+------------------+----------------------------------+-----------+-----------------------+
                                                                                         
+-----------------------------------------------------------------------------------------+
| Processes:                                                                              |
|  GPU   GI   CI              PID   Type   Process name                        GPU Memory |
|        ID   ID                                                               Usage      |
|=========================================================================================|
|  No running processes found                                                             |
+-----------------------------------------------------------------------------------------+
Using device: cuda:0
Model: MICN, Dataset: ETTm1, pred_len: 96, seq_len: 96

>>> Training...
train 34369
val 11425
Model Model : total params: 25,201,255 | trainable: 25,201,255 (96.1352MB)
	iters: 100, epoch: 1 | loss: 0.3341294
	speed: 0.0200s/iter; left time: 213.0844s
	iters: 200, epoch: 1 | loss: 0.3915132
	speed: 0.0182s/iter; left time: 192.2147s
	iters: 300, epoch: 1 | loss: 0.3784687
	speed: 0.0176s/iter; left time: 184.1247s
	iters: 400, epoch: 1 | loss: 0.3375343
	speed: 0.0173s/iter; left time: 179.2845s
	iters: 500, epoch: 1 | loss: 0.3257477
	speed: 0.0172s/iter; left time: 175.6989s
	iters: 600, epoch: 1 | loss: 0.3577394
	speed: 0.0170s/iter; left time: 172.7308s
	iters: 700, epoch: 1 | loss: 0.2994341
	speed: 0.0169s/iter; left time: 170.1364s
	iters: 800, epoch: 1 | loss: 0.3399265
	speed: 0.0169s/iter; left time: 167.7883s
	iters: 900, epoch: 1 | loss: 0.3124022
	speed: 0.0168s/iter; left time: 165.6415s
	iters: 1000, epoch: 1 | loss: 0.4037470
	speed: 0.0168s/iter; left time: 163.5831s
Epoch: 1 cost time: 18.0s
Epoch: 1, Steps: 1074 | Train Loss: 0.3506927 Vali Loss: 0.4041276
Validation loss decreased (inf --> 0.404128).  Saving model ...
Updating learning rate to 0.001
	iters: 100, epoch: 2 | loss: 0.3557394
	speed: 0.0164s/iter; left time: 156.4248s
	iters: 200, epoch: 2 | loss: 0.3384908
	speed: 0.0164s/iter; left time: 155.1640s
	iters: 300, epoch: 2 | loss: 0.3407353
	speed: 0.0164s/iter; left time: 153.6987s
	iters: 400, epoch: 2 | loss: 0.2936329
	speed: 0.0164s/iter; left time: 152.0939s
	iters: 500, epoch: 2 | loss: 0.3667274
	speed: 0.0164s/iter; left time: 150.5549s
	iters: 600, epoch: 2 | loss: 0.3318438
	speed: 0.0164s/iter; left time: 148.9018s
	iters: 700, epoch: 2 | loss: 0.2994491
	speed: 0.0164s/iter; left time: 147.2479s
	iters: 800, epoch: 2 | loss: 0.3556768
	speed: 0.0164s/iter; left time: 145.5861s
	iters: 900, epoch: 2 | loss: 0.2892243
	speed: 0.0164s/iter; left time: 143.9575s
	iters: 1000, epoch: 2 | loss: 0.3456091
	speed: 0.0164s/iter; left time: 142.3096s
Epoch: 2 cost time: 17.6s
Epoch: 2, Steps: 1074 | Train Loss: 0.3384735 Vali Loss: 0.4031852
Validation loss decreased (0.404128 --> 0.403185).  Saving model ...
Updating learning rate to 0.0005
	iters: 100, epoch: 3 | loss: 0.2869289
	speed: 0.0164s/iter; left time: 139.2373s
	iters: 200, epoch: 3 | loss: 0.3304160
	speed: 0.0164s/iter; left time: 137.6037s
	iters: 300, epoch: 3 | loss: 0.3276781
	speed: 0.0164s/iter; left time: 135.9973s
	iters: 400, epoch: 3 | loss: 0.3612610
	speed: 0.0164s/iter; left time: 134.3679s
	iters: 500, epoch: 3 | loss: 0.3040000
	speed: 0.0164s/iter; left time: 132.7561s
	iters: 600, epoch: 3 | loss: 0.3035994
	speed: 0.0164s/iter; left time: 131.1095s
	iters: 700, epoch: 3 | loss: 0.3414525
	speed: 0.0164s/iter; left time: 129.4751s
	iters: 800, epoch: 3 | loss: 0.3639831
	speed: 0.0164s/iter; left time: 127.8424s
	iters: 900, epoch: 3 | loss: 0.3258475
	speed: 0.0164s/iter; left time: 126.2066s
	iters: 1000, epoch: 3 | loss: 0.3333765
	speed: 0.0164s/iter; left time: 124.5884s
Epoch: 3 cost time: 17.6s
Epoch: 3, Steps: 1074 | Train Loss: 0.3364572 Vali Loss: 0.4005850
Validation loss decreased (0.403185 --> 0.400585).  Saving model ...
Updating learning rate to 0.00025
	iters: 100, epoch: 4 | loss: 0.3641165
	speed: 0.0163s/iter; left time: 121.0173s
	iters: 200, epoch: 4 | loss: 0.2795964
	speed: 0.0164s/iter; left time: 119.7482s
	iters: 300, epoch: 4 | loss: 0.3224214
	speed: 0.0164s/iter; left time: 118.2153s
	iters: 400, epoch: 4 | loss: 0.3532762
	speed: 0.0164s/iter; left time: 116.6107s
	iters: 500, epoch: 4 | loss: 0.3391531
	speed: 0.0164s/iter; left time: 115.0207s
	iters: 600, epoch: 4 | loss: 0.2976512
	speed: 0.0164s/iter; left time: 113.4149s
	iters: 700, epoch: 4 | loss: 0.3167820
	speed: 0.0164s/iter; left time: 111.8279s
	iters: 800, epoch: 4 | loss: 0.3957182
	speed: 0.0164s/iter; left time: 110.2191s
	iters: 900, epoch: 4 | loss: 0.3718974
	speed: 0.0164s/iter; left time: 108.5972s
	iters: 1000, epoch: 4 | loss: 0.3031376
	speed: 0.0164s/iter; left time: 106.9486s
Epoch: 4 cost time: 17.6s
Epoch: 4, Steps: 1074 | Train Loss: 0.3355359 Vali Loss: 0.3995554
Validation loss decreased (0.400585 --> 0.399555).  Saving model ...
Updating learning rate to 0.000125
	iters: 100, epoch: 5 | loss: 0.3942836
	speed: 0.0163s/iter; left time: 103.7112s
	iters: 200, epoch: 5 | loss: 0.3120661
	speed: 0.0164s/iter; left time: 102.2881s
	iters: 300, epoch: 5 | loss: 0.3593892
	speed: 0.0164s/iter; left time: 100.6982s
	iters: 400, epoch: 5 | loss: 0.3341181
	speed: 0.0164s/iter; left time: 99.0858s
	iters: 500, epoch: 5 | loss: 0.3272348
	speed: 0.0164s/iter; left time: 97.4670s
	iters: 600, epoch: 5 | loss: 0.3170967
	speed: 0.0164s/iter; left time: 95.8594s
	iters: 700, epoch: 5 | loss: 0.4158470
	speed: 0.0164s/iter; left time: 94.2160s
	iters: 800, epoch: 5 | loss: 0.4213834
	speed: 0.0164s/iter; left time: 92.5877s
	iters: 900, epoch: 5 | loss: 0.3354366
	speed: 0.0164s/iter; left time: 90.9565s
	iters: 1000, epoch: 5 | loss: 0.3590713
	speed: 0.0164s/iter; left time: 89.3233s
Epoch: 5 cost time: 17.6s
Epoch: 5, Steps: 1074 | Train Loss: 0.3350744 Vali Loss: 0.3994802
Validation loss decreased (0.399555 --> 0.399480).  Saving model ...
Updating learning rate to 6.25e-05
	iters: 100, epoch: 6 | loss: 0.3772529
	speed: 0.0164s/iter; left time: 86.1836s
	iters: 200, epoch: 6 | loss: 0.3114170
	speed: 0.0164s/iter; left time: 84.7418s
	iters: 300, epoch: 6 | loss: 0.3687853
	speed: 0.0164s/iter; left time: 83.1273s
	iters: 400, epoch: 6 | loss: 0.3169550
	speed: 0.0164s/iter; left time: 81.5242s
	iters: 500, epoch: 6 | loss: 0.3374383
	speed: 0.0164s/iter; left time: 79.9695s
	iters: 600, epoch: 6 | loss: 0.3919603
	speed: 0.0164s/iter; left time: 78.3285s
	iters: 700, epoch: 6 | loss: 0.4058010
	speed: 0.0164s/iter; left time: 76.6781s
	iters: 800, epoch: 6 | loss: 0.4228056
	speed: 0.0164s/iter; left time: 75.0242s
	iters: 900, epoch: 6 | loss: 0.3556638
	speed: 0.0164s/iter; left time: 73.3915s
	iters: 1000, epoch: 6 | loss: 0.3062298
	speed: 0.0164s/iter; left time: 71.7507s
Epoch: 6 cost time: 17.6s
Epoch: 6, Steps: 1074 | Train Loss: 0.3348697 Vali Loss: 0.3994177
Validation loss decreased (0.399480 --> 0.399418).  Saving model ...
Updating learning rate to 3.125e-05
	iters: 100, epoch: 7 | loss: 0.2894880
	speed: 0.0163s/iter; left time: 68.5360s
	iters: 200, epoch: 7 | loss: 0.3003089
	speed: 0.0164s/iter; left time: 67.1188s
	iters: 300, epoch: 7 | loss: 0.2857820
	speed: 0.0164s/iter; left time: 65.5145s
	iters: 400, epoch: 7 | loss: 0.3132220
	speed: 0.0164s/iter; left time: 63.9010s
	iters: 500, epoch: 7 | loss: 0.3958583
	speed: 0.0164s/iter; left time: 62.2586s
	iters: 600, epoch: 7 | loss: 0.2863554
	speed: 0.0164s/iter; left time: 60.6498s
	iters: 700, epoch: 7 | loss: 0.3269253
	speed: 0.0164s/iter; left time: 59.0144s
	iters: 800, epoch: 7 | loss: 0.3380748
	speed: 0.0164s/iter; left time: 57.3840s
	iters: 900, epoch: 7 | loss: 0.3090367
	speed: 0.0164s/iter; left time: 55.7428s
	iters: 1000, epoch: 7 | loss: 0.3871858
	speed: 0.0164s/iter; left time: 54.1061s
Epoch: 7 cost time: 17.6s
Epoch: 7, Steps: 1074 | Train Loss: 0.3347351 Vali Loss: 0.3991618
Validation loss decreased (0.399418 --> 0.399162).  Saving model ...
Updating learning rate to 1.5625e-05
	iters: 100, epoch: 8 | loss: 0.2649091
	speed: 0.0163s/iter; left time: 51.0128s
	iters: 200, epoch: 8 | loss: 0.4249695
	speed: 0.0164s/iter; left time: 49.5131s
	iters: 300, epoch: 8 | loss: 0.2984764
	speed: 0.0164s/iter; left time: 47.9336s
	iters: 400, epoch: 8 | loss: 0.3389591
	speed: 0.0164s/iter; left time: 46.2981s
	iters: 500, epoch: 8 | loss: 0.3063484
	speed: 0.0164s/iter; left time: 44.6714s
	iters: 600, epoch: 8 | loss: 0.3285726
	speed: 0.0164s/iter; left time: 43.0432s
	iters: 700, epoch: 8 | loss: 0.2854280
	speed: 0.0164s/iter; left time: 41.4171s
	iters: 800, epoch: 8 | loss: 0.2783251
	speed: 0.0164s/iter; left time: 39.7780s
	iters: 900, epoch: 8 | loss: 0.3424368
	speed: 0.0164s/iter; left time: 38.1336s
	iters: 1000, epoch: 8 | loss: 0.2839169
	speed: 0.0164s/iter; left time: 36.4915s
Epoch: 8 cost time: 17.6s
Epoch: 8, Steps: 1074 | Train Loss: 0.3346790 Vali Loss: 0.3991167
Validation loss decreased (0.399162 --> 0.399117).  Saving model ...
Updating learning rate to 7.8125e-06
	iters: 100, epoch: 9 | loss: 0.3374302
	speed: 0.0164s/iter; left time: 33.5090s
	iters: 200, epoch: 9 | loss: 0.3149053
	speed: 0.0164s/iter; left time: 31.9658s
	iters: 300, epoch: 9 | loss: 0.3486295
	speed: 0.0164s/iter; left time: 30.3451s
	iters: 400, epoch: 9 | loss: 0.3809794
	speed: 0.0164s/iter; left time: 28.7092s
	iters: 500, epoch: 9 | loss: 0.3940009
	speed: 0.0164s/iter; left time: 27.0626s
	iters: 600, epoch: 9 | loss: 0.2705485
	speed: 0.0164s/iter; left time: 25.4206s
	iters: 700, epoch: 9 | loss: 0.2720101
	speed: 0.0164s/iter; left time: 23.7743s
	iters: 800, epoch: 9 | loss: 0.3771113
	speed: 0.0164s/iter; left time: 22.1346s
	iters: 900, epoch: 9 | loss: 0.3265577
	speed: 0.0164s/iter; left time: 20.4904s
	iters: 1000, epoch: 9 | loss: 0.2941566
	speed: 0.0164s/iter; left time: 18.8513s
Epoch: 9 cost time: 17.6s
Epoch: 9, Steps: 1074 | Train Loss: 0.3346339 Vali Loss: 0.3994220
EarlyStopping counter: 1 out of 3
Updating learning rate to 3.90625e-06
	iters: 100, epoch: 10 | loss: 0.3519787
	speed: 0.0163s/iter; left time: 15.9203s
	iters: 200, epoch: 10 | loss: 0.4007475
	speed: 0.0164s/iter; left time: 14.3298s
	iters: 300, epoch: 10 | loss: 0.3119441
	speed: 0.0164s/iter; left time: 12.6977s
	iters: 400, epoch: 10 | loss: 0.2974894
	speed: 0.0164s/iter; left time: 11.0626s
	iters: 500, epoch: 10 | loss: 0.2641662
	speed: 0.0164s/iter; left time: 9.4314s
	iters: 600, epoch: 10 | loss: 0.2828005
	speed: 0.0164s/iter; left time: 7.7939s
	iters: 700, epoch: 10 | loss: 0.3615701
	speed: 0.0164s/iter; left time: 6.1530s
	iters: 800, epoch: 10 | loss: 0.3396118
	speed: 0.0164s/iter; left time: 4.5116s
	iters: 900, epoch: 10 | loss: 0.3567861
	speed: 0.0164s/iter; left time: 2.8715s
	iters: 1000, epoch: 10 | loss: 0.4773333
	speed: 0.0164s/iter; left time: 1.2310s
Epoch: 10 cost time: 17.6s
Epoch: 10, Steps: 1074 | Train Loss: 0.3346223 Vali Loss: 0.3992953
EarlyStopping counter: 2 out of 3
Updating learning rate to 1.953125e-06
Training time: 196.9s | Peak GPU memory: 792.7MB

>>> Testing...
test 11425
test shape: (11425, 1, 96, 7) (11425, 1, 96, 7)
test shape: (11425, 96, 7) (11425, 96, 7)
MSE: 0.349205, MAE: 0.375567
Inference: 20.62s | 11425 samples | 554.2 samples/sec
Results saved to /lustre09/project/6010289/sdmuhsin/SpectraGate/results/ettm1_results.csv
========================================
Finished: Mon 09 Mar 2026 06:18:38 PM EDT
========================================
