========================================
Job: fn_MICN_ETTm2_96
Model: MICN
Dataset: ETTm2
Pred len: 96
Time limit: 8:00:00
GPU: h100_2g.20gb:1
Started: Mon 09 Mar 2026 05:51:22 PM EDT
========================================
Mon Mar  9 17:51:22 2026       
+-----------------------------------------------------------------------------------------+
| NVIDIA-SMI 570.211.01             Driver Version: 570.211.01     CUDA Version: 12.8     |
|-----------------------------------------+------------------------+----------------------+
| GPU  Name                 Persistence-M | Bus-Id          Disp.A | Volatile Uncorr. ECC |
| Fan  Temp   Perf          Pwr:Usage/Cap |           Memory-Usage | GPU-Util  Compute M. |
|                                         |                        |               MIG M. |
|=========================================+========================+======================|
|   0  NVIDIA H100 80GB HBM3          Off |   00000000:CB:00.0 Off |                   On |
| N/A   35C    P0             68W /  700W |      59MiB /  81559MiB |     N/A      Default |
|                                         |                        |              Enabled |
+-----------------------------------------+------------------------+----------------------+

+-----------------------------------------------------------------------------------------+
| MIG devices:                                                                            |
+------------------+----------------------------------+-----------+-----------------------+
| GPU  GI  CI  MIG |                     Memory-Usage |        Vol|        Shared         |
|      ID  ID  Dev |                       BAR1-Usage | SM     Unc| CE ENC  DEC  OFA  JPG |
|                  |                                  |        ECC|                       |
|==================+==================================+===========+=======================|
|  0    3   0   0  |              17MiB / 20096MiB    | 32      0 |  2   0    2    0    2 |
|                  |                 0MiB / 32767MiB  |           |                       |
+------------------+----------------------------------+-----------+-----------------------+
                                                                                         
+-----------------------------------------------------------------------------------------+
| Processes:                                                                              |
|  GPU   GI   CI              PID   Type   Process name                        GPU Memory |
|        ID   ID                                                               Usage      |
|=========================================================================================|
|  No running processes found                                                             |
+-----------------------------------------------------------------------------------------+
Using device: cuda:0
Model: MICN, Dataset: ETTm2, pred_len: 96, seq_len: 96

>>> Training...
train 34369
val 11425
Model Model : total params: 25,201,255 | trainable: 25,201,255 (96.1352MB)
	iters: 100, epoch: 1 | loss: 0.1501172
	speed: 0.0203s/iter; left time: 216.1643s
	iters: 200, epoch: 1 | loss: 0.3399645
	speed: 0.0184s/iter; left time: 193.5091s
	iters: 300, epoch: 1 | loss: 0.1306294
	speed: 0.0177s/iter; left time: 184.8378s
	iters: 400, epoch: 1 | loss: 0.1216186
	speed: 0.0174s/iter; left time: 179.6967s
	iters: 500, epoch: 1 | loss: 0.2136388
	speed: 0.0172s/iter; left time: 175.9572s
	iters: 600, epoch: 1 | loss: 0.1436918
	speed: 0.0171s/iter; left time: 172.9061s
	iters: 700, epoch: 1 | loss: 0.2712016
	speed: 0.0170s/iter; left time: 170.2748s
	iters: 800, epoch: 1 | loss: 0.1859195
	speed: 0.0169s/iter; left time: 167.8790s
	iters: 900, epoch: 1 | loss: 0.2161811
	speed: 0.0168s/iter; left time: 165.6504s
	iters: 1000, epoch: 1 | loss: 0.2692846
	speed: 0.0168s/iter; left time: 163.5502s
Epoch: 1 cost time: 18.0s
Epoch: 1, Steps: 1074 | Train Loss: 0.2478308 Vali Loss: 0.1496012
Validation loss decreased (inf --> 0.149601).  Saving model ...
Updating learning rate to 0.001
	iters: 100, epoch: 2 | loss: 0.2199026
	speed: 0.0163s/iter; left time: 156.1983s
	iters: 200, epoch: 2 | loss: 0.4018692
	speed: 0.0164s/iter; left time: 154.9551s
	iters: 300, epoch: 2 | loss: 0.2862342
	speed: 0.0164s/iter; left time: 153.4130s
	iters: 400, epoch: 2 | loss: 0.1671823
	speed: 0.0164s/iter; left time: 151.8140s
	iters: 500, epoch: 2 | loss: 0.3100199
	speed: 0.0164s/iter; left time: 150.1948s
	iters: 600, epoch: 2 | loss: 0.2283101
	speed: 0.0164s/iter; left time: 148.5752s
	iters: 700, epoch: 2 | loss: 0.3266427
	speed: 0.0164s/iter; left time: 146.9575s
	iters: 800, epoch: 2 | loss: 0.2524881
	speed: 0.0164s/iter; left time: 145.3402s
	iters: 900, epoch: 2 | loss: 0.2268502
	speed: 0.0164s/iter; left time: 143.7127s
	iters: 1000, epoch: 2 | loss: 0.2048890
	speed: 0.0164s/iter; left time: 142.0863s
Epoch: 2 cost time: 17.6s
Epoch: 2, Steps: 1074 | Train Loss: 0.2372547 Vali Loss: 0.1590131
EarlyStopping counter: 1 out of 3
Updating learning rate to 0.0005
	iters: 100, epoch: 3 | loss: 0.2306688
	speed: 0.0163s/iter; left time: 138.4985s
	iters: 200, epoch: 3 | loss: 0.2101835
	speed: 0.0164s/iter; left time: 137.2723s
	iters: 300, epoch: 3 | loss: 0.2391393
	speed: 0.0164s/iter; left time: 135.7646s
	iters: 400, epoch: 3 | loss: 0.1154701
	speed: 0.0164s/iter; left time: 134.1938s
	iters: 500, epoch: 3 | loss: 0.4023737
	speed: 0.0164s/iter; left time: 132.5949s
	iters: 600, epoch: 3 | loss: 0.5647454
	speed: 0.0164s/iter; left time: 130.9825s
	iters: 700, epoch: 3 | loss: 0.2797944
	speed: 0.0164s/iter; left time: 129.3723s
	iters: 800, epoch: 3 | loss: 0.1707126
	speed: 0.0164s/iter; left time: 127.7461s
	iters: 900, epoch: 3 | loss: 0.2083608
	speed: 0.0164s/iter; left time: 126.1210s
	iters: 1000, epoch: 3 | loss: 0.1241199
	speed: 0.0164s/iter; left time: 124.4871s
Epoch: 3 cost time: 17.6s
Epoch: 3, Steps: 1074 | Train Loss: 0.2347186 Vali Loss: 0.1386399
Validation loss decreased (0.149601 --> 0.138640).  Saving model ...
Updating learning rate to 0.00025
	iters: 100, epoch: 4 | loss: 0.2871699
	speed: 0.0163s/iter; left time: 121.1049s
	iters: 200, epoch: 4 | loss: 0.1456108
	speed: 0.0164s/iter; left time: 119.7707s
	iters: 300, epoch: 4 | loss: 0.2132878
	speed: 0.0164s/iter; left time: 118.2392s
	iters: 400, epoch: 4 | loss: 0.3118372
	speed: 0.0164s/iter; left time: 116.6488s
	iters: 500, epoch: 4 | loss: 0.1346401
	speed: 0.0164s/iter; left time: 115.0410s
	iters: 600, epoch: 4 | loss: 0.1222033
	speed: 0.0164s/iter; left time: 113.4216s
	iters: 700, epoch: 4 | loss: 0.1304007
	speed: 0.0164s/iter; left time: 111.7960s
	iters: 800, epoch: 4 | loss: 0.1237670
	speed: 0.0164s/iter; left time: 110.1660s
	iters: 900, epoch: 4 | loss: 0.2770938
	speed: 0.0164s/iter; left time: 108.5400s
	iters: 1000, epoch: 4 | loss: 0.1656803
	speed: 0.0164s/iter; left time: 106.9054s
Epoch: 4 cost time: 17.6s
Epoch: 4, Steps: 1074 | Train Loss: 0.2333165 Vali Loss: 0.1356762
Validation loss decreased (0.138640 --> 0.135676).  Saving model ...
Updating learning rate to 0.000125
	iters: 100, epoch: 5 | loss: 0.9026580
	speed: 0.0163s/iter; left time: 103.5464s
	iters: 200, epoch: 5 | loss: 0.1584190
	speed: 0.0164s/iter; left time: 102.1877s
	iters: 300, epoch: 5 | loss: 0.3961034
	speed: 0.0164s/iter; left time: 100.6611s
	iters: 400, epoch: 5 | loss: 0.2770723
	speed: 0.0164s/iter; left time: 99.0643s
	iters: 500, epoch: 5 | loss: 0.1788460
	speed: 0.0164s/iter; left time: 97.4472s
	iters: 600, epoch: 5 | loss: 0.1648043
	speed: 0.0164s/iter; left time: 95.8153s
	iters: 700, epoch: 5 | loss: 0.1654774
	speed: 0.0164s/iter; left time: 94.1836s
	iters: 800, epoch: 5 | loss: 0.4034809
	speed: 0.0164s/iter; left time: 92.5472s
	iters: 900, epoch: 5 | loss: 0.1287169
	speed: 0.0164s/iter; left time: 90.9113s
	iters: 1000, epoch: 5 | loss: 0.2257752
	speed: 0.0164s/iter; left time: 89.2766s
Epoch: 5 cost time: 17.6s
Epoch: 5, Steps: 1074 | Train Loss: 0.2328476 Vali Loss: 0.1314476
Validation loss decreased (0.135676 --> 0.131448).  Saving model ...
Updating learning rate to 6.25e-05
	iters: 100, epoch: 6 | loss: 0.2014230
	speed: 0.0163s/iter; left time: 86.0356s
	iters: 200, epoch: 6 | loss: 0.2349987
	speed: 0.0164s/iter; left time: 84.6369s
	iters: 300, epoch: 6 | loss: 0.2069989
	speed: 0.0164s/iter; left time: 83.0701s
	iters: 400, epoch: 6 | loss: 0.3111215
	speed: 0.0164s/iter; left time: 81.4655s
	iters: 500, epoch: 6 | loss: 0.1154449
	speed: 0.0164s/iter; left time: 79.8458s
	iters: 600, epoch: 6 | loss: 0.1789554
	speed: 0.0164s/iter; left time: 78.2209s
	iters: 700, epoch: 6 | loss: 0.0982023
	speed: 0.0164s/iter; left time: 76.5891s
	iters: 800, epoch: 6 | loss: 0.2660748
	speed: 0.0164s/iter; left time: 74.9549s
	iters: 900, epoch: 6 | loss: 0.4123185
	speed: 0.0164s/iter; left time: 73.3202s
	iters: 1000, epoch: 6 | loss: 0.1219521
	speed: 0.0164s/iter; left time: 71.6831s
Epoch: 6 cost time: 17.6s
Epoch: 6, Steps: 1074 | Train Loss: 0.2325995 Vali Loss: 0.1365294
EarlyStopping counter: 1 out of 3
Updating learning rate to 3.125e-05
	iters: 100, epoch: 7 | loss: 0.3207587
	speed: 0.0163s/iter; left time: 68.4375s
	iters: 200, epoch: 7 | loss: 0.2190470
	speed: 0.0164s/iter; left time: 66.9967s
	iters: 300, epoch: 7 | loss: 0.2135834
	speed: 0.0164s/iter; left time: 65.4255s
	iters: 400, epoch: 7 | loss: 0.2149661
	speed: 0.0164s/iter; left time: 63.8186s
	iters: 500, epoch: 7 | loss: 0.1817668
	speed: 0.0164s/iter; left time: 62.1993s
	iters: 600, epoch: 7 | loss: 0.1433884
	speed: 0.0164s/iter; left time: 60.5740s
	iters: 700, epoch: 7 | loss: 0.1951993
	speed: 0.0164s/iter; left time: 58.9438s
	iters: 800, epoch: 7 | loss: 0.2189791
	speed: 0.0164s/iter; left time: 57.3105s
	iters: 900, epoch: 7 | loss: 0.1959138
	speed: 0.0164s/iter; left time: 55.6784s
	iters: 1000, epoch: 7 | loss: 0.2015468
	speed: 0.0164s/iter; left time: 54.0424s
Epoch: 7 cost time: 17.6s
Epoch: 7, Steps: 1074 | Train Loss: 0.2323855 Vali Loss: 0.1350753
EarlyStopping counter: 2 out of 3
Updating learning rate to 1.5625e-05
	iters: 100, epoch: 8 | loss: 0.2865783
	speed: 0.0163s/iter; left time: 50.9171s
	iters: 200, epoch: 8 | loss: 0.1496879
	speed: 0.0164s/iter; left time: 49.4346s
	iters: 300, epoch: 8 | loss: 0.2339591
	speed: 0.0164s/iter; left time: 47.8443s
	iters: 400, epoch: 8 | loss: 0.1215567
	speed: 0.0164s/iter; left time: 46.2306s
	iters: 500, epoch: 8 | loss: 0.1896858
	speed: 0.0164s/iter; left time: 44.6064s
	iters: 600, epoch: 8 | loss: 0.1890200
	speed: 0.0164s/iter; left time: 42.9768s
	iters: 700, epoch: 8 | loss: 0.2790999
	speed: 0.0164s/iter; left time: 41.3447s
	iters: 800, epoch: 8 | loss: 0.3751630
	speed: 0.0164s/iter; left time: 39.7141s
	iters: 900, epoch: 8 | loss: 0.1889658
	speed: 0.0164s/iter; left time: 38.0793s
	iters: 1000, epoch: 8 | loss: 0.1152730
	speed: 0.0164s/iter; left time: 36.4436s
Epoch: 8 cost time: 17.6s
Epoch: 8, Steps: 1074 | Train Loss: 0.2322857 Vali Loss: 0.1351466
EarlyStopping counter: 3 out of 3
Early stopping
Training time: 157.2s | Peak GPU memory: 792.7MB

>>> Testing...
test 11425
test shape: (11425, 1, 96, 7) (11425, 1, 96, 7)
test shape: (11425, 96, 7) (11425, 96, 7)
MSE: 0.189894, MAE: 0.286103
Inference: 20.21s | 11425 samples | 565.4 samples/sec
Results saved to /lustre09/project/6010289/sdmuhsin/SpectraGate/results/ettm2_results.csv
========================================
Finished: Mon 09 Mar 2026 05:54:26 PM EDT
========================================
