========================================
Job: fn_PatchTST_ETTm2_96
Model: PatchTST
Dataset: ETTm2
Pred len: 96
Time limit: 8:00:00
GPU: h100_2g.20gb:1
Started: Mon 09 Mar 2026 06:12:19 PM EDT
========================================
Mon Mar  9 18:12:19 2026       
+-----------------------------------------------------------------------------------------+
| NVIDIA-SMI 570.211.01             Driver Version: 570.211.01     CUDA Version: 12.8     |
|-----------------------------------------+------------------------+----------------------+
| GPU  Name                 Persistence-M | Bus-Id          Disp.A | Volatile Uncorr. ECC |
| Fan  Temp   Perf          Pwr:Usage/Cap |           Memory-Usage | GPU-Util  Compute M. |
|                                         |                        |               MIG M. |
|=========================================+========================+======================|
|   0  NVIDIA H100 80GB HBM3          Off |   00000000:CB:00.0 Off |                   On |
| N/A   27C    P0             68W /  700W |      59MiB /  81559MiB |     N/A      Default |
|                                         |                        |              Enabled |
+-----------------------------------------+------------------------+----------------------+

+-----------------------------------------------------------------------------------------+
| MIG devices:                                                                            |
+------------------+----------------------------------+-----------+-----------------------+
| GPU  GI  CI  MIG |                     Memory-Usage |        Vol|        Shared         |
|      ID  ID  Dev |                       BAR1-Usage | SM     Unc| CE ENC  DEC  OFA  JPG |
|                  |                                  |        ECC|                       |
|==================+==================================+===========+=======================|
|  0    3   0   0  |              17MiB / 20096MiB    | 32      0 |  2   0    2    0    2 |
|                  |                 0MiB / 32767MiB  |           |                       |
+------------------+----------------------------------+-----------+-----------------------+
                                                                                         
+-----------------------------------------------------------------------------------------+
| Processes:                                                                              |
|  GPU   GI   CI              PID   Type   Process name                        GPU Memory |
|        ID   ID                                                               Usage      |
|=========================================================================================|
|  No running processes found                                                             |
+-----------------------------------------------------------------------------------------+
Using device: cuda:0
Model: PatchTST, Dataset: ETTm2, pred_len: 96, seq_len: 96

>>> Training...
train 34369
val 11425
Model Model : total params: 6,860,896 | trainable: 6,860,896 (26.1722MB)
	iters: 100, epoch: 1 | loss: 0.8830788
	speed: 0.0179s/iter; left time: 381.9228s
	iters: 200, epoch: 1 | loss: 0.5830777
	speed: 0.0161s/iter; left time: 343.0943s
	iters: 300, epoch: 1 | loss: 0.3915800
	speed: 0.0155s/iter; left time: 329.1871s
	iters: 400, epoch: 1 | loss: 0.4173806
	speed: 0.0153s/iter; left time: 321.5655s
	iters: 500, epoch: 1 | loss: 0.2321928
	speed: 0.0151s/iter; left time: 316.3556s
	iters: 600, epoch: 1 | loss: 0.2200342
	speed: 0.0150s/iter; left time: 312.4280s
	iters: 700, epoch: 1 | loss: 0.3601859
	speed: 0.0149s/iter; left time: 309.2063s
	iters: 800, epoch: 1 | loss: 0.7200285
	speed: 0.0148s/iter; left time: 306.4082s
	iters: 900, epoch: 1 | loss: 0.1873098
	speed: 0.0148s/iter; left time: 303.9231s
	iters: 1000, epoch: 1 | loss: 0.2303288
	speed: 0.0147s/iter; left time: 301.6690s
Epoch: 1 cost time: 15.8s
Epoch: 1, Steps: 1074 | Train Loss: 0.7532926 Vali Loss: 0.1659177
Validation loss decreased (inf --> 0.165918).  Saving model ...
Updating learning rate to 0.01
	iters: 100, epoch: 2 | loss: 0.3056609
	speed: 0.0143s/iter; left time: 290.7458s
	iters: 200, epoch: 2 | loss: 0.1736898
	speed: 0.0143s/iter; left time: 289.9224s
	iters: 300, epoch: 2 | loss: 0.4777204
	speed: 0.0144s/iter; left time: 288.7006s
	iters: 400, epoch: 2 | loss: 0.2189651
	speed: 0.0144s/iter; left time: 287.4098s
	iters: 500, epoch: 2 | loss: 0.2136521
	speed: 0.0144s/iter; left time: 286.0430s
	iters: 600, epoch: 2 | loss: 0.2652577
	speed: 0.0144s/iter; left time: 284.6357s
	iters: 700, epoch: 2 | loss: 0.1479687
	speed: 0.0144s/iter; left time: 283.2236s
	iters: 800, epoch: 2 | loss: 0.1840847
	speed: 0.0144s/iter; left time: 281.8271s
	iters: 900, epoch: 2 | loss: 0.2799878
	speed: 0.0144s/iter; left time: 280.4011s
	iters: 1000, epoch: 2 | loss: 0.1862702
	speed: 0.0144s/iter; left time: 278.9983s
Epoch: 2 cost time: 15.4s
Epoch: 2, Steps: 1074 | Train Loss: 0.2618726 Vali Loss: 0.1414886
Validation loss decreased (0.165918 --> 0.141489).  Saving model ...
Updating learning rate to 0.005
	iters: 100, epoch: 3 | loss: 0.2320987
	speed: 0.0143s/iter; left time: 275.2028s
	iters: 200, epoch: 3 | loss: 0.1578707
	speed: 0.0143s/iter; left time: 274.4680s
	iters: 300, epoch: 3 | loss: 0.2390487
	speed: 0.0144s/iter; left time: 273.2422s
	iters: 400, epoch: 3 | loss: 0.3827175
	speed: 0.0144s/iter; left time: 271.9380s
	iters: 500, epoch: 3 | loss: 0.2249321
	speed: 0.0144s/iter; left time: 270.5505s
	iters: 600, epoch: 3 | loss: 0.2000618
	speed: 0.0144s/iter; left time: 269.1536s
	iters: 700, epoch: 3 | loss: 0.8862846
	speed: 0.0144s/iter; left time: 267.7556s
	iters: 800, epoch: 3 | loss: 0.3027283
	speed: 0.0144s/iter; left time: 266.3519s
	iters: 900, epoch: 3 | loss: 0.3890511
	speed: 0.0144s/iter; left time: 264.9323s
	iters: 1000, epoch: 3 | loss: 0.1681983
	speed: 0.0144s/iter; left time: 263.4921s
Epoch: 3 cost time: 15.4s
Epoch: 3, Steps: 1074 | Train Loss: 0.2528088 Vali Loss: 0.1422968
EarlyStopping counter: 1 out of 6
Updating learning rate to 0.0025
	iters: 100, epoch: 4 | loss: 0.2700544
	speed: 0.0143s/iter; left time: 259.7497s
	iters: 200, epoch: 4 | loss: 0.2854541
	speed: 0.0143s/iter; left time: 259.0926s
	iters: 300, epoch: 4 | loss: 0.2470964
	speed: 0.0144s/iter; left time: 257.8617s
	iters: 400, epoch: 4 | loss: 0.2036922
	speed: 0.0144s/iter; left time: 256.5345s
	iters: 500, epoch: 4 | loss: 0.1331459
	speed: 0.0144s/iter; left time: 255.1514s
	iters: 600, epoch: 4 | loss: 0.1845970
	speed: 0.0144s/iter; left time: 253.7616s
	iters: 700, epoch: 4 | loss: 0.5846578
	speed: 0.0144s/iter; left time: 252.3712s
	iters: 800, epoch: 4 | loss: 0.1619584
	speed: 0.0144s/iter; left time: 250.9615s
	iters: 900, epoch: 4 | loss: 0.1244810
	speed: 0.0144s/iter; left time: 249.5421s
	iters: 1000, epoch: 4 | loss: 0.3740208
	speed: 0.0144s/iter; left time: 248.1262s
Epoch: 4 cost time: 15.4s
Epoch: 4, Steps: 1074 | Train Loss: 0.2489069 Vali Loss: 0.1411461
Validation loss decreased (0.141489 --> 0.141146).  Saving model ...
Updating learning rate to 0.00125
	iters: 100, epoch: 5 | loss: 0.3010011
	speed: 0.0143s/iter; left time: 244.4634s
	iters: 200, epoch: 5 | loss: 0.4017725
	speed: 0.0143s/iter; left time: 243.5682s
	iters: 300, epoch: 5 | loss: 0.1581812
	speed: 0.0144s/iter; left time: 242.3138s
	iters: 400, epoch: 5 | loss: 0.2518565
	speed: 0.0144s/iter; left time: 240.9628s
	iters: 500, epoch: 5 | loss: 0.3028684
	speed: 0.0144s/iter; left time: 239.6224s
	iters: 600, epoch: 5 | loss: 0.1440287
	speed: 0.0144s/iter; left time: 238.2234s
	iters: 700, epoch: 5 | loss: 0.5647983
	speed: 0.0144s/iter; left time: 236.8367s
	iters: 800, epoch: 5 | loss: 0.1756330
	speed: 0.0144s/iter; left time: 235.4136s
	iters: 900, epoch: 5 | loss: 0.1390264
	speed: 0.0144s/iter; left time: 234.0054s
	iters: 1000, epoch: 5 | loss: 0.5767503
	speed: 0.0144s/iter; left time: 232.5788s
Epoch: 5 cost time: 15.4s
Epoch: 5, Steps: 1074 | Train Loss: 0.2436746 Vali Loss: 0.1352609
Validation loss decreased (0.141146 --> 0.135261).  Saving model ...
Updating learning rate to 0.000625
	iters: 100, epoch: 6 | loss: 0.1556043
	speed: 0.0143s/iter; left time: 229.2045s
	iters: 200, epoch: 6 | loss: 0.2514174
	speed: 0.0144s/iter; left time: 228.3306s
	iters: 300, epoch: 6 | loss: 0.2347165
	speed: 0.0144s/iter; left time: 227.1755s
	iters: 400, epoch: 6 | loss: 0.5194910
	speed: 0.0144s/iter; left time: 225.9695s
	iters: 500, epoch: 6 | loss: 0.1944021
	speed: 0.0144s/iter; left time: 224.5204s
	iters: 600, epoch: 6 | loss: 0.1654314
	speed: 0.0144s/iter; left time: 223.1453s
	iters: 700, epoch: 6 | loss: 0.4493647
	speed: 0.0144s/iter; left time: 221.7370s
	iters: 800, epoch: 6 | loss: 0.1252443
	speed: 0.0144s/iter; left time: 220.3287s
	iters: 900, epoch: 6 | loss: 0.2489892
	speed: 0.0144s/iter; left time: 219.1189s
	iters: 1000, epoch: 6 | loss: 0.1547481
	speed: 0.0144s/iter; left time: 217.9025s
Epoch: 6 cost time: 15.5s
Epoch: 6, Steps: 1074 | Train Loss: 0.2418105 Vali Loss: 0.1352918
EarlyStopping counter: 1 out of 6
Updating learning rate to 0.0003125
	iters: 100, epoch: 7 | loss: 0.1370806
	speed: 0.0145s/iter; left time: 216.2379s
	iters: 200, epoch: 7 | loss: 0.2213054
	speed: 0.0146s/iter; left time: 216.2270s
	iters: 300, epoch: 7 | loss: 0.4167002
	speed: 0.0146s/iter; left time: 214.6015s
	iters: 400, epoch: 7 | loss: 0.3325178
	speed: 0.0146s/iter; left time: 213.1023s
	iters: 500, epoch: 7 | loss: 0.1255385
	speed: 0.0146s/iter; left time: 211.6477s
	iters: 600, epoch: 7 | loss: 0.1655691
	speed: 0.0146s/iter; left time: 210.1772s
	iters: 700, epoch: 7 | loss: 0.1094039
	speed: 0.0146s/iter; left time: 208.7462s
	iters: 800, epoch: 7 | loss: 0.1777677
	speed: 0.0146s/iter; left time: 207.4585s
	iters: 900, epoch: 7 | loss: 0.1513509
	speed: 0.0146s/iter; left time: 205.9646s
	iters: 1000, epoch: 7 | loss: 0.2040247
	speed: 0.0146s/iter; left time: 204.4805s
Epoch: 7 cost time: 15.6s
Epoch: 7, Steps: 1074 | Train Loss: 0.2397446 Vali Loss: 0.1332594
Validation loss decreased (0.135261 --> 0.133259).  Saving model ...
Updating learning rate to 0.00015625
	iters: 100, epoch: 8 | loss: 0.4661862
	speed: 0.0146s/iter; left time: 201.9590s
	iters: 200, epoch: 8 | loss: 0.3148373
	speed: 0.0146s/iter; left time: 200.7083s
	iters: 300, epoch: 8 | loss: 0.1443791
	speed: 0.0146s/iter; left time: 199.1381s
	iters: 400, epoch: 8 | loss: 0.1291788
	speed: 0.0146s/iter; left time: 197.6002s
	iters: 500, epoch: 8 | loss: 0.1443315
	speed: 0.0146s/iter; left time: 196.1092s
	iters: 600, epoch: 8 | loss: 0.2191143
	speed: 0.0146s/iter; left time: 194.6266s
	iters: 700, epoch: 8 | loss: 0.6438995
	speed: 0.0146s/iter; left time: 193.3883s
	iters: 800, epoch: 8 | loss: 0.1048952
	speed: 0.0146s/iter; left time: 191.6000s
	iters: 900, epoch: 8 | loss: 0.1643063
	speed: 0.0145s/iter; left time: 189.8986s
	iters: 1000, epoch: 8 | loss: 0.2895828
	speed: 0.0145s/iter; left time: 188.2520s
Epoch: 8 cost time: 15.6s
Epoch: 8, Steps: 1074 | Train Loss: 0.2387067 Vali Loss: 0.1337368
EarlyStopping counter: 1 out of 6
Updating learning rate to 7.8125e-05
	iters: 100, epoch: 9 | loss: 0.1839392
	speed: 0.0143s/iter; left time: 183.0638s
	iters: 200, epoch: 9 | loss: 0.2000129
	speed: 0.0144s/iter; left time: 182.2057s
	iters: 300, epoch: 9 | loss: 0.1162074
	speed: 0.0144s/iter; left time: 180.9689s
	iters: 400, epoch: 9 | loss: 0.1539181
	speed: 0.0144s/iter; left time: 179.6180s
	iters: 500, epoch: 9 | loss: 0.3283270
	speed: 0.0144s/iter; left time: 178.1623s
	iters: 600, epoch: 9 | loss: 0.1538130
	speed: 0.0144s/iter; left time: 176.7077s
	iters: 700, epoch: 9 | loss: 0.2193188
	speed: 0.0144s/iter; left time: 175.2659s
	iters: 800, epoch: 9 | loss: 0.3256850
	speed: 0.0144s/iter; left time: 173.8358s
	iters: 900, epoch: 9 | loss: 0.1577123
	speed: 0.0144s/iter; left time: 172.4001s
	iters: 1000, epoch: 9 | loss: 0.2138935
	speed: 0.0144s/iter; left time: 171.0421s
Epoch: 9 cost time: 15.5s
Epoch: 9, Steps: 1074 | Train Loss: 0.2377962 Vali Loss: 0.1325199
Validation loss decreased (0.133259 --> 0.132520).  Saving model ...
Updating learning rate to 3.90625e-05
	iters: 100, epoch: 10 | loss: 0.2750472
	speed: 0.0143s/iter; left time: 167.7727s
	iters: 200, epoch: 10 | loss: 0.2322895
	speed: 0.0144s/iter; left time: 166.8054s
	iters: 300, epoch: 10 | loss: 0.2766475
	speed: 0.0144s/iter; left time: 165.4156s
	iters: 400, epoch: 10 | loss: 0.1314534
	speed: 0.0144s/iter; left time: 164.0250s
	iters: 500, epoch: 10 | loss: 0.1180833
	speed: 0.0144s/iter; left time: 162.6108s
	iters: 600, epoch: 10 | loss: 0.1859112
	speed: 0.0144s/iter; left time: 161.1832s
	iters: 700, epoch: 10 | loss: 0.1659521
	speed: 0.0144s/iter; left time: 159.7543s
	iters: 800, epoch: 10 | loss: 0.1405253
	speed: 0.0144s/iter; left time: 158.3270s
	iters: 900, epoch: 10 | loss: 0.4427048
	speed: 0.0144s/iter; left time: 156.8941s
	iters: 1000, epoch: 10 | loss: 0.1968408
	speed: 0.0144s/iter; left time: 155.4629s
Epoch: 10 cost time: 15.4s
Epoch: 10, Steps: 1074 | Train Loss: 0.2369887 Vali Loss: 0.1323722
Validation loss decreased (0.132520 --> 0.132372).  Saving model ...
Updating learning rate to 1.953125e-05
	iters: 100, epoch: 11 | loss: 0.2599741
	speed: 0.0143s/iter; left time: 152.3041s
	iters: 200, epoch: 11 | loss: 0.1353654
	speed: 0.0143s/iter; left time: 151.2325s
	iters: 300, epoch: 11 | loss: 0.4879279
	speed: 0.0144s/iter; left time: 149.9167s
	iters: 400, epoch: 11 | loss: 0.1588142
	speed: 0.0144s/iter; left time: 148.5400s
	iters: 500, epoch: 11 | loss: 0.4195622
	speed: 0.0144s/iter; left time: 147.1625s
	iters: 600, epoch: 11 | loss: 0.2611252
	speed: 0.0144s/iter; left time: 145.7344s
	iters: 700, epoch: 11 | loss: 0.2042152
	speed: 0.0144s/iter; left time: 144.3161s
	iters: 800, epoch: 11 | loss: 0.1193554
	speed: 0.0144s/iter; left time: 142.8876s
	iters: 900, epoch: 11 | loss: 0.1510802
	speed: 0.0144s/iter; left time: 141.4564s
	iters: 1000, epoch: 11 | loss: 0.1785417
	speed: 0.0144s/iter; left time: 140.0250s
Epoch: 11 cost time: 15.4s
Epoch: 11, Steps: 1074 | Train Loss: 0.2363846 Vali Loss: 0.1318775
Validation loss decreased (0.132372 --> 0.131877).  Saving model ...
Updating learning rate to 9.765625e-06
	iters: 100, epoch: 12 | loss: 0.1262631
	speed: 0.0143s/iter; left time: 136.8973s
	iters: 200, epoch: 12 | loss: 0.7638347
	speed: 0.0143s/iter; left time: 135.8264s
	iters: 300, epoch: 12 | loss: 0.1963559
	speed: 0.0144s/iter; left time: 134.4977s
	iters: 400, epoch: 12 | loss: 0.1425433
	speed: 0.0144s/iter; left time: 133.1199s
	iters: 500, epoch: 12 | loss: 0.1829423
	speed: 0.0144s/iter; left time: 131.7283s
	iters: 600, epoch: 12 | loss: 0.3084267
	speed: 0.0144s/iter; left time: 130.3004s
	iters: 700, epoch: 12 | loss: 0.2457889
	speed: 0.0144s/iter; left time: 128.8790s
	iters: 800, epoch: 12 | loss: 0.1887958
	speed: 0.0144s/iter; left time: 127.4528s
	iters: 900, epoch: 12 | loss: 0.1614419
	speed: 0.0144s/iter; left time: 126.0195s
	iters: 1000, epoch: 12 | loss: 0.2946046
	speed: 0.0144s/iter; left time: 124.5848s
Epoch: 12 cost time: 15.4s
Epoch: 12, Steps: 1074 | Train Loss: 0.2360975 Vali Loss: 0.1321448
EarlyStopping counter: 1 out of 6
Updating learning rate to 4.8828125e-06
	iters: 100, epoch: 13 | loss: 0.6028103
	speed: 0.0143s/iter; left time: 121.4748s
	iters: 200, epoch: 13 | loss: 0.1860150
	speed: 0.0143s/iter; left time: 120.3828s
	iters: 300, epoch: 13 | loss: 0.2639909
	speed: 0.0144s/iter; left time: 119.0463s
	iters: 400, epoch: 13 | loss: 0.3090075
	speed: 0.0144s/iter; left time: 117.6774s
	iters: 500, epoch: 13 | loss: 0.1697194
	speed: 0.0144s/iter; left time: 116.2718s
	iters: 600, epoch: 13 | loss: 0.1660829
	speed: 0.0144s/iter; left time: 114.8576s
	iters: 700, epoch: 13 | loss: 0.1453146
	speed: 0.0144s/iter; left time: 113.4301s
	iters: 800, epoch: 13 | loss: 0.2407591
	speed: 0.0144s/iter; left time: 112.0008s
	iters: 900, epoch: 13 | loss: 0.3640267
	speed: 0.0144s/iter; left time: 110.5713s
	iters: 1000, epoch: 13 | loss: 0.1760244
	speed: 0.0144s/iter; left time: 109.1403s
Epoch: 13 cost time: 15.4s
Epoch: 13, Steps: 1074 | Train Loss: 0.2359914 Vali Loss: 0.1323076
EarlyStopping counter: 2 out of 6
Updating learning rate to 2.44140625e-06
	iters: 100, epoch: 14 | loss: 0.4820763
	speed: 0.0143s/iter; left time: 106.1307s
	iters: 200, epoch: 14 | loss: 0.1689992
	speed: 0.0143s/iter; left time: 104.9552s
	iters: 300, epoch: 14 | loss: 0.1137721
	speed: 0.0144s/iter; left time: 103.6256s
	iters: 400, epoch: 14 | loss: 0.1625619
	speed: 0.0144s/iter; left time: 102.2319s
	iters: 500, epoch: 14 | loss: 0.4605019
	speed: 0.0144s/iter; left time: 100.8207s
	iters: 600, epoch: 14 | loss: 0.1774100
	speed: 0.0144s/iter; left time: 99.3966s
	iters: 700, epoch: 14 | loss: 0.2834253
	speed: 0.0144s/iter; left time: 97.9705s
	iters: 800, epoch: 14 | loss: 0.3502403
	speed: 0.0144s/iter; left time: 96.5433s
	iters: 900, epoch: 14 | loss: 0.1934478
	speed: 0.0144s/iter; left time: 95.1152s
	iters: 1000, epoch: 14 | loss: 0.1589557
	speed: 0.0144s/iter; left time: 93.6821s
Epoch: 14 cost time: 15.4s
Epoch: 14, Steps: 1074 | Train Loss: 0.2358888 Vali Loss: 0.1323232
EarlyStopping counter: 3 out of 6
Updating learning rate to 1.220703125e-06
	iters: 100, epoch: 15 | loss: 0.2654805
	speed: 0.0143s/iter; left time: 90.7318s
	iters: 200, epoch: 15 | loss: 0.2328895
	speed: 0.0143s/iter; left time: 89.5488s
	iters: 300, epoch: 15 | loss: 0.1255062
	speed: 0.0144s/iter; left time: 88.1892s
	iters: 400, epoch: 15 | loss: 0.2191936
	speed: 0.0144s/iter; left time: 86.7936s
	iters: 500, epoch: 15 | loss: 0.4974922
	speed: 0.0144s/iter; left time: 85.3793s
	iters: 600, epoch: 15 | loss: 0.2070065
	speed: 0.0144s/iter; left time: 83.9634s
	iters: 700, epoch: 15 | loss: 0.1232395
	speed: 0.0144s/iter; left time: 82.5370s
	iters: 800, epoch: 15 | loss: 0.2347341
	speed: 0.0144s/iter; left time: 81.1043s
	iters: 900, epoch: 15 | loss: 0.2106815
	speed: 0.0144s/iter; left time: 79.6731s
	iters: 1000, epoch: 15 | loss: 0.1340782
	speed: 0.0144s/iter; left time: 78.2399s
Epoch: 15 cost time: 15.4s
Epoch: 15, Steps: 1074 | Train Loss: 0.2358092 Vali Loss: 0.1323045
EarlyStopping counter: 4 out of 6
Updating learning rate to 6.103515625e-07
	iters: 100, epoch: 16 | loss: 0.2850826
	speed: 0.0143s/iter; left time: 75.3825s
	iters: 200, epoch: 16 | loss: 0.3006899
	speed: 0.0143s/iter; left time: 74.1476s
	iters: 300, epoch: 16 | loss: 0.2479101
	speed: 0.0144s/iter; left time: 72.7794s
	iters: 400, epoch: 16 | loss: 0.2096955
	speed: 0.0144s/iter; left time: 71.3727s
	iters: 500, epoch: 16 | loss: 0.2153939
	speed: 0.0144s/iter; left time: 69.9508s
	iters: 600, epoch: 16 | loss: 0.6152993
	speed: 0.0144s/iter; left time: 68.5269s
	iters: 700, epoch: 16 | loss: 0.2625880
	speed: 0.0144s/iter; left time: 67.1117s
	iters: 800, epoch: 16 | loss: 0.1357214
	speed: 0.0144s/iter; left time: 65.6804s
	iters: 900, epoch: 16 | loss: 0.1315460
	speed: 0.0144s/iter; left time: 64.2485s
	iters: 1000, epoch: 16 | loss: 0.1345423
	speed: 0.0144s/iter; left time: 62.8176s
Epoch: 16 cost time: 15.4s
Epoch: 16, Steps: 1074 | Train Loss: 0.2357751 Vali Loss: 0.1322744
EarlyStopping counter: 5 out of 6
Updating learning rate to 3.0517578125e-07
	iters: 100, epoch: 17 | loss: 0.3440438
	speed: 0.0143s/iter; left time: 60.0415s
	iters: 200, epoch: 17 | loss: 0.1340191
	speed: 0.0143s/iter; left time: 58.7460s
	iters: 300, epoch: 17 | loss: 0.1552412
	speed: 0.0144s/iter; left time: 57.3572s
	iters: 400, epoch: 17 | loss: 0.2934676
	speed: 0.0144s/iter; left time: 55.9539s
	iters: 500, epoch: 17 | loss: 0.0939633
	speed: 0.0144s/iter; left time: 54.5344s
	iters: 600, epoch: 17 | loss: 0.3443674
	speed: 0.0144s/iter; left time: 53.1039s
	iters: 700, epoch: 17 | loss: 0.1457260
	speed: 0.0144s/iter; left time: 51.6699s
	iters: 800, epoch: 17 | loss: 0.5124620
	speed: 0.0144s/iter; left time: 50.2391s
	iters: 900, epoch: 17 | loss: 0.2293354
	speed: 0.0144s/iter; left time: 48.8073s
	iters: 1000, epoch: 17 | loss: 0.1661832
	speed: 0.0144s/iter; left time: 47.3715s
Epoch: 17 cost time: 15.4s
Epoch: 17, Steps: 1074 | Train Loss: 0.2357535 Vali Loss: 0.1322833
EarlyStopping counter: 6 out of 6
Early stopping
Training time: 296.1s | Peak GPU memory: 356.7MB

>>> Testing...
test 11425
test shape: (11425, 1, 96, 7) (11425, 1, 96, 7)
test shape: (11425, 96, 7) (11425, 96, 7)
MSE: 0.189809, MAE: 0.273871
Inference: 10.46s | 11425 samples | 1091.8 samples/sec
Results saved to /lustre09/project/6010289/sdmuhsin/SpectraGate/results/ettm2_results.csv
========================================
Finished: Mon 09 Mar 2026 06:17:47 PM EDT
========================================
