========================================
Job: fn_PaiFilter_ETTm1_96
Model: PaiFilter
Dataset: ETTm1
Pred len: 96
Time limit: 8:00:00
GPU: h100_2g.20gb:1
Started: Mon 09 Mar 2026 06:12:19 PM EDT
========================================
Mon Mar  9 18:12:19 2026       
+-----------------------------------------------------------------------------------------+
| NVIDIA-SMI 570.211.01             Driver Version: 570.211.01     CUDA Version: 12.8     |
|-----------------------------------------+------------------------+----------------------+
| GPU  Name                 Persistence-M | Bus-Id          Disp.A | Volatile Uncorr. ECC |
| Fan  Temp   Perf          Pwr:Usage/Cap |           Memory-Usage | GPU-Util  Compute M. |
|                                         |                        |               MIG M. |
|=========================================+========================+======================|
|   0  NVIDIA H100 80GB HBM3          Off |   00000000:4E:00.0 Off |                   On |
| N/A   32C    P0             71W /  700W |      59MiB /  81559MiB |     N/A      Default |
|                                         |                        |              Enabled |
+-----------------------------------------+------------------------+----------------------+

+-----------------------------------------------------------------------------------------+
| MIG devices:                                                                            |
+------------------+----------------------------------+-----------+-----------------------+
| GPU  GI  CI  MIG |                     Memory-Usage |        Vol|        Shared         |
|      ID  ID  Dev |                       BAR1-Usage | SM     Unc| CE ENC  DEC  OFA  JPG |
|                  |                                  |        ECC|                       |
|==================+==================================+===========+=======================|
|  0    5   0   0  |              17MiB / 20096MiB    | 32      0 |  2   0    2    0    2 |
|                  |                 0MiB / 32767MiB  |           |                       |
+------------------+----------------------------------+-----------+-----------------------+
                                                                                         
+-----------------------------------------------------------------------------------------+
| Processes:                                                                              |
|  GPU   GI   CI              PID   Type   Process name                        GPU Memory |
|        ID   ID                                                               Usage      |
|=========================================================================================|
|  No running processes found                                                             |
+-----------------------------------------------------------------------------------------+
Using device: cuda:0
Model: PaiFilter, Dataset: ETTm1, pred_len: 96, seq_len: 96

>>> Training...
train 34369
val 11425
Model Model : total params: 49,614 | trainable: 49,614 (0.1893MB)
	iters: 100, epoch: 1 | loss: 0.2749200
	speed: 0.0040s/iter; left time: 63.6828s
	iters: 200, epoch: 1 | loss: 0.2996939
	speed: 0.0030s/iter; left time: 47.4068s
	iters: 300, epoch: 1 | loss: 0.3183918
	speed: 0.0026s/iter; left time: 41.8616s
	iters: 400, epoch: 1 | loss: 0.3022757
	speed: 0.0025s/iter; left time: 39.4209s
	iters: 500, epoch: 1 | loss: 0.2530575
	speed: 0.0024s/iter; left time: 37.4904s
	iters: 600, epoch: 1 | loss: 0.3002299
	speed: 0.0023s/iter; left time: 36.1918s
	iters: 700, epoch: 1 | loss: 0.3791785
	speed: 0.0023s/iter; left time: 35.1834s
	iters: 800, epoch: 1 | loss: 0.2400994
	speed: 0.0022s/iter; left time: 34.3679s
	iters: 900, epoch: 1 | loss: 0.2320793
	speed: 0.0022s/iter; left time: 33.7059s
	iters: 1000, epoch: 1 | loss: 0.2381467
	speed: 0.0022s/iter; left time: 33.1162s
Epoch: 1 cost time: 2.3s
Epoch: 1, Steps: 1074 | Train Loss: 0.2992390 Vali Loss: 0.4077127
Validation loss decreased (inf --> 0.407713).  Saving model ...
Updating learning rate to 0.01
	iters: 100, epoch: 2 | loss: 0.2783981
	speed: 0.0020s/iter; left time: 29.5609s
	iters: 200, epoch: 2 | loss: 0.3512258
	speed: 0.0020s/iter; left time: 29.1980s
	iters: 300, epoch: 2 | loss: 0.2824037
	speed: 0.0020s/iter; left time: 29.1570s
	iters: 400, epoch: 2 | loss: 0.2405803
	speed: 0.0021s/iter; left time: 30.0818s
	iters: 500, epoch: 2 | loss: 0.2315031
	speed: 0.0020s/iter; left time: 29.6404s
	iters: 600, epoch: 2 | loss: 0.2549678
	speed: 0.0020s/iter; left time: 29.2321s
	iters: 700, epoch: 2 | loss: 0.3318826
	speed: 0.0020s/iter; left time: 28.8812s
	iters: 800, epoch: 2 | loss: 0.2671230
	speed: 0.0020s/iter; left time: 28.5927s
	iters: 900, epoch: 2 | loss: 0.2835378
	speed: 0.0020s/iter; left time: 28.3335s
	iters: 1000, epoch: 2 | loss: 0.2137102
	speed: 0.0020s/iter; left time: 28.3557s
Epoch: 2 cost time: 2.2s
Epoch: 2, Steps: 1074 | Train Loss: 0.2759228 Vali Loss: 0.4261078
EarlyStopping counter: 1 out of 5
Updating learning rate to 0.005
	iters: 100, epoch: 3 | loss: 0.2551314
	speed: 0.0020s/iter; left time: 27.2610s
	iters: 200, epoch: 3 | loss: 0.2807918
	speed: 0.0020s/iter; left time: 27.0982s
	iters: 300, epoch: 3 | loss: 0.2403202
	speed: 0.0020s/iter; left time: 26.8054s
	iters: 400, epoch: 3 | loss: 0.3057708
	speed: 0.0020s/iter; left time: 26.5880s
	iters: 500, epoch: 3 | loss: 0.2531311
	speed: 0.0020s/iter; left time: 26.6295s
	iters: 600, epoch: 3 | loss: 0.3261708
	speed: 0.0020s/iter; left time: 26.3862s
	iters: 700, epoch: 3 | loss: 0.2686119
	speed: 0.0020s/iter; left time: 26.1988s
	iters: 800, epoch: 3 | loss: 0.2346900
	speed: 0.0020s/iter; left time: 26.0294s
	iters: 900, epoch: 3 | loss: 0.2576277
	speed: 0.0020s/iter; left time: 25.8702s
	iters: 1000, epoch: 3 | loss: 0.2369589
	speed: 0.0020s/iter; left time: 25.6950s
Epoch: 3 cost time: 2.1s
Epoch: 3, Steps: 1074 | Train Loss: 0.2622872 Vali Loss: 0.4038195
Validation loss decreased (0.407713 --> 0.403820).  Saving model ...
Updating learning rate to 0.0025
	iters: 100, epoch: 4 | loss: 0.2403769
	speed: 0.0020s/iter; left time: 25.6860s
	iters: 200, epoch: 4 | loss: 0.2805490
	speed: 0.0020s/iter; left time: 25.4433s
	iters: 300, epoch: 4 | loss: 0.2522798
	speed: 0.0020s/iter; left time: 25.3506s
	iters: 400, epoch: 4 | loss: 0.2494493
	speed: 0.0020s/iter; left time: 25.4978s
	iters: 500, epoch: 4 | loss: 0.2181262
	speed: 0.0021s/iter; left time: 25.4655s
	iters: 600, epoch: 4 | loss: 0.2470270
	speed: 0.0020s/iter; left time: 25.1665s
	iters: 700, epoch: 4 | loss: 0.2232219
	speed: 0.0020s/iter; left time: 24.8767s
	iters: 800, epoch: 4 | loss: 0.2458464
	speed: 0.0020s/iter; left time: 24.6030s
	iters: 900, epoch: 4 | loss: 0.2156673
	speed: 0.0020s/iter; left time: 24.3454s
	iters: 1000, epoch: 4 | loss: 0.2511173
	speed: 0.0020s/iter; left time: 24.1205s
Epoch: 4 cost time: 2.2s
Epoch: 4, Steps: 1074 | Train Loss: 0.2542133 Vali Loss: 0.4037254
Validation loss decreased (0.403820 --> 0.403725).  Saving model ...
Updating learning rate to 0.00125
	iters: 100, epoch: 5 | loss: 0.2166569
	speed: 0.0020s/iter; left time: 23.5065s
	iters: 200, epoch: 5 | loss: 0.1734190
	speed: 0.0020s/iter; left time: 23.2306s
	iters: 300, epoch: 5 | loss: 0.2863277
	speed: 0.0020s/iter; left time: 23.0120s
	iters: 400, epoch: 5 | loss: 0.2363731
	speed: 0.0020s/iter; left time: 22.8508s
	iters: 500, epoch: 5 | loss: 0.3540875
	speed: 0.0020s/iter; left time: 22.8806s
	iters: 600, epoch: 5 | loss: 0.2598152
	speed: 0.0020s/iter; left time: 22.6276s
	iters: 700, epoch: 5 | loss: 0.2475193
	speed: 0.0020s/iter; left time: 22.3968s
	iters: 800, epoch: 5 | loss: 0.2139196
	speed: 0.0020s/iter; left time: 22.1639s
	iters: 900, epoch: 5 | loss: 0.3268066
	speed: 0.0020s/iter; left time: 21.9379s
	iters: 1000, epoch: 5 | loss: 0.2442455
	speed: 0.0020s/iter; left time: 21.7196s
Epoch: 5 cost time: 2.2s
Epoch: 5, Steps: 1074 | Train Loss: 0.2492368 Vali Loss: 0.3966655
Validation loss decreased (0.403725 --> 0.396666).  Saving model ...
Updating learning rate to 0.000625
	iters: 100, epoch: 6 | loss: 0.2427808
	speed: 0.0020s/iter; left time: 21.2406s
	iters: 200, epoch: 6 | loss: 0.2180890
	speed: 0.0020s/iter; left time: 20.9903s
	iters: 300, epoch: 6 | loss: 0.2277946
	speed: 0.0020s/iter; left time: 20.7640s
	iters: 400, epoch: 6 | loss: 0.2388099
	speed: 0.0020s/iter; left time: 20.5855s
	iters: 500, epoch: 6 | loss: 0.2140178
	speed: 0.0020s/iter; left time: 20.6501s
	iters: 600, epoch: 6 | loss: 0.2561372
	speed: 0.0020s/iter; left time: 20.4726s
	iters: 700, epoch: 6 | loss: 0.1979192
	speed: 0.0020s/iter; left time: 20.2336s
	iters: 800, epoch: 6 | loss: 0.2211552
	speed: 0.0020s/iter; left time: 20.0084s
	iters: 900, epoch: 6 | loss: 0.2668352
	speed: 0.0020s/iter; left time: 19.7948s
	iters: 1000, epoch: 6 | loss: 0.2875182
	speed: 0.0020s/iter; left time: 19.5709s
Epoch: 6 cost time: 2.2s
Epoch: 6, Steps: 1074 | Train Loss: 0.2463806 Vali Loss: 0.3990144
EarlyStopping counter: 1 out of 5
Updating learning rate to 0.0003125
	iters: 100, epoch: 7 | loss: 0.2459607
	speed: 0.0020s/iter; left time: 19.2143s
	iters: 200, epoch: 7 | loss: 0.2193516
	speed: 0.0020s/iter; left time: 18.9107s
	iters: 300, epoch: 7 | loss: 0.2426438
	speed: 0.0020s/iter; left time: 18.6706s
	iters: 400, epoch: 7 | loss: 0.2408779
	speed: 0.0020s/iter; left time: 18.5004s
	iters: 500, epoch: 7 | loss: 0.2778952
	speed: 0.0020s/iter; left time: 18.5256s
	iters: 600, epoch: 7 | loss: 0.2377329
	speed: 0.0020s/iter; left time: 18.3019s
	iters: 700, epoch: 7 | loss: 0.2502627
	speed: 0.0020s/iter; left time: 18.0843s
	iters: 800, epoch: 7 | loss: 0.2881479
	speed: 0.0020s/iter; left time: 17.8775s
	iters: 900, epoch: 7 | loss: 0.3113807
	speed: 0.0020s/iter; left time: 17.6657s
	iters: 1000, epoch: 7 | loss: 0.2098123
	speed: 0.0020s/iter; left time: 17.4876s
Epoch: 7 cost time: 2.2s
Epoch: 7, Steps: 1074 | Train Loss: 0.2449312 Vali Loss: 0.4033279
EarlyStopping counter: 2 out of 5
Updating learning rate to 0.00015625
	iters: 100, epoch: 8 | loss: 0.2109411
	speed: 0.0020s/iter; left time: 17.1057s
	iters: 200, epoch: 8 | loss: 0.2607442
	speed: 0.0020s/iter; left time: 16.8516s
	iters: 300, epoch: 8 | loss: 0.2255543
	speed: 0.0020s/iter; left time: 16.6322s
	iters: 400, epoch: 8 | loss: 0.2778131
	speed: 0.0020s/iter; left time: 16.4208s
	iters: 500, epoch: 8 | loss: 0.2769950
	speed: 0.0020s/iter; left time: 16.4401s
	iters: 600, epoch: 8 | loss: 0.2485040
	speed: 0.0020s/iter; left time: 16.1998s
	iters: 700, epoch: 8 | loss: 0.2552012
	speed: 0.0020s/iter; left time: 16.0001s
	iters: 800, epoch: 8 | loss: 0.2706060
	speed: 0.0020s/iter; left time: 15.7707s
	iters: 900, epoch: 8 | loss: 0.1907546
	speed: 0.0020s/iter; left time: 15.5493s
	iters: 1000, epoch: 8 | loss: 0.2644950
	speed: 0.0020s/iter; left time: 15.3294s
Epoch: 8 cost time: 2.2s
Epoch: 8, Steps: 1074 | Train Loss: 0.2440872 Vali Loss: 0.3997692
EarlyStopping counter: 3 out of 5
Updating learning rate to 7.8125e-05
	iters: 100, epoch: 9 | loss: 0.2761828
	speed: 0.0020s/iter; left time: 14.9556s
	iters: 200, epoch: 9 | loss: 0.2541674
	speed: 0.0020s/iter; left time: 14.6975s
	iters: 300, epoch: 9 | loss: 0.2525642
	speed: 0.0020s/iter; left time: 14.4662s
	iters: 400, epoch: 9 | loss: 0.1901788
	speed: 0.0020s/iter; left time: 14.2499s
	iters: 500, epoch: 9 | loss: 0.2051426
	speed: 0.0020s/iter; left time: 14.2403s
	iters: 600, epoch: 9 | loss: 0.2147194
	speed: 0.0020s/iter; left time: 14.1236s
	iters: 700, epoch: 9 | loss: 0.2233574
	speed: 0.0020s/iter; left time: 13.8777s
	iters: 800, epoch: 9 | loss: 0.2548562
	speed: 0.0020s/iter; left time: 13.6389s
	iters: 900, epoch: 9 | loss: 0.2287440
	speed: 0.0020s/iter; left time: 13.4099s
	iters: 1000, epoch: 9 | loss: 0.2347252
	speed: 0.0020s/iter; left time: 13.2002s
Epoch: 9 cost time: 2.2s
Epoch: 9, Steps: 1074 | Train Loss: 0.2436938 Vali Loss: 0.4010914
EarlyStopping counter: 4 out of 5
Updating learning rate to 3.90625e-05
	iters: 100, epoch: 10 | loss: 0.2541595
	speed: 0.0020s/iter; left time: 12.8057s
	iters: 200, epoch: 10 | loss: 0.2059746
	speed: 0.0020s/iter; left time: 12.5955s
	iters: 300, epoch: 10 | loss: 0.2692813
	speed: 0.0020s/iter; left time: 12.3652s
	iters: 400, epoch: 10 | loss: 0.2673596
	speed: 0.0020s/iter; left time: 12.1408s
	iters: 500, epoch: 10 | loss: 0.2155416
	speed: 0.0020s/iter; left time: 12.0725s
	iters: 600, epoch: 10 | loss: 0.2182634
	speed: 0.0020s/iter; left time: 11.8382s
	iters: 700, epoch: 10 | loss: 0.2265075
	speed: 0.0020s/iter; left time: 11.6127s
	iters: 800, epoch: 10 | loss: 0.2314454
	speed: 0.0020s/iter; left time: 11.3941s
	iters: 900, epoch: 10 | loss: 0.2877231
	speed: 0.0020s/iter; left time: 11.1811s
	iters: 1000, epoch: 10 | loss: 0.2515312
	speed: 0.0020s/iter; left time: 10.9671s
Epoch: 10 cost time: 2.2s
Epoch: 10, Steps: 1074 | Train Loss: 0.2434838 Vali Loss: 0.3998524
EarlyStopping counter: 5 out of 5
Early stopping
Training time: 26.1s | Peak GPU memory: 67.5MB

>>> Testing...
test 11425
test shape: (11425, 1, 96, 7) (11425, 1, 96, 7)
test shape: (11425, 96, 7) (11425, 96, 7)
MSE: 0.319270, MAE: 0.359641
Inference: 6.05s | 11425 samples | 1888.5 samples/sec
Results saved to /lustre09/project/6010289/sdmuhsin/SpectraGate/results/ettm1_results.csv
========================================
Finished: Mon 09 Mar 2026 06:12:59 PM EDT
========================================
