========================================
Job: fn_PaiFilter_Weather_96
Model: PaiFilter
Dataset: Weather
Pred len: 96
Time limit: 4:00:00
GPU: h100_2g.20gb:1
Started: Mon 09 Mar 2026 06:12:19 PM EDT
========================================
Mon Mar  9 18:12:19 2026       
+-----------------------------------------------------------------------------------------+
| NVIDIA-SMI 570.211.01             Driver Version: 570.211.01     CUDA Version: 12.8     |
|-----------------------------------------+------------------------+----------------------+
| GPU  Name                 Persistence-M | Bus-Id          Disp.A | Volatile Uncorr. ECC |
| Fan  Temp   Perf          Pwr:Usage/Cap |           Memory-Usage | GPU-Util  Compute M. |
|                                         |                        |               MIG M. |
|=========================================+========================+======================|
|   0  NVIDIA H100 80GB HBM3          Off |   00000000:4E:00.0 Off |                   On |
| N/A   32C    P0             70W /  700W |      59MiB /  81559MiB |     N/A      Default |
|                                         |                        |              Enabled |
+-----------------------------------------+------------------------+----------------------+

+-----------------------------------------------------------------------------------------+
| MIG devices:                                                                            |
+------------------+----------------------------------+-----------+-----------------------+
| GPU  GI  CI  MIG |                     Memory-Usage |        Vol|        Shared         |
|      ID  ID  Dev |                       BAR1-Usage | SM     Unc| CE ENC  DEC  OFA  JPG |
|                  |                                  |        ECC|                       |
|==================+==================================+===========+=======================|
|  0    3   0   0  |              17MiB / 20096MiB    | 32      0 |  2   0    2    0    2 |
|                  |                 0MiB / 32767MiB  |           |                       |
+------------------+----------------------------------+-----------+-----------------------+
                                                                                         
+-----------------------------------------------------------------------------------------+
| Processes:                                                                              |
|  GPU   GI   CI              PID   Type   Process name                        GPU Memory |
|        ID   ID                                                               Usage      |
|=========================================================================================|
|  No running processes found                                                             |
+-----------------------------------------------------------------------------------------+
Using device: cuda:0
Model: PaiFilter, Dataset: Weather, pred_len: 96, seq_len: 96

>>> Training...
train 36696
val 5175
Model Model : total params: 49,642 | trainable: 49,642 (0.1894MB)
	iters: 100, epoch: 1 | loss: 0.3676704
	speed: 0.0047s/iter; left time: 108.2324s
	iters: 200, epoch: 1 | loss: 0.5651801
	speed: 0.0037s/iter; left time: 84.6580s
	iters: 300, epoch: 1 | loss: 0.2850684
	speed: 0.0034s/iter; left time: 77.6181s
	iters: 400, epoch: 1 | loss: 0.4682930
	speed: 0.0033s/iter; left time: 73.1948s
	iters: 500, epoch: 1 | loss: 0.3835530
	speed: 0.0031s/iter; left time: 70.5132s
	iters: 600, epoch: 1 | loss: 0.3523993
	speed: 0.0031s/iter; left time: 68.5503s
	iters: 700, epoch: 1 | loss: 0.2617393
	speed: 0.0030s/iter; left time: 67.0538s
	iters: 800, epoch: 1 | loss: 0.2450279
	speed: 0.0030s/iter; left time: 66.0818s
	iters: 900, epoch: 1 | loss: 1.1850144
	speed: 0.0029s/iter; left time: 64.8967s
	iters: 1000, epoch: 1 | loss: 0.2864094
	speed: 0.0029s/iter; left time: 64.1987s
	iters: 1100, epoch: 1 | loss: 0.5562082
	speed: 0.0029s/iter; left time: 63.4435s
Epoch: 1 cost time: 3.3s
Epoch: 1, Steps: 1146 | Train Loss: 0.4616598 Vali Loss: 0.4100789
Validation loss decreased (inf --> 0.410079).  Saving model ...
Updating learning rate to 0.005
	iters: 100, epoch: 2 | loss: 0.4611497
	speed: 0.0028s/iter; left time: 61.1476s
	iters: 200, epoch: 2 | loss: 0.4181293
	speed: 0.0028s/iter; left time: 59.6915s
	iters: 300, epoch: 2 | loss: 0.5417309
	speed: 0.0028s/iter; left time: 59.2524s
	iters: 400, epoch: 2 | loss: 0.2943018
	speed: 0.0028s/iter; left time: 59.2443s
	iters: 500, epoch: 2 | loss: 0.3826417
	speed: 0.0028s/iter; left time: 59.6438s
	iters: 600, epoch: 2 | loss: 0.3629659
	speed: 0.0028s/iter; left time: 58.8940s
	iters: 700, epoch: 2 | loss: 0.3259270
	speed: 0.0028s/iter; left time: 58.2936s
	iters: 800, epoch: 2 | loss: 0.3624086
	speed: 0.0028s/iter; left time: 57.9058s
	iters: 900, epoch: 2 | loss: 0.2504492
	speed: 0.0028s/iter; left time: 57.9886s
	iters: 1000, epoch: 2 | loss: 0.3260952
	speed: 0.0028s/iter; left time: 57.7275s
	iters: 1100, epoch: 2 | loss: 0.3900129
	speed: 0.0028s/iter; left time: 57.3721s
Epoch: 2 cost time: 3.2s
Epoch: 2, Steps: 1146 | Train Loss: 0.4362064 Vali Loss: 0.4154875
EarlyStopping counter: 1 out of 6
Updating learning rate to 0.0025
	iters: 100, epoch: 3 | loss: 0.2217315
	speed: 0.0028s/iter; left time: 57.5286s
	iters: 200, epoch: 3 | loss: 0.4391250
	speed: 0.0028s/iter; left time: 57.8127s
	iters: 300, epoch: 3 | loss: 0.2536756
	speed: 0.0028s/iter; left time: 57.1270s
	iters: 400, epoch: 3 | loss: 0.3100138
	speed: 0.0028s/iter; left time: 56.7745s
	iters: 500, epoch: 3 | loss: 0.3802347
	speed: 0.0028s/iter; left time: 56.7899s
	iters: 600, epoch: 3 | loss: 0.2937458
	speed: 0.0028s/iter; left time: 56.3873s
	iters: 700, epoch: 3 | loss: 1.0730641
	speed: 0.0028s/iter; left time: 56.0722s
	iters: 800, epoch: 3 | loss: 0.3135285
	speed: 0.0028s/iter; left time: 55.6673s
	iters: 900, epoch: 3 | loss: 0.3016531
	speed: 0.0028s/iter; left time: 55.6106s
	iters: 1000, epoch: 3 | loss: 0.2743899
	speed: 0.0028s/iter; left time: 55.2722s
	iters: 1100, epoch: 3 | loss: 0.3571581
	speed: 0.0028s/iter; left time: 54.9671s
Epoch: 3 cost time: 3.2s
Epoch: 3, Steps: 1146 | Train Loss: 0.4235162 Vali Loss: 0.4039828
Validation loss decreased (0.410079 --> 0.403983).  Saving model ...
Updating learning rate to 0.00125
	iters: 100, epoch: 4 | loss: 1.3567466
	speed: 0.0029s/iter; left time: 56.7936s
	iters: 200, epoch: 4 | loss: 0.3155155
	speed: 0.0029s/iter; left time: 55.1697s
	iters: 300, epoch: 4 | loss: 1.2497519
	speed: 0.0028s/iter; left time: 54.2396s
	iters: 400, epoch: 4 | loss: 0.3071697
	speed: 0.0028s/iter; left time: 53.6787s
	iters: 500, epoch: 4 | loss: 0.3295070
	speed: 0.0028s/iter; left time: 53.4783s
	iters: 600, epoch: 4 | loss: 0.2931551
	speed: 0.0028s/iter; left time: 53.0995s
	iters: 700, epoch: 4 | loss: 1.4344599
	speed: 0.0028s/iter; left time: 52.7798s
	iters: 800, epoch: 4 | loss: 0.2761003
	speed: 0.0028s/iter; left time: 52.4049s
	iters: 900, epoch: 4 | loss: 0.3391494
	speed: 0.0028s/iter; left time: 52.0545s
	iters: 1000, epoch: 4 | loss: 0.2559944
	speed: 0.0028s/iter; left time: 52.1067s
	iters: 1100, epoch: 4 | loss: 0.3098173
	speed: 0.0028s/iter; left time: 51.7721s
Epoch: 4 cost time: 3.2s
Epoch: 4, Steps: 1146 | Train Loss: 0.4171205 Vali Loss: 0.4017322
Validation loss decreased (0.403983 --> 0.401732).  Saving model ...
Updating learning rate to 0.000625
	iters: 100, epoch: 5 | loss: 0.3136324
	speed: 0.0029s/iter; left time: 53.6413s
	iters: 200, epoch: 5 | loss: 0.3812197
	speed: 0.0029s/iter; left time: 52.0634s
	iters: 300, epoch: 5 | loss: 0.3753205
	speed: 0.0028s/iter; left time: 51.3336s
	iters: 400, epoch: 5 | loss: 0.7014525
	speed: 0.0028s/iter; left time: 50.7562s
	iters: 500, epoch: 5 | loss: 1.3449514
	speed: 0.0028s/iter; left time: 50.4737s
	iters: 600, epoch: 5 | loss: 0.2986448
	speed: 0.0029s/iter; left time: 51.1151s
	iters: 700, epoch: 5 | loss: 0.3022066
	speed: 0.0029s/iter; left time: 50.8257s
	iters: 800, epoch: 5 | loss: 0.3386896
	speed: 0.0029s/iter; left time: 50.5785s
	iters: 900, epoch: 5 | loss: 0.2714677
	speed: 0.0029s/iter; left time: 50.3504s
	iters: 1000, epoch: 5 | loss: 0.2482405
	speed: 0.0029s/iter; left time: 50.2533s
	iters: 1100, epoch: 5 | loss: 0.2404352
	speed: 0.0029s/iter; left time: 50.0645s
Epoch: 5 cost time: 3.3s
Epoch: 5, Steps: 1146 | Train Loss: 0.4131637 Vali Loss: 0.3983697
Validation loss decreased (0.401732 --> 0.398370).  Saving model ...
Updating learning rate to 0.0003125
	iters: 100, epoch: 6 | loss: 0.4440628
	speed: 0.0028s/iter; left time: 48.0433s
	iters: 200, epoch: 6 | loss: 0.5187150
	speed: 0.0029s/iter; left time: 48.7081s
	iters: 300, epoch: 6 | loss: 0.1995964
	speed: 0.0029s/iter; left time: 48.5717s
	iters: 400, epoch: 6 | loss: 0.4334244
	speed: 0.0028s/iter; left time: 47.8111s
	iters: 500, epoch: 6 | loss: 0.4046375
	speed: 0.0028s/iter; left time: 47.3170s
	iters: 600, epoch: 6 | loss: 0.4142250
	speed: 0.0028s/iter; left time: 46.8609s
	iters: 700, epoch: 6 | loss: 1.2787365
	speed: 0.0028s/iter; left time: 46.7848s
	iters: 800, epoch: 6 | loss: 0.2267059
	speed: 0.0028s/iter; left time: 46.3887s
	iters: 900, epoch: 6 | loss: 0.4476438
	speed: 0.0028s/iter; left time: 46.0062s
	iters: 1000, epoch: 6 | loss: 0.4127634
	speed: 0.0028s/iter; left time: 45.6109s
	iters: 1100, epoch: 6 | loss: 1.2706509
	speed: 0.0028s/iter; left time: 45.3203s
Epoch: 6 cost time: 3.2s
Epoch: 6, Steps: 1146 | Train Loss: 0.4111417 Vali Loss: 0.3986056
EarlyStopping counter: 1 out of 6
Updating learning rate to 0.00015625
	iters: 100, epoch: 7 | loss: 0.3291333
	speed: 0.0028s/iter; left time: 44.2172s
	iters: 200, epoch: 7 | loss: 0.3430602
	speed: 0.0028s/iter; left time: 44.4680s
	iters: 300, epoch: 7 | loss: 0.2822937
	speed: 0.0028s/iter; left time: 44.7465s
	iters: 400, epoch: 7 | loss: 0.2716640
	speed: 0.0029s/iter; left time: 44.5895s
	iters: 500, epoch: 7 | loss: 0.2834616
	speed: 0.0028s/iter; left time: 44.0543s
	iters: 600, epoch: 7 | loss: 0.3456412
	speed: 0.0028s/iter; left time: 43.6179s
	iters: 700, epoch: 7 | loss: 0.2814304
	speed: 0.0028s/iter; left time: 43.2418s
	iters: 800, epoch: 7 | loss: 0.3028361
	speed: 0.0028s/iter; left time: 42.8734s
	iters: 900, epoch: 7 | loss: 0.3387620
	speed: 0.0028s/iter; left time: 42.5560s
	iters: 1000, epoch: 7 | loss: 0.3527249
	speed: 0.0028s/iter; left time: 42.2540s
	iters: 1100, epoch: 7 | loss: 0.4348279
	speed: 0.0028s/iter; left time: 41.9213s
Epoch: 7 cost time: 3.2s
Epoch: 7, Steps: 1146 | Train Loss: 0.4100111 Vali Loss: 0.3977314
Validation loss decreased (0.398370 --> 0.397731).  Saving model ...
Updating learning rate to 7.8125e-05
	iters: 100, epoch: 8 | loss: 0.2559554
	speed: 0.0028s/iter; left time: 41.2821s
	iters: 200, epoch: 8 | loss: 0.2685536
	speed: 0.0028s/iter; left time: 40.8824s
	iters: 300, epoch: 8 | loss: 0.3808833
	speed: 0.0028s/iter; left time: 40.6332s
	iters: 400, epoch: 8 | loss: 0.2401741
	speed: 0.0028s/iter; left time: 40.3760s
	iters: 500, epoch: 8 | loss: 0.4206730
	speed: 0.0028s/iter; left time: 40.2270s
	iters: 600, epoch: 8 | loss: 0.3838395
	speed: 0.0028s/iter; left time: 40.0355s
	iters: 700, epoch: 8 | loss: 0.4149899
	speed: 0.0028s/iter; left time: 39.9150s
	iters: 800, epoch: 8 | loss: 0.3326070
	speed: 0.0028s/iter; left time: 39.7234s
	iters: 900, epoch: 8 | loss: 0.3749134
	speed: 0.0028s/iter; left time: 39.7127s
	iters: 1000, epoch: 8 | loss: 0.3314292
	speed: 0.0028s/iter; left time: 39.4963s
	iters: 1100, epoch: 8 | loss: 0.2640801
	speed: 0.0028s/iter; left time: 39.2022s
Epoch: 8 cost time: 3.3s
Epoch: 8, Steps: 1146 | Train Loss: 0.4094320 Vali Loss: 0.3976423
Validation loss decreased (0.397731 --> 0.397642).  Saving model ...
Updating learning rate to 3.90625e-05
	iters: 100, epoch: 9 | loss: 0.3536298
	speed: 0.0029s/iter; left time: 40.2471s
	iters: 200, epoch: 9 | loss: 1.0237486
	speed: 0.0029s/iter; left time: 38.9132s
	iters: 300, epoch: 9 | loss: 0.3333669
	speed: 0.0028s/iter; left time: 38.3015s
	iters: 400, epoch: 9 | loss: 0.2947284
	speed: 0.0028s/iter; left time: 37.8586s
	iters: 500, epoch: 9 | loss: 0.3147526
	speed: 0.0028s/iter; left time: 37.7444s
	iters: 600, epoch: 9 | loss: 0.5605980
	speed: 0.0028s/iter; left time: 37.3859s
	iters: 700, epoch: 9 | loss: 0.2783030
	speed: 0.0028s/iter; left time: 37.0072s
	iters: 800, epoch: 9 | loss: 0.3149125
	speed: 0.0028s/iter; left time: 36.6994s
	iters: 900, epoch: 9 | loss: 1.3308507
	speed: 0.0028s/iter; left time: 36.3625s
	iters: 1000, epoch: 9 | loss: 0.2399184
	speed: 0.0028s/iter; left time: 36.1528s
	iters: 1100, epoch: 9 | loss: 0.2267909
	speed: 0.0028s/iter; left time: 35.7775s
Epoch: 9 cost time: 3.2s
Epoch: 9, Steps: 1146 | Train Loss: 0.4091664 Vali Loss: 0.3989237
EarlyStopping counter: 1 out of 6
Updating learning rate to 1.953125e-05
	iters: 100, epoch: 10 | loss: 0.2806972
	speed: 0.0029s/iter; left time: 36.2811s
	iters: 200, epoch: 10 | loss: 0.5914883
	speed: 0.0028s/iter; left time: 35.2793s
	iters: 300, epoch: 10 | loss: 0.2499095
	speed: 0.0029s/iter; left time: 35.6403s
	iters: 400, epoch: 10 | loss: 0.3747263
	speed: 0.0029s/iter; left time: 35.0212s
	iters: 500, epoch: 10 | loss: 0.2386391
	speed: 0.0029s/iter; left time: 34.6543s
	iters: 600, epoch: 10 | loss: 0.4277706
	speed: 0.0029s/iter; left time: 34.3965s
	iters: 700, epoch: 10 | loss: 0.5646444
	speed: 0.0029s/iter; left time: 33.9900s
	iters: 800, epoch: 10 | loss: 0.2523376
	speed: 0.0028s/iter; left time: 33.6228s
	iters: 900, epoch: 10 | loss: 0.4358391
	speed: 0.0028s/iter; left time: 33.2709s
	iters: 1000, epoch: 10 | loss: 0.2579395
	speed: 0.0028s/iter; left time: 33.0371s
	iters: 1100, epoch: 10 | loss: 0.4173548
	speed: 0.0028s/iter; left time: 32.7743s
Epoch: 10 cost time: 3.3s
Epoch: 10, Steps: 1146 | Train Loss: 0.4088227 Vali Loss: 0.3984704
EarlyStopping counter: 2 out of 6
Updating learning rate to 9.765625e-06
	iters: 100, epoch: 11 | loss: 0.3982983
	speed: 0.0028s/iter; left time: 31.9308s
	iters: 200, epoch: 11 | loss: 0.3208204
	speed: 0.0029s/iter; left time: 32.4075s
	iters: 300, epoch: 11 | loss: 0.3106355
	speed: 0.0028s/iter; left time: 31.7132s
	iters: 400, epoch: 11 | loss: 0.2628029
	speed: 0.0028s/iter; left time: 31.2925s
	iters: 500, epoch: 11 | loss: 0.3088894
	speed: 0.0028s/iter; left time: 30.8911s
	iters: 600, epoch: 11 | loss: 1.2623662
	speed: 0.0028s/iter; left time: 30.7360s
	iters: 700, epoch: 11 | loss: 0.3591659
	speed: 0.0028s/iter; left time: 30.4353s
	iters: 800, epoch: 11 | loss: 0.3262007
	speed: 0.0028s/iter; left time: 30.2032s
	iters: 900, epoch: 11 | loss: 0.3411507
	speed: 0.0028s/iter; left time: 29.9280s
	iters: 1000, epoch: 11 | loss: 1.2882305
	speed: 0.0028s/iter; left time: 29.7062s
	iters: 1100, epoch: 11 | loss: 0.1821350
	speed: 0.0029s/iter; left time: 29.5334s
Epoch: 11 cost time: 3.3s
Epoch: 11, Steps: 1146 | Train Loss: 0.4088604 Vali Loss: 0.3968945
Validation loss decreased (0.397642 --> 0.396894).  Saving model ...
Updating learning rate to 4.8828125e-06
	iters: 100, epoch: 12 | loss: 0.3974675
	speed: 0.0028s/iter; left time: 28.7054s
	iters: 200, epoch: 12 | loss: 0.2345213
	speed: 0.0029s/iter; left time: 28.8775s
	iters: 300, epoch: 12 | loss: 0.3369560
	speed: 0.0029s/iter; left time: 28.6969s
	iters: 400, epoch: 12 | loss: 0.3425894
	speed: 0.0029s/iter; left time: 28.2789s
	iters: 500, epoch: 12 | loss: 0.3984186
	speed: 0.0028s/iter; left time: 27.8759s
	iters: 600, epoch: 12 | loss: 0.3102735
	speed: 0.0028s/iter; left time: 27.4955s
	iters: 700, epoch: 12 | loss: 0.3475692
	speed: 0.0028s/iter; left time: 27.3417s
	iters: 800, epoch: 12 | loss: 0.3277071
	speed: 0.0028s/iter; left time: 26.9922s
	iters: 900, epoch: 12 | loss: 0.3156328
	speed: 0.0028s/iter; left time: 26.6117s
	iters: 1000, epoch: 12 | loss: 0.3532310
	speed: 0.0028s/iter; left time: 26.2997s
	iters: 1100, epoch: 12 | loss: 0.4843190
	speed: 0.0028s/iter; left time: 26.0171s
Epoch: 12 cost time: 3.2s
Epoch: 12, Steps: 1146 | Train Loss: 0.4088233 Vali Loss: 0.3987369
EarlyStopping counter: 1 out of 6
Updating learning rate to 2.44140625e-06
	iters: 100, epoch: 13 | loss: 0.4902104
	speed: 0.0028s/iter; left time: 25.2173s
	iters: 200, epoch: 13 | loss: 0.5369952
	speed: 0.0028s/iter; left time: 24.8876s
	iters: 300, epoch: 13 | loss: 0.2953306
	speed: 0.0028s/iter; left time: 25.2748s
	iters: 400, epoch: 13 | loss: 1.0201896
	speed: 0.0028s/iter; left time: 24.8960s
	iters: 500, epoch: 13 | loss: 0.2831168
	speed: 0.0028s/iter; left time: 24.4986s
	iters: 600, epoch: 13 | loss: 0.3733456
	speed: 0.0028s/iter; left time: 24.1447s
	iters: 700, epoch: 13 | loss: 0.2641560
	speed: 0.0028s/iter; left time: 23.8788s
	iters: 800, epoch: 13 | loss: 0.3329108
	speed: 0.0028s/iter; left time: 23.7701s
	iters: 900, epoch: 13 | loss: 1.2682709
	speed: 0.0028s/iter; left time: 23.4464s
	iters: 1000, epoch: 13 | loss: 0.3130127
	speed: 0.0028s/iter; left time: 23.1529s
	iters: 1100, epoch: 13 | loss: 0.3836972
	speed: 0.0028s/iter; left time: 22.8490s
Epoch: 13 cost time: 3.2s
Epoch: 13, Steps: 1146 | Train Loss: 0.4088312 Vali Loss: 0.3973172
EarlyStopping counter: 2 out of 6
Updating learning rate to 1.220703125e-06
	iters: 100, epoch: 14 | loss: 1.2551298
	speed: 0.0028s/iter; left time: 22.1380s
	iters: 200, epoch: 14 | loss: 0.2371981
	speed: 0.0028s/iter; left time: 21.8621s
	iters: 300, epoch: 14 | loss: 0.2881655
	speed: 0.0028s/iter; left time: 21.8056s
	iters: 400, epoch: 14 | loss: 1.3580672
	speed: 0.0028s/iter; left time: 21.4951s
	iters: 500, epoch: 14 | loss: 0.2371135
	speed: 0.0028s/iter; left time: 21.1594s
	iters: 600, epoch: 14 | loss: 0.3033133
	speed: 0.0028s/iter; left time: 20.8129s
	iters: 700, epoch: 14 | loss: 0.4444958
	speed: 0.0028s/iter; left time: 20.5119s
	iters: 800, epoch: 14 | loss: 0.6092667
	speed: 0.0028s/iter; left time: 20.3545s
	iters: 900, epoch: 14 | loss: 0.3591081
	speed: 0.0028s/iter; left time: 20.1293s
	iters: 1000, epoch: 14 | loss: 0.3071284
	speed: 0.0028s/iter; left time: 19.8704s
	iters: 1100, epoch: 14 | loss: 0.2669495
	speed: 0.0028s/iter; left time: 19.6289s
Epoch: 14 cost time: 3.3s
Epoch: 14, Steps: 1146 | Train Loss: 0.4086488 Vali Loss: 0.3986656
EarlyStopping counter: 3 out of 6
Updating learning rate to 6.103515625e-07
	iters: 100, epoch: 15 | loss: 0.3488310
	speed: 0.0028s/iter; left time: 18.9825s
	iters: 200, epoch: 15 | loss: 0.2708890
	speed: 0.0028s/iter; left time: 18.7983s
	iters: 300, epoch: 15 | loss: 0.2648406
	speed: 0.0028s/iter; left time: 18.4372s
	iters: 400, epoch: 15 | loss: 1.1183023
	speed: 0.0029s/iter; left time: 18.5069s
	iters: 500, epoch: 15 | loss: 0.3133493
	speed: 0.0028s/iter; left time: 18.0975s
	iters: 600, epoch: 15 | loss: 0.5248222
	speed: 0.0028s/iter; left time: 17.7654s
	iters: 700, epoch: 15 | loss: 0.3378549
	speed: 0.0028s/iter; left time: 17.4518s
	iters: 800, epoch: 15 | loss: 0.2747401
	speed: 0.0028s/iter; left time: 17.1342s
	iters: 900, epoch: 15 | loss: 0.2775670
	speed: 0.0028s/iter; left time: 17.0131s
	iters: 1000, epoch: 15 | loss: 0.3261880
	speed: 0.0028s/iter; left time: 16.7052s
	iters: 1100, epoch: 15 | loss: 1.2830338
	speed: 0.0028s/iter; left time: 16.4070s
Epoch: 15 cost time: 3.3s
Epoch: 15, Steps: 1146 | Train Loss: 0.4088295 Vali Loss: 0.3988202
EarlyStopping counter: 4 out of 6
Updating learning rate to 3.0517578125e-07
	iters: 100, epoch: 16 | loss: 0.2353515
	speed: 0.0029s/iter; left time: 16.0705s
	iters: 200, epoch: 16 | loss: 0.3147781
	speed: 0.0028s/iter; left time: 15.5855s
	iters: 300, epoch: 16 | loss: 2.2723866
	speed: 0.0028s/iter; left time: 15.2295s
	iters: 400, epoch: 16 | loss: 0.2512840
	speed: 0.0028s/iter; left time: 14.9323s
	iters: 500, epoch: 16 | loss: 0.3639251
	speed: 0.0028s/iter; left time: 14.8728s
	iters: 600, epoch: 16 | loss: 0.2701816
	speed: 0.0028s/iter; left time: 14.5390s
	iters: 700, epoch: 16 | loss: 0.4190520
	speed: 0.0028s/iter; left time: 14.2088s
	iters: 800, epoch: 16 | loss: 0.8734792
	speed: 0.0028s/iter; left time: 13.8997s
	iters: 900, epoch: 16 | loss: 0.3166108
	speed: 0.0028s/iter; left time: 13.5974s
	iters: 1000, epoch: 16 | loss: 0.2517392
	speed: 0.0028s/iter; left time: 13.4100s
	iters: 1100, epoch: 16 | loss: 0.2366989
	speed: 0.0028s/iter; left time: 13.1168s
Epoch: 16 cost time: 3.2s
Epoch: 16, Steps: 1146 | Train Loss: 0.4088575 Vali Loss: 0.3981740
EarlyStopping counter: 5 out of 6
Updating learning rate to 1.52587890625e-07
	iters: 100, epoch: 17 | loss: 0.2700622
	speed: 0.0030s/iter; left time: 13.4860s
	iters: 200, epoch: 17 | loss: 0.3721503
	speed: 0.0029s/iter; left time: 12.6775s
	iters: 300, epoch: 17 | loss: 0.2858869
	speed: 0.0029s/iter; left time: 12.2284s
	iters: 400, epoch: 17 | loss: 0.3231773
	speed: 0.0028s/iter; left time: 11.8470s
	iters: 500, epoch: 17 | loss: 0.2688160
	speed: 0.0028s/iter; left time: 11.5273s
	iters: 600, epoch: 17 | loss: 0.4296942
	speed: 0.0028s/iter; left time: 11.2941s
	iters: 700, epoch: 17 | loss: 0.2503182
	speed: 0.0028s/iter; left time: 10.9772s
	iters: 800, epoch: 17 | loss: 0.2918515
	speed: 0.0028s/iter; left time: 10.6836s
	iters: 900, epoch: 17 | loss: 0.3815544
	speed: 0.0028s/iter; left time: 10.3855s
	iters: 1000, epoch: 17 | loss: 0.3840818
	speed: 0.0028s/iter; left time: 10.1539s
	iters: 1100, epoch: 17 | loss: 0.3047935
	speed: 0.0028s/iter; left time: 9.9170s
Epoch: 17 cost time: 3.3s
Epoch: 17, Steps: 1146 | Train Loss: 0.4088616 Vali Loss: 0.3985143
EarlyStopping counter: 6 out of 6
Early stopping
Training time: 63.9s | Peak GPU memory: 71.0MB

>>> Testing...
test 10444
test shape: (10444, 1, 96, 21) (10444, 1, 96, 21)
test shape: (10444, 96, 21) (10444, 96, 21)
MSE: 0.165125, MAE: 0.210272
Inference: 5.77s | 10444 samples | 1810.0 samples/sec
Results saved to /lustre09/project/6010289/sdmuhsin/SpectraGate/results/weather_results.csv
========================================
Finished: Mon 09 Mar 2026 06:13:37 PM EDT
========================================
