========================================
Job: fn_Pyraformer_ETTh1_96
Model: Pyraformer
Dataset: ETTh1
Pred len: 96
Time limit: 4:00:00
GPU: h100_2g.20gb:1
Started: Mon 09 Mar 2026 06:14:10 PM EDT
========================================
Mon Mar  9 18:14:10 2026       
+-----------------------------------------------------------------------------------------+
| NVIDIA-SMI 570.211.01             Driver Version: 570.211.01     CUDA Version: 12.8     |
|-----------------------------------------+------------------------+----------------------+
| GPU  Name                 Persistence-M | Bus-Id          Disp.A | Volatile Uncorr. ECC |
| Fan  Temp   Perf          Pwr:Usage/Cap |           Memory-Usage | GPU-Util  Compute M. |
|                                         |                        |               MIG M. |
|=========================================+========================+======================|
|   0  NVIDIA H100 80GB HBM3          Off |   00000000:5F:00.0 Off |                   On |
| N/A   38C    P0            185W /  700W |    1258MiB /  81559MiB |     N/A      Default |
|                                         |                        |              Enabled |
+-----------------------------------------+------------------------+----------------------+

+-----------------------------------------------------------------------------------------+
| MIG devices:                                                                            |
+------------------+----------------------------------+-----------+-----------------------+
| GPU  GI  CI  MIG |                     Memory-Usage |        Vol|        Shared         |
|      ID  ID  Dev |                       BAR1-Usage | SM     Unc| CE ENC  DEC  OFA  JPG |
|                  |                                  |        ECC|                       |
|==================+==================================+===========+=======================|
|  0    3   0   0  |              17MiB / 20096MiB    | 32      0 |  2   0    2    0    2 |
|                  |                 0MiB / 32767MiB  |           |                       |
+------------------+----------------------------------+-----------+-----------------------+
                                                                                         
+-----------------------------------------------------------------------------------------+
| Processes:                                                                              |
|  GPU   GI   CI              PID   Type   Process name                        GPU Memory |
|        ID   ID                                                               Usage      |
|=========================================================================================|
|  No running processes found                                                             |
+-----------------------------------------------------------------------------------------+
Using device: cuda:0
Model: Pyraformer, Dataset: ETTh1, pred_len: 96, seq_len: 96

>>> Training...
train 8449
val 2785
Model Model : total params: 7,612,960 | trainable: 7,612,960 (29.0411MB)
	iters: 100, epoch: 1 | loss: 0.4886614
	speed: 0.0313s/iter; left time: 79.6522s
	iters: 200, epoch: 1 | loss: 0.3358103
	speed: 0.0296s/iter; left time: 72.2892s
Epoch: 1 cost time: 7.7s
Epoch: 1, Steps: 264 | Train Loss: 0.4256177 Vali Loss: 0.8333042
Validation loss decreased (inf --> 0.833304).  Saving model ...
Updating learning rate to 0.0001
	iters: 100, epoch: 2 | loss: 0.3035661
	speed: 0.0281s/iter; left time: 64.0138s
	iters: 200, epoch: 2 | loss: 0.2952233
	speed: 0.0282s/iter; left time: 61.3384s
Epoch: 2 cost time: 7.5s
Epoch: 2, Steps: 264 | Train Loss: 0.3215542 Vali Loss: 0.8962760
EarlyStopping counter: 1 out of 3
Updating learning rate to 5e-05
	iters: 100, epoch: 3 | loss: 0.2968067
	speed: 0.0279s/iter; left time: 56.1770s
	iters: 200, epoch: 3 | loss: 0.2719261
	speed: 0.0280s/iter; left time: 53.5529s
Epoch: 3 cost time: 7.4s
Epoch: 3, Steps: 264 | Train Loss: 0.2782146 Vali Loss: 0.9494579
EarlyStopping counter: 2 out of 3
Updating learning rate to 2.5e-05
	iters: 100, epoch: 4 | loss: 0.2348033
	speed: 0.0282s/iter; left time: 49.4075s
	iters: 200, epoch: 4 | loss: 0.2492060
	speed: 0.0282s/iter; left time: 46.4458s
Epoch: 4 cost time: 7.4s
Epoch: 4, Steps: 264 | Train Loss: 0.2591058 Vali Loss: 0.9293542
EarlyStopping counter: 3 out of 3
Early stopping
Training time: 34.8s | Peak GPU memory: 589.9MB

>>> Testing...
test 2785
test shape: (2785, 1, 96, 7) (2785, 1, 96, 7)
test shape: (2785, 96, 7) (2785, 96, 7)
MSE: 0.653070, MAE: 0.601269
Inference: 6.14s | 2785 samples | 453.4 samples/sec
Results saved to /lustre09/project/6010289/sdmuhsin/SpectraGate/results/etth1_results.csv
========================================
Finished: Mon 09 Mar 2026 06:14:56 PM EDT
========================================
