========================================
Job: fn_PaiFilter_Exchange_96
Model: PaiFilter
Dataset: Exchange
Pred len: 96
Time limit: 4:00:00
GPU: h100_2g.20gb:1
Started: Mon 09 Mar 2026 06:12:19 PM EDT
========================================
Mon Mar  9 18:12:19 2026       
+-----------------------------------------------------------------------------------------+
| NVIDIA-SMI 570.211.01             Driver Version: 570.211.01     CUDA Version: 12.8     |
|-----------------------------------------+------------------------+----------------------+
| GPU  Name                 Persistence-M | Bus-Id          Disp.A | Volatile Uncorr. ECC |
| Fan  Temp   Perf          Pwr:Usage/Cap |           Memory-Usage | GPU-Util  Compute M. |
|                                         |                        |               MIG M. |
|=========================================+========================+======================|
|   0  NVIDIA H100 80GB HBM3          Off |   00000000:CB:00.0 Off |                   On |
| N/A   32C    P0             70W /  700W |      59MiB /  81559MiB |     N/A      Default |
|                                         |                        |              Enabled |
+-----------------------------------------+------------------------+----------------------+

+-----------------------------------------------------------------------------------------+
| MIG devices:                                                                            |
+------------------+----------------------------------+-----------+-----------------------+
| GPU  GI  CI  MIG |                     Memory-Usage |        Vol|        Shared         |
|      ID  ID  Dev |                       BAR1-Usage | SM     Unc| CE ENC  DEC  OFA  JPG |
|                  |                                  |        ECC|                       |
|==================+==================================+===========+=======================|
|  0    3   0   0  |              17MiB / 20096MiB    | 32      0 |  2   0    2    0    2 |
|                  |                 0MiB / 32767MiB  |           |                       |
+------------------+----------------------------------+-----------+-----------------------+
                                                                                         
+-----------------------------------------------------------------------------------------+
| Processes:                                                                              |
|  GPU   GI   CI              PID   Type   Process name                        GPU Memory |
|        ID   ID                                                               Usage      |
|=========================================================================================|
|  No running processes found                                                             |
+-----------------------------------------------------------------------------------------+
Using device: cuda:0
Model: PaiFilter, Dataset: Exchange, pred_len: 96, seq_len: 96

>>> Training...
train 5120
val 665
Model Model : total params: 12,560 | trainable: 12,560 (0.0479MB)
	iters: 100, epoch: 1 | loss: 0.1257003
	speed: 0.0042s/iter; left time: 9.6761s
Epoch: 1 cost time: 0.6s
Epoch: 1, Steps: 160 | Train Loss: 0.1412562 Vali Loss: 0.1572801
Validation loss decreased (inf --> 0.157280).  Saving model ...
Updating learning rate to 0.005
	iters: 100, epoch: 2 | loss: 0.1306717
	speed: 0.0022s/iter; left time: 4.7998s
Epoch: 2 cost time: 0.4s
Epoch: 2, Steps: 160 | Train Loss: 0.1265951 Vali Loss: 0.1411756
Validation loss decreased (0.157280 --> 0.141176).  Saving model ...
Updating learning rate to 0.0025
	iters: 100, epoch: 3 | loss: 0.1233921
	speed: 0.0022s/iter; left time: 4.3840s
Epoch: 3 cost time: 0.4s
Epoch: 3, Steps: 160 | Train Loss: 0.1225973 Vali Loss: 0.1403839
Validation loss decreased (0.141176 --> 0.140384).  Saving model ...
Updating learning rate to 0.00125
	iters: 100, epoch: 4 | loss: 0.1293286
	speed: 0.0022s/iter; left time: 4.0309s
Epoch: 4 cost time: 0.4s
Epoch: 4, Steps: 160 | Train Loss: 0.1206831 Vali Loss: 0.1338145
Validation loss decreased (0.140384 --> 0.133815).  Saving model ...
Updating learning rate to 0.000625
	iters: 100, epoch: 5 | loss: 0.1252138
	speed: 0.0023s/iter; left time: 3.7791s
Epoch: 5 cost time: 0.4s
Epoch: 5, Steps: 160 | Train Loss: 0.1197459 Vali Loss: 0.1349853
EarlyStopping counter: 1 out of 5
Updating learning rate to 0.0003125
	iters: 100, epoch: 6 | loss: 0.0647576
	speed: 0.0022s/iter; left time: 3.3174s
Epoch: 6 cost time: 0.4s
Epoch: 6, Steps: 160 | Train Loss: 0.1192187 Vali Loss: 0.1342242
EarlyStopping counter: 2 out of 5
Updating learning rate to 0.00015625
	iters: 100, epoch: 7 | loss: 0.1589285
	speed: 0.0022s/iter; left time: 2.9466s
Epoch: 7 cost time: 0.4s
Epoch: 7, Steps: 160 | Train Loss: 0.1188790 Vali Loss: 0.1345051
EarlyStopping counter: 3 out of 5
Updating learning rate to 7.8125e-05
	iters: 100, epoch: 8 | loss: 0.0999612
	speed: 0.0022s/iter; left time: 2.6080s
Epoch: 8 cost time: 0.4s
Epoch: 8, Steps: 160 | Train Loss: 0.1187431 Vali Loss: 0.1367023
EarlyStopping counter: 4 out of 5
Updating learning rate to 3.90625e-05
	iters: 100, epoch: 9 | loss: 0.0869389
	speed: 0.0024s/iter; left time: 2.4031s
Epoch: 9 cost time: 0.4s
Epoch: 9, Steps: 160 | Train Loss: 0.1186806 Vali Loss: 0.1346065
EarlyStopping counter: 5 out of 5
Early stopping
Training time: 3.7s | Peak GPU memory: 66.9MB

>>> Testing...
test 1422
test shape: (1422, 1, 96, 8) (1422, 1, 96, 8)
test shape: (1422, 96, 8) (1422, 96, 8)
MSE: 0.086330, MAE: 0.205093
Inference: 0.75s | 1422 samples | 1889.8 samples/sec
Results saved to /lustre09/project/6010289/sdmuhsin/SpectraGate/results/exchange_results.csv
========================================
Finished: Mon 09 Mar 2026 06:12:31 PM EDT
========================================
