========================================
Job: fn_Pyraformer_ETTm2_96
Model: Pyraformer
Dataset: ETTm2
Pred len: 96
Time limit: 8:00:00
GPU: h100_2g.20gb:1
Started: Mon 09 Mar 2026 06:14:26 PM EDT
========================================
Mon Mar  9 18:14:26 2026       
+-----------------------------------------------------------------------------------------+
| NVIDIA-SMI 570.211.01             Driver Version: 570.211.01     CUDA Version: 12.8     |
|-----------------------------------------+------------------------+----------------------+
| GPU  Name                 Persistence-M | Bus-Id          Disp.A | Volatile Uncorr. ECC |
| Fan  Temp   Perf          Pwr:Usage/Cap |           Memory-Usage | GPU-Util  Compute M. |
|                                         |                        |               MIG M. |
|=========================================+========================+======================|
|   0  NVIDIA H100 80GB HBM3          Off |   00000000:DB:00.0 Off |                   On |
| N/A   49C    P0            265W /  700W |    2642MiB /  81559MiB |     N/A      Default |
|                                         |                        |              Enabled |
+-----------------------------------------+------------------------+----------------------+

+-----------------------------------------------------------------------------------------+
| MIG devices:                                                                            |
+------------------+----------------------------------+-----------+-----------------------+
| GPU  GI  CI  MIG |                     Memory-Usage |        Vol|        Shared         |
|      ID  ID  Dev |                       BAR1-Usage | SM     Unc| CE ENC  DEC  OFA  JPG |
|                  |                                  |        ECC|                       |
|==================+==================================+===========+=======================|
|  0    3   0   0  |              17MiB / 20096MiB    | 32      0 |  2   0    2    0    2 |
|                  |                 0MiB / 32767MiB  |           |                       |
+------------------+----------------------------------+-----------+-----------------------+
                                                                                         
+-----------------------------------------------------------------------------------------+
| Processes:                                                                              |
|  GPU   GI   CI              PID   Type   Process name                        GPU Memory |
|        ID   ID                                                               Usage      |
|=========================================================================================|
|  No running processes found                                                             |
+-----------------------------------------------------------------------------------------+
Using device: cuda:0
Model: Pyraformer, Dataset: ETTm2, pred_len: 96, seq_len: 96

>>> Training...
train 34369
val 11425
Model Model : total params: 7,613,472 | trainable: 7,613,472 (29.0431MB)
	iters: 100, epoch: 1 | loss: 0.2498282
	speed: 0.0310s/iter; left time: 329.6923s
	iters: 200, epoch: 1 | loss: 0.2153224
	speed: 0.0293s/iter; left time: 308.5091s
	iters: 300, epoch: 1 | loss: 0.1288014
	speed: 0.0286s/iter; left time: 299.0452s
	iters: 400, epoch: 1 | loss: 0.1772864
	speed: 0.0283s/iter; left time: 292.8685s
	iters: 500, epoch: 1 | loss: 0.1798542
	speed: 0.0281s/iter; left time: 288.1016s
	iters: 600, epoch: 1 | loss: 0.1881171
	speed: 0.0280s/iter; left time: 284.0232s
	iters: 700, epoch: 1 | loss: 0.0872955
	speed: 0.0279s/iter; left time: 280.3045s
	iters: 800, epoch: 1 | loss: 0.1454583
	speed: 0.0278s/iter; left time: 276.8370s
	iters: 900, epoch: 1 | loss: 0.2133404
	speed: 0.0278s/iter; left time: 273.4951s
	iters: 1000, epoch: 1 | loss: 0.1301354
	speed: 0.0278s/iter; left time: 270.3967s
Epoch: 1 cost time: 29.8s
Epoch: 1, Steps: 1074 | Train Loss: 0.2047855 Vali Loss: 0.2495447
Validation loss decreased (inf --> 0.249545).  Saving model ...
Updating learning rate to 0.0001
	iters: 100, epoch: 2 | loss: 0.2289124
	speed: 0.0272s/iter; left time: 260.4893s
	iters: 200, epoch: 2 | loss: 0.2015643
	speed: 0.0273s/iter; left time: 258.5437s
	iters: 300, epoch: 2 | loss: 0.1283368
	speed: 0.0273s/iter; left time: 256.0283s
	iters: 400, epoch: 2 | loss: 0.0950742
	speed: 0.0273s/iter; left time: 253.3474s
	iters: 500, epoch: 2 | loss: 0.1664850
	speed: 0.0273s/iter; left time: 250.6545s
	iters: 600, epoch: 2 | loss: 0.1966538
	speed: 0.0274s/iter; left time: 248.0000s
	iters: 700, epoch: 2 | loss: 0.1062952
	speed: 0.0274s/iter; left time: 245.5725s
	iters: 800, epoch: 2 | loss: 0.1500670
	speed: 0.0274s/iter; left time: 242.9900s
	iters: 900, epoch: 2 | loss: 0.1677757
	speed: 0.0274s/iter; left time: 240.2679s
	iters: 1000, epoch: 2 | loss: 0.1066792
	speed: 0.0274s/iter; left time: 237.5328s
Epoch: 2 cost time: 29.4s
Epoch: 2, Steps: 1074 | Train Loss: 0.1490135 Vali Loss: 0.3496886
EarlyStopping counter: 1 out of 3
Updating learning rate to 5e-05
	iters: 100, epoch: 3 | loss: 0.0992087
	speed: 0.0274s/iter; left time: 232.4432s
	iters: 200, epoch: 3 | loss: 0.0907183
	speed: 0.0274s/iter; left time: 230.0664s
	iters: 300, epoch: 3 | loss: 0.0907583
	speed: 0.0274s/iter; left time: 227.2450s
	iters: 400, epoch: 3 | loss: 0.1032505
	speed: 0.0275s/iter; left time: 224.9231s
	iters: 500, epoch: 3 | loss: 0.1250499
	speed: 0.0274s/iter; left time: 222.1123s
	iters: 600, epoch: 3 | loss: 0.1034477
	speed: 0.0274s/iter; left time: 219.1803s
	iters: 700, epoch: 3 | loss: 0.1375569
	speed: 0.0274s/iter; left time: 216.3161s
	iters: 800, epoch: 3 | loss: 0.1318422
	speed: 0.0274s/iter; left time: 213.4931s
	iters: 900, epoch: 3 | loss: 0.1112081
	speed: 0.0274s/iter; left time: 210.6952s
	iters: 1000, epoch: 3 | loss: 0.0972238
	speed: 0.0274s/iter; left time: 207.9230s
Epoch: 3 cost time: 29.4s
Epoch: 3, Steps: 1074 | Train Loss: 0.1190903 Vali Loss: 0.2876075
EarlyStopping counter: 2 out of 3
Updating learning rate to 2.5e-05
	iters: 100, epoch: 4 | loss: 0.1091399
	speed: 0.0272s/iter; left time: 201.7244s
	iters: 200, epoch: 4 | loss: 0.1498612
	speed: 0.0273s/iter; left time: 199.6452s
	iters: 300, epoch: 4 | loss: 0.1103661
	speed: 0.0273s/iter; left time: 197.2062s
	iters: 400, epoch: 4 | loss: 0.0738593
	speed: 0.0273s/iter; left time: 194.3363s
	iters: 500, epoch: 4 | loss: 0.0815323
	speed: 0.0273s/iter; left time: 191.5595s
	iters: 600, epoch: 4 | loss: 0.1303322
	speed: 0.0273s/iter; left time: 188.8494s
	iters: 700, epoch: 4 | loss: 0.1032390
	speed: 0.0273s/iter; left time: 186.0694s
	iters: 800, epoch: 4 | loss: 0.0761077
	speed: 0.0273s/iter; left time: 183.3219s
	iters: 900, epoch: 4 | loss: 0.0866447
	speed: 0.0273s/iter; left time: 180.5731s
	iters: 1000, epoch: 4 | loss: 0.1012190
	speed: 0.0273s/iter; left time: 177.8317s
Epoch: 4 cost time: 29.3s
Epoch: 4, Steps: 1074 | Train Loss: 0.1033839 Vali Loss: 0.3602831
EarlyStopping counter: 3 out of 3
Early stopping
Training time: 136.5s | Peak GPU memory: 589.9MB

>>> Testing...
test 11425
test shape: (11425, 1, 96, 7) (11425, 1, 96, 7)
test shape: (11425, 96, 7) (11425, 96, 7)
MSE: 0.309917, MAE: 0.414283
Inference: 23.99s | 11425 samples | 476.3 samples/sec
Results saved to /lustre09/project/6010289/sdmuhsin/SpectraGate/results/ettm2_results.csv
========================================
Finished: Mon 09 Mar 2026 06:17:12 PM EDT
========================================
