========================================
Job: fn_PaiFilter_ETTm2_96
Model: PaiFilter
Dataset: ETTm2
Pred len: 96
Time limit: 8:00:00
GPU: h100_2g.20gb:1
Started: Mon 09 Mar 2026 06:12:19 PM EDT
========================================
Mon Mar  9 18:12:19 2026       
+-----------------------------------------------------------------------------------------+
| NVIDIA-SMI 570.211.01             Driver Version: 570.211.01     CUDA Version: 12.8     |
|-----------------------------------------+------------------------+----------------------+
| GPU  Name                 Persistence-M | Bus-Id          Disp.A | Volatile Uncorr. ECC |
| Fan  Temp   Perf          Pwr:Usage/Cap |           Memory-Usage | GPU-Util  Compute M. |
|                                         |                        |               MIG M. |
|=========================================+========================+======================|
|   0  NVIDIA H100 80GB HBM3          Off |   00000000:CB:00.0 Off |                   On |
| N/A   31C    P0             70W /  700W |      59MiB /  81559MiB |     N/A      Default |
|                                         |                        |              Enabled |
+-----------------------------------------+------------------------+----------------------+

+-----------------------------------------------------------------------------------------+
| MIG devices:                                                                            |
+------------------+----------------------------------+-----------+-----------------------+
| GPU  GI  CI  MIG |                     Memory-Usage |        Vol|        Shared         |
|      ID  ID  Dev |                       BAR1-Usage | SM     Unc| CE ENC  DEC  OFA  JPG |
|                  |                                  |        ECC|                       |
|==================+==================================+===========+=======================|
|  0    3   0   0  |              17MiB / 20096MiB    | 32      0 |  2   0    2    0    2 |
|                  |                 0MiB / 32767MiB  |           |                       |
+------------------+----------------------------------+-----------+-----------------------+
                                                                                         
+-----------------------------------------------------------------------------------------+
| Processes:                                                                              |
|  GPU   GI   CI              PID   Type   Process name                        GPU Memory |
|        ID   ID                                                               Usage      |
|=========================================================================================|
|  No running processes found                                                             |
+-----------------------------------------------------------------------------------------+
Using device: cuda:0
Model: PaiFilter, Dataset: ETTm2, pred_len: 96, seq_len: 96

>>> Training...
train 34369
val 11425
Model Model : total params: 24,910 | trainable: 24,910 (0.0950MB)
	iters: 100, epoch: 1 | loss: 0.1211711
	speed: 0.0040s/iter; left time: 63.6006s
	iters: 200, epoch: 1 | loss: 0.2156053
	speed: 0.0030s/iter; left time: 47.2355s
	iters: 300, epoch: 1 | loss: 0.3437744
	speed: 0.0026s/iter; left time: 41.7730s
	iters: 400, epoch: 1 | loss: 0.3482362
	speed: 0.0025s/iter; left time: 38.8751s
	iters: 500, epoch: 1 | loss: 0.2171539
	speed: 0.0024s/iter; left time: 37.0644s
	iters: 600, epoch: 1 | loss: 0.1691517
	speed: 0.0023s/iter; left time: 35.7779s
	iters: 700, epoch: 1 | loss: 0.3226992
	speed: 0.0023s/iter; left time: 34.8565s
	iters: 800, epoch: 1 | loss: 0.3036273
	speed: 0.0022s/iter; left time: 34.1217s
	iters: 900, epoch: 1 | loss: 0.2251686
	speed: 0.0022s/iter; left time: 33.4656s
	iters: 1000, epoch: 1 | loss: 0.1075759
	speed: 0.0022s/iter; left time: 32.9382s
Epoch: 1 cost time: 2.3s
Epoch: 1, Steps: 1074 | Train Loss: 0.2416297 Vali Loss: 0.1282205
Validation loss decreased (inf --> 0.128220).  Saving model ...
Updating learning rate to 0.005
	iters: 100, epoch: 2 | loss: 0.2613063
	speed: 0.0020s/iter; left time: 29.7603s
	iters: 200, epoch: 2 | loss: 0.4550160
	speed: 0.0020s/iter; left time: 29.6459s
	iters: 300, epoch: 2 | loss: 0.3062114
	speed: 0.0020s/iter; left time: 29.4206s
	iters: 400, epoch: 2 | loss: 0.1564970
	speed: 0.0020s/iter; left time: 29.1691s
	iters: 500, epoch: 2 | loss: 0.1438568
	speed: 0.0020s/iter; left time: 28.8993s
	iters: 600, epoch: 2 | loss: 0.1137320
	speed: 0.0020s/iter; left time: 28.7434s
	iters: 700, epoch: 2 | loss: 0.5299892
	speed: 0.0020s/iter; left time: 28.5509s
	iters: 800, epoch: 2 | loss: 0.3005880
	speed: 0.0020s/iter; left time: 28.3263s
	iters: 900, epoch: 2 | loss: 0.1379832
	speed: 0.0020s/iter; left time: 28.1005s
	iters: 1000, epoch: 2 | loss: 0.2483568
	speed: 0.0020s/iter; left time: 27.8632s
Epoch: 2 cost time: 2.1s
Epoch: 2, Steps: 1074 | Train Loss: 0.2233050 Vali Loss: 0.1294568
EarlyStopping counter: 1 out of 5
Updating learning rate to 0.0025
	iters: 100, epoch: 3 | loss: 0.1122253
	speed: 0.0020s/iter; left time: 27.2176s
	iters: 200, epoch: 3 | loss: 0.2633794
	speed: 0.0020s/iter; left time: 27.2292s
	iters: 300, epoch: 3 | loss: 0.2581280
	speed: 0.0020s/iter; left time: 27.0383s
	iters: 400, epoch: 3 | loss: 0.1322047
	speed: 0.0020s/iter; left time: 26.7698s
	iters: 500, epoch: 3 | loss: 0.1309509
	speed: 0.0020s/iter; left time: 26.6457s
	iters: 600, epoch: 3 | loss: 0.1441001
	speed: 0.0020s/iter; left time: 26.4327s
	iters: 700, epoch: 3 | loss: 0.1731876
	speed: 0.0020s/iter; left time: 26.2304s
	iters: 800, epoch: 3 | loss: 0.1801792
	speed: 0.0020s/iter; left time: 26.0348s
	iters: 900, epoch: 3 | loss: 0.3166972
	speed: 0.0020s/iter; left time: 25.9130s
	iters: 1000, epoch: 3 | loss: 0.1734031
	speed: 0.0020s/iter; left time: 25.7165s
Epoch: 3 cost time: 2.1s
Epoch: 3, Steps: 1074 | Train Loss: 0.2127037 Vali Loss: 0.1263764
Validation loss decreased (0.128220 --> 0.126376).  Saving model ...
Updating learning rate to 0.00125
	iters: 100, epoch: 4 | loss: 0.2288193
	speed: 0.0020s/iter; left time: 25.7813s
	iters: 200, epoch: 4 | loss: 0.1389634
	speed: 0.0020s/iter; left time: 25.5043s
	iters: 300, epoch: 4 | loss: 0.3406217
	speed: 0.0020s/iter; left time: 25.4311s
	iters: 400, epoch: 4 | loss: 0.1137882
	speed: 0.0020s/iter; left time: 25.2427s
	iters: 500, epoch: 4 | loss: 0.1671377
	speed: 0.0020s/iter; left time: 25.0529s
	iters: 600, epoch: 4 | loss: 0.2107629
	speed: 0.0020s/iter; left time: 24.8607s
	iters: 700, epoch: 4 | loss: 0.1227249
	speed: 0.0020s/iter; left time: 24.6694s
	iters: 800, epoch: 4 | loss: 0.2840429
	speed: 0.0020s/iter; left time: 24.4741s
	iters: 900, epoch: 4 | loss: 0.0977712
	speed: 0.0020s/iter; left time: 24.2682s
	iters: 1000, epoch: 4 | loss: 0.1375135
	speed: 0.0020s/iter; left time: 24.0735s
Epoch: 4 cost time: 2.2s
Epoch: 4, Steps: 1074 | Train Loss: 0.2078062 Vali Loss: 0.1255113
Validation loss decreased (0.126376 --> 0.125511).  Saving model ...
Updating learning rate to 0.000625
	iters: 100, epoch: 5 | loss: 0.0991683
	speed: 0.0021s/iter; left time: 24.1742s
	iters: 200, epoch: 5 | loss: 0.1805656
	speed: 0.0020s/iter; left time: 23.7619s
	iters: 300, epoch: 5 | loss: 0.1356094
	speed: 0.0020s/iter; left time: 23.5004s
	iters: 400, epoch: 5 | loss: 0.4356190
	speed: 0.0020s/iter; left time: 23.2769s
	iters: 500, epoch: 5 | loss: 0.1343209
	speed: 0.0020s/iter; left time: 23.0435s
	iters: 600, epoch: 5 | loss: 0.1442910
	speed: 0.0020s/iter; left time: 22.8225s
	iters: 700, epoch: 5 | loss: 0.3185098
	speed: 0.0020s/iter; left time: 22.5935s
	iters: 800, epoch: 5 | loss: 0.1622200
	speed: 0.0020s/iter; left time: 22.3772s
	iters: 900, epoch: 5 | loss: 0.1339816
	speed: 0.0020s/iter; left time: 22.1620s
	iters: 1000, epoch: 5 | loss: 0.1222027
	speed: 0.0020s/iter; left time: 21.9757s
Epoch: 5 cost time: 2.2s
Epoch: 5, Steps: 1074 | Train Loss: 0.2051947 Vali Loss: 0.1256363
EarlyStopping counter: 1 out of 5
Updating learning rate to 0.0003125
	iters: 100, epoch: 6 | loss: 0.2702143
	speed: 0.0020s/iter; left time: 21.7980s
	iters: 200, epoch: 6 | loss: 0.4629604
	speed: 0.0020s/iter; left time: 21.4660s
	iters: 300, epoch: 6 | loss: 0.1442442
	speed: 0.0020s/iter; left time: 21.2926s
	iters: 400, epoch: 6 | loss: 0.2254608
	speed: 0.0020s/iter; left time: 21.0774s
	iters: 500, epoch: 6 | loss: 0.1073235
	speed: 0.0020s/iter; left time: 20.8649s
	iters: 600, epoch: 6 | loss: 0.1196215
	speed: 0.0020s/iter; left time: 20.6536s
	iters: 700, epoch: 6 | loss: 0.3830620
	speed: 0.0020s/iter; left time: 20.4432s
	iters: 800, epoch: 6 | loss: 0.1897643
	speed: 0.0020s/iter; left time: 20.2385s
	iters: 900, epoch: 6 | loss: 0.1244185
	speed: 0.0020s/iter; left time: 20.0291s
	iters: 1000, epoch: 6 | loss: 0.2061078
	speed: 0.0020s/iter; left time: 19.8197s
Epoch: 6 cost time: 2.2s
Epoch: 6, Steps: 1074 | Train Loss: 0.2038485 Vali Loss: 0.1261743
EarlyStopping counter: 2 out of 5
Updating learning rate to 0.00015625
	iters: 100, epoch: 7 | loss: 0.1605586
	speed: 0.0021s/iter; left time: 19.6556s
	iters: 200, epoch: 7 | loss: 0.1588038
	speed: 0.0020s/iter; left time: 19.3419s
	iters: 300, epoch: 7 | loss: 0.2428996
	speed: 0.0020s/iter; left time: 19.1498s
	iters: 400, epoch: 7 | loss: 0.1340912
	speed: 0.0020s/iter; left time: 18.9321s
	iters: 500, epoch: 7 | loss: 0.1856982
	speed: 0.0020s/iter; left time: 18.7217s
	iters: 600, epoch: 7 | loss: 0.1982303
	speed: 0.0020s/iter; left time: 18.5043s
	iters: 700, epoch: 7 | loss: 0.1565015
	speed: 0.0020s/iter; left time: 18.3033s
	iters: 800, epoch: 7 | loss: 0.2075289
	speed: 0.0020s/iter; left time: 18.1411s
	iters: 900, epoch: 7 | loss: 0.0878758
	speed: 0.0020s/iter; left time: 17.9248s
	iters: 1000, epoch: 7 | loss: 0.2019464
	speed: 0.0020s/iter; left time: 17.7150s
Epoch: 7 cost time: 2.2s
Epoch: 7, Steps: 1074 | Train Loss: 0.2030660 Vali Loss: 0.1262384
EarlyStopping counter: 3 out of 5
Updating learning rate to 7.8125e-05
	iters: 100, epoch: 8 | loss: 0.2434679
	speed: 0.0020s/iter; left time: 17.3776s
	iters: 200, epoch: 8 | loss: 0.1900082
	speed: 0.0020s/iter; left time: 17.1574s
	iters: 300, epoch: 8 | loss: 0.4431572
	speed: 0.0020s/iter; left time: 16.9854s
	iters: 400, epoch: 8 | loss: 0.1657346
	speed: 0.0020s/iter; left time: 16.7540s
	iters: 500, epoch: 8 | loss: 0.1429654
	speed: 0.0020s/iter; left time: 16.5352s
	iters: 600, epoch: 8 | loss: 0.2192598
	speed: 0.0020s/iter; left time: 16.3123s
	iters: 700, epoch: 8 | loss: 0.2822100
	speed: 0.0020s/iter; left time: 16.1021s
	iters: 800, epoch: 8 | loss: 0.1419807
	speed: 0.0020s/iter; left time: 15.8911s
	iters: 900, epoch: 8 | loss: 0.1329463
	speed: 0.0020s/iter; left time: 15.6844s
	iters: 1000, epoch: 8 | loss: 0.1812308
	speed: 0.0020s/iter; left time: 15.4768s
Epoch: 8 cost time: 2.2s
Epoch: 8, Steps: 1074 | Train Loss: 0.2026500 Vali Loss: 0.1263135
EarlyStopping counter: 4 out of 5
Updating learning rate to 3.90625e-05
	iters: 100, epoch: 9 | loss: 0.2682720
	speed: 0.0021s/iter; left time: 15.2146s
	iters: 200, epoch: 9 | loss: 0.1062023
	speed: 0.0020s/iter; left time: 14.9677s
	iters: 300, epoch: 9 | loss: 0.1152840
	speed: 0.0020s/iter; left time: 14.7307s
	iters: 400, epoch: 9 | loss: 0.2557545
	speed: 0.0020s/iter; left time: 14.5158s
	iters: 500, epoch: 9 | loss: 0.1103403
	speed: 0.0020s/iter; left time: 14.3020s
	iters: 600, epoch: 9 | loss: 0.1959867
	speed: 0.0020s/iter; left time: 14.0926s
	iters: 700, epoch: 9 | loss: 0.2691467
	speed: 0.0020s/iter; left time: 13.9561s
	iters: 800, epoch: 9 | loss: 0.1773427
	speed: 0.0021s/iter; left time: 13.8122s
	iters: 900, epoch: 9 | loss: 0.1719582
	speed: 0.0021s/iter; left time: 13.6234s
	iters: 1000, epoch: 9 | loss: 0.1327178
	speed: 0.0021s/iter; left time: 13.4127s
Epoch: 9 cost time: 2.2s
Epoch: 9, Steps: 1074 | Train Loss: 0.2024476 Vali Loss: 0.1264074
EarlyStopping counter: 5 out of 5
Early stopping
Training time: 23.5s | Peak GPU memory: 67.0MB

>>> Testing...
test 11425
test shape: (11425, 1, 96, 7) (11425, 1, 96, 7)
test shape: (11425, 96, 7) (11425, 96, 7)
MSE: 0.175213, MAE: 0.256909
Inference: 6.03s | 11425 samples | 1894.5 samples/sec
Results saved to /lustre09/project/6010289/sdmuhsin/SpectraGate/results/ettm2_results.csv
========================================
Finished: Mon 09 Mar 2026 06:12:56 PM EDT
========================================
