========================================
Job: fn_Pyraformer_Exchange_96
Model: Pyraformer
Dataset: Exchange
Pred len: 96
Time limit: 4:00:00
GPU: h100_2g.20gb:1
Started: Mon 09 Mar 2026 06:14:05 PM EDT
========================================
Mon Mar  9 18:14:05 2026       
+-----------------------------------------------------------------------------------------+
| NVIDIA-SMI 570.211.01             Driver Version: 570.211.01     CUDA Version: 12.8     |
|-----------------------------------------+------------------------+----------------------+
| GPU  Name                 Persistence-M | Bus-Id          Disp.A | Volatile Uncorr. ECC |
| Fan  Temp   Perf          Pwr:Usage/Cap |           Memory-Usage | GPU-Util  Compute M. |
|                                         |                        |               MIG M. |
|=========================================+========================+======================|
|   0  NVIDIA H100 80GB HBM3          Off |   00000000:CB:00.0 Off |                   On |
| N/A   39C    P0            123W /  700W |     632MiB /  81559MiB |     N/A      Default |
|                                         |                        |              Enabled |
+-----------------------------------------+------------------------+----------------------+

+-----------------------------------------------------------------------------------------+
| MIG devices:                                                                            |
+------------------+----------------------------------+-----------+-----------------------+
| GPU  GI  CI  MIG |                     Memory-Usage |        Vol|        Shared         |
|      ID  ID  Dev |                       BAR1-Usage | SM     Unc| CE ENC  DEC  OFA  JPG |
|                  |                                  |        ECC|                       |
|==================+==================================+===========+=======================|
|  0    3   0   0  |              17MiB / 20096MiB    | 32      0 |  2   0    2    0    2 |
|                  |                 0MiB / 32767MiB  |           |                       |
+------------------+----------------------------------+-----------+-----------------------+
                                                                                         
+-----------------------------------------------------------------------------------------+
| Processes:                                                                              |
|  GPU   GI   CI              PID   Type   Process name                        GPU Memory |
|        ID   ID                                                               Usage      |
|=========================================================================================|
|  No running processes found                                                             |
+-----------------------------------------------------------------------------------------+
Using device: cuda:0
Model: Pyraformer, Dataset: Exchange, pred_len: 96, seq_len: 96

>>> Training...
train 5120
val 665
Model Model : total params: 7,761,536 | trainable: 7,761,536 (29.6079MB)
	iters: 100, epoch: 1 | loss: 0.0841509
	speed: 0.0313s/iter; left time: 46.9626s
Epoch: 1 cost time: 4.8s
Epoch: 1, Steps: 160 | Train Loss: 0.1496592 Vali Loss: 1.2198607
Validation loss decreased (inf --> 1.219861).  Saving model ...
Updating learning rate to 0.0001
	iters: 100, epoch: 2 | loss: 0.0600151
	speed: 0.0278s/iter; left time: 37.2575s
Epoch: 2 cost time: 4.5s
Epoch: 2, Steps: 160 | Train Loss: 0.0606673 Vali Loss: 1.0475785
Validation loss decreased (1.219861 --> 1.047578).  Saving model ...
Updating learning rate to 5e-05
	iters: 100, epoch: 3 | loss: 0.0401541
	speed: 0.0277s/iter; left time: 32.7600s
Epoch: 3 cost time: 4.4s
Epoch: 3, Steps: 160 | Train Loss: 0.0422463 Vali Loss: 1.0142093
Validation loss decreased (1.047578 --> 1.014209).  Saving model ...
Updating learning rate to 2.5e-05
	iters: 100, epoch: 4 | loss: 0.0307529
	speed: 0.0277s/iter; left time: 28.3325s
Epoch: 4 cost time: 4.5s
Epoch: 4, Steps: 160 | Train Loss: 0.0361229 Vali Loss: 1.0380315
EarlyStopping counter: 1 out of 3
Updating learning rate to 1.25e-05
	iters: 100, epoch: 5 | loss: 0.0379557
	speed: 0.0277s/iter; left time: 23.8214s
Epoch: 5 cost time: 4.4s
Epoch: 5, Steps: 160 | Train Loss: 0.0334384 Vali Loss: 1.0430813
EarlyStopping counter: 2 out of 3
Updating learning rate to 6.25e-06
	iters: 100, epoch: 6 | loss: 0.0270533
	speed: 0.0277s/iter; left time: 19.4148s
Epoch: 6 cost time: 4.4s
Epoch: 6, Steps: 160 | Train Loss: 0.0321775 Vali Loss: 1.0670011
EarlyStopping counter: 3 out of 3
Early stopping
Training time: 28.8s | Peak GPU memory: 590.2MB

>>> Testing...
test 1422
test shape: (1422, 1, 96, 8) (1422, 1, 96, 8)
test shape: (1422, 96, 8) (1422, 96, 8)
MSE: 0.614977, MAE: 0.653053
Inference: 3.04s | 1422 samples | 467.1 samples/sec
Results saved to /lustre09/project/6010289/sdmuhsin/SpectraGate/results/exchange_results.csv
========================================
Finished: Mon 09 Mar 2026 06:14:42 PM EDT
========================================
