========================================
Job: fn_PatchTST_ETTh2_96
Model: PatchTST
Dataset: ETTh2
Pred len: 96
Time limit: 4:00:00
GPU: h100_2g.20gb:1
Started: Mon 09 Mar 2026 06:12:19 PM EDT
========================================
Mon Mar  9 18:12:19 2026       
+-----------------------------------------------------------------------------------------+
| NVIDIA-SMI 570.211.01             Driver Version: 570.211.01     CUDA Version: 12.8     |
|-----------------------------------------+------------------------+----------------------+
| GPU  Name                 Persistence-M | Bus-Id          Disp.A | Volatile Uncorr. ECC |
| Fan  Temp   Perf          Pwr:Usage/Cap |           Memory-Usage | GPU-Util  Compute M. |
|                                         |                        |               MIG M. |
|=========================================+========================+======================|
|   0  NVIDIA H100 80GB HBM3          Off |   00000000:DB:00.0 Off |                   On |
| N/A   31C    P0             70W /  700W |      59MiB /  81559MiB |     N/A      Default |
|                                         |                        |              Enabled |
+-----------------------------------------+------------------------+----------------------+

+-----------------------------------------------------------------------------------------+
| MIG devices:                                                                            |
+------------------+----------------------------------+-----------+-----------------------+
| GPU  GI  CI  MIG |                     Memory-Usage |        Vol|        Shared         |
|      ID  ID  Dev |                       BAR1-Usage | SM     Unc| CE ENC  DEC  OFA  JPG |
|                  |                                  |        ECC|                       |
|==================+==================================+===========+=======================|
|  0    5   0   0  |              17MiB / 20096MiB    | 32      0 |  2   0    2    0    2 |
|                  |                 0MiB / 32767MiB  |           |                       |
+------------------+----------------------------------+-----------+-----------------------+
                                                                                         
+-----------------------------------------------------------------------------------------+
| Processes:                                                                              |
|  GPU   GI   CI              PID   Type   Process name                        GPU Memory |
|        ID   ID                                                               Usage      |
|=========================================================================================|
|  No running processes found                                                             |
+-----------------------------------------------------------------------------------------+
Using device: cuda:0
Model: PatchTST, Dataset: ETTh2, pred_len: 96, seq_len: 96

>>> Training...
train 8449
val 2785
Model Model : total params: 6,860,896 | trainable: 6,860,896 (26.1722MB)
	iters: 100, epoch: 1 | loss: 1.9901123
	speed: 0.0174s/iter; left time: 90.1695s
	iters: 200, epoch: 1 | loss: 0.7310830
	speed: 0.0159s/iter; left time: 80.8884s
Epoch: 1 cost time: 4.1s
Epoch: 1, Steps: 264 | Train Loss: 4.5928375 Vali Loss: 0.2582395
Validation loss decreased (inf --> 0.258240).  Saving model ...
Updating learning rate to 0.01
	iters: 100, epoch: 2 | loss: 0.7593836
	speed: 0.0144s/iter; left time: 70.7195s
	iters: 200, epoch: 2 | loss: 0.6614603
	speed: 0.0144s/iter; left time: 69.4242s
Epoch: 2 cost time: 3.8s
Epoch: 2, Steps: 264 | Train Loss: 0.6380150 Vali Loss: 0.3843547
EarlyStopping counter: 1 out of 6
Updating learning rate to 0.005
	iters: 100, epoch: 3 | loss: 0.4735560
	speed: 0.0144s/iter; left time: 66.8116s
	iters: 200, epoch: 3 | loss: 0.3489055
	speed: 0.0144s/iter; left time: 65.5659s
Epoch: 3 cost time: 3.8s
Epoch: 3, Steps: 264 | Train Loss: 0.5208812 Vali Loss: 0.2459065
Validation loss decreased (0.258240 --> 0.245906).  Saving model ...
Updating learning rate to 0.0025
	iters: 100, epoch: 4 | loss: 0.4458132
	speed: 0.0144s/iter; left time: 63.0579s
	iters: 200, epoch: 4 | loss: 0.5273482
	speed: 0.0144s/iter; left time: 61.7997s
Epoch: 4 cost time: 3.8s
Epoch: 4, Steps: 264 | Train Loss: 0.4730422 Vali Loss: 0.2374813
Validation loss decreased (0.245906 --> 0.237481).  Saving model ...
Updating learning rate to 0.00125
	iters: 100, epoch: 5 | loss: 0.3698035
	speed: 0.0144s/iter; left time: 59.2564s
	iters: 200, epoch: 5 | loss: 0.4691353
	speed: 0.0144s/iter; left time: 57.9957s
Epoch: 5 cost time: 3.8s
Epoch: 5, Steps: 264 | Train Loss: 0.4649751 Vali Loss: 0.2488489
EarlyStopping counter: 1 out of 6
Updating learning rate to 0.000625
	iters: 100, epoch: 6 | loss: 0.4080431
	speed: 0.0144s/iter; left time: 55.4147s
	iters: 200, epoch: 6 | loss: 0.5358419
	speed: 0.0144s/iter; left time: 54.1542s
Epoch: 6 cost time: 3.8s
Epoch: 6, Steps: 264 | Train Loss: 0.4393451 Vali Loss: 0.2305589
Validation loss decreased (0.237481 --> 0.230559).  Saving model ...
Updating learning rate to 0.0003125
	iters: 100, epoch: 7 | loss: 0.3567821
	speed: 0.0144s/iter; left time: 51.6335s
	iters: 200, epoch: 7 | loss: 0.3582302
	speed: 0.0144s/iter; left time: 50.3424s
Epoch: 7 cost time: 3.8s
Epoch: 7, Steps: 264 | Train Loss: 0.4353542 Vali Loss: 0.2318611
EarlyStopping counter: 1 out of 6
Updating learning rate to 0.00015625
	iters: 100, epoch: 8 | loss: 0.4176599
	speed: 0.0144s/iter; left time: 47.8342s
	iters: 200, epoch: 8 | loss: 0.4504594
	speed: 0.0144s/iter; left time: 46.5299s
Epoch: 8 cost time: 3.8s
Epoch: 8, Steps: 264 | Train Loss: 0.4306220 Vali Loss: 0.2283747
Validation loss decreased (0.230559 --> 0.228375).  Saving model ...
Updating learning rate to 7.8125e-05
	iters: 100, epoch: 9 | loss: 0.2027198
	speed: 0.0144s/iter; left time: 44.2475s
	iters: 200, epoch: 9 | loss: 0.4096192
	speed: 0.0144s/iter; left time: 42.8392s
Epoch: 9 cost time: 3.8s
Epoch: 9, Steps: 264 | Train Loss: 0.4277066 Vali Loss: 0.2309443
EarlyStopping counter: 1 out of 6
Updating learning rate to 3.90625e-05
	iters: 100, epoch: 10 | loss: 0.3061797
	speed: 0.0144s/iter; left time: 40.3225s
	iters: 200, epoch: 10 | loss: 0.3664754
	speed: 0.0144s/iter; left time: 39.0213s
Epoch: 10 cost time: 3.8s
Epoch: 10, Steps: 264 | Train Loss: 0.4275184 Vali Loss: 0.2302582
EarlyStopping counter: 2 out of 6
Updating learning rate to 1.953125e-05
	iters: 100, epoch: 11 | loss: 0.6355594
	speed: 0.0144s/iter; left time: 36.4774s
	iters: 200, epoch: 11 | loss: 0.3709718
	speed: 0.0144s/iter; left time: 35.1463s
Epoch: 11 cost time: 3.8s
Epoch: 11, Steps: 264 | Train Loss: 0.4263738 Vali Loss: 0.2312644
EarlyStopping counter: 3 out of 6
Updating learning rate to 9.765625e-06
	iters: 100, epoch: 12 | loss: 0.6478168
	speed: 0.0144s/iter; left time: 32.6766s
	iters: 200, epoch: 12 | loss: 0.6739818
	speed: 0.0144s/iter; left time: 31.3427s
Epoch: 12 cost time: 3.8s
Epoch: 12, Steps: 264 | Train Loss: 0.4256457 Vali Loss: 0.2296765
EarlyStopping counter: 4 out of 6
Updating learning rate to 4.8828125e-06
	iters: 100, epoch: 13 | loss: 0.1982387
	speed: 0.0144s/iter; left time: 28.8994s
	iters: 200, epoch: 13 | loss: 0.3068910
	speed: 0.0144s/iter; left time: 27.5449s
Epoch: 13 cost time: 3.8s
Epoch: 13, Steps: 264 | Train Loss: 0.4253666 Vali Loss: 0.2305517
EarlyStopping counter: 5 out of 6
Updating learning rate to 2.44140625e-06
	iters: 100, epoch: 14 | loss: 0.5939995
	speed: 0.0144s/iter; left time: 25.1112s
	iters: 200, epoch: 14 | loss: 0.3496915
	speed: 0.0144s/iter; left time: 23.7547s
Epoch: 14 cost time: 3.8s
Epoch: 14, Steps: 264 | Train Loss: 0.4251962 Vali Loss: 0.2298465
EarlyStopping counter: 6 out of 6
Early stopping
Training time: 60.4s | Peak GPU memory: 356.7MB

>>> Testing...
test 2785
test shape: (2785, 1, 96, 7) (2785, 1, 96, 7)
test shape: (2785, 96, 7) (2785, 96, 7)
MSE: 0.302437, MAE: 0.352980
Inference: 2.58s | 2785 samples | 1077.9 samples/sec
Results saved to /lustre09/project/6010289/sdmuhsin/SpectraGate/results/etth2_results.csv
========================================
Finished: Mon 09 Mar 2026 06:13:43 PM EDT
========================================
