========================================
Job: fn_PatchTST_Exchange_96
Model: PatchTST
Dataset: Exchange
Pred len: 96
Time limit: 4:00:00
GPU: h100_2g.20gb:1
Started: Mon 09 Mar 2026 06:12:19 PM EDT
========================================
Mon Mar  9 18:12:19 2026       
+-----------------------------------------------------------------------------------------+
| NVIDIA-SMI 570.211.01             Driver Version: 570.211.01     CUDA Version: 12.8     |
|-----------------------------------------+------------------------+----------------------+
| GPU  Name                 Persistence-M | Bus-Id          Disp.A | Volatile Uncorr. ECC |
| Fan  Temp   Perf          Pwr:Usage/Cap |           Memory-Usage | GPU-Util  Compute M. |
|                                         |                        |               MIG M. |
|=========================================+========================+======================|
|   0  NVIDIA H100 80GB HBM3          Off |   00000000:CB:00.0 Off |                   On |
| N/A   31C    P0             74W /  700W |      59MiB /  81559MiB |     N/A      Default |
|                                         |                        |              Enabled |
+-----------------------------------------+------------------------+----------------------+

+-----------------------------------------------------------------------------------------+
| MIG devices:                                                                            |
+------------------+----------------------------------+-----------+-----------------------+
| GPU  GI  CI  MIG |                     Memory-Usage |        Vol|        Shared         |
|      ID  ID  Dev |                       BAR1-Usage | SM     Unc| CE ENC  DEC  OFA  JPG |
|                  |                                  |        ECC|                       |
|==================+==================================+===========+=======================|
|  0    3   0   0  |              17MiB / 20096MiB    | 32      0 |  2   0    2    0    2 |
|                  |                 0MiB / 32767MiB  |           |                       |
+------------------+----------------------------------+-----------+-----------------------+
                                                                                         
+-----------------------------------------------------------------------------------------+
| Processes:                                                                              |
|  GPU   GI   CI              PID   Type   Process name                        GPU Memory |
|        ID   ID                                                               Usage      |
|=========================================================================================|
|  No running processes found                                                             |
+-----------------------------------------------------------------------------------------+
Using device: cuda:0
Model: PatchTST, Dataset: Exchange, pred_len: 96, seq_len: 96

>>> Training...
train 5120
val 665
Model Model : total params: 6,860,896 | trainable: 6,860,896 (26.1722MB)
	iters: 100, epoch: 1 | loss: 0.1033879
	speed: 0.0193s/iter; left time: 59.8932s
Epoch: 1 cost time: 2.9s
Epoch: 1, Steps: 160 | Train Loss: 1.2176744 Vali Loss: 0.1889907
Validation loss decreased (inf --> 0.188991).  Saving model ...
Updating learning rate to 0.01
	iters: 100, epoch: 2 | loss: 0.1914489
	speed: 0.0163s/iter; left time: 47.9639s
Epoch: 2 cost time: 2.6s
Epoch: 2, Steps: 160 | Train Loss: 0.1660769 Vali Loss: 0.1688964
Validation loss decreased (0.188991 --> 0.168896).  Saving model ...
Updating learning rate to 0.005
	iters: 100, epoch: 3 | loss: 0.0745321
	speed: 0.0163s/iter; left time: 45.3203s
Epoch: 3 cost time: 2.6s
Epoch: 3, Steps: 160 | Train Loss: 0.1473106 Vali Loss: 0.1806255
EarlyStopping counter: 1 out of 6
Updating learning rate to 0.0025
	iters: 100, epoch: 4 | loss: 0.1310612
	speed: 0.0163s/iter; left time: 42.7624s
Epoch: 4 cost time: 2.6s
Epoch: 4, Steps: 160 | Train Loss: 0.1413104 Vali Loss: 0.1478412
Validation loss decreased (0.168896 --> 0.147841).  Saving model ...
Updating learning rate to 0.00125
	iters: 100, epoch: 5 | loss: 0.0816270
	speed: 0.0163s/iter; left time: 40.1038s
Epoch: 5 cost time: 2.6s
Epoch: 5, Steps: 160 | Train Loss: 0.1379185 Vali Loss: 0.1637712
EarlyStopping counter: 1 out of 6
Updating learning rate to 0.000625
	iters: 100, epoch: 6 | loss: 0.1563375
	speed: 0.0163s/iter; left time: 37.4722s
Epoch: 6 cost time: 2.6s
Epoch: 6, Steps: 160 | Train Loss: 0.1361490 Vali Loss: 0.1442087
Validation loss decreased (0.147841 --> 0.144209).  Saving model ...
Updating learning rate to 0.0003125
	iters: 100, epoch: 7 | loss: 0.1452499
	speed: 0.0163s/iter; left time: 34.8870s
Epoch: 7 cost time: 2.6s
Epoch: 7, Steps: 160 | Train Loss: 0.1349518 Vali Loss: 0.1507445
EarlyStopping counter: 1 out of 6
Updating learning rate to 0.00015625
	iters: 100, epoch: 8 | loss: 0.1403614
	speed: 0.0163s/iter; left time: 32.2578s
Epoch: 8 cost time: 2.6s
Epoch: 8, Steps: 160 | Train Loss: 0.1343636 Vali Loss: 0.1513890
EarlyStopping counter: 2 out of 6
Updating learning rate to 7.8125e-05
	iters: 100, epoch: 9 | loss: 0.1629388
	speed: 0.0163s/iter; left time: 29.6495s
Epoch: 9 cost time: 2.6s
Epoch: 9, Steps: 160 | Train Loss: 0.1338623 Vali Loss: 0.1495228
EarlyStopping counter: 3 out of 6
Updating learning rate to 3.90625e-05
	iters: 100, epoch: 10 | loss: 0.1219688
	speed: 0.0163s/iter; left time: 27.0833s
Epoch: 10 cost time: 2.6s
Epoch: 10, Steps: 160 | Train Loss: 0.1337817 Vali Loss: 0.1473478
EarlyStopping counter: 4 out of 6
Updating learning rate to 1.953125e-05
	iters: 100, epoch: 11 | loss: 0.1081985
	speed: 0.0163s/iter; left time: 24.4438s
Epoch: 11 cost time: 2.6s
Epoch: 11, Steps: 160 | Train Loss: 0.1336883 Vali Loss: 0.1481519
EarlyStopping counter: 5 out of 6
Updating learning rate to 9.765625e-06
	iters: 100, epoch: 12 | loss: 0.1163729
	speed: 0.0163s/iter; left time: 21.8331s
Epoch: 12 cost time: 2.6s
Epoch: 12, Steps: 160 | Train Loss: 0.1335848 Vali Loss: 0.1480776
EarlyStopping counter: 6 out of 6
Early stopping
Training time: 33.4s | Peak GPU memory: 379.8MB

>>> Testing...
test 1422
test shape: (1422, 1, 96, 8) (1422, 1, 96, 8)
test shape: (1422, 96, 8) (1422, 96, 8)
MSE: 0.103659, MAE: 0.227044
Inference: 1.33s | 1422 samples | 1071.8 samples/sec
Results saved to /lustre09/project/6010289/sdmuhsin/SpectraGate/results/exchange_results.csv
========================================
Finished: Mon 09 Mar 2026 06:13:15 PM EDT
========================================
