========================================
Job: fn_PatchTST_ETTm1_96
Model: PatchTST
Dataset: ETTm1
Pred len: 96
Time limit: 8:00:00
GPU: h100_2g.20gb:1
Started: Mon 09 Mar 2026 06:12:19 PM EDT
========================================
Mon Mar  9 18:12:19 2026       
+-----------------------------------------------------------------------------------------+
| NVIDIA-SMI 570.211.01             Driver Version: 570.211.01     CUDA Version: 12.8     |
|-----------------------------------------+------------------------+----------------------+
| GPU  Name                 Persistence-M | Bus-Id          Disp.A | Volatile Uncorr. ECC |
| Fan  Temp   Perf          Pwr:Usage/Cap |           Memory-Usage | GPU-Util  Compute M. |
|                                         |                        |               MIG M. |
|=========================================+========================+======================|
|   0  NVIDIA H100 80GB HBM3          Off |   00000000:4E:00.0 Off |                   On |
| N/A   28C    P0             68W /  700W |      59MiB /  81559MiB |     N/A      Default |
|                                         |                        |              Enabled |
+-----------------------------------------+------------------------+----------------------+

+-----------------------------------------------------------------------------------------+
| MIG devices:                                                                            |
+------------------+----------------------------------+-----------+-----------------------+
| GPU  GI  CI  MIG |                     Memory-Usage |        Vol|        Shared         |
|      ID  ID  Dev |                       BAR1-Usage | SM     Unc| CE ENC  DEC  OFA  JPG |
|                  |                                  |        ECC|                       |
|==================+==================================+===========+=======================|
|  0    3   0   0  |              17MiB / 20096MiB    | 32      0 |  2   0    2    0    2 |
|                  |                 0MiB / 32767MiB  |           |                       |
+------------------+----------------------------------+-----------+-----------------------+
                                                                                         
+-----------------------------------------------------------------------------------------+
| Processes:                                                                              |
|  GPU   GI   CI              PID   Type   Process name                        GPU Memory |
|        ID   ID                                                               Usage      |
|=========================================================================================|
|  No running processes found                                                             |
+-----------------------------------------------------------------------------------------+
Using device: cuda:0
Model: PatchTST, Dataset: ETTm1, pred_len: 96, seq_len: 96

>>> Training...
train 34369
val 11425
Model Model : total params: 6,860,896 | trainable: 6,860,896 (26.1722MB)
	iters: 100, epoch: 1 | loss: 0.4635121
	speed: 0.0179s/iter; left time: 382.4790s
	iters: 200, epoch: 1 | loss: 0.5004310
	speed: 0.0161s/iter; left time: 343.6024s
	iters: 300, epoch: 1 | loss: 0.4607839
	speed: 0.0156s/iter; left time: 329.7076s
	iters: 400, epoch: 1 | loss: 0.4952147
	speed: 0.0153s/iter; left time: 321.9492s
	iters: 500, epoch: 1 | loss: 0.5284500
	speed: 0.0151s/iter; left time: 316.7628s
	iters: 600, epoch: 1 | loss: 0.5815998
	speed: 0.0150s/iter; left time: 312.8069s
	iters: 700, epoch: 1 | loss: 0.9321561
	speed: 0.0149s/iter; left time: 309.5220s
	iters: 800, epoch: 1 | loss: 0.5698061
	speed: 0.0148s/iter; left time: 306.6923s
	iters: 900, epoch: 1 | loss: 0.5776554
	speed: 0.0148s/iter; left time: 304.2020s
	iters: 1000, epoch: 1 | loss: 0.3993331
	speed: 0.0147s/iter; left time: 301.9504s
Epoch: 1 cost time: 15.8s
Epoch: 1, Steps: 1074 | Train Loss: 1.2761910 Vali Loss: 0.7474117
Validation loss decreased (inf --> 0.747412).  Saving model ...
Updating learning rate to 0.01
	iters: 100, epoch: 2 | loss: 0.5601368
	speed: 0.0143s/iter; left time: 291.3396s
	iters: 200, epoch: 2 | loss: 0.4302919
	speed: 0.0144s/iter; left time: 290.3018s
	iters: 300, epoch: 2 | loss: 0.3762932
	speed: 0.0144s/iter; left time: 289.0079s
	iters: 400, epoch: 2 | loss: 0.3746686
	speed: 0.0144s/iter; left time: 287.6916s
	iters: 500, epoch: 2 | loss: 0.4538775
	speed: 0.0144s/iter; left time: 286.2552s
	iters: 600, epoch: 2 | loss: 0.3583115
	speed: 0.0144s/iter; left time: 284.8549s
	iters: 700, epoch: 2 | loss: 0.3710582
	speed: 0.0144s/iter; left time: 283.4518s
	iters: 800, epoch: 2 | loss: 0.3565203
	speed: 0.0144s/iter; left time: 282.0208s
	iters: 900, epoch: 2 | loss: 0.3475116
	speed: 0.0144s/iter; left time: 280.6008s
	iters: 1000, epoch: 2 | loss: 0.4108385
	speed: 0.0144s/iter; left time: 279.1754s
Epoch: 2 cost time: 15.5s
Epoch: 2, Steps: 1074 | Train Loss: 0.4137176 Vali Loss: 0.4949362
Validation loss decreased (0.747412 --> 0.494936).  Saving model ...
Updating learning rate to 0.005
	iters: 100, epoch: 3 | loss: 0.3649683
	speed: 0.0143s/iter; left time: 275.5775s
	iters: 200, epoch: 3 | loss: 0.4262473
	speed: 0.0144s/iter; left time: 274.8540s
	iters: 300, epoch: 3 | loss: 0.3794662
	speed: 0.0144s/iter; left time: 273.6680s
	iters: 400, epoch: 3 | loss: 0.3992701
	speed: 0.0144s/iter; left time: 272.2765s
	iters: 500, epoch: 3 | loss: 0.4086089
	speed: 0.0144s/iter; left time: 270.8225s
	iters: 600, epoch: 3 | loss: 0.3575540
	speed: 0.0144s/iter; left time: 269.4092s
	iters: 700, epoch: 3 | loss: 0.3392400
	speed: 0.0144s/iter; left time: 267.9974s
	iters: 800, epoch: 3 | loss: 0.3540862
	speed: 0.0144s/iter; left time: 266.5584s
	iters: 900, epoch: 3 | loss: 0.3418143
	speed: 0.0144s/iter; left time: 265.2436s
	iters: 1000, epoch: 3 | loss: 0.3256178
	speed: 0.0144s/iter; left time: 263.8416s
Epoch: 3 cost time: 15.5s
Epoch: 3, Steps: 1074 | Train Loss: 0.3604837 Vali Loss: 0.4592912
Validation loss decreased (0.494936 --> 0.459291).  Saving model ...
Updating learning rate to 0.0025
	iters: 100, epoch: 4 | loss: 0.3171360
	speed: 0.0143s/iter; left time: 260.1672s
	iters: 200, epoch: 4 | loss: 0.3093608
	speed: 0.0144s/iter; left time: 259.2884s
	iters: 300, epoch: 4 | loss: 0.3311603
	speed: 0.0144s/iter; left time: 258.0891s
	iters: 400, epoch: 4 | loss: 0.3996632
	speed: 0.0144s/iter; left time: 256.7588s
	iters: 500, epoch: 4 | loss: 0.3288894
	speed: 0.0144s/iter; left time: 255.4204s
	iters: 600, epoch: 4 | loss: 0.2982519
	speed: 0.0144s/iter; left time: 254.0418s
	iters: 700, epoch: 4 | loss: 0.3000928
	speed: 0.0144s/iter; left time: 252.6792s
	iters: 800, epoch: 4 | loss: 0.4292257
	speed: 0.0144s/iter; left time: 251.2210s
	iters: 900, epoch: 4 | loss: 0.3208302
	speed: 0.0144s/iter; left time: 249.7998s
	iters: 1000, epoch: 4 | loss: 0.3158876
	speed: 0.0144s/iter; left time: 248.3879s
Epoch: 4 cost time: 15.5s
Epoch: 4, Steps: 1074 | Train Loss: 0.3459355 Vali Loss: 0.4429331
Validation loss decreased (0.459291 --> 0.442933).  Saving model ...
Updating learning rate to 0.00125
	iters: 100, epoch: 5 | loss: 0.2848264
	speed: 0.0143s/iter; left time: 244.6866s
	iters: 200, epoch: 5 | loss: 0.3525229
	speed: 0.0144s/iter; left time: 243.7972s
	iters: 300, epoch: 5 | loss: 0.3544954
	speed: 0.0144s/iter; left time: 242.5778s
	iters: 400, epoch: 5 | loss: 0.3766938
	speed: 0.0144s/iter; left time: 241.3609s
	iters: 500, epoch: 5 | loss: 0.3242404
	speed: 0.0144s/iter; left time: 239.9808s
	iters: 600, epoch: 5 | loss: 0.4193777
	speed: 0.0144s/iter; left time: 238.6339s
	iters: 700, epoch: 5 | loss: 0.3813429
	speed: 0.0144s/iter; left time: 237.2161s
	iters: 800, epoch: 5 | loss: 0.2798684
	speed: 0.0144s/iter; left time: 235.7972s
	iters: 900, epoch: 5 | loss: 0.3186823
	speed: 0.0144s/iter; left time: 234.3381s
	iters: 1000, epoch: 5 | loss: 0.3285423
	speed: 0.0144s/iter; left time: 232.8999s
Epoch: 5 cost time: 15.5s
Epoch: 5, Steps: 1074 | Train Loss: 0.3410616 Vali Loss: 0.4320008
Validation loss decreased (0.442933 --> 0.432001).  Saving model ...
Updating learning rate to 0.000625
	iters: 100, epoch: 6 | loss: 0.3513308
	speed: 0.0143s/iter; left time: 229.3136s
	iters: 200, epoch: 6 | loss: 0.3799278
	speed: 0.0144s/iter; left time: 228.4747s
	iters: 300, epoch: 6 | loss: 0.3712134
	speed: 0.0144s/iter; left time: 227.3273s
	iters: 400, epoch: 6 | loss: 0.3773230
	speed: 0.0144s/iter; left time: 226.0710s
	iters: 500, epoch: 6 | loss: 0.3288586
	speed: 0.0144s/iter; left time: 224.6350s
	iters: 600, epoch: 6 | loss: 0.3324773
	speed: 0.0144s/iter; left time: 223.2166s
	iters: 700, epoch: 6 | loss: 0.3551042
	speed: 0.0144s/iter; left time: 221.7887s
	iters: 800, epoch: 6 | loss: 0.3342633
	speed: 0.0144s/iter; left time: 220.3756s
	iters: 900, epoch: 6 | loss: 0.3636386
	speed: 0.0144s/iter; left time: 218.9477s
	iters: 1000, epoch: 6 | loss: 0.3254572
	speed: 0.0144s/iter; left time: 217.5141s
Epoch: 6 cost time: 15.5s
Epoch: 6, Steps: 1074 | Train Loss: 0.3355947 Vali Loss: 0.4255760
Validation loss decreased (0.432001 --> 0.425576).  Saving model ...
Updating learning rate to 0.0003125
	iters: 100, epoch: 7 | loss: 0.3135620
	speed: 0.0143s/iter; left time: 213.9762s
	iters: 200, epoch: 7 | loss: 0.2920972
	speed: 0.0144s/iter; left time: 212.9951s
	iters: 300, epoch: 7 | loss: 0.3605514
	speed: 0.0144s/iter; left time: 211.7073s
	iters: 400, epoch: 7 | loss: 0.3179745
	speed: 0.0144s/iter; left time: 210.4094s
	iters: 500, epoch: 7 | loss: 0.4040112
	speed: 0.0144s/iter; left time: 209.0072s
	iters: 600, epoch: 7 | loss: 0.3215731
	speed: 0.0144s/iter; left time: 207.5725s
	iters: 700, epoch: 7 | loss: 0.2828766
	speed: 0.0144s/iter; left time: 206.1573s
	iters: 800, epoch: 7 | loss: 0.3376979
	speed: 0.0144s/iter; left time: 204.7296s
	iters: 900, epoch: 7 | loss: 0.3491137
	speed: 0.0144s/iter; left time: 203.2927s
	iters: 1000, epoch: 7 | loss: 0.3225543
	speed: 0.0144s/iter; left time: 201.8611s
Epoch: 7 cost time: 15.4s
Epoch: 7, Steps: 1074 | Train Loss: 0.3328766 Vali Loss: 0.4404435
EarlyStopping counter: 1 out of 6
Updating learning rate to 0.00015625
	iters: 100, epoch: 8 | loss: 0.3015842
	speed: 0.0143s/iter; left time: 198.5275s
	iters: 200, epoch: 8 | loss: 0.3354802
	speed: 0.0144s/iter; left time: 197.5664s
	iters: 300, epoch: 8 | loss: 0.3668300
	speed: 0.0144s/iter; left time: 196.3164s
	iters: 400, epoch: 8 | loss: 0.2840685
	speed: 0.0144s/iter; left time: 194.9572s
	iters: 500, epoch: 8 | loss: 0.3354055
	speed: 0.0144s/iter; left time: 193.6211s
	iters: 600, epoch: 8 | loss: 0.3399652
	speed: 0.0144s/iter; left time: 192.2179s
	iters: 700, epoch: 8 | loss: 0.3512004
	speed: 0.0144s/iter; left time: 190.7882s
	iters: 800, epoch: 8 | loss: 0.3411873
	speed: 0.0144s/iter; left time: 189.3659s
	iters: 900, epoch: 8 | loss: 0.3750408
	speed: 0.0144s/iter; left time: 187.9482s
	iters: 1000, epoch: 8 | loss: 0.3272578
	speed: 0.0144s/iter; left time: 186.5398s
Epoch: 8 cost time: 15.5s
Epoch: 8, Steps: 1074 | Train Loss: 0.3317976 Vali Loss: 0.4308529
EarlyStopping counter: 2 out of 6
Updating learning rate to 7.8125e-05
	iters: 100, epoch: 9 | loss: 0.3497461
	speed: 0.0143s/iter; left time: 183.4334s
	iters: 200, epoch: 9 | loss: 0.3794405
	speed: 0.0144s/iter; left time: 182.2967s
	iters: 300, epoch: 9 | loss: 0.3373642
	speed: 0.0144s/iter; left time: 180.9753s
	iters: 400, epoch: 9 | loss: 0.4277030
	speed: 0.0144s/iter; left time: 179.5847s
	iters: 500, epoch: 9 | loss: 0.3893604
	speed: 0.0144s/iter; left time: 178.1657s
	iters: 600, epoch: 9 | loss: 0.3256437
	speed: 0.0144s/iter; left time: 176.7250s
	iters: 700, epoch: 9 | loss: 0.3177422
	speed: 0.0144s/iter; left time: 175.2936s
	iters: 800, epoch: 9 | loss: 0.3876408
	speed: 0.0144s/iter; left time: 173.8767s
	iters: 900, epoch: 9 | loss: 0.3522348
	speed: 0.0144s/iter; left time: 172.4613s
	iters: 1000, epoch: 9 | loss: 0.3654791
	speed: 0.0144s/iter; left time: 171.0375s
Epoch: 9 cost time: 15.5s
Epoch: 9, Steps: 1074 | Train Loss: 0.3304117 Vali Loss: 0.4258234
EarlyStopping counter: 3 out of 6
Updating learning rate to 3.90625e-05
	iters: 100, epoch: 10 | loss: 0.3395603
	speed: 0.0143s/iter; left time: 167.8633s
	iters: 200, epoch: 10 | loss: 0.3022325
	speed: 0.0144s/iter; left time: 166.9211s
	iters: 300, epoch: 10 | loss: 0.2956415
	speed: 0.0144s/iter; left time: 165.5683s
	iters: 400, epoch: 10 | loss: 0.3225986
	speed: 0.0144s/iter; left time: 164.2048s
	iters: 500, epoch: 10 | loss: 0.2983874
	speed: 0.0144s/iter; left time: 162.8361s
	iters: 600, epoch: 10 | loss: 0.3368500
	speed: 0.0144s/iter; left time: 161.3940s
	iters: 700, epoch: 10 | loss: 0.3324260
	speed: 0.0144s/iter; left time: 159.9556s
	iters: 800, epoch: 10 | loss: 0.3467756
	speed: 0.0144s/iter; left time: 158.5261s
	iters: 900, epoch: 10 | loss: 0.3042170
	speed: 0.0144s/iter; left time: 157.0848s
	iters: 1000, epoch: 10 | loss: 0.3176993
	speed: 0.0144s/iter; left time: 155.6393s
Epoch: 10 cost time: 15.5s
Epoch: 10, Steps: 1074 | Train Loss: 0.3297767 Vali Loss: 0.4262491
EarlyStopping counter: 4 out of 6
Updating learning rate to 1.953125e-05
	iters: 100, epoch: 11 | loss: 0.3527144
	speed: 0.0143s/iter; left time: 152.3021s
	iters: 200, epoch: 11 | loss: 0.2744778
	speed: 0.0144s/iter; left time: 151.3039s
	iters: 300, epoch: 11 | loss: 0.3348600
	speed: 0.0144s/iter; left time: 149.9604s
	iters: 400, epoch: 11 | loss: 0.3183085
	speed: 0.0144s/iter; left time: 148.5767s
	iters: 500, epoch: 11 | loss: 0.3493773
	speed: 0.0144s/iter; left time: 147.1799s
	iters: 600, epoch: 11 | loss: 0.3173255
	speed: 0.0144s/iter; left time: 145.7664s
	iters: 700, epoch: 11 | loss: 0.2794782
	speed: 0.0144s/iter; left time: 144.3402s
	iters: 800, epoch: 11 | loss: 0.3552162
	speed: 0.0144s/iter; left time: 142.9231s
	iters: 900, epoch: 11 | loss: 0.2816375
	speed: 0.0144s/iter; left time: 141.4900s
	iters: 1000, epoch: 11 | loss: 0.3491937
	speed: 0.0144s/iter; left time: 140.0612s
Epoch: 11 cost time: 15.4s
Epoch: 11, Steps: 1074 | Train Loss: 0.3293002 Vali Loss: 0.4246670
Validation loss decreased (0.425576 --> 0.424667).  Saving model ...
Updating learning rate to 9.765625e-06
	iters: 100, epoch: 12 | loss: 0.3000751
	speed: 0.0143s/iter; left time: 136.9917s
	iters: 200, epoch: 12 | loss: 0.3567337
	speed: 0.0144s/iter; left time: 135.9169s
	iters: 300, epoch: 12 | loss: 0.3188145
	speed: 0.0144s/iter; left time: 134.5731s
	iters: 400, epoch: 12 | loss: 0.3034297
	speed: 0.0144s/iter; left time: 133.2239s
	iters: 500, epoch: 12 | loss: 0.2862414
	speed: 0.0144s/iter; left time: 131.8024s
	iters: 600, epoch: 12 | loss: 0.3580300
	speed: 0.0144s/iter; left time: 130.3754s
	iters: 700, epoch: 12 | loss: 0.3491728
	speed: 0.0144s/iter; left time: 128.9813s
	iters: 800, epoch: 12 | loss: 0.2835076
	speed: 0.0144s/iter; left time: 127.5594s
	iters: 900, epoch: 12 | loss: 0.3197919
	speed: 0.0144s/iter; left time: 126.1321s
	iters: 1000, epoch: 12 | loss: 0.3448564
	speed: 0.0144s/iter; left time: 124.7198s
Epoch: 12 cost time: 15.5s
Epoch: 12, Steps: 1074 | Train Loss: 0.3290213 Vali Loss: 0.4251745
EarlyStopping counter: 1 out of 6
Updating learning rate to 4.8828125e-06
	iters: 100, epoch: 13 | loss: 0.3314575
	speed: 0.0143s/iter; left time: 121.6429s
	iters: 200, epoch: 13 | loss: 0.3282266
	speed: 0.0144s/iter; left time: 120.4853s
	iters: 300, epoch: 13 | loss: 0.3057817
	speed: 0.0144s/iter; left time: 119.1048s
	iters: 400, epoch: 13 | loss: 0.3771974
	speed: 0.0144s/iter; left time: 117.7211s
	iters: 500, epoch: 13 | loss: 0.3356747
	speed: 0.0144s/iter; left time: 116.3098s
	iters: 600, epoch: 13 | loss: 0.2511360
	speed: 0.0144s/iter; left time: 114.9002s
	iters: 700, epoch: 13 | loss: 0.3276331
	speed: 0.0144s/iter; left time: 113.4810s
	iters: 800, epoch: 13 | loss: 0.2764423
	speed: 0.0144s/iter; left time: 112.0713s
	iters: 900, epoch: 13 | loss: 0.3879249
	speed: 0.0144s/iter; left time: 110.6407s
	iters: 1000, epoch: 13 | loss: 0.3013806
	speed: 0.0144s/iter; left time: 109.2125s
Epoch: 13 cost time: 15.5s
Epoch: 13, Steps: 1074 | Train Loss: 0.3288101 Vali Loss: 0.4263130
EarlyStopping counter: 2 out of 6
Updating learning rate to 2.44140625e-06
	iters: 100, epoch: 14 | loss: 0.3915189
	speed: 0.0143s/iter; left time: 106.2315s
	iters: 200, epoch: 14 | loss: 0.3193906
	speed: 0.0144s/iter; left time: 105.1235s
	iters: 300, epoch: 14 | loss: 0.2652674
	speed: 0.0144s/iter; left time: 103.7406s
	iters: 400, epoch: 14 | loss: 0.3038639
	speed: 0.0144s/iter; left time: 102.3663s
	iters: 500, epoch: 14 | loss: 0.3086930
	speed: 0.0144s/iter; left time: 100.9466s
	iters: 600, epoch: 14 | loss: 0.3342886
	speed: 0.0144s/iter; left time: 99.5311s
	iters: 700, epoch: 14 | loss: 0.2901435
	speed: 0.0144s/iter; left time: 98.1005s
	iters: 800, epoch: 14 | loss: 0.3501486
	speed: 0.0144s/iter; left time: 96.6555s
	iters: 900, epoch: 14 | loss: 0.3804648
	speed: 0.0144s/iter; left time: 95.2177s
	iters: 1000, epoch: 14 | loss: 0.3234439
	speed: 0.0144s/iter; left time: 93.7790s
Epoch: 14 cost time: 15.5s
Epoch: 14, Steps: 1074 | Train Loss: 0.3287220 Vali Loss: 0.4262879
EarlyStopping counter: 3 out of 6
Updating learning rate to 1.220703125e-06
	iters: 100, epoch: 15 | loss: 0.3923893
	speed: 0.0143s/iter; left time: 90.7114s
	iters: 200, epoch: 15 | loss: 0.4055081
	speed: 0.0143s/iter; left time: 89.5725s
	iters: 300, epoch: 15 | loss: 0.2966308
	speed: 0.0144s/iter; left time: 88.2151s
	iters: 400, epoch: 15 | loss: 0.3208180
	speed: 0.0144s/iter; left time: 86.8284s
	iters: 500, epoch: 15 | loss: 0.3014733
	speed: 0.0144s/iter; left time: 85.4250s
	iters: 600, epoch: 15 | loss: 0.2691824
	speed: 0.0144s/iter; left time: 83.9945s
	iters: 700, epoch: 15 | loss: 0.3384939
	speed: 0.0144s/iter; left time: 82.5761s
	iters: 800, epoch: 15 | loss: 0.3401431
	speed: 0.0144s/iter; left time: 81.1469s
	iters: 900, epoch: 15 | loss: 0.4095276
	speed: 0.0144s/iter; left time: 79.7533s
	iters: 1000, epoch: 15 | loss: 0.3306152
	speed: 0.0144s/iter; left time: 78.3440s
Epoch: 15 cost time: 15.5s
Epoch: 15, Steps: 1074 | Train Loss: 0.3286586 Vali Loss: 0.4260790
EarlyStopping counter: 4 out of 6
Updating learning rate to 6.103515625e-07
	iters: 100, epoch: 16 | loss: 0.3215646
	speed: 0.0143s/iter; left time: 75.4620s
	iters: 200, epoch: 16 | loss: 0.2977256
	speed: 0.0144s/iter; left time: 74.2470s
	iters: 300, epoch: 16 | loss: 0.3350957
	speed: 0.0144s/iter; left time: 72.8693s
	iters: 400, epoch: 16 | loss: 0.3665821
	speed: 0.0144s/iter; left time: 71.4487s
	iters: 500, epoch: 16 | loss: 0.2931969
	speed: 0.0144s/iter; left time: 70.0343s
	iters: 600, epoch: 16 | loss: 0.3198589
	speed: 0.0144s/iter; left time: 68.6058s
	iters: 700, epoch: 16 | loss: 0.2740347
	speed: 0.0144s/iter; left time: 67.1789s
	iters: 800, epoch: 16 | loss: 0.2950081
	speed: 0.0144s/iter; left time: 65.7401s
	iters: 900, epoch: 16 | loss: 0.2418160
	speed: 0.0144s/iter; left time: 64.3128s
	iters: 1000, epoch: 16 | loss: 0.3390194
	speed: 0.0144s/iter; left time: 62.8730s
Epoch: 16 cost time: 15.5s
Epoch: 16, Steps: 1074 | Train Loss: 0.3286109 Vali Loss: 0.4259483
EarlyStopping counter: 5 out of 6
Updating learning rate to 3.0517578125e-07
	iters: 100, epoch: 17 | loss: 0.3802021
	speed: 0.0143s/iter; left time: 60.0627s
	iters: 200, epoch: 17 | loss: 0.3234929
	speed: 0.0143s/iter; left time: 58.7911s
	iters: 300, epoch: 17 | loss: 0.3742271
	speed: 0.0144s/iter; left time: 57.4051s
	iters: 400, epoch: 17 | loss: 0.2928721
	speed: 0.0144s/iter; left time: 56.0017s
	iters: 500, epoch: 17 | loss: 0.3858198
	speed: 0.0144s/iter; left time: 54.5823s
	iters: 600, epoch: 17 | loss: 0.3834874
	speed: 0.0144s/iter; left time: 53.1483s
	iters: 700, epoch: 17 | loss: 0.3190460
	speed: 0.0144s/iter; left time: 51.7231s
	iters: 800, epoch: 17 | loss: 0.3438166
	speed: 0.0144s/iter; left time: 50.2849s
	iters: 900, epoch: 17 | loss: 0.3086935
	speed: 0.0144s/iter; left time: 48.8458s
	iters: 1000, epoch: 17 | loss: 0.2899125
	speed: 0.0144s/iter; left time: 47.4101s
Epoch: 17 cost time: 15.4s
Epoch: 17, Steps: 1074 | Train Loss: 0.3286000 Vali Loss: 0.4260014
EarlyStopping counter: 6 out of 6
Early stopping
Training time: 296.0s | Peak GPU memory: 356.7MB

>>> Testing...
test 11425
test shape: (11425, 1, 96, 7) (11425, 1, 96, 7)
test shape: (11425, 96, 7) (11425, 96, 7)
MSE: 0.362367, MAE: 0.385316
Inference: 10.59s | 11425 samples | 1078.6 samples/sec
Results saved to /lustre09/project/6010289/sdmuhsin/SpectraGate/results/ettm1_results.csv
========================================
Finished: Mon 09 Mar 2026 06:17:47 PM EDT
========================================
