========================================
Job: fn_PaiFilter_ETTh2_96
Model: PaiFilter
Dataset: ETTh2
Pred len: 96
Time limit: 4:00:00
GPU: h100_2g.20gb:1
Started: Mon 09 Mar 2026 06:12:19 PM EDT
========================================
Mon Mar  9 18:12:19 2026       
+-----------------------------------------------------------------------------------------+
| NVIDIA-SMI 570.211.01             Driver Version: 570.211.01     CUDA Version: 12.8     |
|-----------------------------------------+------------------------+----------------------+
| GPU  Name                 Persistence-M | Bus-Id          Disp.A | Volatile Uncorr. ECC |
| Fan  Temp   Perf          Pwr:Usage/Cap |           Memory-Usage | GPU-Util  Compute M. |
|                                         |                        |               MIG M. |
|=========================================+========================+======================|
|   0  NVIDIA H100 80GB HBM3          Off |   00000000:DB:00.0 Off |                   On |
| N/A   33C    P0             70W /  700W |      59MiB /  81559MiB |     N/A      Default |
|                                         |                        |              Enabled |
+-----------------------------------------+------------------------+----------------------+

+-----------------------------------------------------------------------------------------+
| MIG devices:                                                                            |
+------------------+----------------------------------+-----------+-----------------------+
| GPU  GI  CI  MIG |                     Memory-Usage |        Vol|        Shared         |
|      ID  ID  Dev |                       BAR1-Usage | SM     Unc| CE ENC  DEC  OFA  JPG |
|                  |                                  |        ECC|                       |
|==================+==================================+===========+=======================|
|  0    3   0   0  |              17MiB / 20096MiB    | 32      0 |  2   0    2    0    2 |
|                  |                 0MiB / 32767MiB  |           |                       |
+------------------+----------------------------------+-----------+-----------------------+
                                                                                         
+-----------------------------------------------------------------------------------------+
| Processes:                                                                              |
|  GPU   GI   CI              PID   Type   Process name                        GPU Memory |
|        ID   ID                                                               Usage      |
|=========================================================================================|
|  No running processes found                                                             |
+-----------------------------------------------------------------------------------------+
Using device: cuda:0
Model: PaiFilter, Dataset: ETTh2, pred_len: 96, seq_len: 96

>>> Training...
train 8449
val 2785
Model Model : total params: 49,614 | trainable: 49,614 (0.1893MB)
	iters: 100, epoch: 1 | loss: 0.9487612
	speed: 0.0037s/iter; left time: 29.0307s
	iters: 200, epoch: 1 | loss: 0.2992699
	speed: 0.0027s/iter; left time: 21.0032s
	iters: 300, epoch: 1 | loss: 0.2530123
	speed: 0.0024s/iter; left time: 18.1842s
	iters: 400, epoch: 1 | loss: 0.3464731
	speed: 0.0022s/iter; left time: 16.7256s
	iters: 500, epoch: 1 | loss: 0.9790571
	speed: 0.0021s/iter; left time: 15.7708s
Epoch: 1 cost time: 1.1s
Epoch: 1, Steps: 528 | Train Loss: 0.4420134 Vali Loss: 0.2479106
Validation loss decreased (inf --> 0.247911).  Saving model ...
Updating learning rate to 0.005
	iters: 100, epoch: 2 | loss: 0.2323785
	speed: 0.0017s/iter; left time: 12.6977s
	iters: 200, epoch: 2 | loss: 0.3317349
	speed: 0.0017s/iter; left time: 12.4372s
	iters: 300, epoch: 2 | loss: 0.1953066
	speed: 0.0017s/iter; left time: 12.3131s
	iters: 400, epoch: 2 | loss: 0.2943672
	speed: 0.0017s/iter; left time: 12.1410s
	iters: 500, epoch: 2 | loss: 0.4753636
	speed: 0.0017s/iter; left time: 11.9548s
Epoch: 2 cost time: 0.9s
Epoch: 2, Steps: 528 | Train Loss: 0.4018101 Vali Loss: 0.2244967
Validation loss decreased (0.247911 --> 0.224497).  Saving model ...
Updating learning rate to 0.0025
	iters: 100, epoch: 3 | loss: 0.2511304
	speed: 0.0017s/iter; left time: 11.6440s
	iters: 200, epoch: 3 | loss: 0.2837476
	speed: 0.0017s/iter; left time: 11.4934s
	iters: 300, epoch: 3 | loss: 0.3565838
	speed: 0.0017s/iter; left time: 11.3725s
	iters: 400, epoch: 3 | loss: 0.1402490
	speed: 0.0017s/iter; left time: 11.1958s
	iters: 500, epoch: 3 | loss: 0.4235172
	speed: 0.0017s/iter; left time: 11.0343s
Epoch: 3 cost time: 0.9s
Epoch: 3, Steps: 528 | Train Loss: 0.3681463 Vali Loss: 0.2219836
Validation loss decreased (0.224497 --> 0.221984).  Saving model ...
Updating learning rate to 0.00125
	iters: 100, epoch: 4 | loss: 0.4209421
	speed: 0.0018s/iter; left time: 11.1037s
	iters: 200, epoch: 4 | loss: 0.3451715
	speed: 0.0018s/iter; left time: 10.7728s
	iters: 300, epoch: 4 | loss: 0.4164857
	speed: 0.0017s/iter; left time: 10.5522s
	iters: 400, epoch: 4 | loss: 0.3086160
	speed: 0.0017s/iter; left time: 10.3505s
	iters: 500, epoch: 4 | loss: 0.5638968
	speed: 0.0018s/iter; left time: 10.2900s
Epoch: 4 cost time: 0.9s
Epoch: 4, Steps: 528 | Train Loss: 0.3459131 Vali Loss: 0.2210949
Validation loss decreased (0.221984 --> 0.221095).  Saving model ...
Updating learning rate to 0.000625
	iters: 100, epoch: 5 | loss: 0.5445195
	speed: 0.0018s/iter; left time: 10.1344s
	iters: 200, epoch: 5 | loss: 0.4165495
	speed: 0.0018s/iter; left time: 9.9255s
	iters: 300, epoch: 5 | loss: 0.4428813
	speed: 0.0018s/iter; left time: 9.7578s
	iters: 400, epoch: 5 | loss: 0.4345084
	speed: 0.0018s/iter; left time: 9.5666s
	iters: 500, epoch: 5 | loss: 0.3321922
	speed: 0.0018s/iter; left time: 9.3582s
Epoch: 5 cost time: 0.9s
Epoch: 5, Steps: 528 | Train Loss: 0.3343843 Vali Loss: 0.2202643
Validation loss decreased (0.221095 --> 0.220264).  Saving model ...
Updating learning rate to 0.0003125
	iters: 100, epoch: 6 | loss: 0.3074346
	speed: 0.0018s/iter; left time: 9.0916s
	iters: 200, epoch: 6 | loss: 0.4166917
	speed: 0.0017s/iter; left time: 8.8575s
	iters: 300, epoch: 6 | loss: 0.5867816
	speed: 0.0017s/iter; left time: 8.6629s
	iters: 400, epoch: 6 | loss: 0.2987157
	speed: 0.0017s/iter; left time: 8.4811s
	iters: 500, epoch: 6 | loss: 0.5515769
	speed: 0.0017s/iter; left time: 8.3023s
Epoch: 6 cost time: 0.9s
Epoch: 6, Steps: 528 | Train Loss: 0.3279416 Vali Loss: 0.2213099
EarlyStopping counter: 1 out of 5
Updating learning rate to 0.00015625
	iters: 100, epoch: 7 | loss: 0.1947842
	speed: 0.0017s/iter; left time: 8.0680s
	iters: 200, epoch: 7 | loss: 0.2568965
	speed: 0.0017s/iter; left time: 7.8939s
	iters: 300, epoch: 7 | loss: 0.2341316
	speed: 0.0017s/iter; left time: 7.7607s
	iters: 400, epoch: 7 | loss: 0.2385201
	speed: 0.0017s/iter; left time: 7.6099s
	iters: 500, epoch: 7 | loss: 0.4645039
	speed: 0.0017s/iter; left time: 7.4269s
Epoch: 7 cost time: 0.9s
Epoch: 7, Steps: 528 | Train Loss: 0.3248906 Vali Loss: 0.2232572
EarlyStopping counter: 2 out of 5
Updating learning rate to 7.8125e-05
	iters: 100, epoch: 8 | loss: 0.3189906
	speed: 0.0017s/iter; left time: 7.1249s
	iters: 200, epoch: 8 | loss: 0.2105866
	speed: 0.0017s/iter; left time: 6.9937s
	iters: 300, epoch: 8 | loss: 0.2503168
	speed: 0.0017s/iter; left time: 6.8297s
	iters: 400, epoch: 8 | loss: 0.1821426
	speed: 0.0017s/iter; left time: 6.6563s
	iters: 500, epoch: 8 | loss: 0.2535247
	speed: 0.0017s/iter; left time: 6.4783s
Epoch: 8 cost time: 0.9s
Epoch: 8, Steps: 528 | Train Loss: 0.3232602 Vali Loss: 0.2230778
EarlyStopping counter: 3 out of 5
Updating learning rate to 3.90625e-05
	iters: 100, epoch: 9 | loss: 0.2816190
	speed: 0.0017s/iter; left time: 6.2717s
	iters: 200, epoch: 9 | loss: 0.3858424
	speed: 0.0017s/iter; left time: 6.0673s
	iters: 300, epoch: 9 | loss: 0.3827197
	speed: 0.0017s/iter; left time: 5.8934s
	iters: 400, epoch: 9 | loss: 0.2953551
	speed: 0.0017s/iter; left time: 5.7159s
	iters: 500, epoch: 9 | loss: 0.3387838
	speed: 0.0017s/iter; left time: 5.5411s
Epoch: 9 cost time: 0.9s
Epoch: 9, Steps: 528 | Train Loss: 0.3222907 Vali Loss: 0.2225589
EarlyStopping counter: 4 out of 5
Updating learning rate to 1.953125e-05
	iters: 100, epoch: 10 | loss: 0.2080075
	speed: 0.0017s/iter; left time: 5.3020s
	iters: 200, epoch: 10 | loss: 0.5751466
	speed: 0.0017s/iter; left time: 5.1410s
	iters: 300, epoch: 10 | loss: 0.2126557
	speed: 0.0017s/iter; left time: 4.9743s
	iters: 400, epoch: 10 | loss: 0.2513492
	speed: 0.0017s/iter; left time: 4.8029s
	iters: 500, epoch: 10 | loss: 0.3772763
	speed: 0.0017s/iter; left time: 4.6247s
Epoch: 10 cost time: 0.9s
Epoch: 10, Steps: 528 | Train Loss: 0.3217358 Vali Loss: 0.2225588
EarlyStopping counter: 5 out of 5
Early stopping
Training time: 10.9s | Peak GPU memory: 66.6MB

>>> Testing...
test 2785
test shape: (2785, 1, 96, 7) (2785, 1, 96, 7)
test shape: (2785, 96, 7) (2785, 96, 7)
MSE: 0.296304, MAE: 0.345366
Inference: 1.44s | 2785 samples | 1931.2 samples/sec
Results saved to /lustre09/project/6010289/sdmuhsin/SpectraGate/results/etth2_results.csv
========================================
Finished: Mon 09 Mar 2026 06:12:39 PM EDT
========================================
