========================================
Job: fn_PaiFilter_ECL_96
Model: PaiFilter
Dataset: ECL
Pred len: 96
Time limit: 12:00:00
GPU: h100_3g.40gb:1
Started: Mon 09 Mar 2026 06:12:19 PM EDT
========================================
Mon Mar  9 18:12:19 2026       
+-----------------------------------------------------------------------------------------+
| NVIDIA-SMI 570.211.01             Driver Version: 570.211.01     CUDA Version: 12.8     |
|-----------------------------------------+------------------------+----------------------+
| GPU  Name                 Persistence-M | Bus-Id          Disp.A | Volatile Uncorr. ECC |
| Fan  Temp   Perf          Pwr:Usage/Cap |           Memory-Usage | GPU-Util  Compute M. |
|                                         |                        |               MIG M. |
|=========================================+========================+======================|
|   0  NVIDIA H100 80GB HBM3          Off |   00000000:CB:00.0 Off |                   On |
| N/A   43C    P0            187W /  700W |    4008MiB /  81559MiB |     N/A      Default |
|                                         |                        |              Enabled |
+-----------------------------------------+------------------------+----------------------+

+-----------------------------------------------------------------------------------------+
| MIG devices:                                                                            |
+------------------+----------------------------------+-----------+-----------------------+
| GPU  GI  CI  MIG |                     Memory-Usage |        Vol|        Shared         |
|      ID  ID  Dev |                       BAR1-Usage | SM     Unc| CE ENC  DEC  OFA  JPG |
|                  |                                  |        ECC|                       |
|==================+==================================+===========+=======================|
|  0    2   0   0  |              26MiB / 40448MiB    | 60      0 |  3   0    3    0    3 |
|                  |                 0MiB / 65535MiB  |           |                       |
+------------------+----------------------------------+-----------+-----------------------+
                                                                                         
+-----------------------------------------------------------------------------------------+
| Processes:                                                                              |
|  GPU   GI   CI              PID   Type   Process name                        GPU Memory |
|        ID   ID                                                               Usage      |
|=========================================================================================|
|  No running processes found                                                             |
+-----------------------------------------------------------------------------------------+
Using device: cuda:0
Model: PaiFilter, Dataset: ECL, pred_len: 96, seq_len: 96

>>> Training...
train 18221
val 2537
Model Model : total params: 50,242 | trainable: 50,242 (0.1917MB)
	iters: 100, epoch: 1 | loss: 0.2640458
	speed: 0.0197s/iter; left time: 222.7614s
	iters: 200, epoch: 1 | loss: 0.2161154
	speed: 0.0181s/iter; left time: 202.8004s
	iters: 300, epoch: 1 | loss: 0.2020973
	speed: 0.0175s/iter; left time: 194.1170s
	iters: 400, epoch: 1 | loss: 0.1916632
	speed: 0.0173s/iter; left time: 190.0070s
	iters: 500, epoch: 1 | loss: 0.1805275
	speed: 0.0172s/iter; left time: 186.8565s
Epoch: 1 cost time: 9.7s
Epoch: 1, Steps: 569 | Train Loss: 0.2259489 Vali Loss: 0.1666576
Validation loss decreased (inf --> 0.166658).  Saving model ...
Updating learning rate to 0.005
	iters: 100, epoch: 2 | loss: 0.1734594
	speed: 0.0164s/iter; left time: 175.5766s
	iters: 200, epoch: 2 | loss: 0.1793764
	speed: 0.0164s/iter; left time: 173.7668s
	iters: 300, epoch: 2 | loss: 0.2033042
	speed: 0.0163s/iter; left time: 171.6398s
	iters: 400, epoch: 2 | loss: 0.1558154
	speed: 0.0164s/iter; left time: 170.3141s
	iters: 500, epoch: 2 | loss: 0.1715591
	speed: 0.0164s/iter; left time: 169.0836s
Epoch: 2 cost time: 9.4s
Epoch: 2, Steps: 569 | Train Loss: 0.1815486 Vali Loss: 0.1564680
Validation loss decreased (0.166658 --> 0.156468).  Saving model ...
Updating learning rate to 0.0025
	iters: 100, epoch: 3 | loss: 0.2024498
	speed: 0.0167s/iter; left time: 169.3375s
	iters: 200, epoch: 3 | loss: 0.1786839
	speed: 0.0166s/iter; left time: 166.5616s
	iters: 300, epoch: 3 | loss: 0.1611627
	speed: 0.0165s/iter; left time: 164.1466s
	iters: 400, epoch: 3 | loss: 0.1658914
	speed: 0.0165s/iter; left time: 162.5973s
	iters: 500, epoch: 3 | loss: 0.1733446
	speed: 0.0165s/iter; left time: 161.1177s
Epoch: 3 cost time: 9.4s
Epoch: 3, Steps: 569 | Train Loss: 0.1734318 Vali Loss: 0.1522873
Validation loss decreased (0.156468 --> 0.152287).  Saving model ...
Updating learning rate to 0.00125
	iters: 100, epoch: 4 | loss: 0.1644984
	speed: 0.0166s/iter; left time: 159.0305s
	iters: 200, epoch: 4 | loss: 0.1582806
	speed: 0.0164s/iter; left time: 155.6876s
	iters: 300, epoch: 4 | loss: 0.1669226
	speed: 0.0165s/iter; left time: 154.4330s
	iters: 400, epoch: 4 | loss: 0.1659706
	speed: 0.0165s/iter; left time: 153.0489s
	iters: 500, epoch: 4 | loss: 0.1503964
	speed: 0.0166s/iter; left time: 152.2110s
Epoch: 4 cost time: 9.4s
Epoch: 4, Steps: 569 | Train Loss: 0.1705482 Vali Loss: 0.1515552
Validation loss decreased (0.152287 --> 0.151555).  Saving model ...
Updating learning rate to 0.000625
	iters: 100, epoch: 5 | loss: 0.1679621
	speed: 0.0169s/iter; left time: 152.2167s
	iters: 200, epoch: 5 | loss: 0.1686844
	speed: 0.0169s/iter; left time: 150.3487s
	iters: 300, epoch: 5 | loss: 0.1580196
	speed: 0.0168s/iter; left time: 147.7215s
	iters: 400, epoch: 5 | loss: 0.1359426
	speed: 0.0167s/iter; left time: 145.4506s
	iters: 500, epoch: 5 | loss: 0.1465557
	speed: 0.0167s/iter; left time: 143.3109s
Epoch: 5 cost time: 9.5s
Epoch: 5, Steps: 569 | Train Loss: 0.1692981 Vali Loss: 0.1501407
Validation loss decreased (0.151555 --> 0.150141).  Saving model ...
Updating learning rate to 0.0003125
	iters: 100, epoch: 6 | loss: 0.1949102
	speed: 0.0168s/iter; left time: 141.6997s
	iters: 200, epoch: 6 | loss: 0.1543562
	speed: 0.0166s/iter; left time: 138.4925s
	iters: 300, epoch: 6 | loss: 0.1743927
	speed: 0.0167s/iter; left time: 137.3333s
	iters: 400, epoch: 6 | loss: 0.1549860
	speed: 0.0167s/iter; left time: 135.9050s
	iters: 500, epoch: 6 | loss: 0.1864502
	speed: 0.0166s/iter; left time: 133.7933s
Epoch: 6 cost time: 9.5s
Epoch: 6, Steps: 569 | Train Loss: 0.1685923 Vali Loss: 0.1499351
Validation loss decreased (0.150141 --> 0.149935).  Saving model ...
Updating learning rate to 0.00015625
	iters: 100, epoch: 7 | loss: 0.1701427
	speed: 0.0168s/iter; left time: 131.9276s
	iters: 200, epoch: 7 | loss: 0.1769694
	speed: 0.0167s/iter; left time: 129.4024s
	iters: 300, epoch: 7 | loss: 0.1559120
	speed: 0.0166s/iter; left time: 127.3419s
	iters: 400, epoch: 7 | loss: 0.2106821
	speed: 0.0166s/iter; left time: 125.6688s
	iters: 500, epoch: 7 | loss: 0.1642709
	speed: 0.0166s/iter; left time: 123.9849s
Epoch: 7 cost time: 9.4s
Epoch: 7, Steps: 569 | Train Loss: 0.1682767 Vali Loss: 0.1495946
Validation loss decreased (0.149935 --> 0.149595).  Saving model ...
Updating learning rate to 7.8125e-05
	iters: 100, epoch: 8 | loss: 0.1688204
	speed: 0.0168s/iter; left time: 122.2558s
	iters: 200, epoch: 8 | loss: 0.1574190
	speed: 0.0167s/iter; left time: 119.8979s
	iters: 300, epoch: 8 | loss: 0.1569944
	speed: 0.0167s/iter; left time: 118.2424s
	iters: 400, epoch: 8 | loss: 0.2039820
	speed: 0.0167s/iter; left time: 116.7716s
	iters: 500, epoch: 8 | loss: 0.1774175
	speed: 0.0167s/iter; left time: 115.1364s
Epoch: 8 cost time: 9.5s
Epoch: 8, Steps: 569 | Train Loss: 0.1680798 Vali Loss: 0.1494894
Validation loss decreased (0.149595 --> 0.149489).  Saving model ...
Updating learning rate to 3.90625e-05
	iters: 100, epoch: 9 | loss: 0.1439100
	speed: 0.0164s/iter; left time: 110.3573s
	iters: 200, epoch: 9 | loss: 0.1614126
	speed: 0.0164s/iter; left time: 108.6935s
	iters: 300, epoch: 9 | loss: 0.1617410
	speed: 0.0164s/iter; left time: 106.8401s
	iters: 400, epoch: 9 | loss: 0.1557452
	speed: 0.0163s/iter; left time: 105.0031s
	iters: 500, epoch: 9 | loss: 0.1467602
	speed: 0.0164s/iter; left time: 103.5786s
Epoch: 9 cost time: 9.3s
Epoch: 9, Steps: 569 | Train Loss: 0.1679944 Vali Loss: 0.1495029
EarlyStopping counter: 1 out of 6
Updating learning rate to 1.953125e-05
	iters: 100, epoch: 10 | loss: 0.1733182
	speed: 0.0171s/iter; left time: 105.2785s
	iters: 200, epoch: 10 | loss: 0.1716195
	speed: 0.0170s/iter; left time: 102.8948s
	iters: 300, epoch: 10 | loss: 0.1673814
	speed: 0.0168s/iter; left time: 100.3741s
	iters: 400, epoch: 10 | loss: 0.2024101
	speed: 0.0167s/iter; left time: 98.1127s
	iters: 500, epoch: 10 | loss: 0.1761699
	speed: 0.0168s/iter; left time: 96.6835s
Epoch: 10 cost time: 9.5s
Epoch: 10, Steps: 569 | Train Loss: 0.1679210 Vali Loss: 0.1494400
Validation loss decreased (0.149489 --> 0.149440).  Saving model ...
Updating learning rate to 9.765625e-06
	iters: 100, epoch: 11 | loss: 0.1473695
	speed: 0.0166s/iter; left time: 92.8289s
	iters: 200, epoch: 11 | loss: 0.1558313
	speed: 0.0166s/iter; left time: 91.0545s
	iters: 300, epoch: 11 | loss: 0.1682813
	speed: 0.0165s/iter; left time: 89.1447s
	iters: 400, epoch: 11 | loss: 0.1536361
	speed: 0.0166s/iter; left time: 88.0150s
	iters: 500, epoch: 11 | loss: 0.1553075
	speed: 0.0166s/iter; left time: 86.1550s
Epoch: 11 cost time: 9.4s
Epoch: 11, Steps: 569 | Train Loss: 0.1678961 Vali Loss: 0.1493852
Validation loss decreased (0.149440 --> 0.149385).  Saving model ...
Updating learning rate to 4.8828125e-06
	iters: 100, epoch: 12 | loss: 0.1599745
	speed: 0.0167s/iter; left time: 83.9428s
	iters: 200, epoch: 12 | loss: 0.1959256
	speed: 0.0166s/iter; left time: 81.5987s
	iters: 300, epoch: 12 | loss: 0.1572220
	speed: 0.0166s/iter; left time: 79.8664s
	iters: 400, epoch: 12 | loss: 0.1574540
	speed: 0.0165s/iter; left time: 78.1235s
	iters: 500, epoch: 12 | loss: 0.1682090
	speed: 0.0166s/iter; left time: 76.6056s
Epoch: 12 cost time: 9.4s
Epoch: 12, Steps: 569 | Train Loss: 0.1679046 Vali Loss: 0.1493198
Validation loss decreased (0.149385 --> 0.149320).  Saving model ...
Updating learning rate to 2.44140625e-06
	iters: 100, epoch: 13 | loss: 0.1558473
	speed: 0.0168s/iter; left time: 74.9643s
	iters: 200, epoch: 13 | loss: 0.1761011
	speed: 0.0167s/iter; left time: 72.6529s
	iters: 300, epoch: 13 | loss: 0.1466516
	speed: 0.0167s/iter; left time: 71.1656s
	iters: 400, epoch: 13 | loss: 0.1521254
	speed: 0.0167s/iter; left time: 69.2470s
	iters: 500, epoch: 13 | loss: 0.1814138
	speed: 0.0166s/iter; left time: 67.4726s
Epoch: 13 cost time: 9.5s
Epoch: 13, Steps: 569 | Train Loss: 0.1678717 Vali Loss: 0.1494351
EarlyStopping counter: 1 out of 6
Updating learning rate to 1.220703125e-06
	iters: 100, epoch: 14 | loss: 0.1739582
	speed: 0.0168s/iter; left time: 65.2227s
	iters: 200, epoch: 14 | loss: 0.1768133
	speed: 0.0167s/iter; left time: 63.3553s
	iters: 300, epoch: 14 | loss: 0.1819832
	speed: 0.0168s/iter; left time: 61.7144s
	iters: 400, epoch: 14 | loss: 0.1655998
	speed: 0.0167s/iter; left time: 60.0097s
	iters: 500, epoch: 14 | loss: 0.1839447
	speed: 0.0167s/iter; left time: 58.3449s
Epoch: 14 cost time: 9.5s
Epoch: 14, Steps: 569 | Train Loss: 0.1678881 Vali Loss: 0.1493601
EarlyStopping counter: 2 out of 6
Updating learning rate to 6.103515625e-07
	iters: 100, epoch: 15 | loss: 0.1509332
	speed: 0.0170s/iter; left time: 56.2511s
	iters: 200, epoch: 15 | loss: 0.1694148
	speed: 0.0170s/iter; left time: 54.7496s
	iters: 300, epoch: 15 | loss: 0.1859970
	speed: 0.0171s/iter; left time: 53.2480s
	iters: 400, epoch: 15 | loss: 0.1599669
	speed: 0.0171s/iter; left time: 51.4494s
	iters: 500, epoch: 15 | loss: 0.1591467
	speed: 0.0171s/iter; left time: 49.7520s
Epoch: 15 cost time: 9.7s
Epoch: 15, Steps: 569 | Train Loss: 0.1678612 Vali Loss: 0.1494390
EarlyStopping counter: 3 out of 6
Updating learning rate to 3.0517578125e-07
	iters: 100, epoch: 16 | loss: 0.1626907
	speed: 0.0173s/iter; left time: 47.3947s
	iters: 200, epoch: 16 | loss: 0.1760258
	speed: 0.0170s/iter; left time: 44.9922s
	iters: 300, epoch: 16 | loss: 0.1867395
	speed: 0.0170s/iter; left time: 43.3476s
	iters: 400, epoch: 16 | loss: 0.1778556
	speed: 0.0170s/iter; left time: 41.5223s
	iters: 500, epoch: 16 | loss: 0.1686105
	speed: 0.0170s/iter; left time: 39.8015s
Epoch: 16 cost time: 9.6s
Epoch: 16, Steps: 569 | Train Loss: 0.1678865 Vali Loss: 0.1494017
EarlyStopping counter: 4 out of 6
Updating learning rate to 1.52587890625e-07
	iters: 100, epoch: 17 | loss: 0.1588788
	speed: 0.0168s/iter; left time: 36.6182s
	iters: 200, epoch: 17 | loss: 0.1735678
	speed: 0.0168s/iter; left time: 34.7948s
	iters: 300, epoch: 17 | loss: 0.1578653
	speed: 0.0168s/iter; left time: 33.1522s
	iters: 400, epoch: 17 | loss: 0.1785725
	speed: 0.0168s/iter; left time: 31.5554s
	iters: 500, epoch: 17 | loss: 0.1736107
	speed: 0.0168s/iter; left time: 29.8520s
Epoch: 17 cost time: 9.6s
Epoch: 17, Steps: 569 | Train Loss: 0.1678803 Vali Loss: 0.1492692
Validation loss decreased (0.149320 --> 0.149269).  Saving model ...
Updating learning rate to 7.62939453125e-08
	iters: 100, epoch: 18 | loss: 0.1685092
	speed: 0.0169s/iter; left time: 27.2543s
	iters: 200, epoch: 18 | loss: 0.1773094
	speed: 0.0168s/iter; left time: 25.3380s
	iters: 300, epoch: 18 | loss: 0.1723080
	speed: 0.0168s/iter; left time: 23.6624s
	iters: 400, epoch: 18 | loss: 0.1660109
	speed: 0.0168s/iter; left time: 21.9551s
	iters: 500, epoch: 18 | loss: 0.1679563
	speed: 0.0168s/iter; left time: 20.2746s
Epoch: 18 cost time: 9.6s
Epoch: 18, Steps: 569 | Train Loss: 0.1678909 Vali Loss: 0.1493514
EarlyStopping counter: 1 out of 6
Updating learning rate to 3.814697265625e-08
	iters: 100, epoch: 19 | loss: 0.1774741
	speed: 0.0169s/iter; left time: 17.5525s
	iters: 200, epoch: 19 | loss: 0.1571538
	speed: 0.0170s/iter; left time: 15.9615s
	iters: 300, epoch: 19 | loss: 0.1763905
	speed: 0.0170s/iter; left time: 14.2794s
	iters: 400, epoch: 19 | loss: 0.1455543
	speed: 0.0170s/iter; left time: 12.5323s
	iters: 500, epoch: 19 | loss: 0.1607276
	speed: 0.0169s/iter; left time: 10.8121s
Epoch: 19 cost time: 9.7s
Epoch: 19, Steps: 569 | Train Loss: 0.1678747 Vali Loss: 0.1493200
EarlyStopping counter: 2 out of 6
Updating learning rate to 1.9073486328125e-08
	iters: 100, epoch: 20 | loss: 0.1771227
	speed: 0.0171s/iter; left time: 8.0416s
	iters: 200, epoch: 20 | loss: 0.1575428
	speed: 0.0169s/iter; left time: 6.2610s
	iters: 300, epoch: 20 | loss: 0.1750631
	speed: 0.0169s/iter; left time: 4.5520s
	iters: 400, epoch: 20 | loss: 0.1523530
	speed: 0.0168s/iter; left time: 2.8599s
	iters: 500, epoch: 20 | loss: 0.1586090
	speed: 0.0168s/iter; left time: 1.1775s
Epoch: 20 cost time: 9.6s
Epoch: 20, Steps: 569 | Train Loss: 0.1678818 Vali Loss: 0.1494574
EarlyStopping counter: 3 out of 6
Updating learning rate to 9.5367431640625e-09
Training time: 221.2s | Peak GPU memory: 148.0MB

>>> Testing...
test 5165
test shape: (5165, 1, 96, 321) (5165, 1, 96, 321)
test shape: (5165, 96, 321) (5165, 96, 321)
MSE: 0.169941, MAE: 0.258414
Inference: 6.91s | 5165 samples | 748.0 samples/sec
Results saved to /lustre09/project/6010289/sdmuhsin/SpectraGate/results/ecl_results.csv
========================================
Finished: Mon 09 Mar 2026 06:16:32 PM EDT
========================================
