========================================
Job: fn_PaiFilter_ETTm2_96
Model: PaiFilter
Dataset: ETTm2
Pred len: 96
Time limit: 8:00:00
GPU: h100_2g.20gb:1
Started: Mon 09 Mar 2026 05:49:01 PM EDT
========================================
Mon Mar  9 17:49:01 2026       
+-----------------------------------------------------------------------------------------+
| NVIDIA-SMI 570.211.01             Driver Version: 570.211.01     CUDA Version: 12.8     |
|-----------------------------------------+------------------------+----------------------+
| GPU  Name                 Persistence-M | Bus-Id          Disp.A | Volatile Uncorr. ECC |
| Fan  Temp   Perf          Pwr:Usage/Cap |           Memory-Usage | GPU-Util  Compute M. |
|                                         |                        |               MIG M. |
|=========================================+========================+======================|
|   0  NVIDIA H100 80GB HBM3          Off |   00000000:CB:00.0 Off |                   On |
| N/A   32C    P0             68W /  700W |      59MiB /  81559MiB |     N/A      Default |
|                                         |                        |              Enabled |
+-----------------------------------------+------------------------+----------------------+

+-----------------------------------------------------------------------------------------+
| MIG devices:                                                                            |
+------------------+----------------------------------+-----------+-----------------------+
| GPU  GI  CI  MIG |                     Memory-Usage |        Vol|        Shared         |
|      ID  ID  Dev |                       BAR1-Usage | SM     Unc| CE ENC  DEC  OFA  JPG |
|                  |                                  |        ECC|                       |
|==================+==================================+===========+=======================|
|  0    3   0   0  |              17MiB / 20096MiB    | 32      0 |  2   0    2    0    2 |
|                  |                 0MiB / 32767MiB  |           |                       |
+------------------+----------------------------------+-----------+-----------------------+
                                                                                         
+-----------------------------------------------------------------------------------------+
| Processes:                                                                              |
|  GPU   GI   CI              PID   Type   Process name                        GPU Memory |
|        ID   ID                                                               Usage      |
|=========================================================================================|
|  No running processes found                                                             |
+-----------------------------------------------------------------------------------------+
Using device: cuda:0
Model: PaiFilter, Dataset: ETTm2, pred_len: 96, seq_len: 96

>>> Training...
train 34369
val 11425
Model Model : total params: 24,910 | trainable: 24,910 (0.0950MB)
	iters: 100, epoch: 1 | loss: 0.1211711
	speed: 0.0058s/iter; left time: 92.4386s
	iters: 200, epoch: 1 | loss: 0.2156053
	speed: 0.0039s/iter; left time: 61.4526s
	iters: 300, epoch: 1 | loss: 0.3437744
	speed: 0.0032s/iter; left time: 50.9696s
	iters: 400, epoch: 1 | loss: 0.3482362
	speed: 0.0029s/iter; left time: 45.6237s
	iters: 500, epoch: 1 | loss: 0.2171539
	speed: 0.0027s/iter; left time: 42.3493s
	iters: 600, epoch: 1 | loss: 0.1691517
	speed: 0.0026s/iter; left time: 40.0950s
	iters: 700, epoch: 1 | loss: 0.3226992
	speed: 0.0025s/iter; left time: 38.4875s
	iters: 800, epoch: 1 | loss: 0.3036273
	speed: 0.0024s/iter; left time: 37.1906s
	iters: 900, epoch: 1 | loss: 0.2251686
	speed: 0.0024s/iter; left time: 36.1380s
	iters: 1000, epoch: 1 | loss: 0.1075759
	speed: 0.0023s/iter; left time: 35.2525s
Epoch: 1 cost time: 2.5s
Epoch: 1, Steps: 1074 | Train Loss: 0.2416297 Vali Loss: 0.1282205
Validation loss decreased (inf --> 0.128220).  Saving model ...
Updating learning rate to 0.005
	iters: 100, epoch: 2 | loss: 0.2613063
	speed: 0.0020s/iter; left time: 29.4395s
	iters: 200, epoch: 2 | loss: 0.4550160
	speed: 0.0020s/iter; left time: 29.0782s
	iters: 300, epoch: 2 | loss: 0.3062114
	speed: 0.0020s/iter; left time: 28.8389s
	iters: 400, epoch: 2 | loss: 0.1564970
	speed: 0.0020s/iter; left time: 28.6135s
	iters: 500, epoch: 2 | loss: 0.1438568
	speed: 0.0020s/iter; left time: 28.4656s
	iters: 600, epoch: 2 | loss: 0.1137320
	speed: 0.0020s/iter; left time: 28.2958s
	iters: 700, epoch: 2 | loss: 0.5299892
	speed: 0.0020s/iter; left time: 28.1187s
	iters: 800, epoch: 2 | loss: 0.3005880
	speed: 0.0020s/iter; left time: 27.9360s
	iters: 900, epoch: 2 | loss: 0.1379832
	speed: 0.0020s/iter; left time: 27.7727s
	iters: 1000, epoch: 2 | loss: 0.2483568
	speed: 0.0020s/iter; left time: 27.5856s
Epoch: 2 cost time: 2.1s
Epoch: 2, Steps: 1074 | Train Loss: 0.2233050 Vali Loss: 0.1294568
EarlyStopping counter: 1 out of 5
Updating learning rate to 0.0025
	iters: 100, epoch: 3 | loss: 0.1122253
	speed: 0.0020s/iter; left time: 27.2315s
	iters: 200, epoch: 3 | loss: 0.2633794
	speed: 0.0020s/iter; left time: 26.9526s
	iters: 300, epoch: 3 | loss: 0.2581280
	speed: 0.0020s/iter; left time: 26.7254s
	iters: 400, epoch: 3 | loss: 0.1322047
	speed: 0.0020s/iter; left time: 26.5057s
	iters: 500, epoch: 3 | loss: 0.1309509
	speed: 0.0020s/iter; left time: 26.2987s
	iters: 600, epoch: 3 | loss: 0.1441001
	speed: 0.0020s/iter; left time: 26.1043s
	iters: 700, epoch: 3 | loss: 0.1731876
	speed: 0.0020s/iter; left time: 25.9010s
	iters: 800, epoch: 3 | loss: 0.1801792
	speed: 0.0020s/iter; left time: 25.7040s
	iters: 900, epoch: 3 | loss: 0.3166972
	speed: 0.0020s/iter; left time: 25.5011s
	iters: 1000, epoch: 3 | loss: 0.1734031
	speed: 0.0020s/iter; left time: 25.3010s
Epoch: 3 cost time: 2.1s
Epoch: 3, Steps: 1074 | Train Loss: 0.2127037 Vali Loss: 0.1263764
Validation loss decreased (0.128220 --> 0.126376).  Saving model ...
Updating learning rate to 0.00125
	iters: 100, epoch: 4 | loss: 0.2288193
	speed: 0.0020s/iter; left time: 25.2011s
	iters: 200, epoch: 4 | loss: 0.1389634
	speed: 0.0020s/iter; left time: 24.8670s
	iters: 300, epoch: 4 | loss: 0.3406217
	speed: 0.0020s/iter; left time: 24.6277s
	iters: 400, epoch: 4 | loss: 0.1137882
	speed: 0.0020s/iter; left time: 24.4119s
	iters: 500, epoch: 4 | loss: 0.1671377
	speed: 0.0020s/iter; left time: 24.2081s
	iters: 600, epoch: 4 | loss: 0.2107629
	speed: 0.0020s/iter; left time: 24.0041s
	iters: 700, epoch: 4 | loss: 0.1227249
	speed: 0.0020s/iter; left time: 23.7966s
	iters: 800, epoch: 4 | loss: 0.2840429
	speed: 0.0020s/iter; left time: 23.5999s
	iters: 900, epoch: 4 | loss: 0.0977712
	speed: 0.0020s/iter; left time: 23.4102s
	iters: 1000, epoch: 4 | loss: 0.1375135
	speed: 0.0020s/iter; left time: 23.2156s
Epoch: 4 cost time: 2.1s
Epoch: 4, Steps: 1074 | Train Loss: 0.2078062 Vali Loss: 0.1255113
Validation loss decreased (0.126376 --> 0.125511).  Saving model ...
Updating learning rate to 0.000625
	iters: 100, epoch: 5 | loss: 0.0991683
	speed: 0.0020s/iter; left time: 22.9638s
	iters: 200, epoch: 5 | loss: 0.1805656
	speed: 0.0020s/iter; left time: 22.7048s
	iters: 300, epoch: 5 | loss: 0.1356094
	speed: 0.0020s/iter; left time: 22.4882s
	iters: 400, epoch: 5 | loss: 0.4356190
	speed: 0.0020s/iter; left time: 22.2719s
	iters: 500, epoch: 5 | loss: 0.1343209
	speed: 0.0019s/iter; left time: 22.0632s
	iters: 600, epoch: 5 | loss: 0.1442910
	speed: 0.0019s/iter; left time: 21.8611s
	iters: 700, epoch: 5 | loss: 0.3185098
	speed: 0.0019s/iter; left time: 21.6630s
	iters: 800, epoch: 5 | loss: 0.1622200
	speed: 0.0019s/iter; left time: 21.4702s
	iters: 900, epoch: 5 | loss: 0.1339816
	speed: 0.0019s/iter; left time: 21.2724s
	iters: 1000, epoch: 5 | loss: 0.1222027
	speed: 0.0019s/iter; left time: 21.0751s
Epoch: 5 cost time: 2.1s
Epoch: 5, Steps: 1074 | Train Loss: 0.2051947 Vali Loss: 0.1256363
EarlyStopping counter: 1 out of 5
Updating learning rate to 0.0003125
	iters: 100, epoch: 6 | loss: 0.2702143
	speed: 0.0020s/iter; left time: 20.9435s
	iters: 200, epoch: 6 | loss: 0.4629604
	speed: 0.0020s/iter; left time: 20.6576s
	iters: 300, epoch: 6 | loss: 0.1442442
	speed: 0.0020s/iter; left time: 20.4407s
	iters: 400, epoch: 6 | loss: 0.2254608
	speed: 0.0020s/iter; left time: 20.2278s
	iters: 500, epoch: 6 | loss: 0.1073235
	speed: 0.0020s/iter; left time: 20.0294s
	iters: 600, epoch: 6 | loss: 0.1196215
	speed: 0.0020s/iter; left time: 19.8335s
	iters: 700, epoch: 6 | loss: 0.3830620
	speed: 0.0020s/iter; left time: 19.6359s
	iters: 800, epoch: 6 | loss: 0.1897643
	speed: 0.0020s/iter; left time: 19.4848s
	iters: 900, epoch: 6 | loss: 0.1244185
	speed: 0.0020s/iter; left time: 19.2838s
	iters: 1000, epoch: 6 | loss: 0.2061078
	speed: 0.0020s/iter; left time: 19.0857s
Epoch: 6 cost time: 2.1s
Epoch: 6, Steps: 1074 | Train Loss: 0.2038485 Vali Loss: 0.1261743
EarlyStopping counter: 2 out of 5
Updating learning rate to 0.00015625
	iters: 100, epoch: 7 | loss: 0.1605586
	speed: 0.0020s/iter; left time: 18.7440s
	iters: 200, epoch: 7 | loss: 0.1588038
	speed: 0.0020s/iter; left time: 18.5028s
	iters: 300, epoch: 7 | loss: 0.2428996
	speed: 0.0020s/iter; left time: 18.3474s
	iters: 400, epoch: 7 | loss: 0.1340912
	speed: 0.0020s/iter; left time: 18.1326s
	iters: 500, epoch: 7 | loss: 0.1856982
	speed: 0.0020s/iter; left time: 17.9225s
	iters: 600, epoch: 7 | loss: 0.1982303
	speed: 0.0020s/iter; left time: 17.7166s
	iters: 700, epoch: 7 | loss: 0.1565015
	speed: 0.0020s/iter; left time: 17.5156s
	iters: 800, epoch: 7 | loss: 0.2075289
	speed: 0.0020s/iter; left time: 17.3164s
	iters: 900, epoch: 7 | loss: 0.0878758
	speed: 0.0020s/iter; left time: 17.1173s
	iters: 1000, epoch: 7 | loss: 0.2019464
	speed: 0.0020s/iter; left time: 16.9177s
Epoch: 7 cost time: 2.1s
Epoch: 7, Steps: 1074 | Train Loss: 0.2030660 Vali Loss: 0.1262384
EarlyStopping counter: 3 out of 5
Updating learning rate to 7.8125e-05
	iters: 100, epoch: 8 | loss: 0.2434679
	speed: 0.0020s/iter; left time: 16.7307s
	iters: 200, epoch: 8 | loss: 0.1900082
	speed: 0.0020s/iter; left time: 16.4663s
	iters: 300, epoch: 8 | loss: 0.4431572
	speed: 0.0020s/iter; left time: 16.2519s
	iters: 400, epoch: 8 | loss: 0.1657346
	speed: 0.0020s/iter; left time: 16.0460s
	iters: 500, epoch: 8 | loss: 0.1429654
	speed: 0.0020s/iter; left time: 15.8495s
	iters: 600, epoch: 8 | loss: 0.2192598
	speed: 0.0020s/iter; left time: 15.6498s
	iters: 700, epoch: 8 | loss: 0.2822100
	speed: 0.0020s/iter; left time: 15.4513s
	iters: 800, epoch: 8 | loss: 0.1419807
	speed: 0.0020s/iter; left time: 15.2509s
	iters: 900, epoch: 8 | loss: 0.1329463
	speed: 0.0020s/iter; left time: 15.0529s
	iters: 1000, epoch: 8 | loss: 0.1812308
	speed: 0.0020s/iter; left time: 14.8656s
Epoch: 8 cost time: 2.1s
Epoch: 8, Steps: 1074 | Train Loss: 0.2026500 Vali Loss: 0.1263135
EarlyStopping counter: 4 out of 5
Updating learning rate to 3.90625e-05
	iters: 100, epoch: 9 | loss: 0.2682720
	speed: 0.0020s/iter; left time: 14.6220s
	iters: 200, epoch: 9 | loss: 0.1062023
	speed: 0.0020s/iter; left time: 14.3989s
	iters: 300, epoch: 9 | loss: 0.1152840
	speed: 0.0020s/iter; left time: 14.1798s
	iters: 400, epoch: 9 | loss: 0.2557545
	speed: 0.0020s/iter; left time: 13.9709s
	iters: 500, epoch: 9 | loss: 0.1103403
	speed: 0.0020s/iter; left time: 13.7638s
	iters: 600, epoch: 9 | loss: 0.1959867
	speed: 0.0020s/iter; left time: 13.5661s
	iters: 700, epoch: 9 | loss: 0.2691467
	speed: 0.0020s/iter; left time: 13.3678s
	iters: 800, epoch: 9 | loss: 0.1773427
	speed: 0.0020s/iter; left time: 13.1731s
	iters: 900, epoch: 9 | loss: 0.1719582
	speed: 0.0020s/iter; left time: 12.9744s
	iters: 1000, epoch: 9 | loss: 0.1327178
	speed: 0.0020s/iter; left time: 12.7756s
Epoch: 9 cost time: 2.1s
Epoch: 9, Steps: 1074 | Train Loss: 0.2024476 Vali Loss: 0.1264074
EarlyStopping counter: 5 out of 5
Early stopping
Training time: 23.0s | Peak GPU memory: 67.0MB

>>> Testing...
test 11425
test shape: (11425, 1, 96, 7) (11425, 1, 96, 7)
test shape: (11425, 96, 7) (11425, 96, 7)
MSE: 0.175213, MAE: 0.256909
Inference: 5.95s | 11425 samples | 1921.8 samples/sec
Results saved to /lustre09/project/6010289/sdmuhsin/SpectraGate/results/ettm2_results.csv
========================================
Finished: Mon 09 Mar 2026 05:49:37 PM EDT
========================================
