========================================
Job: fn_PaiFilter_Traffic_96
Model: PaiFilter
Dataset: Traffic
Pred len: 96
Time limit: 12:00:00
GPU: h100_3g.40gb:1
Started: Mon 09 Mar 2026 06:12:19 PM EDT
========================================
Mon Mar  9 18:12:19 2026       
+-----------------------------------------------------------------------------------------+
| NVIDIA-SMI 570.211.01             Driver Version: 570.211.01     CUDA Version: 12.8     |
|-----------------------------------------+------------------------+----------------------+
| GPU  Name                 Persistence-M | Bus-Id          Disp.A | Volatile Uncorr. ECC |
| Fan  Temp   Perf          Pwr:Usage/Cap |           Memory-Usage | GPU-Util  Compute M. |
|                                         |                        |               MIG M. |
|=========================================+========================+======================|
|   0  NVIDIA H100 80GB HBM3          Off |   00000000:5F:00.0 Off |                   On |
| N/A   42C    P0            186W /  700W |    4010MiB /  81559MiB |     N/A      Default |
|                                         |                        |              Enabled |
+-----------------------------------------+------------------------+----------------------+

+-----------------------------------------------------------------------------------------+
| MIG devices:                                                                            |
+------------------+----------------------------------+-----------+-----------------------+
| GPU  GI  CI  MIG |                     Memory-Usage |        Vol|        Shared         |
|      ID  ID  Dev |                       BAR1-Usage | SM     Unc| CE ENC  DEC  OFA  JPG |
|                  |                                  |        ECC|                       |
|==================+==================================+===========+=======================|
|  0    2   0   0  |              26MiB / 40448MiB    | 60      0 |  3   0    3    0    3 |
|                  |                 0MiB / 65535MiB  |           |                       |
+------------------+----------------------------------+-----------+-----------------------+
                                                                                         
+-----------------------------------------------------------------------------------------+
| Processes:                                                                              |
|  GPU   GI   CI              PID   Type   Process name                        GPU Memory |
|        ID   ID                                                               Usage      |
|=========================================================================================|
|  No running processes found                                                             |
+-----------------------------------------------------------------------------------------+
Using device: cuda:0
Model: PaiFilter, Dataset: Traffic, pred_len: 96, seq_len: 96

>>> Training...
train 12089
val 1661
Model Model : total params: 51,324 | trainable: 51,324 (0.1958MB)
	iters: 100, epoch: 1 | loss: 0.4255607
	speed: 0.0185s/iter; left time: 278.1047s
	iters: 200, epoch: 1 | loss: 0.4425472
	speed: 0.0175s/iter; left time: 260.1854s
	iters: 300, epoch: 1 | loss: 0.3634138
	speed: 0.0171s/iter; left time: 252.8509s
	iters: 400, epoch: 1 | loss: 0.3587121
	speed: 0.0169s/iter; left time: 249.0966s
	iters: 500, epoch: 1 | loss: 0.3583434
	speed: 0.0169s/iter; left time: 246.2698s
	iters: 600, epoch: 1 | loss: 0.3165938
	speed: 0.0168s/iter; left time: 243.3372s
	iters: 700, epoch: 1 | loss: 0.3683359
	speed: 0.0167s/iter; left time: 240.3166s
Epoch: 1 cost time: 12.6s
Epoch: 1, Steps: 755 | Train Loss: 0.3950635 Vali Loss: 0.4838759
Validation loss decreased (inf --> 0.483876).  Saving model ...
Updating learning rate to 0.005
	iters: 100, epoch: 2 | loss: 0.2886019
	speed: 0.0167s/iter; left time: 238.5129s
	iters: 200, epoch: 2 | loss: 0.3072169
	speed: 0.0165s/iter; left time: 233.2510s
	iters: 300, epoch: 2 | loss: 0.3896886
	speed: 0.0163s/iter; left time: 229.4052s
	iters: 400, epoch: 2 | loss: 0.3642262
	speed: 0.0163s/iter; left time: 227.2211s
	iters: 500, epoch: 2 | loss: 0.3554503
	speed: 0.0163s/iter; left time: 225.1911s
	iters: 600, epoch: 2 | loss: 0.3109442
	speed: 0.0162s/iter; left time: 223.0246s
	iters: 700, epoch: 2 | loss: 0.3067356
	speed: 0.0162s/iter; left time: 220.9441s
Epoch: 2 cost time: 12.2s
Epoch: 2, Steps: 755 | Train Loss: 0.3224643 Vali Loss: 0.4662900
Validation loss decreased (0.483876 --> 0.466290).  Saving model ...
Updating learning rate to 0.0025
	iters: 100, epoch: 3 | loss: 0.3107900
	speed: 0.0160s/iter; left time: 216.3974s
	iters: 200, epoch: 3 | loss: 0.2598111
	speed: 0.0162s/iter; left time: 216.9742s
	iters: 300, epoch: 3 | loss: 0.3302221
	speed: 0.0163s/iter; left time: 217.2546s
	iters: 400, epoch: 3 | loss: 0.2925069
	speed: 0.0163s/iter; left time: 214.8186s
	iters: 500, epoch: 3 | loss: 0.3753918
	speed: 0.0162s/iter; left time: 212.6611s
	iters: 600, epoch: 3 | loss: 0.2877308
	speed: 0.0163s/iter; left time: 211.2982s
	iters: 700, epoch: 3 | loss: 0.3120045
	speed: 0.0162s/iter; left time: 209.2686s
Epoch: 3 cost time: 12.2s
Epoch: 3, Steps: 755 | Train Loss: 0.3073954 Vali Loss: 0.4491429
Validation loss decreased (0.466290 --> 0.449143).  Saving model ...
Updating learning rate to 0.00125
	iters: 100, epoch: 4 | loss: 0.3064135
	speed: 0.0163s/iter; left time: 207.9682s
	iters: 200, epoch: 4 | loss: 0.2774053
	speed: 0.0163s/iter; left time: 206.5086s
	iters: 300, epoch: 4 | loss: 0.2714806
	speed: 0.0163s/iter; left time: 204.6549s
	iters: 400, epoch: 4 | loss: 0.2930823
	speed: 0.0163s/iter; left time: 203.1481s
	iters: 500, epoch: 4 | loss: 0.3204495
	speed: 0.0163s/iter; left time: 201.5854s
	iters: 600, epoch: 4 | loss: 0.2902928
	speed: 0.0163s/iter; left time: 199.5088s
	iters: 700, epoch: 4 | loss: 0.3193710
	speed: 0.0163s/iter; left time: 197.4275s
Epoch: 4 cost time: 12.3s
Epoch: 4, Steps: 755 | Train Loss: 0.3012500 Vali Loss: 0.4449310
Validation loss decreased (0.449143 --> 0.444931).  Saving model ...
Updating learning rate to 0.000625
	iters: 100, epoch: 5 | loss: 0.2779009
	speed: 0.0163s/iter; left time: 195.5997s
	iters: 200, epoch: 5 | loss: 0.2777075
	speed: 0.0162s/iter; left time: 193.0265s
	iters: 300, epoch: 5 | loss: 0.2965766
	speed: 0.0162s/iter; left time: 190.9040s
	iters: 400, epoch: 5 | loss: 0.2951650
	speed: 0.0162s/iter; left time: 188.8956s
	iters: 500, epoch: 5 | loss: 0.2723793
	speed: 0.0162s/iter; left time: 188.0468s
	iters: 600, epoch: 5 | loss: 0.2765290
	speed: 0.0163s/iter; left time: 186.7668s
	iters: 700, epoch: 5 | loss: 0.2983673
	speed: 0.0162s/iter; left time: 184.9112s
Epoch: 5 cost time: 12.3s
Epoch: 5, Steps: 755 | Train Loss: 0.2982464 Vali Loss: 0.4404565
Validation loss decreased (0.444931 --> 0.440457).  Saving model ...
Updating learning rate to 0.0003125
	iters: 100, epoch: 6 | loss: 0.3309570
	speed: 0.0161s/iter; left time: 180.3687s
	iters: 200, epoch: 6 | loss: 0.3085319
	speed: 0.0161s/iter; left time: 178.7984s
	iters: 300, epoch: 6 | loss: 0.2710833
	speed: 0.0162s/iter; left time: 178.3969s
	iters: 400, epoch: 6 | loss: 0.3535836
	speed: 0.0162s/iter; left time: 176.4862s
	iters: 500, epoch: 6 | loss: 0.2873166
	speed: 0.0162s/iter; left time: 174.9825s
	iters: 600, epoch: 6 | loss: 0.2983910
	speed: 0.0162s/iter; left time: 173.6719s
	iters: 700, epoch: 6 | loss: 0.2742434
	speed: 0.0162s/iter; left time: 172.5147s
Epoch: 6 cost time: 12.2s
Epoch: 6, Steps: 755 | Train Loss: 0.2966440 Vali Loss: 0.4373144
Validation loss decreased (0.440457 --> 0.437314).  Saving model ...
Updating learning rate to 0.00015625
	iters: 100, epoch: 7 | loss: 0.2911001
	speed: 0.0163s/iter; left time: 170.2694s
	iters: 200, epoch: 7 | loss: 0.2762553
	speed: 0.0162s/iter; left time: 168.4870s
	iters: 300, epoch: 7 | loss: 0.2954852
	speed: 0.0162s/iter; left time: 166.1817s
	iters: 400, epoch: 7 | loss: 0.2742179
	speed: 0.0161s/iter; left time: 164.2138s
	iters: 500, epoch: 7 | loss: 0.2953663
	speed: 0.0162s/iter; left time: 162.9872s
	iters: 600, epoch: 7 | loss: 0.2873263
	speed: 0.0161s/iter; left time: 160.9557s
	iters: 700, epoch: 7 | loss: 0.2690861
	speed: 0.0161s/iter; left time: 159.2683s
Epoch: 7 cost time: 12.2s
Epoch: 7, Steps: 755 | Train Loss: 0.2957922 Vali Loss: 0.4366828
Validation loss decreased (0.437314 --> 0.436683).  Saving model ...
Updating learning rate to 7.8125e-05
	iters: 100, epoch: 8 | loss: 0.2943865
	speed: 0.0164s/iter; left time: 159.0807s
	iters: 200, epoch: 8 | loss: 0.2943520
	speed: 0.0162s/iter; left time: 156.1293s
	iters: 300, epoch: 8 | loss: 0.2568102
	speed: 0.0161s/iter; left time: 153.2059s
	iters: 400, epoch: 8 | loss: 0.2956218
	speed: 0.0161s/iter; left time: 151.8682s
	iters: 500, epoch: 8 | loss: 0.2941701
	speed: 0.0161s/iter; left time: 149.9869s
	iters: 600, epoch: 8 | loss: 0.2983043
	speed: 0.0161s/iter; left time: 148.0873s
	iters: 700, epoch: 8 | loss: 0.3114377
	speed: 0.0160s/iter; left time: 146.2767s
Epoch: 8 cost time: 12.1s
Epoch: 8, Steps: 755 | Train Loss: 0.2953177 Vali Loss: 0.4370861
EarlyStopping counter: 1 out of 6
Updating learning rate to 3.90625e-05
	iters: 100, epoch: 9 | loss: 0.3228460
	speed: 0.0165s/iter; left time: 147.9307s
	iters: 200, epoch: 9 | loss: 0.2780434
	speed: 0.0162s/iter; left time: 143.3266s
	iters: 300, epoch: 9 | loss: 0.3142708
	speed: 0.0161s/iter; left time: 141.2783s
	iters: 400, epoch: 9 | loss: 0.2801327
	speed: 0.0161s/iter; left time: 139.2525s
	iters: 500, epoch: 9 | loss: 0.2970538
	speed: 0.0161s/iter; left time: 137.5238s
	iters: 600, epoch: 9 | loss: 0.3072570
	speed: 0.0160s/iter; left time: 135.7247s
	iters: 700, epoch: 9 | loss: 0.3052145
	speed: 0.0160s/iter; left time: 134.0043s
Epoch: 9 cost time: 12.1s
Epoch: 9, Steps: 755 | Train Loss: 0.2950658 Vali Loss: 0.4365779
Validation loss decreased (0.436683 --> 0.436578).  Saving model ...
Updating learning rate to 1.953125e-05
	iters: 100, epoch: 10 | loss: 0.2778024
	speed: 0.0162s/iter; left time: 132.5391s
	iters: 200, epoch: 10 | loss: 0.2867018
	speed: 0.0163s/iter; left time: 132.3564s
	iters: 300, epoch: 10 | loss: 0.2998427
	speed: 0.0163s/iter; left time: 130.1414s
	iters: 400, epoch: 10 | loss: 0.3053786
	speed: 0.0162s/iter; left time: 127.9572s
	iters: 500, epoch: 10 | loss: 0.2895010
	speed: 0.0162s/iter; left time: 126.2351s
	iters: 600, epoch: 10 | loss: 0.2854272
	speed: 0.0161s/iter; left time: 124.3806s
	iters: 700, epoch: 10 | loss: 0.2809405
	speed: 0.0161s/iter; left time: 122.7213s
Epoch: 10 cost time: 12.2s
Epoch: 10, Steps: 755 | Train Loss: 0.2949664 Vali Loss: 0.4364354
Validation loss decreased (0.436578 --> 0.436435).  Saving model ...
Updating learning rate to 9.765625e-06
	iters: 100, epoch: 11 | loss: 0.3090231
	speed: 0.0161s/iter; left time: 120.2964s
	iters: 200, epoch: 11 | loss: 0.2767641
	speed: 0.0161s/iter; left time: 117.9843s
	iters: 300, epoch: 11 | loss: 0.2961839
	speed: 0.0161s/iter; left time: 116.6520s
	iters: 400, epoch: 11 | loss: 0.3273057
	speed: 0.0161s/iter; left time: 115.2151s
	iters: 500, epoch: 11 | loss: 0.2837271
	speed: 0.0161s/iter; left time: 113.5363s
	iters: 600, epoch: 11 | loss: 0.3243333
	speed: 0.0161s/iter; left time: 111.8047s
	iters: 700, epoch: 11 | loss: 0.2653914
	speed: 0.0161s/iter; left time: 110.3439s
Epoch: 11 cost time: 12.2s
Epoch: 11, Steps: 755 | Train Loss: 0.2948283 Vali Loss: 0.4364847
EarlyStopping counter: 1 out of 6
Updating learning rate to 4.8828125e-06
	iters: 100, epoch: 12 | loss: 0.2874140
	speed: 0.0162s/iter; left time: 108.2993s
	iters: 200, epoch: 12 | loss: 0.3190561
	speed: 0.0161s/iter; left time: 106.1922s
	iters: 300, epoch: 12 | loss: 0.2597022
	speed: 0.0161s/iter; left time: 104.4502s
	iters: 400, epoch: 12 | loss: 0.3255166
	speed: 0.0161s/iter; left time: 102.8266s
	iters: 500, epoch: 12 | loss: 0.2750589
	speed: 0.0161s/iter; left time: 101.5239s
	iters: 600, epoch: 12 | loss: 0.2696728
	speed: 0.0162s/iter; left time: 100.1053s
	iters: 700, epoch: 12 | loss: 0.2742704
	speed: 0.0161s/iter; left time: 98.3006s
Epoch: 12 cost time: 12.2s
Epoch: 12, Steps: 755 | Train Loss: 0.2948216 Vali Loss: 0.4365076
EarlyStopping counter: 2 out of 6
Updating learning rate to 2.44140625e-06
	iters: 100, epoch: 13 | loss: 0.2711037
	speed: 0.0163s/iter; left time: 96.6945s
	iters: 200, epoch: 13 | loss: 0.2889892
	speed: 0.0162s/iter; left time: 94.5823s
	iters: 300, epoch: 13 | loss: 0.3249261
	speed: 0.0162s/iter; left time: 92.8972s
	iters: 400, epoch: 13 | loss: 0.3068702
	speed: 0.0161s/iter; left time: 91.0805s
	iters: 500, epoch: 13 | loss: 0.2781481
	speed: 0.0161s/iter; left time: 89.4075s
	iters: 600, epoch: 13 | loss: 0.2968530
	speed: 0.0162s/iter; left time: 87.9936s
	iters: 700, epoch: 13 | loss: 0.3017583
	speed: 0.0162s/iter; left time: 86.4627s
Epoch: 13 cost time: 12.2s
Epoch: 13, Steps: 755 | Train Loss: 0.2947906 Vali Loss: 0.4365769
EarlyStopping counter: 3 out of 6
Updating learning rate to 1.220703125e-06
	iters: 100, epoch: 14 | loss: 0.2874532
	speed: 0.0161s/iter; left time: 83.5566s
	iters: 200, epoch: 14 | loss: 0.2917439
	speed: 0.0160s/iter; left time: 81.4114s
	iters: 300, epoch: 14 | loss: 0.3101710
	speed: 0.0160s/iter; left time: 79.5687s
	iters: 400, epoch: 14 | loss: 0.3184496
	speed: 0.0160s/iter; left time: 78.0782s
	iters: 500, epoch: 14 | loss: 0.2750892
	speed: 0.0160s/iter; left time: 76.3947s
	iters: 600, epoch: 14 | loss: 0.3249367
	speed: 0.0159s/iter; left time: 74.7254s
	iters: 700, epoch: 14 | loss: 0.2602773
	speed: 0.0160s/iter; left time: 73.4027s
Epoch: 14 cost time: 12.1s
Epoch: 14, Steps: 755 | Train Loss: 0.2948170 Vali Loss: 0.4368109
EarlyStopping counter: 4 out of 6
Updating learning rate to 6.103515625e-07
	iters: 100, epoch: 15 | loss: 0.2975228
	speed: 0.0161s/iter; left time: 71.2794s
	iters: 200, epoch: 15 | loss: 0.2993427
	speed: 0.0161s/iter; left time: 69.8881s
	iters: 300, epoch: 15 | loss: 0.3023256
	speed: 0.0161s/iter; left time: 67.9387s
	iters: 400, epoch: 15 | loss: 0.2766742
	speed: 0.0161s/iter; left time: 66.4749s
	iters: 500, epoch: 15 | loss: 0.2971622
	speed: 0.0161s/iter; left time: 64.7420s
	iters: 600, epoch: 15 | loss: 0.3264149
	speed: 0.0160s/iter; left time: 63.0615s
	iters: 700, epoch: 15 | loss: 0.3077219
	speed: 0.0160s/iter; left time: 61.4094s
Epoch: 15 cost time: 12.1s
Epoch: 15, Steps: 755 | Train Loss: 0.2947872 Vali Loss: 0.4369535
EarlyStopping counter: 5 out of 6
Updating learning rate to 3.0517578125e-07
	iters: 100, epoch: 16 | loss: 0.2874741
	speed: 0.0163s/iter; left time: 59.9476s
	iters: 200, epoch: 16 | loss: 0.3056550
	speed: 0.0163s/iter; left time: 58.1245s
	iters: 300, epoch: 16 | loss: 0.3086345
	speed: 0.0162s/iter; left time: 56.2421s
	iters: 400, epoch: 16 | loss: 0.3057144
	speed: 0.0161s/iter; left time: 54.4125s
	iters: 500, epoch: 16 | loss: 0.2835038
	speed: 0.0161s/iter; left time: 52.7725s
	iters: 600, epoch: 16 | loss: 0.3231838
	speed: 0.0161s/iter; left time: 51.1657s
	iters: 700, epoch: 16 | loss: 0.2913712
	speed: 0.0161s/iter; left time: 49.5566s
Epoch: 16 cost time: 12.2s
Epoch: 16, Steps: 755 | Train Loss: 0.2948241 Vali Loss: 0.4366419
EarlyStopping counter: 6 out of 6
Early stopping
Training time: 228.7s | Peak GPU memory: 173.7MB

>>> Testing...
test 3413
test shape: (3413, 1, 96, 862) (3413, 1, 96, 862)
test shape: (3413, 96, 862) (3413, 96, 862)
MSE: 0.496313, MAE: 0.331024
Inference: 7.16s | 3413 samples | 476.8 samples/sec
Results saved to /lustre09/project/6010289/sdmuhsin/SpectraGate/results/traffic_results.csv
========================================
Finished: Mon 09 Mar 2026 06:16:43 PM EDT
========================================
