========================================
Job: fn_Pyraformer_ETTh2_96
Model: Pyraformer
Dataset: ETTh2
Pred len: 96
Time limit: 4:00:00
GPU: h100_2g.20gb:1
Started: Mon 09 Mar 2026 06:14:13 PM EDT
========================================
Mon Mar  9 18:14:13 2026       
+-----------------------------------------------------------------------------------------+
| NVIDIA-SMI 570.211.01             Driver Version: 570.211.01     CUDA Version: 12.8     |
|-----------------------------------------+------------------------+----------------------+
| GPU  Name                 Persistence-M | Bus-Id          Disp.A | Volatile Uncorr. ECC |
| Fan  Temp   Perf          Pwr:Usage/Cap |           Memory-Usage | GPU-Util  Compute M. |
|                                         |                        |               MIG M. |
|=========================================+========================+======================|
|   0  NVIDIA H100 80GB HBM3          Off |   00000000:DB:00.0 Off |                   On |
| N/A   31C    P0            102W /  700W |      59MiB /  81559MiB |     N/A      Default |
|                                         |                        |              Enabled |
+-----------------------------------------+------------------------+----------------------+

+-----------------------------------------------------------------------------------------+
| MIG devices:                                                                            |
+------------------+----------------------------------+-----------+-----------------------+
| GPU  GI  CI  MIG |                     Memory-Usage |        Vol|        Shared         |
|      ID  ID  Dev |                       BAR1-Usage | SM     Unc| CE ENC  DEC  OFA  JPG |
|                  |                                  |        ECC|                       |
|==================+==================================+===========+=======================|
|  0    3   0   0  |              17MiB / 20096MiB    | 32      0 |  2   0    2    0    2 |
|                  |                 0MiB / 32767MiB  |           |                       |
+------------------+----------------------------------+-----------+-----------------------+
                                                                                         
+-----------------------------------------------------------------------------------------+
| Processes:                                                                              |
|  GPU   GI   CI              PID   Type   Process name                        GPU Memory |
|        ID   ID                                                               Usage      |
|=========================================================================================|
|  No running processes found                                                             |
+-----------------------------------------------------------------------------------------+
Using device: cuda:0
Model: Pyraformer, Dataset: ETTh2, pred_len: 96, seq_len: 96

>>> Training...
train 8449
val 2785
Model Model : total params: 7,612,960 | trainable: 7,612,960 (29.0411MB)
	iters: 100, epoch: 1 | loss: 0.2332629
	speed: 0.0363s/iter; left time: 92.2342s
	iters: 200, epoch: 1 | loss: 0.1878217
	speed: 0.0318s/iter; left time: 77.5810s
Epoch: 1 cost time: 8.1s
Epoch: 1, Steps: 264 | Train Loss: 0.3527237 Vali Loss: 0.5096300
Validation loss decreased (inf --> 0.509630).  Saving model ...
Updating learning rate to 0.0001
	iters: 100, epoch: 2 | loss: 0.2198754
	speed: 0.0271s/iter; left time: 61.8156s
	iters: 200, epoch: 2 | loss: 0.2208754
	speed: 0.0272s/iter; left time: 59.2412s
Epoch: 2 cost time: 7.2s
Epoch: 2, Steps: 264 | Train Loss: 0.2347807 Vali Loss: 0.6473982
EarlyStopping counter: 1 out of 3
Updating learning rate to 5e-05
	iters: 100, epoch: 3 | loss: 0.2003966
	speed: 0.0271s/iter; left time: 54.5975s
	iters: 200, epoch: 3 | loss: 0.1371939
	speed: 0.0272s/iter; left time: 52.0302s
Epoch: 3 cost time: 7.2s
Epoch: 3, Steps: 264 | Train Loss: 0.1883973 Vali Loss: 0.6117369
EarlyStopping counter: 2 out of 3
Updating learning rate to 2.5e-05
	iters: 100, epoch: 4 | loss: 0.1500108
	speed: 0.0271s/iter; left time: 47.4391s
	iters: 200, epoch: 4 | loss: 0.1797341
	speed: 0.0272s/iter; left time: 44.8361s
Epoch: 4 cost time: 7.2s
Epoch: 4, Steps: 264 | Train Loss: 0.1698753 Vali Loss: 0.6405979
EarlyStopping counter: 3 out of 3
Early stopping
Training time: 34.2s | Peak GPU memory: 589.9MB

>>> Testing...
test 2785
test shape: (2785, 1, 96, 7) (2785, 1, 96, 7)
test shape: (2785, 96, 7) (2785, 96, 7)
MSE: 1.162174, MAE: 0.838213
Inference: 5.93s | 2785 samples | 469.6 samples/sec
Results saved to /lustre09/project/6010289/sdmuhsin/SpectraGate/results/etth2_results.csv
========================================
Finished: Mon 09 Mar 2026 06:14:59 PM EDT
========================================
