========================================
Job: fn_PatchTST_ETTh1_96
Model: PatchTST
Dataset: ETTh1
Pred len: 96
Time limit: 4:00:00
GPU: h100_2g.20gb:1
Started: Mon 09 Mar 2026 06:12:19 PM EDT
========================================
Mon Mar  9 18:12:19 2026       
+-----------------------------------------------------------------------------------------+
| NVIDIA-SMI 570.211.01             Driver Version: 570.211.01     CUDA Version: 12.8     |
|-----------------------------------------+------------------------+----------------------+
| GPU  Name                 Persistence-M | Bus-Id          Disp.A | Volatile Uncorr. ECC |
| Fan  Temp   Perf          Pwr:Usage/Cap |           Memory-Usage | GPU-Util  Compute M. |
|                                         |                        |               MIG M. |
|=========================================+========================+======================|
|   0  NVIDIA H100 80GB HBM3          Off |   00000000:5F:00.0 Off |                   On |
| N/A   30C    P0             67W /  700W |      59MiB /  81559MiB |     N/A      Default |
|                                         |                        |              Enabled |
+-----------------------------------------+------------------------+----------------------+

+-----------------------------------------------------------------------------------------+
| MIG devices:                                                                            |
+------------------+----------------------------------+-----------+-----------------------+
| GPU  GI  CI  MIG |                     Memory-Usage |        Vol|        Shared         |
|      ID  ID  Dev |                       BAR1-Usage | SM     Unc| CE ENC  DEC  OFA  JPG |
|                  |                                  |        ECC|                       |
|==================+==================================+===========+=======================|
|  0    3   0   0  |              17MiB / 20096MiB    | 32      0 |  2   0    2    0    2 |
|                  |                 0MiB / 32767MiB  |           |                       |
+------------------+----------------------------------+-----------+-----------------------+
                                                                                         
+-----------------------------------------------------------------------------------------+
| Processes:                                                                              |
|  GPU   GI   CI              PID   Type   Process name                        GPU Memory |
|        ID   ID                                                               Usage      |
|=========================================================================================|
|  No running processes found                                                             |
+-----------------------------------------------------------------------------------------+
Using device: cuda:0
Model: PatchTST, Dataset: ETTh1, pred_len: 96, seq_len: 96

>>> Training...
train 8449
val 2785
Model Model : total params: 6,860,896 | trainable: 6,860,896 (26.1722MB)
	iters: 100, epoch: 1 | loss: 0.5708986
	speed: 0.0173s/iter; left time: 89.8813s
	iters: 200, epoch: 1 | loss: 0.4390234
	speed: 0.0159s/iter; left time: 80.5770s
Epoch: 1 cost time: 4.1s
Epoch: 1, Steps: 264 | Train Loss: 7.3018673 Vali Loss: 0.9141669
Validation loss decreased (inf --> 0.914167).  Saving model ...
Updating learning rate to 0.01
	iters: 100, epoch: 2 | loss: 0.4196625
	speed: 0.0143s/iter; left time: 70.5485s
	iters: 200, epoch: 2 | loss: 0.4009143
	speed: 0.0144s/iter; left time: 69.1944s
Epoch: 2 cost time: 3.8s
Epoch: 2, Steps: 264 | Train Loss: 0.4707416 Vali Loss: 0.9056525
Validation loss decreased (0.914167 --> 0.905652).  Saving model ...
Updating learning rate to 0.005
	iters: 100, epoch: 3 | loss: 0.4001845
	speed: 0.0143s/iter; left time: 66.7288s
	iters: 200, epoch: 3 | loss: 0.3329569
	speed: 0.0144s/iter; left time: 65.4530s
Epoch: 3 cost time: 3.8s
Epoch: 3, Steps: 264 | Train Loss: 0.4240114 Vali Loss: 0.7995057
Validation loss decreased (0.905652 --> 0.799506).  Saving model ...
Updating learning rate to 0.0025
	iters: 100, epoch: 4 | loss: 0.3713373
	speed: 0.0143s/iter; left time: 62.7756s
	iters: 200, epoch: 4 | loss: 0.4394560
	speed: 0.0143s/iter; left time: 61.4970s
Epoch: 4 cost time: 3.8s
Epoch: 4, Steps: 264 | Train Loss: 0.4034120 Vali Loss: 0.7911774
Validation loss decreased (0.799506 --> 0.791177).  Saving model ...
Updating learning rate to 0.00125
	iters: 100, epoch: 5 | loss: 0.4094546
	speed: 0.0143s/iter; left time: 59.0943s
	iters: 200, epoch: 5 | loss: 0.3439707
	speed: 0.0144s/iter; left time: 57.7688s
Epoch: 5 cost time: 3.8s
Epoch: 5, Steps: 264 | Train Loss: 0.3955644 Vali Loss: 0.7987362
EarlyStopping counter: 1 out of 6
Updating learning rate to 0.000625
	iters: 100, epoch: 6 | loss: 0.3799999
	speed: 0.0143s/iter; left time: 55.2816s
	iters: 200, epoch: 6 | loss: 0.3796197
	speed: 0.0143s/iter; left time: 53.9689s
Epoch: 6 cost time: 3.8s
Epoch: 6, Steps: 264 | Train Loss: 0.3896131 Vali Loss: 0.7699546
Validation loss decreased (0.791177 --> 0.769955).  Saving model ...
Updating learning rate to 0.0003125
	iters: 100, epoch: 7 | loss: 0.3491630
	speed: 0.0143s/iter; left time: 51.4364s
	iters: 200, epoch: 7 | loss: 0.4661158
	speed: 0.0144s/iter; left time: 50.2189s
Epoch: 7 cost time: 3.8s
Epoch: 7, Steps: 264 | Train Loss: 0.3857162 Vali Loss: 0.7714276
EarlyStopping counter: 1 out of 6
Updating learning rate to 0.00015625
	iters: 100, epoch: 8 | loss: 0.3564850
	speed: 0.0143s/iter; left time: 47.6318s
	iters: 200, epoch: 8 | loss: 0.3251807
	speed: 0.0143s/iter; left time: 46.3409s
Epoch: 8 cost time: 3.8s
Epoch: 8, Steps: 264 | Train Loss: 0.3844592 Vali Loss: 0.7605947
Validation loss decreased (0.769955 --> 0.760595).  Saving model ...
Updating learning rate to 7.8125e-05
	iters: 100, epoch: 9 | loss: 0.3873047
	speed: 0.0143s/iter; left time: 43.9319s
	iters: 200, epoch: 9 | loss: 0.3355419
	speed: 0.0143s/iter; left time: 42.5864s
Epoch: 9 cost time: 3.8s
Epoch: 9, Steps: 264 | Train Loss: 0.3833593 Vali Loss: 0.7603105
Validation loss decreased (0.760595 --> 0.760310).  Saving model ...
Updating learning rate to 3.90625e-05
	iters: 100, epoch: 10 | loss: 0.3769580
	speed: 0.0143s/iter; left time: 40.1814s
	iters: 200, epoch: 10 | loss: 0.4075936
	speed: 0.0143s/iter; left time: 38.8163s
Epoch: 10 cost time: 3.8s
Epoch: 10, Steps: 264 | Train Loss: 0.3826301 Vali Loss: 0.7609511
EarlyStopping counter: 1 out of 6
Updating learning rate to 1.953125e-05
	iters: 100, epoch: 11 | loss: 0.3293985
	speed: 0.0143s/iter; left time: 36.3176s
	iters: 200, epoch: 11 | loss: 0.3610236
	speed: 0.0143s/iter; left time: 34.9859s
Epoch: 11 cost time: 3.8s
Epoch: 11, Steps: 264 | Train Loss: 0.3822985 Vali Loss: 0.7582206
Validation loss decreased (0.760310 --> 0.758221).  Saving model ...
Updating learning rate to 9.765625e-06
	iters: 100, epoch: 12 | loss: 0.3698322
	speed: 0.0143s/iter; left time: 32.5797s
	iters: 200, epoch: 12 | loss: 0.4114923
	speed: 0.0143s/iter; left time: 31.2278s
Epoch: 12 cost time: 3.8s
Epoch: 12, Steps: 264 | Train Loss: 0.3821846 Vali Loss: 0.7595009
EarlyStopping counter: 1 out of 6
Updating learning rate to 4.8828125e-06
	iters: 100, epoch: 13 | loss: 0.4933050
	speed: 0.0143s/iter; left time: 28.8152s
	iters: 200, epoch: 13 | loss: 0.3553384
	speed: 0.0144s/iter; left time: 27.4572s
Epoch: 13 cost time: 3.8s
Epoch: 13, Steps: 264 | Train Loss: 0.3820365 Vali Loss: 0.7587377
EarlyStopping counter: 2 out of 6
Updating learning rate to 2.44140625e-06
	iters: 100, epoch: 14 | loss: 0.4114279
	speed: 0.0143s/iter; left time: 25.0207s
	iters: 200, epoch: 14 | loss: 0.3777166
	speed: 0.0143s/iter; left time: 23.6435s
Epoch: 14 cost time: 3.8s
Epoch: 14, Steps: 264 | Train Loss: 0.3819373 Vali Loss: 0.7589694
EarlyStopping counter: 3 out of 6
Updating learning rate to 1.220703125e-06
	iters: 100, epoch: 15 | loss: 0.3435827
	speed: 0.0143s/iter; left time: 21.2770s
	iters: 200, epoch: 15 | loss: 0.3501256
	speed: 0.0143s/iter; left time: 19.8721s
Epoch: 15 cost time: 3.8s
Epoch: 15, Steps: 264 | Train Loss: 0.3818789 Vali Loss: 0.7584171
EarlyStopping counter: 4 out of 6
Updating learning rate to 6.103515625e-07
	iters: 100, epoch: 16 | loss: 0.4690463
	speed: 0.0143s/iter; left time: 17.4597s
	iters: 200, epoch: 16 | loss: 0.3660956
	speed: 0.0143s/iter; left time: 16.0706s
Epoch: 16 cost time: 3.8s
Epoch: 16, Steps: 264 | Train Loss: 0.3818772 Vali Loss: 0.7584971
EarlyStopping counter: 5 out of 6
Updating learning rate to 3.0517578125e-07
	iters: 100, epoch: 17 | loss: 0.4108306
	speed: 0.0143s/iter; left time: 13.6862s
	iters: 200, epoch: 17 | loss: 0.3387783
	speed: 0.0143s/iter; left time: 12.2954s
Epoch: 17 cost time: 3.8s
Epoch: 17, Steps: 264 | Train Loss: 0.3818642 Vali Loss: 0.7585763
EarlyStopping counter: 6 out of 6
Early stopping
Training time: 73.1s | Peak GPU memory: 356.7MB

>>> Testing...
test 2785
test shape: (2785, 1, 96, 7) (2785, 1, 96, 7)
test shape: (2785, 96, 7) (2785, 96, 7)
MSE: 0.423288, MAE: 0.427850
Inference: 2.58s | 2785 samples | 1078.9 samples/sec
Results saved to /lustre09/project/6010289/sdmuhsin/SpectraGate/results/etth1_results.csv
========================================
Finished: Mon 09 Mar 2026 06:13:56 PM EDT
========================================
