========================================
Job: fn_RLinear_Exchange_96
Model: RLinear
Dataset: Exchange
Pred len: 96
Time limit: 4:00:00
GPU: h100_2g.20gb:1
Started: Mon 09 Mar 2026 06:13:08 PM EDT
========================================
Mon Mar  9 18:13:08 2026       
+-----------------------------------------------------------------------------------------+
| NVIDIA-SMI 570.211.01             Driver Version: 570.211.01     CUDA Version: 12.8     |
|-----------------------------------------+------------------------+----------------------+
| GPU  Name                 Persistence-M | Bus-Id          Disp.A | Volatile Uncorr. ECC |
| Fan  Temp   Perf          Pwr:Usage/Cap |           Memory-Usage | GPU-Util  Compute M. |
|                                         |                        |               MIG M. |
|=========================================+========================+======================|
|   0  NVIDIA H100 80GB HBM3          Off |   00000000:4E:00.0 Off |                   On |
| N/A   47C    P0            162W /  700W |   43391MiB /  81559MiB |     N/A      Default |
|                                         |                        |              Enabled |
+-----------------------------------------+------------------------+----------------------+

+-----------------------------------------------------------------------------------------+
| MIG devices:                                                                            |
+------------------+----------------------------------+-----------+-----------------------+
| GPU  GI  CI  MIG |                     Memory-Usage |        Vol|        Shared         |
|      ID  ID  Dev |                       BAR1-Usage | SM     Unc| CE ENC  DEC  OFA  JPG |
|                  |                                  |        ECC|                       |
|==================+==================================+===========+=======================|
|  0    3   0   0  |              17MiB / 20096MiB    | 32      0 |  2   0    2    0    2 |
|                  |                 0MiB / 32767MiB  |           |                       |
+------------------+----------------------------------+-----------+-----------------------+
                                                                                         
+-----------------------------------------------------------------------------------------+
| Processes:                                                                              |
|  GPU   GI   CI              PID   Type   Process name                        GPU Memory |
|        ID   ID                                                               Usage      |
|=========================================================================================|
|  No running processes found                                                             |
+-----------------------------------------------------------------------------------------+
Using device: cuda:0
Model: RLinear, Dataset: Exchange, pred_len: 96, seq_len: 96

>>> Training...
train 5120
val 665
Model Model : total params: 9,328 | trainable: 9,328 (0.0356MB)
	iters: 100, epoch: 1 | loss: 0.1339995
	speed: 0.0038s/iter; left time: 11.7668s
Epoch: 1 cost time: 0.5s
Epoch: 1, Steps: 160 | Train Loss: 0.1307885 Vali Loss: 0.1301061
Validation loss decreased (inf --> 0.130106).  Saving model ...
Updating learning rate to 0.01
	iters: 100, epoch: 2 | loss: 0.0945361
	speed: 0.0020s/iter; left time: 5.7704s
Epoch: 2 cost time: 0.3s
Epoch: 2, Steps: 160 | Train Loss: 0.1250407 Vali Loss: 0.1368655
EarlyStopping counter: 1 out of 6
Updating learning rate to 0.005
	iters: 100, epoch: 3 | loss: 0.1231700
	speed: 0.0020s/iter; left time: 5.6142s
Epoch: 3 cost time: 0.3s
Epoch: 3, Steps: 160 | Train Loss: 0.1233902 Vali Loss: 0.1274792
Validation loss decreased (0.130106 --> 0.127479).  Saving model ...
Updating learning rate to 0.0025
	iters: 100, epoch: 4 | loss: 0.1540979
	speed: 0.0020s/iter; left time: 5.2708s
Epoch: 4 cost time: 0.3s
Epoch: 4, Steps: 160 | Train Loss: 0.1224573 Vali Loss: 0.1294059
EarlyStopping counter: 1 out of 6
Updating learning rate to 0.00125
	iters: 100, epoch: 5 | loss: 0.1946303
	speed: 0.0018s/iter; left time: 4.5427s
Epoch: 5 cost time: 0.3s
Epoch: 5, Steps: 160 | Train Loss: 0.1219929 Vali Loss: 0.1295246
EarlyStopping counter: 2 out of 6
Updating learning rate to 0.000625
	iters: 100, epoch: 6 | loss: 0.1194443
	speed: 0.0019s/iter; left time: 4.2997s
Epoch: 6 cost time: 0.3s
Epoch: 6, Steps: 160 | Train Loss: 0.1217213 Vali Loss: 0.1290469
EarlyStopping counter: 3 out of 6
Updating learning rate to 0.0003125
	iters: 100, epoch: 7 | loss: 0.1601100
	speed: 0.0019s/iter; left time: 4.0278s
Epoch: 7 cost time: 0.3s
Epoch: 7, Steps: 160 | Train Loss: 0.1215408 Vali Loss: 0.1271545
Validation loss decreased (0.127479 --> 0.127154).  Saving model ...
Updating learning rate to 0.00015625
	iters: 100, epoch: 8 | loss: 0.1331731
	speed: 0.0019s/iter; left time: 3.7069s
Epoch: 8 cost time: 0.3s
Epoch: 8, Steps: 160 | Train Loss: 0.1214729 Vali Loss: 0.1296322
EarlyStopping counter: 1 out of 6
Updating learning rate to 7.8125e-05
	iters: 100, epoch: 9 | loss: 0.1175600
	speed: 0.0019s/iter; left time: 3.3800s
Epoch: 9 cost time: 0.3s
Epoch: 9, Steps: 160 | Train Loss: 0.1214523 Vali Loss: 0.1288442
EarlyStopping counter: 2 out of 6
Updating learning rate to 3.90625e-05
	iters: 100, epoch: 10 | loss: 0.1753101
	speed: 0.0019s/iter; left time: 3.1650s
Epoch: 10 cost time: 0.3s
Epoch: 10, Steps: 160 | Train Loss: 0.1214197 Vali Loss: 0.1278786
EarlyStopping counter: 3 out of 6
Updating learning rate to 1.953125e-05
	iters: 100, epoch: 11 | loss: 0.1073333
	speed: 0.0020s/iter; left time: 2.9626s
Epoch: 11 cost time: 0.3s
Epoch: 11, Steps: 160 | Train Loss: 0.1214063 Vali Loss: 0.1288417
EarlyStopping counter: 4 out of 6
Updating learning rate to 9.765625e-06
	iters: 100, epoch: 12 | loss: 0.1732512
	speed: 0.0020s/iter; left time: 2.6902s
Epoch: 12 cost time: 0.3s
Epoch: 12, Steps: 160 | Train Loss: 0.1214005 Vali Loss: 0.1291133
EarlyStopping counter: 5 out of 6
Updating learning rate to 4.8828125e-06
	iters: 100, epoch: 13 | loss: 0.1426280
	speed: 0.0019s/iter; left time: 2.2089s
Epoch: 13 cost time: 0.3s
Epoch: 13, Steps: 160 | Train Loss: 0.1213970 Vali Loss: 0.1268396
Validation loss decreased (0.127154 --> 0.126840).  Saving model ...
Updating learning rate to 2.44140625e-06
	iters: 100, epoch: 14 | loss: 0.0942888
	speed: 0.0018s/iter; left time: 1.8673s
Epoch: 14 cost time: 0.3s
Epoch: 14, Steps: 160 | Train Loss: 0.1213963 Vali Loss: 0.1291731
EarlyStopping counter: 1 out of 6
Updating learning rate to 1.220703125e-06
	iters: 100, epoch: 15 | loss: 0.1070473
	speed: 0.0018s/iter; left time: 1.5530s
Epoch: 15 cost time: 0.3s
Epoch: 15, Steps: 160 | Train Loss: 0.1213946 Vali Loss: 0.1271009
EarlyStopping counter: 2 out of 6
Updating learning rate to 6.103515625e-07
	iters: 100, epoch: 16 | loss: 0.1422071
	speed: 0.0018s/iter; left time: 1.2593s
Epoch: 16 cost time: 0.3s
Epoch: 16, Steps: 160 | Train Loss: 0.1213942 Vali Loss: 0.1274631
EarlyStopping counter: 3 out of 6
Updating learning rate to 3.0517578125e-07
	iters: 100, epoch: 17 | loss: 0.1265382
	speed: 0.0018s/iter; left time: 0.9744s
Epoch: 17 cost time: 0.3s
Epoch: 17, Steps: 160 | Train Loss: 0.1213939 Vali Loss: 0.1282335
EarlyStopping counter: 4 out of 6
Updating learning rate to 1.52587890625e-07
	iters: 100, epoch: 18 | loss: 0.0966205
	speed: 0.0020s/iter; left time: 0.7540s
Epoch: 18 cost time: 0.3s
Epoch: 18, Steps: 160 | Train Loss: 0.1213939 Vali Loss: 0.1291668
EarlyStopping counter: 5 out of 6
Updating learning rate to 7.62939453125e-08
	iters: 100, epoch: 19 | loss: 0.1202211
	speed: 0.0019s/iter; left time: 0.4278s
Epoch: 19 cost time: 0.3s
Epoch: 19, Steps: 160 | Train Loss: 0.1213938 Vali Loss: 0.1295929
EarlyStopping counter: 6 out of 6
Early stopping
Training time: 6.5s | Peak GPU memory: 65.5MB

>>> Testing...
test 1422
test shape: (1422, 1, 96, 8) (1422, 1, 96, 8)
test shape: (1422, 96, 8) (1422, 96, 8)
MSE: 0.082047, MAE: 0.198376
Inference: 0.63s | 1422 samples | 2243.9 samples/sec
Results saved to /lustre09/project/6010289/sdmuhsin/SpectraGate/results/exchange_results.csv
========================================
Finished: Mon 09 Mar 2026 06:13:21 PM EDT
========================================
