========================================
Job: fn_RLinear_ETTm2_96
Model: RLinear
Dataset: ETTm2
Pred len: 96
Time limit: 8:00:00
GPU: h100_2g.20gb:1
Started: Mon 09 Mar 2026 05:49:00 PM EDT
========================================
Mon Mar  9 17:49:00 2026       
+-----------------------------------------------------------------------------------------+
| NVIDIA-SMI 570.211.01             Driver Version: 570.211.01     CUDA Version: 12.8     |
|-----------------------------------------+------------------------+----------------------+
| GPU  Name                 Persistence-M | Bus-Id          Disp.A | Volatile Uncorr. ECC |
| Fan  Temp   Perf          Pwr:Usage/Cap |           Memory-Usage | GPU-Util  Compute M. |
|                                         |                        |               MIG M. |
|=========================================+========================+======================|
|   0  NVIDIA H100 80GB HBM3          Off |   00000000:DB:00.0 Off |                   On |
| N/A   33C    P0             70W /  700W |      59MiB /  81559MiB |     N/A      Default |
|                                         |                        |              Enabled |
+-----------------------------------------+------------------------+----------------------+

+-----------------------------------------------------------------------------------------+
| MIG devices:                                                                            |
+------------------+----------------------------------+-----------+-----------------------+
| GPU  GI  CI  MIG |                     Memory-Usage |        Vol|        Shared         |
|      ID  ID  Dev |                       BAR1-Usage | SM     Unc| CE ENC  DEC  OFA  JPG |
|                  |                                  |        ECC|                       |
|==================+==================================+===========+=======================|
|  0    3   0   0  |              17MiB / 20096MiB    | 32      0 |  2   0    2    0    2 |
|                  |                 0MiB / 32767MiB  |           |                       |
+------------------+----------------------------------+-----------+-----------------------+
                                                                                         
+-----------------------------------------------------------------------------------------+
| Processes:                                                                              |
|  GPU   GI   CI              PID   Type   Process name                        GPU Memory |
|        ID   ID                                                               Usage      |
|=========================================================================================|
|  No running processes found                                                             |
+-----------------------------------------------------------------------------------------+
Using device: cuda:0
Model: RLinear, Dataset: ETTm2, pred_len: 96, seq_len: 96

>>> Training...
train 34369
val 11425
Model Model : total params: 9,326 | trainable: 9,326 (0.0356MB)
	iters: 100, epoch: 1 | loss: 0.1999498
	speed: 0.0040s/iter; left time: 84.9198s
	iters: 200, epoch: 1 | loss: 0.1943097
	speed: 0.0028s/iter; left time: 58.5390s
	iters: 300, epoch: 1 | loss: 0.1252856
	speed: 0.0023s/iter; left time: 49.6371s
	iters: 400, epoch: 1 | loss: 0.2239739
	speed: 0.0021s/iter; left time: 45.1050s
	iters: 500, epoch: 1 | loss: 0.4516209
	speed: 0.0020s/iter; left time: 42.3125s
	iters: 600, epoch: 1 | loss: 0.2438389
	speed: 0.0019s/iter; left time: 40.4086s
	iters: 700, epoch: 1 | loss: 0.4118342
	speed: 0.0019s/iter; left time: 38.9808s
	iters: 800, epoch: 1 | loss: 0.3345310
	speed: 0.0018s/iter; left time: 37.8920s
	iters: 900, epoch: 1 | loss: 0.1842630
	speed: 0.0018s/iter; left time: 37.0150s
	iters: 1000, epoch: 1 | loss: 0.1526945
	speed: 0.0018s/iter; left time: 36.2713s
Epoch: 1 cost time: 1.9s
Epoch: 1, Steps: 1074 | Train Loss: 0.2531217 Vali Loss: 0.1358912
Validation loss decreased (inf --> 0.135891).  Saving model ...
Updating learning rate to 0.01
	iters: 100, epoch: 2 | loss: 0.2635048
	speed: 0.0015s/iter; left time: 31.2648s
	iters: 200, epoch: 2 | loss: 0.1429647
	speed: 0.0015s/iter; left time: 30.9676s
	iters: 300, epoch: 2 | loss: 0.1504706
	speed: 0.0015s/iter; left time: 30.7467s
	iters: 400, epoch: 2 | loss: 0.2267380
	speed: 0.0015s/iter; left time: 30.5769s
	iters: 500, epoch: 2 | loss: 0.2009533
	speed: 0.0015s/iter; left time: 30.4591s
	iters: 600, epoch: 2 | loss: 0.3662062
	speed: 0.0015s/iter; left time: 30.4101s
	iters: 700, epoch: 2 | loss: 0.1661034
	speed: 0.0015s/iter; left time: 30.3580s
	iters: 800, epoch: 2 | loss: 0.2157223
	speed: 0.0015s/iter; left time: 30.2194s
	iters: 900, epoch: 2 | loss: 0.3183008
	speed: 0.0015s/iter; left time: 30.1544s
	iters: 1000, epoch: 2 | loss: 0.2930097
	speed: 0.0015s/iter; left time: 29.9579s
Epoch: 2 cost time: 1.7s
Epoch: 2, Steps: 1074 | Train Loss: 0.2517055 Vali Loss: 0.1372069
EarlyStopping counter: 1 out of 6
Updating learning rate to 0.005
	iters: 100, epoch: 3 | loss: 0.2136383
	speed: 0.0015s/iter; left time: 29.5526s
	iters: 200, epoch: 3 | loss: 0.2229464
	speed: 0.0015s/iter; left time: 29.2848s
	iters: 300, epoch: 3 | loss: 0.3279091
	speed: 0.0015s/iter; left time: 29.0830s
	iters: 400, epoch: 3 | loss: 0.1228695
	speed: 0.0015s/iter; left time: 28.9012s
	iters: 500, epoch: 3 | loss: 0.3724611
	speed: 0.0015s/iter; left time: 28.7245s
	iters: 600, epoch: 3 | loss: 0.3512057
	speed: 0.0015s/iter; left time: 28.5471s
	iters: 700, epoch: 3 | loss: 0.1169042
	speed: 0.0015s/iter; left time: 28.3695s
	iters: 800, epoch: 3 | loss: 0.2613564
	speed: 0.0015s/iter; left time: 28.2012s
	iters: 900, epoch: 3 | loss: 0.4315333
	speed: 0.0015s/iter; left time: 28.0827s
	iters: 1000, epoch: 3 | loss: 0.4734720
	speed: 0.0015s/iter; left time: 27.9171s
Epoch: 3 cost time: 1.6s
Epoch: 3, Steps: 1074 | Train Loss: 0.2446899 Vali Loss: 0.1357991
Validation loss decreased (0.135891 --> 0.135799).  Saving model ...
Updating learning rate to 0.0025
	iters: 100, epoch: 4 | loss: 0.1473385
	speed: 0.0015s/iter; left time: 27.7919s
	iters: 200, epoch: 4 | loss: 0.1737399
	speed: 0.0015s/iter; left time: 27.5385s
	iters: 300, epoch: 4 | loss: 0.1587581
	speed: 0.0015s/iter; left time: 27.3564s
	iters: 400, epoch: 4 | loss: 0.2263167
	speed: 0.0015s/iter; left time: 27.1778s
	iters: 500, epoch: 4 | loss: 0.2839492
	speed: 0.0015s/iter; left time: 26.9988s
	iters: 600, epoch: 4 | loss: 0.1347727
	speed: 0.0015s/iter; left time: 26.8433s
	iters: 700, epoch: 4 | loss: 0.3064581
	speed: 0.0015s/iter; left time: 26.6761s
	iters: 800, epoch: 4 | loss: 0.4523950
	speed: 0.0015s/iter; left time: 26.5236s
	iters: 900, epoch: 4 | loss: 0.4717982
	speed: 0.0015s/iter; left time: 26.3993s
	iters: 1000, epoch: 4 | loss: 0.1320387
	speed: 0.0015s/iter; left time: 26.2465s
Epoch: 4 cost time: 1.6s
Epoch: 4, Steps: 1074 | Train Loss: 0.2406391 Vali Loss: 0.1333511
Validation loss decreased (0.135799 --> 0.133351).  Saving model ...
Updating learning rate to 0.00125
	iters: 100, epoch: 5 | loss: 0.2689701
	speed: 0.0015s/iter; left time: 26.2601s
	iters: 200, epoch: 5 | loss: 0.1349834
	speed: 0.0015s/iter; left time: 25.9648s
	iters: 300, epoch: 5 | loss: 0.4041073
	speed: 0.0015s/iter; left time: 25.7921s
	iters: 400, epoch: 5 | loss: 0.2423371
	speed: 0.0015s/iter; left time: 25.6154s
	iters: 500, epoch: 5 | loss: 0.1229728
	speed: 0.0015s/iter; left time: 25.4302s
	iters: 600, epoch: 5 | loss: 0.2690613
	speed: 0.0015s/iter; left time: 25.2589s
	iters: 700, epoch: 5 | loss: 0.8081127
	speed: 0.0015s/iter; left time: 25.0991s
	iters: 800, epoch: 5 | loss: 0.3168519
	speed: 0.0015s/iter; left time: 24.9740s
	iters: 900, epoch: 5 | loss: 0.2032564
	speed: 0.0015s/iter; left time: 24.8435s
	iters: 1000, epoch: 5 | loss: 0.2781439
	speed: 0.0015s/iter; left time: 24.7137s
Epoch: 5 cost time: 1.6s
Epoch: 5, Steps: 1074 | Train Loss: 0.2385968 Vali Loss: 0.1309241
Validation loss decreased (0.133351 --> 0.130924).  Saving model ...
Updating learning rate to 0.000625
	iters: 100, epoch: 6 | loss: 0.1951625
	speed: 0.0015s/iter; left time: 24.5025s
	iters: 200, epoch: 6 | loss: 0.5152791
	speed: 0.0015s/iter; left time: 24.2344s
	iters: 300, epoch: 6 | loss: 0.1536168
	speed: 0.0015s/iter; left time: 24.1970s
	iters: 400, epoch: 6 | loss: 0.3132503
	speed: 0.0015s/iter; left time: 23.9966s
	iters: 500, epoch: 6 | loss: 0.3090514
	speed: 0.0015s/iter; left time: 23.8160s
	iters: 600, epoch: 6 | loss: 0.1412121
	speed: 0.0015s/iter; left time: 23.6367s
	iters: 700, epoch: 6 | loss: 0.2444747
	speed: 0.0015s/iter; left time: 23.4719s
	iters: 800, epoch: 6 | loss: 0.2939146
	speed: 0.0015s/iter; left time: 23.3161s
	iters: 900, epoch: 6 | loss: 0.1815610
	speed: 0.0015s/iter; left time: 23.1608s
	iters: 1000, epoch: 6 | loss: 0.4772259
	speed: 0.0015s/iter; left time: 23.0035s
Epoch: 6 cost time: 1.6s
Epoch: 6, Steps: 1074 | Train Loss: 0.2376445 Vali Loss: 0.1267247
Validation loss decreased (0.130924 --> 0.126725).  Saving model ...
Updating learning rate to 0.0003125
	iters: 100, epoch: 7 | loss: 0.3120155
	speed: 0.0015s/iter; left time: 22.9145s
	iters: 200, epoch: 7 | loss: 0.3395824
	speed: 0.0015s/iter; left time: 22.6560s
	iters: 300, epoch: 7 | loss: 0.4253604
	speed: 0.0015s/iter; left time: 22.4743s
	iters: 400, epoch: 7 | loss: 0.2175747
	speed: 0.0015s/iter; left time: 22.3059s
	iters: 500, epoch: 7 | loss: 0.1184189
	speed: 0.0015s/iter; left time: 22.1441s
	iters: 600, epoch: 7 | loss: 0.1922191
	speed: 0.0015s/iter; left time: 21.9894s
	iters: 700, epoch: 7 | loss: 0.1536222
	speed: 0.0015s/iter; left time: 21.8747s
	iters: 800, epoch: 7 | loss: 0.1588219
	speed: 0.0015s/iter; left time: 21.7170s
	iters: 900, epoch: 7 | loss: 0.1372374
	speed: 0.0015s/iter; left time: 21.5638s
	iters: 1000, epoch: 7 | loss: 0.1759947
	speed: 0.0015s/iter; left time: 21.4015s
Epoch: 7 cost time: 1.6s
Epoch: 7, Steps: 1074 | Train Loss: 0.2370878 Vali Loss: 0.1279517
EarlyStopping counter: 1 out of 6
Updating learning rate to 0.00015625
	iters: 100, epoch: 8 | loss: 0.1365410
	speed: 0.0015s/iter; left time: 21.3697s
	iters: 200, epoch: 8 | loss: 0.2110879
	speed: 0.0015s/iter; left time: 21.0705s
	iters: 300, epoch: 8 | loss: 0.2337179
	speed: 0.0015s/iter; left time: 20.8723s
	iters: 400, epoch: 8 | loss: 0.1829740
	speed: 0.0015s/iter; left time: 20.6927s
	iters: 500, epoch: 8 | loss: 0.1524327
	speed: 0.0015s/iter; left time: 20.5213s
	iters: 600, epoch: 8 | loss: 0.1420127
	speed: 0.0015s/iter; left time: 20.3555s
	iters: 700, epoch: 8 | loss: 0.3100570
	speed: 0.0015s/iter; left time: 20.1995s
	iters: 800, epoch: 8 | loss: 0.3690103
	speed: 0.0015s/iter; left time: 20.0384s
	iters: 900, epoch: 8 | loss: 0.2249664
	speed: 0.0015s/iter; left time: 19.8892s
	iters: 1000, epoch: 8 | loss: 0.2747772
	speed: 0.0015s/iter; left time: 19.7332s
Epoch: 8 cost time: 1.6s
Epoch: 8, Steps: 1074 | Train Loss: 0.2367933 Vali Loss: 0.1279709
EarlyStopping counter: 2 out of 6
Updating learning rate to 7.8125e-05
	iters: 100, epoch: 9 | loss: 0.1469245
	speed: 0.0015s/iter; left time: 19.5815s
	iters: 200, epoch: 9 | loss: 0.1101791
	speed: 0.0015s/iter; left time: 19.3466s
	iters: 300, epoch: 9 | loss: 0.1769215
	speed: 0.0015s/iter; left time: 19.1812s
	iters: 400, epoch: 9 | loss: 0.3204103
	speed: 0.0015s/iter; left time: 19.0111s
	iters: 500, epoch: 9 | loss: 0.2716219
	speed: 0.0015s/iter; left time: 18.8495s
	iters: 600, epoch: 9 | loss: 0.3456125
	speed: 0.0015s/iter; left time: 18.6947s
	iters: 700, epoch: 9 | loss: 0.3160538
	speed: 0.0015s/iter; left time: 18.5369s
	iters: 800, epoch: 9 | loss: 0.1411950
	speed: 0.0015s/iter; left time: 18.3877s
	iters: 900, epoch: 9 | loss: 0.2183248
	speed: 0.0015s/iter; left time: 18.2368s
	iters: 1000, epoch: 9 | loss: 0.4327910
	speed: 0.0015s/iter; left time: 18.0806s
Epoch: 9 cost time: 1.6s
Epoch: 9, Steps: 1074 | Train Loss: 0.2366283 Vali Loss: 0.1282243
EarlyStopping counter: 3 out of 6
Updating learning rate to 3.90625e-05
	iters: 100, epoch: 10 | loss: 0.1771701
	speed: 0.0015s/iter; left time: 17.8979s
	iters: 200, epoch: 10 | loss: 0.5065920
	speed: 0.0015s/iter; left time: 17.7081s
	iters: 300, epoch: 10 | loss: 0.0984261
	speed: 0.0015s/iter; left time: 17.5357s
	iters: 400, epoch: 10 | loss: 0.1630716
	speed: 0.0015s/iter; left time: 17.3741s
	iters: 500, epoch: 10 | loss: 0.1693275
	speed: 0.0015s/iter; left time: 17.2160s
	iters: 600, epoch: 10 | loss: 0.1118635
	speed: 0.0015s/iter; left time: 17.0524s
	iters: 700, epoch: 10 | loss: 0.4281006
	speed: 0.0015s/iter; left time: 16.8946s
	iters: 800, epoch: 10 | loss: 0.3721496
	speed: 0.0015s/iter; left time: 16.7413s
	iters: 900, epoch: 10 | loss: 0.1675212
	speed: 0.0015s/iter; left time: 16.5860s
	iters: 1000, epoch: 10 | loss: 0.3234970
	speed: 0.0015s/iter; left time: 16.4327s
Epoch: 10 cost time: 1.6s
Epoch: 10, Steps: 1074 | Train Loss: 0.2365479 Vali Loss: 0.1278600
EarlyStopping counter: 4 out of 6
Updating learning rate to 1.953125e-05
	iters: 100, epoch: 11 | loss: 0.1775735
	speed: 0.0015s/iter; left time: 16.2466s
	iters: 200, epoch: 11 | loss: 0.1277990
	speed: 0.0015s/iter; left time: 16.0276s
	iters: 300, epoch: 11 | loss: 0.1476063
	speed: 0.0015s/iter; left time: 15.8705s
	iters: 400, epoch: 11 | loss: 0.1541622
	speed: 0.0015s/iter; left time: 15.7191s
	iters: 500, epoch: 11 | loss: 0.2392063
	speed: 0.0015s/iter; left time: 15.5615s
	iters: 600, epoch: 11 | loss: 0.1482918
	speed: 0.0015s/iter; left time: 15.4085s
	iters: 700, epoch: 11 | loss: 0.1338430
	speed: 0.0015s/iter; left time: 15.2564s
	iters: 800, epoch: 11 | loss: 0.1538720
	speed: 0.0015s/iter; left time: 15.1063s
	iters: 900, epoch: 11 | loss: 0.1547103
	speed: 0.0015s/iter; left time: 14.9530s
	iters: 1000, epoch: 11 | loss: 0.2347987
	speed: 0.0015s/iter; left time: 14.8081s
Epoch: 11 cost time: 1.6s
Epoch: 11, Steps: 1074 | Train Loss: 0.2365184 Vali Loss: 0.1277560
EarlyStopping counter: 5 out of 6
Updating learning rate to 9.765625e-06
	iters: 100, epoch: 12 | loss: 0.1825470
	speed: 0.0015s/iter; left time: 14.6514s
	iters: 200, epoch: 12 | loss: 0.1913697
	speed: 0.0015s/iter; left time: 14.4510s
	iters: 300, epoch: 12 | loss: 0.2281273
	speed: 0.0015s/iter; left time: 14.2811s
	iters: 400, epoch: 12 | loss: 0.4740455
	speed: 0.0015s/iter; left time: 14.1180s
	iters: 500, epoch: 12 | loss: 0.1765804
	speed: 0.0015s/iter; left time: 13.9579s
	iters: 600, epoch: 12 | loss: 0.3350294
	speed: 0.0015s/iter; left time: 13.8031s
	iters: 700, epoch: 12 | loss: 0.2421903
	speed: 0.0015s/iter; left time: 13.6486s
	iters: 800, epoch: 12 | loss: 0.5178382
	speed: 0.0015s/iter; left time: 13.5008s
	iters: 900, epoch: 12 | loss: 0.1862732
	speed: 0.0015s/iter; left time: 13.3562s
	iters: 1000, epoch: 12 | loss: 0.2466426
	speed: 0.0015s/iter; left time: 13.2068s
Epoch: 12 cost time: 1.6s
Epoch: 12, Steps: 1074 | Train Loss: 0.2364735 Vali Loss: 0.1278601
EarlyStopping counter: 6 out of 6
Early stopping
Training time: 24.2s | Peak GPU memory: 65.5MB

>>> Testing...
test 11425
test shape: (11425, 1, 96, 7) (11425, 1, 96, 7)
test shape: (11425, 96, 7) (11425, 96, 7)
MSE: 0.181682, MAE: 0.263837
Inference: 4.29s | 11425 samples | 2661.5 samples/sec
Results saved to /lustre09/project/6010289/sdmuhsin/SpectraGate/results/ettm2_results.csv
========================================
Finished: Mon 09 Mar 2026 05:49:51 PM EDT
========================================
