========================================
Job: fn_RLinear_ETTh2_96
Model: RLinear
Dataset: ETTh2
Pred len: 96
Time limit: 4:00:00
GPU: h100_2g.20gb:1
Started: Mon 09 Mar 2026 06:13:13 PM EDT
========================================
Mon Mar  9 18:13:13 2026       
+-----------------------------------------------------------------------------------------+
| NVIDIA-SMI 570.211.01             Driver Version: 570.211.01     CUDA Version: 12.8     |
|-----------------------------------------+------------------------+----------------------+
| GPU  Name                 Persistence-M | Bus-Id          Disp.A | Volatile Uncorr. ECC |
| Fan  Temp   Perf          Pwr:Usage/Cap |           Memory-Usage | GPU-Util  Compute M. |
|                                         |                        |               MIG M. |
|=========================================+========================+======================|
|   0  NVIDIA H100 80GB HBM3          Off |   00000000:CB:00.0 Off |                   On |
| N/A   37C    P0            122W /  700W |     632MiB /  81559MiB |     N/A      Default |
|                                         |                        |              Enabled |
+-----------------------------------------+------------------------+----------------------+

+-----------------------------------------------------------------------------------------+
| MIG devices:                                                                            |
+------------------+----------------------------------+-----------+-----------------------+
| GPU  GI  CI  MIG |                     Memory-Usage |        Vol|        Shared         |
|      ID  ID  Dev |                       BAR1-Usage | SM     Unc| CE ENC  DEC  OFA  JPG |
|                  |                                  |        ECC|                       |
|==================+==================================+===========+=======================|
|  0    3   0   0  |              17MiB / 20096MiB    | 32      0 |  2   0    2    0    2 |
|                  |                 0MiB / 32767MiB  |           |                       |
+------------------+----------------------------------+-----------+-----------------------+
                                                                                         
+-----------------------------------------------------------------------------------------+
| Processes:                                                                              |
|  GPU   GI   CI              PID   Type   Process name                        GPU Memory |
|        ID   ID                                                               Usage      |
|=========================================================================================|
|  No running processes found                                                             |
+-----------------------------------------------------------------------------------------+
Using device: cuda:0
Model: RLinear, Dataset: ETTh2, pred_len: 96, seq_len: 96

>>> Training...
train 8449
val 2785
Model Model : total params: 9,326 | trainable: 9,326 (0.0356MB)
	iters: 100, epoch: 1 | loss: 0.3040625
	speed: 0.0034s/iter; left time: 17.4250s
	iters: 200, epoch: 1 | loss: 0.5202442
	speed: 0.0024s/iter; left time: 12.3996s
Epoch: 1 cost time: 0.6s
Epoch: 1, Steps: 264 | Train Loss: 0.4613139 Vali Loss: 0.2278990
Validation loss decreased (inf --> 0.227899).  Saving model ...
Updating learning rate to 0.01
	iters: 100, epoch: 2 | loss: 0.2804002
	speed: 0.0015s/iter; left time: 7.5296s
	iters: 200, epoch: 2 | loss: 0.2175507
	speed: 0.0015s/iter; left time: 7.3581s
Epoch: 2 cost time: 0.4s
Epoch: 2, Steps: 264 | Train Loss: 0.4463376 Vali Loss: 0.2204223
Validation loss decreased (0.227899 --> 0.220422).  Saving model ...
Updating learning rate to 0.005
	iters: 100, epoch: 3 | loss: 0.1491347
	speed: 0.0015s/iter; left time: 7.1271s
	iters: 200, epoch: 3 | loss: 0.2519345
	speed: 0.0015s/iter; left time: 6.9561s
Epoch: 3 cost time: 0.4s
Epoch: 3, Steps: 264 | Train Loss: 0.4274920 Vali Loss: 0.2160913
Validation loss decreased (0.220422 --> 0.216091).  Saving model ...
Updating learning rate to 0.0025
	iters: 100, epoch: 4 | loss: 0.6950518
	speed: 0.0015s/iter; left time: 6.7307s
	iters: 200, epoch: 4 | loss: 0.4659387
	speed: 0.0015s/iter; left time: 6.5819s
Epoch: 4 cost time: 0.4s
Epoch: 4, Steps: 264 | Train Loss: 0.4191329 Vali Loss: 0.2123274
Validation loss decreased (0.216091 --> 0.212327).  Saving model ...
Updating learning rate to 0.00125
	iters: 100, epoch: 5 | loss: 0.6369557
	speed: 0.0015s/iter; left time: 6.3517s
	iters: 200, epoch: 5 | loss: 1.0492167
	speed: 0.0015s/iter; left time: 6.1964s
Epoch: 5 cost time: 0.4s
Epoch: 5, Steps: 264 | Train Loss: 0.4148221 Vali Loss: 0.2158017
EarlyStopping counter: 1 out of 6
Updating learning rate to 0.000625
	iters: 100, epoch: 6 | loss: 0.2376395
	speed: 0.0016s/iter; left time: 6.0047s
	iters: 200, epoch: 6 | loss: 0.2715847
	speed: 0.0015s/iter; left time: 5.8101s
Epoch: 6 cost time: 0.4s
Epoch: 6, Steps: 264 | Train Loss: 0.4133162 Vali Loss: 0.2107870
Validation loss decreased (0.212327 --> 0.210787).  Saving model ...
Updating learning rate to 0.0003125
	iters: 100, epoch: 7 | loss: 0.3348615
	speed: 0.0015s/iter; left time: 5.5624s
	iters: 200, epoch: 7 | loss: 0.3091032
	speed: 0.0015s/iter; left time: 5.3842s
Epoch: 7 cost time: 0.4s
Epoch: 7, Steps: 264 | Train Loss: 0.4121718 Vali Loss: 0.2103938
Validation loss decreased (0.210787 --> 0.210394).  Saving model ...
Updating learning rate to 0.00015625
	iters: 100, epoch: 8 | loss: 0.5083779
	speed: 0.0015s/iter; left time: 5.1619s
	iters: 200, epoch: 8 | loss: 0.2883185
	speed: 0.0016s/iter; left time: 5.0578s
Epoch: 8 cost time: 0.4s
Epoch: 8, Steps: 264 | Train Loss: 0.4114070 Vali Loss: 0.2102589
Validation loss decreased (0.210394 --> 0.210259).  Saving model ...
Updating learning rate to 7.8125e-05
	iters: 100, epoch: 9 | loss: 0.4727714
	speed: 0.0016s/iter; left time: 4.8411s
	iters: 200, epoch: 9 | loss: 0.3605098
	speed: 0.0016s/iter; left time: 4.6476s
Epoch: 9 cost time: 0.4s
Epoch: 9, Steps: 264 | Train Loss: 0.4109184 Vali Loss: 0.2106545
EarlyStopping counter: 1 out of 6
Updating learning rate to 3.90625e-05
	iters: 100, epoch: 10 | loss: 0.1529784
	speed: 0.0015s/iter; left time: 4.3402s
	iters: 200, epoch: 10 | loss: 0.2339790
	speed: 0.0015s/iter; left time: 4.1686s
Epoch: 10 cost time: 0.4s
Epoch: 10, Steps: 264 | Train Loss: 0.4107690 Vali Loss: 0.2106265
EarlyStopping counter: 2 out of 6
Updating learning rate to 1.953125e-05
	iters: 100, epoch: 11 | loss: 0.2724857
	speed: 0.0015s/iter; left time: 3.8860s
	iters: 200, epoch: 11 | loss: 0.2661033
	speed: 0.0015s/iter; left time: 3.7274s
Epoch: 11 cost time: 0.4s
Epoch: 11, Steps: 264 | Train Loss: 0.4106319 Vali Loss: 0.2104491
EarlyStopping counter: 3 out of 6
Updating learning rate to 9.765625e-06
	iters: 100, epoch: 12 | loss: 0.3981287
	speed: 0.0015s/iter; left time: 3.4829s
	iters: 200, epoch: 12 | loss: 0.3026144
	speed: 0.0015s/iter; left time: 3.3275s
Epoch: 12 cost time: 0.4s
Epoch: 12, Steps: 264 | Train Loss: 0.4105348 Vali Loss: 0.2105884
EarlyStopping counter: 4 out of 6
Updating learning rate to 4.8828125e-06
	iters: 100, epoch: 13 | loss: 0.7228587
	speed: 0.0016s/iter; left time: 3.1309s
	iters: 200, epoch: 13 | loss: 0.3444332
	speed: 0.0015s/iter; left time: 2.9484s
Epoch: 13 cost time: 0.4s
Epoch: 13, Steps: 264 | Train Loss: 0.4105297 Vali Loss: 0.2105769
EarlyStopping counter: 5 out of 6
Updating learning rate to 2.44140625e-06
	iters: 100, epoch: 14 | loss: 0.4360197
	speed: 0.0015s/iter; left time: 2.6846s
	iters: 200, epoch: 14 | loss: 0.3073774
	speed: 0.0015s/iter; left time: 2.5277s
Epoch: 14 cost time: 0.4s
Epoch: 14, Steps: 264 | Train Loss: 0.4105154 Vali Loss: 0.2105428
EarlyStopping counter: 6 out of 6
Early stopping
Training time: 7.1s | Peak GPU memory: 65.4MB

>>> Testing...
test 2785
test shape: (2785, 1, 96, 7) (2785, 1, 96, 7)
test shape: (2785, 96, 7) (2785, 96, 7)
MSE: 0.288463, MAE: 0.337565
Inference: 1.06s | 2785 samples | 2633.1 samples/sec
Results saved to /lustre09/project/6010289/sdmuhsin/SpectraGate/results/etth2_results.csv
========================================
Finished: Mon 09 Mar 2026 06:13:26 PM EDT
========================================
