========================================
Job: fn_RLinear_ETTh1_96
Model: RLinear
Dataset: ETTh1
Pred len: 96
Time limit: 4:00:00
GPU: h100_2g.20gb:1
Started: Mon 09 Mar 2026 06:13:10 PM EDT
========================================
Mon Mar  9 18:13:10 2026       
+-----------------------------------------------------------------------------------------+
| NVIDIA-SMI 570.211.01             Driver Version: 570.211.01     CUDA Version: 12.8     |
|-----------------------------------------+------------------------+----------------------+
| GPU  Name                 Persistence-M | Bus-Id          Disp.A | Volatile Uncorr. ECC |
| Fan  Temp   Perf          Pwr:Usage/Cap |           Memory-Usage | GPU-Util  Compute M. |
|                                         |                        |               MIG M. |
|=========================================+========================+======================|
|   0  NVIDIA H100 80GB HBM3          Off |   00000000:DB:00.0 Off |                   On |
| N/A   43C    P0            264W /  700W |    2642MiB /  81559MiB |     N/A      Default |
|                                         |                        |              Enabled |
+-----------------------------------------+------------------------+----------------------+

+-----------------------------------------------------------------------------------------+
| MIG devices:                                                                            |
+------------------+----------------------------------+-----------+-----------------------+
| GPU  GI  CI  MIG |                     Memory-Usage |        Vol|        Shared         |
|      ID  ID  Dev |                       BAR1-Usage | SM     Unc| CE ENC  DEC  OFA  JPG |
|                  |                                  |        ECC|                       |
|==================+==================================+===========+=======================|
|  0    3   0   0  |              17MiB / 20096MiB    | 32      0 |  2   0    2    0    2 |
|                  |                 0MiB / 32767MiB  |           |                       |
+------------------+----------------------------------+-----------+-----------------------+
                                                                                         
+-----------------------------------------------------------------------------------------+
| Processes:                                                                              |
|  GPU   GI   CI              PID   Type   Process name                        GPU Memory |
|        ID   ID                                                               Usage      |
|=========================================================================================|
|  No running processes found                                                             |
+-----------------------------------------------------------------------------------------+
Using device: cuda:0
Model: RLinear, Dataset: ETTh1, pred_len: 96, seq_len: 96

>>> Training...
train 8449
val 2785
Model Model : total params: 9,326 | trainable: 9,326 (0.0356MB)
	iters: 100, epoch: 1 | loss: 0.3928048
	speed: 0.0033s/iter; left time: 17.1232s
	iters: 200, epoch: 1 | loss: 0.3183298
	speed: 0.0024s/iter; left time: 12.2440s
Epoch: 1 cost time: 0.6s
Epoch: 1, Steps: 264 | Train Loss: 0.3793820 Vali Loss: 0.7256330
Validation loss decreased (inf --> 0.725633).  Saving model ...
Updating learning rate to 0.01
	iters: 100, epoch: 2 | loss: 0.3840877
	speed: 0.0015s/iter; left time: 7.4925s
	iters: 200, epoch: 2 | loss: 0.3294869
	speed: 0.0015s/iter; left time: 7.3310s
Epoch: 2 cost time: 0.4s
Epoch: 2, Steps: 264 | Train Loss: 0.3720348 Vali Loss: 0.7397155
EarlyStopping counter: 1 out of 6
Updating learning rate to 0.005
	iters: 100, epoch: 3 | loss: 0.4494004
	speed: 0.0015s/iter; left time: 7.0672s
	iters: 200, epoch: 3 | loss: 0.4219373
	speed: 0.0015s/iter; left time: 6.9077s
Epoch: 3 cost time: 0.4s
Epoch: 3, Steps: 264 | Train Loss: 0.3629453 Vali Loss: 0.7304294
EarlyStopping counter: 2 out of 6
Updating learning rate to 0.0025
	iters: 100, epoch: 4 | loss: 0.3940885
	speed: 0.0015s/iter; left time: 6.6789s
	iters: 200, epoch: 4 | loss: 0.3526120
	speed: 0.0015s/iter; left time: 6.5206s
Epoch: 4 cost time: 0.4s
Epoch: 4, Steps: 264 | Train Loss: 0.3579710 Vali Loss: 0.7139169
Validation loss decreased (0.725633 --> 0.713917).  Saving model ...
Updating learning rate to 0.00125
	iters: 100, epoch: 5 | loss: 0.3879388
	speed: 0.0015s/iter; left time: 6.2713s
	iters: 200, epoch: 5 | loss: 0.3872160
	speed: 0.0015s/iter; left time: 6.1148s
Epoch: 5 cost time: 0.4s
Epoch: 5, Steps: 264 | Train Loss: 0.3551360 Vali Loss: 0.7021605
Validation loss decreased (0.713917 --> 0.702161).  Saving model ...
Updating learning rate to 0.000625
	iters: 100, epoch: 6 | loss: 0.3899724
	speed: 0.0016s/iter; left time: 6.0442s
	iters: 200, epoch: 6 | loss: 0.3359128
	speed: 0.0015s/iter; left time: 5.8047s
Epoch: 6 cost time: 0.4s
Epoch: 6, Steps: 264 | Train Loss: 0.3540234 Vali Loss: 0.6995391
Validation loss decreased (0.702161 --> 0.699539).  Saving model ...
Updating learning rate to 0.0003125
	iters: 100, epoch: 7 | loss: 0.3736542
	speed: 0.0015s/iter; left time: 5.4820s
	iters: 200, epoch: 7 | loss: 0.3722944
	speed: 0.0015s/iter; left time: 5.3110s
Epoch: 7 cost time: 0.4s
Epoch: 7, Steps: 264 | Train Loss: 0.3532486 Vali Loss: 0.7025799
EarlyStopping counter: 1 out of 6
Updating learning rate to 0.00015625
	iters: 100, epoch: 8 | loss: 0.3869230
	speed: 0.0015s/iter; left time: 5.0731s
	iters: 200, epoch: 8 | loss: 0.2865112
	speed: 0.0015s/iter; left time: 4.9131s
Epoch: 8 cost time: 0.4s
Epoch: 8, Steps: 264 | Train Loss: 0.3528637 Vali Loss: 0.7004341
EarlyStopping counter: 2 out of 6
Updating learning rate to 7.8125e-05
	iters: 100, epoch: 9 | loss: 0.3088518
	speed: 0.0015s/iter; left time: 4.6885s
	iters: 200, epoch: 9 | loss: 0.3203811
	speed: 0.0015s/iter; left time: 4.5607s
Epoch: 9 cost time: 0.4s
Epoch: 9, Steps: 264 | Train Loss: 0.3526298 Vali Loss: 0.7002224
EarlyStopping counter: 3 out of 6
Updating learning rate to 3.90625e-05
	iters: 100, epoch: 10 | loss: 0.3431822
	speed: 0.0015s/iter; left time: 4.2941s
	iters: 200, epoch: 10 | loss: 0.4859627
	speed: 0.0015s/iter; left time: 4.1392s
Epoch: 10 cost time: 0.4s
Epoch: 10, Steps: 264 | Train Loss: 0.3525252 Vali Loss: 0.7006869
EarlyStopping counter: 4 out of 6
Updating learning rate to 1.953125e-05
	iters: 100, epoch: 11 | loss: 0.3761602
	speed: 0.0015s/iter; left time: 3.8885s
	iters: 200, epoch: 11 | loss: 0.4168289
	speed: 0.0015s/iter; left time: 3.7308s
Epoch: 11 cost time: 0.4s
Epoch: 11, Steps: 264 | Train Loss: 0.3524608 Vali Loss: 0.7008194
EarlyStopping counter: 5 out of 6
Updating learning rate to 9.765625e-06
	iters: 100, epoch: 12 | loss: 0.3597644
	speed: 0.0015s/iter; left time: 3.5023s
	iters: 200, epoch: 12 | loss: 0.3522634
	speed: 0.0015s/iter; left time: 3.3384s
Epoch: 12 cost time: 0.4s
Epoch: 12, Steps: 264 | Train Loss: 0.3524005 Vali Loss: 0.7007667
EarlyStopping counter: 6 out of 6
Early stopping
Training time: 6.1s | Peak GPU memory: 65.4MB

>>> Testing...
test 2785
test shape: (2785, 1, 96, 7) (2785, 1, 96, 7)
test shape: (2785, 96, 7) (2785, 96, 7)
MSE: 0.383695, MAE: 0.391076
Inference: 1.05s | 2785 samples | 2649.8 samples/sec
Results saved to /lustre09/project/6010289/sdmuhsin/SpectraGate/results/etth1_results.csv
========================================
Finished: Mon 09 Mar 2026 06:13:22 PM EDT
========================================
