========================================
Job: fn_RLinear_Weather_96
Model: RLinear
Dataset: Weather
Pred len: 96
Time limit: 4:00:00
GPU: h100_2g.20gb:1
Started: Mon 09 Mar 2026 06:13:08 PM EDT
========================================
Mon Mar  9 18:13:08 2026       
+-----------------------------------------------------------------------------------------+
| NVIDIA-SMI 570.211.01             Driver Version: 570.211.01     CUDA Version: 12.8     |
|-----------------------------------------+------------------------+----------------------+
| GPU  Name                 Persistence-M | Bus-Id          Disp.A | Volatile Uncorr. ECC |
| Fan  Temp   Perf          Pwr:Usage/Cap |           Memory-Usage | GPU-Util  Compute M. |
|                                         |                        |               MIG M. |
|=========================================+========================+======================|
|   0  NVIDIA H100 80GB HBM3          Off |   00000000:4E:00.0 Off |                   On |
| N/A   38C    P0            233W /  700W |    3370MiB /  81559MiB |     N/A      Default |
|                                         |                        |              Enabled |
+-----------------------------------------+------------------------+----------------------+

+-----------------------------------------------------------------------------------------+
| MIG devices:                                                                            |
+------------------+----------------------------------+-----------+-----------------------+
| GPU  GI  CI  MIG |                     Memory-Usage |        Vol|        Shared         |
|      ID  ID  Dev |                       BAR1-Usage | SM     Unc| CE ENC  DEC  OFA  JPG |
|                  |                                  |        ECC|                       |
|==================+==================================+===========+=======================|
|  0    3   0   0  |              17MiB / 20096MiB    | 32      0 |  2   0    2    0    2 |
|                  |                 0MiB / 32767MiB  |           |                       |
+------------------+----------------------------------+-----------+-----------------------+
                                                                                         
+-----------------------------------------------------------------------------------------+
| Processes:                                                                              |
|  GPU   GI   CI              PID   Type   Process name                        GPU Memory |
|        ID   ID                                                               Usage      |
|=========================================================================================|
|  No running processes found                                                             |
+-----------------------------------------------------------------------------------------+
Using device: cuda:0
Model: RLinear, Dataset: Weather, pred_len: 96, seq_len: 96

>>> Training...
train 36696
val 5175
Model Model : total params: 9,354 | trainable: 9,354 (0.0357MB)
	iters: 100, epoch: 1 | loss: 0.7845915
	speed: 0.0044s/iter; left time: 100.0009s
	iters: 200, epoch: 1 | loss: 0.4502952
	speed: 0.0034s/iter; left time: 77.9390s
	iters: 300, epoch: 1 | loss: 0.4265190
	speed: 0.0031s/iter; left time: 69.5662s
	iters: 400, epoch: 1 | loss: 0.3726847
	speed: 0.0029s/iter; left time: 65.1579s
	iters: 500, epoch: 1 | loss: 0.3830424
	speed: 0.0028s/iter; left time: 62.4095s
	iters: 600, epoch: 1 | loss: 0.3466546
	speed: 0.0027s/iter; left time: 60.6841s
	iters: 700, epoch: 1 | loss: 0.5626610
	speed: 0.0027s/iter; left time: 59.3630s
	iters: 800, epoch: 1 | loss: 0.4566278
	speed: 0.0027s/iter; left time: 58.6877s
	iters: 900, epoch: 1 | loss: 0.3180532
	speed: 0.0026s/iter; left time: 57.7776s
	iters: 1000, epoch: 1 | loss: 0.3692105
	speed: 0.0026s/iter; left time: 57.1677s
	iters: 1100, epoch: 1 | loss: 0.2461209
	speed: 0.0026s/iter; left time: 56.4228s
Epoch: 1 cost time: 3.0s
Epoch: 1, Steps: 1146 | Train Loss: 0.5133705 Vali Loss: 0.4846904
Validation loss decreased (inf --> 0.484690).  Saving model ...
Updating learning rate to 0.005
	iters: 100, epoch: 2 | loss: 0.3308133
	speed: 0.0024s/iter; left time: 52.7541s
	iters: 200, epoch: 2 | loss: 0.3892451
	speed: 0.0024s/iter; left time: 51.8725s
	iters: 300, epoch: 2 | loss: 0.4725493
	speed: 0.0024s/iter; left time: 51.3589s
	iters: 400, epoch: 2 | loss: 0.5562608
	speed: 0.0024s/iter; left time: 50.5546s
	iters: 500, epoch: 2 | loss: 0.4626425
	speed: 0.0024s/iter; left time: 51.0575s
	iters: 600, epoch: 2 | loss: 0.3183332
	speed: 0.0024s/iter; left time: 50.6171s
	iters: 700, epoch: 2 | loss: 0.4326136
	speed: 0.0024s/iter; left time: 50.1361s
	iters: 800, epoch: 2 | loss: 0.3513833
	speed: 0.0024s/iter; left time: 49.7133s
	iters: 900, epoch: 2 | loss: 0.5854189
	speed: 0.0024s/iter; left time: 49.3816s
	iters: 1000, epoch: 2 | loss: 0.3384562
	speed: 0.0024s/iter; left time: 49.3324s
	iters: 1100, epoch: 2 | loss: 0.3567328
	speed: 0.0024s/iter; left time: 49.2531s
Epoch: 2 cost time: 2.7s
Epoch: 2, Steps: 1146 | Train Loss: 0.5086086 Vali Loss: 0.4819831
Validation loss decreased (0.484690 --> 0.481983).  Saving model ...
Updating learning rate to 0.0025
	iters: 100, epoch: 3 | loss: 0.2959239
	speed: 0.0024s/iter; left time: 48.2769s
	iters: 200, epoch: 3 | loss: 0.4677184
	speed: 0.0023s/iter; left time: 47.7045s
	iters: 300, epoch: 3 | loss: 0.4884859
	speed: 0.0024s/iter; left time: 48.1800s
	iters: 400, epoch: 3 | loss: 0.3055838
	speed: 0.0024s/iter; left time: 47.7090s
	iters: 500, epoch: 3 | loss: 0.4007808
	speed: 0.0024s/iter; left time: 47.5816s
	iters: 600, epoch: 3 | loss: 0.4199545
	speed: 0.0024s/iter; left time: 47.3059s
	iters: 700, epoch: 3 | loss: 0.2931987
	speed: 0.0024s/iter; left time: 46.9968s
	iters: 800, epoch: 3 | loss: 0.3825273
	speed: 0.0024s/iter; left time: 47.0968s
	iters: 900, epoch: 3 | loss: 0.3859501
	speed: 0.0024s/iter; left time: 46.7877s
	iters: 1000, epoch: 3 | loss: 0.4213547
	speed: 0.0024s/iter; left time: 46.4883s
	iters: 1100, epoch: 3 | loss: 0.3580420
	speed: 0.0024s/iter; left time: 46.2040s
Epoch: 3 cost time: 2.7s
Epoch: 3, Steps: 1146 | Train Loss: 0.4994361 Vali Loss: 0.4742115
Validation loss decreased (0.481983 --> 0.474212).  Saving model ...
Updating learning rate to 0.00125
	iters: 100, epoch: 4 | loss: 0.5924585
	speed: 0.0025s/iter; left time: 48.5762s
	iters: 200, epoch: 4 | loss: 0.4634393
	speed: 0.0025s/iter; left time: 47.2963s
	iters: 300, epoch: 4 | loss: 0.3620197
	speed: 0.0024s/iter; left time: 46.5622s
	iters: 400, epoch: 4 | loss: 0.4220675
	speed: 0.0024s/iter; left time: 46.0235s
	iters: 500, epoch: 4 | loss: 0.5516828
	speed: 0.0024s/iter; left time: 45.8310s
	iters: 600, epoch: 4 | loss: 0.2921754
	speed: 0.0024s/iter; left time: 45.7482s
	iters: 700, epoch: 4 | loss: 0.3708135
	speed: 0.0024s/iter; left time: 45.4391s
	iters: 800, epoch: 4 | loss: 0.4672675
	speed: 0.0024s/iter; left time: 45.0815s
	iters: 900, epoch: 4 | loss: 0.2950129
	speed: 0.0024s/iter; left time: 44.7006s
	iters: 1000, epoch: 4 | loss: 0.4425158
	speed: 0.0024s/iter; left time: 44.7530s
	iters: 1100, epoch: 4 | loss: 1.4275296
	speed: 0.0024s/iter; left time: 44.9028s
Epoch: 4 cost time: 2.8s
Epoch: 4, Steps: 1146 | Train Loss: 0.4952892 Vali Loss: 0.4727557
Validation loss decreased (0.474212 --> 0.472756).  Saving model ...
Updating learning rate to 0.000625
	iters: 100, epoch: 5 | loss: 0.3772719
	speed: 0.0024s/iter; left time: 42.9249s
	iters: 200, epoch: 5 | loss: 0.3106705
	speed: 0.0024s/iter; left time: 42.6739s
	iters: 300, epoch: 5 | loss: 0.2879228
	speed: 0.0024s/iter; left time: 42.9107s
	iters: 400, epoch: 5 | loss: 0.5861076
	speed: 0.0024s/iter; left time: 42.3005s
	iters: 500, epoch: 5 | loss: 0.2552950
	speed: 0.0024s/iter; left time: 42.0733s
	iters: 600, epoch: 5 | loss: 0.3070834
	speed: 0.0023s/iter; left time: 41.5834s
	iters: 700, epoch: 5 | loss: 0.3619069
	speed: 0.0023s/iter; left time: 41.2504s
	iters: 800, epoch: 5 | loss: 0.3601950
	speed: 0.0024s/iter; left time: 41.2479s
	iters: 900, epoch: 5 | loss: 0.4226420
	speed: 0.0024s/iter; left time: 40.9787s
	iters: 1000, epoch: 5 | loss: 0.3658487
	speed: 0.0023s/iter; left time: 40.7254s
	iters: 1100, epoch: 5 | loss: 0.4939537
	speed: 0.0023s/iter; left time: 40.4673s
Epoch: 5 cost time: 2.7s
Epoch: 5, Steps: 1146 | Train Loss: 0.4932012 Vali Loss: 0.4703350
Validation loss decreased (0.472756 --> 0.470335).  Saving model ...
Updating learning rate to 0.0003125
	iters: 100, epoch: 6 | loss: 0.6140938
	speed: 0.0024s/iter; left time: 40.7817s
	iters: 200, epoch: 6 | loss: 0.4830261
	speed: 0.0024s/iter; left time: 40.0410s
	iters: 300, epoch: 6 | loss: 0.3460637
	speed: 0.0023s/iter; left time: 39.6775s
	iters: 400, epoch: 6 | loss: 0.4631437
	speed: 0.0023s/iter; left time: 39.2826s
	iters: 500, epoch: 6 | loss: 0.4101446
	speed: 0.0023s/iter; left time: 38.7843s
	iters: 600, epoch: 6 | loss: 0.4684248
	speed: 0.0024s/iter; left time: 39.2398s
	iters: 700, epoch: 6 | loss: 0.3759454
	speed: 0.0024s/iter; left time: 38.8961s
	iters: 800, epoch: 6 | loss: 1.2923754
	speed: 0.0024s/iter; left time: 38.6173s
	iters: 900, epoch: 6 | loss: 0.3088596
	speed: 0.0024s/iter; left time: 38.3406s
	iters: 1000, epoch: 6 | loss: 0.4155333
	speed: 0.0024s/iter; left time: 38.1113s
	iters: 1100, epoch: 6 | loss: 0.4537713
	speed: 0.0024s/iter; left time: 37.9311s
Epoch: 6 cost time: 2.7s
Epoch: 6, Steps: 1146 | Train Loss: 0.4920056 Vali Loss: 0.4692451
Validation loss decreased (0.470335 --> 0.469245).  Saving model ...
Updating learning rate to 0.00015625
	iters: 100, epoch: 7 | loss: 0.4617954
	speed: 0.0024s/iter; left time: 38.7372s
	iters: 200, epoch: 7 | loss: 0.5781449
	speed: 0.0024s/iter; left time: 37.8545s
	iters: 300, epoch: 7 | loss: 0.3844229
	speed: 0.0024s/iter; left time: 37.4846s
	iters: 400, epoch: 7 | loss: 0.3808149
	speed: 0.0024s/iter; left time: 37.7661s
	iters: 500, epoch: 7 | loss: 0.3159371
	speed: 0.0024s/iter; left time: 37.4708s
	iters: 600, epoch: 7 | loss: 0.5031958
	speed: 0.0024s/iter; left time: 37.2708s
	iters: 700, epoch: 7 | loss: 0.3791124
	speed: 0.0024s/iter; left time: 36.8352s
	iters: 800, epoch: 7 | loss: 0.2939112
	speed: 0.0024s/iter; left time: 36.4244s
	iters: 900, epoch: 7 | loss: 1.1907320
	speed: 0.0024s/iter; left time: 36.2658s
	iters: 1000, epoch: 7 | loss: 0.3195846
	speed: 0.0024s/iter; left time: 35.9150s
	iters: 1100, epoch: 7 | loss: 0.3644789
	speed: 0.0024s/iter; left time: 35.5924s
Epoch: 7 cost time: 2.7s
Epoch: 7, Steps: 1146 | Train Loss: 0.4913697 Vali Loss: 0.4714791
EarlyStopping counter: 1 out of 6
Updating learning rate to 7.8125e-05
	iters: 100, epoch: 8 | loss: 0.3066093
	speed: 0.0025s/iter; left time: 36.4720s
	iters: 200, epoch: 8 | loss: 0.3421876
	speed: 0.0024s/iter; left time: 34.9248s
	iters: 300, epoch: 8 | loss: 0.4120696
	speed: 0.0024s/iter; left time: 34.4106s
	iters: 400, epoch: 8 | loss: 0.5970721
	speed: 0.0023s/iter; left time: 33.9595s
	iters: 500, epoch: 8 | loss: 0.3372924
	speed: 0.0023s/iter; left time: 33.5923s
	iters: 600, epoch: 8 | loss: 0.3780665
	speed: 0.0023s/iter; left time: 33.3590s
	iters: 700, epoch: 8 | loss: 0.3889813
	speed: 0.0023s/iter; left time: 33.2868s
	iters: 800, epoch: 8 | loss: 0.3729506
	speed: 0.0023s/iter; left time: 33.0174s
	iters: 900, epoch: 8 | loss: 0.3594789
	speed: 0.0023s/iter; left time: 32.7739s
	iters: 1000, epoch: 8 | loss: 0.5561016
	speed: 0.0023s/iter; left time: 32.6124s
	iters: 1100, epoch: 8 | loss: 0.5509775
	speed: 0.0023s/iter; left time: 32.3435s
Epoch: 8 cost time: 2.7s
Epoch: 8, Steps: 1146 | Train Loss: 0.4910912 Vali Loss: 0.4680277
Validation loss decreased (0.469245 --> 0.468028).  Saving model ...
Updating learning rate to 3.90625e-05
	iters: 100, epoch: 9 | loss: 0.2989358
	speed: 0.0024s/iter; left time: 32.4738s
	iters: 200, epoch: 9 | loss: 0.4150499
	speed: 0.0024s/iter; left time: 31.9594s
	iters: 300, epoch: 9 | loss: 0.3773878
	speed: 0.0023s/iter; left time: 31.5889s
	iters: 400, epoch: 9 | loss: 1.5020568
	speed: 0.0024s/iter; left time: 31.7207s
	iters: 500, epoch: 9 | loss: 0.5854321
	speed: 0.0024s/iter; left time: 31.3942s
	iters: 600, epoch: 9 | loss: 0.3792693
	speed: 0.0024s/iter; left time: 31.0702s
	iters: 700, epoch: 9 | loss: 1.1187932
	speed: 0.0024s/iter; left time: 30.7531s
	iters: 800, epoch: 9 | loss: 0.3223886
	speed: 0.0024s/iter; left time: 30.4798s
	iters: 900, epoch: 9 | loss: 1.0112371
	speed: 0.0024s/iter; left time: 30.2232s
	iters: 1000, epoch: 9 | loss: 0.3550162
	speed: 0.0024s/iter; left time: 30.1563s
	iters: 1100, epoch: 9 | loss: 0.4415063
	speed: 0.0024s/iter; left time: 29.8600s
Epoch: 9 cost time: 2.7s
Epoch: 9, Steps: 1146 | Train Loss: 0.4909021 Vali Loss: 0.4696911
EarlyStopping counter: 1 out of 6
Updating learning rate to 1.953125e-05
	iters: 100, epoch: 10 | loss: 1.3820683
	speed: 0.0023s/iter; left time: 29.0141s
	iters: 200, epoch: 10 | loss: 1.3037629
	speed: 0.0024s/iter; left time: 30.2431s
	iters: 300, epoch: 10 | loss: 0.3244331
	speed: 0.0024s/iter; left time: 29.4412s
	iters: 400, epoch: 10 | loss: 0.4836915
	speed: 0.0024s/iter; left time: 28.9689s
	iters: 500, epoch: 10 | loss: 0.3698117
	speed: 0.0024s/iter; left time: 28.6134s
	iters: 600, epoch: 10 | loss: 0.3474506
	speed: 0.0024s/iter; left time: 28.3031s
	iters: 700, epoch: 10 | loss: 0.4282002
	speed: 0.0024s/iter; left time: 28.0842s
	iters: 800, epoch: 10 | loss: 0.4314895
	speed: 0.0024s/iter; left time: 28.0483s
	iters: 900, epoch: 10 | loss: 0.3722353
	speed: 0.0024s/iter; left time: 27.8729s
	iters: 1000, epoch: 10 | loss: 0.3545365
	speed: 0.0024s/iter; left time: 27.6482s
	iters: 1100, epoch: 10 | loss: 0.3460084
	speed: 0.0024s/iter; left time: 27.4294s
Epoch: 10 cost time: 2.7s
Epoch: 10, Steps: 1146 | Train Loss: 0.4908814 Vali Loss: 0.4700851
EarlyStopping counter: 2 out of 6
Updating learning rate to 9.765625e-06
	iters: 100, epoch: 11 | loss: 0.3723181
	speed: 0.0024s/iter; left time: 27.4768s
	iters: 200, epoch: 11 | loss: 0.4718150
	speed: 0.0024s/iter; left time: 27.0260s
	iters: 300, epoch: 11 | loss: 0.4097021
	speed: 0.0024s/iter; left time: 26.6762s
	iters: 400, epoch: 11 | loss: 0.4077488
	speed: 0.0024s/iter; left time: 26.3332s
	iters: 500, epoch: 11 | loss: 0.3394507
	speed: 0.0024s/iter; left time: 26.2823s
	iters: 600, epoch: 11 | loss: 0.4375204
	speed: 0.0024s/iter; left time: 26.3618s
	iters: 700, epoch: 11 | loss: 0.5413867
	speed: 0.0024s/iter; left time: 25.8884s
	iters: 800, epoch: 11 | loss: 0.4752097
	speed: 0.0024s/iter; left time: 25.5334s
	iters: 900, epoch: 11 | loss: 0.4831848
	speed: 0.0024s/iter; left time: 25.1925s
	iters: 1000, epoch: 11 | loss: 0.2762508
	speed: 0.0024s/iter; left time: 24.9410s
	iters: 1100, epoch: 11 | loss: 0.2527242
	speed: 0.0024s/iter; left time: 24.7504s
Epoch: 11 cost time: 2.7s
Epoch: 11, Steps: 1146 | Train Loss: 0.4908130 Vali Loss: 0.4697890
EarlyStopping counter: 3 out of 6
Updating learning rate to 4.8828125e-06
	iters: 100, epoch: 12 | loss: 0.3030257
	speed: 0.0024s/iter; left time: 24.5185s
	iters: 200, epoch: 12 | loss: 0.4874941
	speed: 0.0024s/iter; left time: 24.3469s
	iters: 300, epoch: 12 | loss: 0.3755433
	speed: 0.0025s/iter; left time: 24.9124s
	iters: 400, epoch: 12 | loss: 0.3492734
	speed: 0.0025s/iter; left time: 24.3814s
	iters: 500, epoch: 12 | loss: 0.4500743
	speed: 0.0024s/iter; left time: 24.0037s
	iters: 600, epoch: 12 | loss: 0.3588381
	speed: 0.0024s/iter; left time: 23.6917s
	iters: 700, epoch: 12 | loss: 0.5340780
	speed: 0.0024s/iter; left time: 23.3821s
	iters: 800, epoch: 12 | loss: 0.4465019
	speed: 0.0024s/iter; left time: 23.2300s
	iters: 900, epoch: 12 | loss: 0.3652437
	speed: 0.0024s/iter; left time: 22.9520s
	iters: 1000, epoch: 12 | loss: 0.4931394
	speed: 0.0024s/iter; left time: 22.6971s
	iters: 1100, epoch: 12 | loss: 0.3700757
	speed: 0.0024s/iter; left time: 22.3603s
Epoch: 12 cost time: 2.8s
Epoch: 12, Steps: 1146 | Train Loss: 0.4907042 Vali Loss: 0.4675955
Validation loss decreased (0.468028 --> 0.467595).  Saving model ...
Updating learning rate to 2.44140625e-06
	iters: 100, epoch: 13 | loss: 0.3236479
	speed: 0.0023s/iter; left time: 21.3012s
	iters: 200, epoch: 13 | loss: 0.2835672
	speed: 0.0023s/iter; left time: 20.9749s
	iters: 300, epoch: 13 | loss: 0.5676544
	speed: 0.0023s/iter; left time: 20.5603s
	iters: 400, epoch: 13 | loss: 0.5192652
	speed: 0.0023s/iter; left time: 20.3472s
	iters: 500, epoch: 13 | loss: 0.3336624
	speed: 0.0023s/iter; left time: 20.3067s
	iters: 600, epoch: 13 | loss: 0.4215310
	speed: 0.0023s/iter; left time: 20.0615s
	iters: 700, epoch: 13 | loss: 0.4978082
	speed: 0.0023s/iter; left time: 19.7363s
	iters: 800, epoch: 13 | loss: 0.5821093
	speed: 0.0023s/iter; left time: 19.4866s
	iters: 900, epoch: 13 | loss: 0.3706815
	speed: 0.0023s/iter; left time: 19.2657s
	iters: 1000, epoch: 13 | loss: 1.2879854
	speed: 0.0023s/iter; left time: 19.0207s
	iters: 1100, epoch: 13 | loss: 0.9163005
	speed: 0.0023s/iter; left time: 18.8757s
Epoch: 13 cost time: 2.7s
Epoch: 13, Steps: 1146 | Train Loss: 0.4906978 Vali Loss: 0.4690868
EarlyStopping counter: 1 out of 6
Updating learning rate to 1.220703125e-06
	iters: 100, epoch: 14 | loss: 0.4725537
	speed: 0.0025s/iter; left time: 19.4686s
	iters: 200, epoch: 14 | loss: 0.4147391
	speed: 0.0024s/iter; left time: 18.9771s
	iters: 300, epoch: 14 | loss: 0.3147357
	speed: 0.0024s/iter; left time: 18.7303s
	iters: 400, epoch: 14 | loss: 1.5306287
	speed: 0.0024s/iter; left time: 18.2520s
	iters: 500, epoch: 14 | loss: 0.3106609
	speed: 0.0024s/iter; left time: 17.8981s
	iters: 600, epoch: 14 | loss: 0.3802053
	speed: 0.0024s/iter; left time: 17.6051s
	iters: 700, epoch: 14 | loss: 0.2991307
	speed: 0.0024s/iter; left time: 17.3308s
	iters: 800, epoch: 14 | loss: 0.4732837
	speed: 0.0024s/iter; left time: 17.1626s
	iters: 900, epoch: 14 | loss: 0.5747915
	speed: 0.0024s/iter; left time: 16.8596s
	iters: 1000, epoch: 14 | loss: 0.4225089
	speed: 0.0024s/iter; left time: 16.5830s
	iters: 1100, epoch: 14 | loss: 0.3969458
	speed: 0.0024s/iter; left time: 16.3274s
Epoch: 14 cost time: 2.7s
Epoch: 14, Steps: 1146 | Train Loss: 0.4906748 Vali Loss: 0.4697198
EarlyStopping counter: 2 out of 6
Updating learning rate to 6.103515625e-07
	iters: 100, epoch: 15 | loss: 0.4237607
	speed: 0.0025s/iter; left time: 16.7371s
	iters: 200, epoch: 15 | loss: 0.5991296
	speed: 0.0024s/iter; left time: 16.1090s
	iters: 300, epoch: 15 | loss: 1.4064175
	speed: 0.0024s/iter; left time: 15.6640s
	iters: 400, epoch: 15 | loss: 1.4056165
	speed: 0.0024s/iter; left time: 15.4308s
	iters: 500, epoch: 15 | loss: 0.6477898
	speed: 0.0024s/iter; left time: 15.1469s
	iters: 600, epoch: 15 | loss: 0.3374455
	speed: 0.0024s/iter; left time: 15.0441s
	iters: 700, epoch: 15 | loss: 0.4300651
	speed: 0.0024s/iter; left time: 14.7033s
	iters: 800, epoch: 15 | loss: 0.3657474
	speed: 0.0024s/iter; left time: 14.4174s
	iters: 900, epoch: 15 | loss: 0.3874954
	speed: 0.0024s/iter; left time: 14.1285s
	iters: 1000, epoch: 15 | loss: 1.1356189
	speed: 0.0024s/iter; left time: 13.8595s
	iters: 1100, epoch: 15 | loss: 0.3103538
	speed: 0.0024s/iter; left time: 13.6582s
Epoch: 15 cost time: 2.7s
Epoch: 15, Steps: 1146 | Train Loss: 0.4908304 Vali Loss: 0.4701216
EarlyStopping counter: 3 out of 6
Updating learning rate to 3.0517578125e-07
	iters: 100, epoch: 16 | loss: 0.5156460
	speed: 0.0024s/iter; left time: 13.3015s
	iters: 200, epoch: 16 | loss: 0.3415830
	speed: 0.0023s/iter; left time: 12.9526s
	iters: 300, epoch: 16 | loss: 0.5632412
	speed: 0.0023s/iter; left time: 12.7113s
	iters: 400, epoch: 16 | loss: 0.7507804
	speed: 0.0024s/iter; left time: 12.5926s
	iters: 500, epoch: 16 | loss: 0.3411893
	speed: 0.0024s/iter; left time: 12.3420s
	iters: 600, epoch: 16 | loss: 0.3498528
	speed: 0.0023s/iter; left time: 12.0464s
	iters: 700, epoch: 16 | loss: 0.3778026
	speed: 0.0023s/iter; left time: 11.8155s
	iters: 800, epoch: 16 | loss: 1.3846329
	speed: 0.0023s/iter; left time: 11.5685s
	iters: 900, epoch: 16 | loss: 0.3772287
	speed: 0.0024s/iter; left time: 11.3758s
	iters: 1000, epoch: 16 | loss: 0.9849462
	speed: 0.0023s/iter; left time: 11.1115s
	iters: 1100, epoch: 16 | loss: 0.5298898
	speed: 0.0023s/iter; left time: 10.8715s
Epoch: 16 cost time: 2.7s
Epoch: 16, Steps: 1146 | Train Loss: 0.4907018 Vali Loss: 0.4698802
EarlyStopping counter: 4 out of 6
Updating learning rate to 1.52587890625e-07
	iters: 100, epoch: 17 | loss: 0.6445270
	speed: 0.0024s/iter; left time: 10.9667s
	iters: 200, epoch: 17 | loss: 0.4279059
	speed: 0.0024s/iter; left time: 10.4288s
	iters: 300, epoch: 17 | loss: 0.4232530
	speed: 0.0024s/iter; left time: 10.1644s
	iters: 400, epoch: 17 | loss: 0.2971679
	speed: 0.0024s/iter; left time: 9.9043s
	iters: 500, epoch: 17 | loss: 0.3609078
	speed: 0.0024s/iter; left time: 9.6895s
	iters: 600, epoch: 17 | loss: 0.3938865
	speed: 0.0024s/iter; left time: 9.5456s
	iters: 700, epoch: 17 | loss: 0.3188010
	speed: 0.0024s/iter; left time: 9.3620s
	iters: 800, epoch: 17 | loss: 0.6746139
	speed: 0.0024s/iter; left time: 9.1464s
	iters: 900, epoch: 17 | loss: 0.4271257
	speed: 0.0024s/iter; left time: 8.9129s
	iters: 1000, epoch: 17 | loss: 0.4776978
	speed: 0.0024s/iter; left time: 8.6710s
	iters: 1100, epoch: 17 | loss: 0.4619940
	speed: 0.0024s/iter; left time: 8.4370s
Epoch: 17 cost time: 2.8s
Epoch: 17, Steps: 1146 | Train Loss: 0.4907130 Vali Loss: 0.4698990
EarlyStopping counter: 5 out of 6
Updating learning rate to 7.62939453125e-08
	iters: 100, epoch: 18 | loss: 0.3590098
	speed: 0.0026s/iter; left time: 8.7279s
	iters: 200, epoch: 18 | loss: 0.4105192
	speed: 0.0025s/iter; left time: 8.1976s
	iters: 300, epoch: 18 | loss: 0.3223005
	speed: 0.0025s/iter; left time: 7.7502s
	iters: 400, epoch: 18 | loss: 0.3292769
	speed: 0.0025s/iter; left time: 7.4618s
	iters: 500, epoch: 18 | loss: 0.5987586
	speed: 0.0024s/iter; left time: 7.1588s
	iters: 600, epoch: 18 | loss: 0.4201339
	speed: 0.0024s/iter; left time: 6.8818s
	iters: 700, epoch: 18 | loss: 0.3282999
	speed: 0.0024s/iter; left time: 6.6027s
	iters: 800, epoch: 18 | loss: 0.3721122
	speed: 0.0024s/iter; left time: 6.3181s
	iters: 900, epoch: 18 | loss: 0.4334922
	speed: 0.0024s/iter; left time: 6.0829s
	iters: 1000, epoch: 18 | loss: 0.4981087
	speed: 0.0024s/iter; left time: 5.8303s
	iters: 1100, epoch: 18 | loss: 0.4388395
	speed: 0.0024s/iter; left time: 5.5817s
Epoch: 18 cost time: 2.7s
Epoch: 18, Steps: 1146 | Train Loss: 0.4907328 Vali Loss: 0.4701832
EarlyStopping counter: 6 out of 6
Early stopping
Training time: 58.2s | Peak GPU memory: 67.7MB

>>> Testing...
test 10444
test shape: (10444, 1, 96, 21) (10444, 1, 96, 21)
test shape: (10444, 96, 21) (10444, 96, 21)
MSE: 0.192635, MAE: 0.232498
Inference: 4.21s | 10444 samples | 2479.2 samples/sec
Results saved to /lustre09/project/6010289/sdmuhsin/SpectraGate/results/weather_results.csv
========================================
Finished: Mon 09 Mar 2026 06:14:16 PM EDT
========================================
