========================================
Job: fn_SpectraGate_Exchange_96
Model: SpectraGate
Dataset: Exchange
Pred len: 96
Time limit: 8:00:00
GPU: h100_2g.20gb:1
Started: Mon 09 Mar 2026 06:15:00 PM EDT
========================================
Mon Mar  9 18:15:00 2026       
+-----------------------------------------------------------------------------------------+
| NVIDIA-SMI 570.211.01             Driver Version: 570.211.01     CUDA Version: 12.8     |
|-----------------------------------------+------------------------+----------------------+
| GPU  Name                 Persistence-M | Bus-Id          Disp.A | Volatile Uncorr. ECC |
| Fan  Temp   Perf          Pwr:Usage/Cap |           Memory-Usage | GPU-Util  Compute M. |
|                                         |                        |               MIG M. |
|=========================================+========================+======================|
|   0  NVIDIA H100 80GB HBM3          Off |   00000000:DB:00.0 Off |                   On |
| N/A   31C    P0            101W /  700W |      59MiB /  81559MiB |     N/A      Default |
|                                         |                        |              Enabled |
+-----------------------------------------+------------------------+----------------------+

+-----------------------------------------------------------------------------------------+
| MIG devices:                                                                            |
+------------------+----------------------------------+-----------+-----------------------+
| GPU  GI  CI  MIG |                     Memory-Usage |        Vol|        Shared         |
|      ID  ID  Dev |                       BAR1-Usage | SM     Unc| CE ENC  DEC  OFA  JPG |
|                  |                                  |        ECC|                       |
|==================+==================================+===========+=======================|
|  0    3   0   0  |              17MiB / 20096MiB    | 32      0 |  2   0    2    0    2 |
|                  |                 0MiB / 32767MiB  |           |                       |
+------------------+----------------------------------+-----------+-----------------------+
                                                                                         
+-----------------------------------------------------------------------------------------+
| Processes:                                                                              |
|  GPU   GI   CI              PID   Type   Process name                        GPU Memory |
|        ID   ID                                                               Usage      |
|=========================================================================================|
|  No running processes found                                                             |
+-----------------------------------------------------------------------------------------+
Using device: cuda:0
Model: SpectraGate, Dataset: Exchange, pred_len: 96, seq_len: 96

>>> Training...
train 5120
val 665
Model Model : total params: 9,104 | trainable: 9,104 (0.0347MB)
	iters: 100, epoch: 1 | loss: 0.1066759
	speed: 0.0047s/iter; left time: 73.9666s
Epoch: 1 cost time: 0.6s
Epoch: 1, Steps: 160 | Train Loss: 0.1541862 Vali Loss: 0.1414541
Validation loss decreased (inf --> 0.141454).  Saving model ...
Updating learning rate to 0.0009997532801828658
	iters: 100, epoch: 2 | loss: 0.1455939
	speed: 0.0025s/iter; left time: 39.0752s
Epoch: 2 cost time: 0.4s
Epoch: 2, Steps: 160 | Train Loss: 0.1286880 Vali Loss: 0.1423071
EarlyStopping counter: 1 out of 15
Updating learning rate to 0.0009990133642141358
	iters: 100, epoch: 3 | loss: 0.1640894
	speed: 0.0025s/iter; left time: 39.0774s
Epoch: 3 cost time: 0.4s
Epoch: 3, Steps: 160 | Train Loss: 0.1258557 Vali Loss: 0.1429388
EarlyStopping counter: 2 out of 15
Updating learning rate to 0.00099778098230154
	iters: 100, epoch: 4 | loss: 0.1649291
	speed: 0.0025s/iter; left time: 38.4443s
Epoch: 4 cost time: 0.4s
Epoch: 4, Steps: 160 | Train Loss: 0.1241260 Vali Loss: 0.1424410
EarlyStopping counter: 3 out of 15
Updating learning rate to 0.000996057350657239
	iters: 100, epoch: 5 | loss: 0.0752473
	speed: 0.0025s/iter; left time: 38.0721s
Epoch: 5 cost time: 0.4s
Epoch: 5, Steps: 160 | Train Loss: 0.1223802 Vali Loss: 0.1420425
EarlyStopping counter: 4 out of 15
Updating learning rate to 0.0009938441702975688
	iters: 100, epoch: 6 | loss: 0.1470604
	speed: 0.0025s/iter; left time: 37.6142s
Epoch: 6 cost time: 0.4s
Epoch: 6, Steps: 160 | Train Loss: 0.1209985 Vali Loss: 0.1418092
EarlyStopping counter: 5 out of 15
Updating learning rate to 0.0009911436253643444
	iters: 100, epoch: 7 | loss: 0.1107983
	speed: 0.0025s/iter; left time: 37.6816s
Epoch: 7 cost time: 0.4s
Epoch: 7, Steps: 160 | Train Loss: 0.1201852 Vali Loss: 0.1459146
EarlyStopping counter: 6 out of 15
Updating learning rate to 0.0009879583809693738
	iters: 100, epoch: 8 | loss: 0.1374381
	speed: 0.0025s/iter; left time: 36.9676s
Epoch: 8 cost time: 0.4s
Epoch: 8, Steps: 160 | Train Loss: 0.1192188 Vali Loss: 0.1456828
EarlyStopping counter: 7 out of 15
Updating learning rate to 0.0009842915805643156
	iters: 100, epoch: 9 | loss: 0.1084007
	speed: 0.0025s/iter; left time: 36.5074s
Epoch: 9 cost time: 0.4s
Epoch: 9, Steps: 160 | Train Loss: 0.1186170 Vali Loss: 0.1479835
EarlyStopping counter: 8 out of 15
Updating learning rate to 0.0009801468428384716
	iters: 100, epoch: 10 | loss: 0.0861767
	speed: 0.0025s/iter; left time: 36.0708s
Epoch: 10 cost time: 0.4s
Epoch: 10, Steps: 160 | Train Loss: 0.1179577 Vali Loss: 0.1454915
EarlyStopping counter: 9 out of 15
Updating learning rate to 0.0009755282581475768
	iters: 100, epoch: 11 | loss: 0.1196266
	speed: 0.0025s/iter; left time: 35.6853s
Epoch: 11 cost time: 0.4s
Epoch: 11, Steps: 160 | Train Loss: 0.1171952 Vali Loss: 0.1453533
EarlyStopping counter: 10 out of 15
Updating learning rate to 0.0009704403844771128
	iters: 100, epoch: 12 | loss: 0.1347046
	speed: 0.0025s/iter; left time: 35.0977s
Epoch: 12 cost time: 0.4s
Epoch: 12, Steps: 160 | Train Loss: 0.1163415 Vali Loss: 0.1462373
EarlyStopping counter: 11 out of 15
Updating learning rate to 0.0009648882429441257
	iters: 100, epoch: 13 | loss: 0.1074790
	speed: 0.0025s/iter; left time: 34.6155s
Epoch: 13 cost time: 0.4s
Epoch: 13, Steps: 160 | Train Loss: 0.1158961 Vali Loss: 0.1473415
EarlyStopping counter: 12 out of 15
Updating learning rate to 0.0009588773128419905
	iters: 100, epoch: 14 | loss: 0.1159102
	speed: 0.0025s/iter; left time: 34.2313s
Epoch: 14 cost time: 0.4s
Epoch: 14, Steps: 160 | Train Loss: 0.1154614 Vali Loss: 0.1465103
EarlyStopping counter: 13 out of 15
Updating learning rate to 0.0009524135262330098
	iters: 100, epoch: 15 | loss: 0.1337875
	speed: 0.0025s/iter; left time: 34.1269s
Epoch: 15 cost time: 0.4s
Epoch: 15, Steps: 160 | Train Loss: 0.1145834 Vali Loss: 0.1498861
EarlyStopping counter: 14 out of 15
Updating learning rate to 0.0009455032620941839
	iters: 100, epoch: 16 | loss: 0.0816514
	speed: 0.0025s/iter; left time: 33.5391s
Epoch: 16 cost time: 0.4s
Epoch: 16, Steps: 160 | Train Loss: 0.1138868 Vali Loss: 0.1521699
EarlyStopping counter: 15 out of 15
Early stopping
Training time: 7.1s | Peak GPU memory: 66.8MB

>>> Testing...
test 1422
test shape: (1422, 1, 96, 8) (1422, 1, 96, 8)
test shape: (1422, 96, 8) (1422, 96, 8)
MSE: 0.086871, MAE: 0.207611
Inference: 0.86s | 1422 samples | 1661.6 samples/sec
Results saved to /lustre09/project/6010289/sdmuhsin/SpectraGate/results/exchange_results.csv
========================================
Finished: Mon 09 Mar 2026 06:15:13 PM EDT
========================================
