========================================
Job: fn_SpectraGate_ETTm2_96
Model: SpectraGate
Dataset: ETTm2
Pred len: 96
Time limit: 12:00:00
GPU: h100_2g.20gb:1
Started: Mon 09 Mar 2026 05:44:16 PM EDT
========================================
Mon Mar  9 17:44:16 2026       
+-----------------------------------------------------------------------------------------+
| NVIDIA-SMI 570.211.01             Driver Version: 570.211.01     CUDA Version: 12.8     |
|-----------------------------------------+------------------------+----------------------+
| GPU  Name                 Persistence-M | Bus-Id          Disp.A | Volatile Uncorr. ECC |
| Fan  Temp   Perf          Pwr:Usage/Cap |           Memory-Usage | GPU-Util  Compute M. |
|                                         |                        |               MIG M. |
|=========================================+========================+======================|
|   0  NVIDIA H100 80GB HBM3          Off |   00000000:4E:00.0 Off |                   On |
| N/A   33C    P0             73W /  700W |      59MiB /  81559MiB |     N/A      Default |
|                                         |                        |              Enabled |
+-----------------------------------------+------------------------+----------------------+

+-----------------------------------------------------------------------------------------+
| MIG devices:                                                                            |
+------------------+----------------------------------+-----------+-----------------------+
| GPU  GI  CI  MIG |                     Memory-Usage |        Vol|        Shared         |
|      ID  ID  Dev |                       BAR1-Usage | SM     Unc| CE ENC  DEC  OFA  JPG |
|                  |                                  |        ECC|                       |
|==================+==================================+===========+=======================|
|  0    3   0   0  |              17MiB / 20096MiB    | 32      0 |  2   0    2    0    2 |
|                  |                 0MiB / 32767MiB  |           |                       |
+------------------+----------------------------------+-----------+-----------------------+
                                                                                         
+-----------------------------------------------------------------------------------------+
| Processes:                                                                              |
|  GPU   GI   CI              PID   Type   Process name                        GPU Memory |
|        ID   ID                                                               Usage      |
|=========================================================================================|
|  No running processes found                                                             |
+-----------------------------------------------------------------------------------------+
Using device: cuda:0
Model: SpectraGate, Dataset: ETTm2, pred_len: 96, seq_len: 96

>>> Training...
train 34369
val 11425
Model Model : total params: 39,462 | trainable: 39,462 (0.1505MB)
	iters: 100, epoch: 1 | loss: 0.1652743
	speed: 0.0075s/iter; left time: 808.0129s
	iters: 200, epoch: 1 | loss: 0.1848475
	speed: 0.0050s/iter; left time: 534.2233s
	iters: 300, epoch: 1 | loss: 0.3238946
	speed: 0.0041s/iter; left time: 443.4943s
	iters: 400, epoch: 1 | loss: 0.2291397
	speed: 0.0037s/iter; left time: 400.3949s
	iters: 500, epoch: 1 | loss: 0.2733617
	speed: 0.0035s/iter; left time: 372.1074s
	iters: 600, epoch: 1 | loss: 0.2116270
	speed: 0.0033s/iter; left time: 353.1612s
	iters: 700, epoch: 1 | loss: 0.1598244
	speed: 0.0032s/iter; left time: 339.5971s
	iters: 800, epoch: 1 | loss: 0.1245062
	speed: 0.0031s/iter; left time: 329.3390s
	iters: 900, epoch: 1 | loss: 0.1010759
	speed: 0.0030s/iter; left time: 322.6254s
	iters: 1000, epoch: 1 | loss: 0.1540393
	speed: 0.0030s/iter; left time: 316.3345s
Epoch: 1 cost time: 3.2s
Epoch: 1, Steps: 1074 | Train Loss: 0.2360283 Vali Loss: 0.1288453
Validation loss decreased (inf --> 0.128845).  Saving model ...
Updating learning rate to 0.0009997532801828658
	iters: 100, epoch: 2 | loss: 0.2383177
	speed: 0.0024s/iter; left time: 259.8698s
	iters: 200, epoch: 2 | loss: 0.1770364
	speed: 0.0024s/iter; left time: 259.0898s
	iters: 300, epoch: 2 | loss: 0.2908452
	speed: 0.0025s/iter; left time: 260.0535s
	iters: 400, epoch: 2 | loss: 0.5923612
	speed: 0.0024s/iter; left time: 259.4492s
	iters: 500, epoch: 2 | loss: 0.1342534
	speed: 0.0024s/iter; left time: 258.9700s
	iters: 600, epoch: 2 | loss: 0.1685127
	speed: 0.0024s/iter; left time: 258.5855s
	iters: 700, epoch: 2 | loss: 0.2114183
	speed: 0.0025s/iter; left time: 260.0487s
	iters: 800, epoch: 2 | loss: 0.1474472
	speed: 0.0025s/iter; left time: 259.5150s
	iters: 900, epoch: 2 | loss: 0.2296093
	speed: 0.0025s/iter; left time: 259.0296s
	iters: 1000, epoch: 2 | loss: 0.2255540
	speed: 0.0025s/iter; left time: 258.6205s
Epoch: 2 cost time: 2.6s
Epoch: 2, Steps: 1074 | Train Loss: 0.2230699 Vali Loss: 0.1305903
EarlyStopping counter: 1 out of 15
Updating learning rate to 0.0009990133642141358
	iters: 100, epoch: 3 | loss: 0.1585709
	speed: 0.0025s/iter; left time: 258.1081s
	iters: 200, epoch: 3 | loss: 0.1161373
	speed: 0.0024s/iter; left time: 257.0699s
	iters: 300, epoch: 3 | loss: 0.3262881
	speed: 0.0024s/iter; left time: 256.5907s
	iters: 400, epoch: 3 | loss: 0.5009435
	speed: 0.0024s/iter; left time: 256.1661s
	iters: 500, epoch: 3 | loss: 0.2552787
	speed: 0.0025s/iter; left time: 258.1660s
	iters: 600, epoch: 3 | loss: 0.1424818
	speed: 0.0025s/iter; left time: 257.5438s
	iters: 700, epoch: 3 | loss: 0.1667276
	speed: 0.0025s/iter; left time: 257.0785s
	iters: 800, epoch: 3 | loss: 0.2934723
	speed: 0.0025s/iter; left time: 256.6533s
	iters: 900, epoch: 3 | loss: 0.1555367
	speed: 0.0025s/iter; left time: 256.3904s
	iters: 1000, epoch: 3 | loss: 0.3974554
	speed: 0.0025s/iter; left time: 257.2365s
Epoch: 3 cost time: 2.7s
Epoch: 3, Steps: 1074 | Train Loss: 0.2178960 Vali Loss: 0.1266238
Validation loss decreased (0.128845 --> 0.126624).  Saving model ...
Updating learning rate to 0.00099778098230154
	iters: 100, epoch: 4 | loss: 0.2649603
	speed: 0.0025s/iter; left time: 256.8639s
	iters: 200, epoch: 4 | loss: 0.2464785
	speed: 0.0025s/iter; left time: 255.9664s
	iters: 300, epoch: 4 | loss: 0.1284093
	speed: 0.0025s/iter; left time: 259.1147s
	iters: 400, epoch: 4 | loss: 0.5565304
	speed: 0.0025s/iter; left time: 257.8327s
	iters: 500, epoch: 4 | loss: 0.1673984
	speed: 0.0025s/iter; left time: 257.0335s
	iters: 600, epoch: 4 | loss: 0.1368413
	speed: 0.0025s/iter; left time: 256.3579s
	iters: 700, epoch: 4 | loss: 0.2438410
	speed: 0.0025s/iter; left time: 255.8124s
	iters: 800, epoch: 4 | loss: 0.2182975
	speed: 0.0025s/iter; left time: 256.7746s
	iters: 900, epoch: 4 | loss: 0.1436087
	speed: 0.0025s/iter; left time: 257.5110s
	iters: 1000, epoch: 4 | loss: 0.1294420
	speed: 0.0025s/iter; left time: 256.9085s
Epoch: 4 cost time: 2.7s
Epoch: 4, Steps: 1074 | Train Loss: 0.2141209 Vali Loss: 0.1260284
Validation loss decreased (0.126624 --> 0.126028).  Saving model ...
Updating learning rate to 0.000996057350657239
	iters: 100, epoch: 5 | loss: 0.2420711
	speed: 0.0026s/iter; left time: 268.0934s
	iters: 200, epoch: 5 | loss: 0.1868944
	speed: 0.0026s/iter; left time: 265.7123s
	iters: 300, epoch: 5 | loss: 0.1814953
	speed: 0.0025s/iter; left time: 261.0626s
	iters: 400, epoch: 5 | loss: 0.4262977
	speed: 0.0025s/iter; left time: 258.5889s
	iters: 500, epoch: 5 | loss: 0.2640820
	speed: 0.0025s/iter; left time: 257.0386s
	iters: 600, epoch: 5 | loss: 0.1815137
	speed: 0.0025s/iter; left time: 256.1065s
	iters: 700, epoch: 5 | loss: 0.1670308
	speed: 0.0025s/iter; left time: 258.0604s
	iters: 800, epoch: 5 | loss: 0.2598704
	speed: 0.0025s/iter; left time: 256.9287s
	iters: 900, epoch: 5 | loss: 0.5082663
	speed: 0.0025s/iter; left time: 256.0057s
	iters: 1000, epoch: 5 | loss: 0.1200179
	speed: 0.0025s/iter; left time: 255.1939s
Epoch: 5 cost time: 2.7s
Epoch: 5, Steps: 1074 | Train Loss: 0.2111563 Vali Loss: 0.1279367
EarlyStopping counter: 1 out of 15
Updating learning rate to 0.0009938441702975688
	iters: 100, epoch: 6 | loss: 0.3200836
	speed: 0.0025s/iter; left time: 250.8427s
	iters: 200, epoch: 6 | loss: 0.1848377
	speed: 0.0025s/iter; left time: 250.0831s
	iters: 300, epoch: 6 | loss: 0.2460382
	speed: 0.0025s/iter; left time: 249.7279s
	iters: 400, epoch: 6 | loss: 0.1900746
	speed: 0.0025s/iter; left time: 249.4921s
	iters: 500, epoch: 6 | loss: 0.2013149
	speed: 0.0025s/iter; left time: 251.3618s
	iters: 600, epoch: 6 | loss: 0.1416663
	speed: 0.0025s/iter; left time: 250.6950s
	iters: 700, epoch: 6 | loss: 0.1741131
	speed: 0.0025s/iter; left time: 250.5325s
	iters: 800, epoch: 6 | loss: 0.1698641
	speed: 0.0025s/iter; left time: 250.0761s
	iters: 900, epoch: 6 | loss: 0.1553538
	speed: 0.0025s/iter; left time: 249.6611s
	iters: 1000, epoch: 6 | loss: 0.2332106
	speed: 0.0025s/iter; left time: 251.6414s
Epoch: 6 cost time: 2.7s
Epoch: 6, Steps: 1074 | Train Loss: 0.2079121 Vali Loss: 0.1304289
EarlyStopping counter: 2 out of 15
Updating learning rate to 0.0009911436253643444
	iters: 100, epoch: 7 | loss: 0.1916945
	speed: 0.0024s/iter; left time: 246.8269s
	iters: 200, epoch: 7 | loss: 0.2217013
	speed: 0.0024s/iter; left time: 246.2140s
	iters: 300, epoch: 7 | loss: 0.0952536
	speed: 0.0025s/iter; left time: 253.3994s
	iters: 400, epoch: 7 | loss: 0.1333051
	speed: 0.0025s/iter; left time: 251.2592s
	iters: 500, epoch: 7 | loss: 0.2314437
	speed: 0.0025s/iter; left time: 249.8241s
	iters: 600, epoch: 7 | loss: 0.1178648
	speed: 0.0025s/iter; left time: 248.7851s
	iters: 700, epoch: 7 | loss: 0.2546524
	speed: 0.0025s/iter; left time: 247.9219s
	iters: 800, epoch: 7 | loss: 0.1712350
	speed: 0.0025s/iter; left time: 248.6835s
	iters: 900, epoch: 7 | loss: 0.1329652
	speed: 0.0025s/iter; left time: 247.9129s
	iters: 1000, epoch: 7 | loss: 0.1470239
	speed: 0.0025s/iter; left time: 247.2536s
Epoch: 7 cost time: 2.7s
Epoch: 7, Steps: 1074 | Train Loss: 0.2048393 Vali Loss: 0.1283501
EarlyStopping counter: 3 out of 15
Updating learning rate to 0.0009879583809693738
	iters: 100, epoch: 8 | loss: 0.1355616
	speed: 0.0026s/iter; left time: 255.5306s
	iters: 200, epoch: 8 | loss: 0.1483143
	speed: 0.0025s/iter; left time: 248.8869s
	iters: 300, epoch: 8 | loss: 0.1338578
	speed: 0.0025s/iter; left time: 246.7012s
	iters: 400, epoch: 8 | loss: 0.1859683
	speed: 0.0025s/iter; left time: 245.4363s
	iters: 500, epoch: 8 | loss: 0.2466145
	speed: 0.0025s/iter; left time: 244.5695s
	iters: 600, epoch: 8 | loss: 0.4275615
	speed: 0.0025s/iter; left time: 245.7850s
	iters: 700, epoch: 8 | loss: 0.1854660
	speed: 0.0025s/iter; left time: 244.9744s
	iters: 800, epoch: 8 | loss: 0.2332792
	speed: 0.0025s/iter; left time: 244.2722s
	iters: 900, epoch: 8 | loss: 0.1416144
	speed: 0.0025s/iter; left time: 243.6634s
	iters: 1000, epoch: 8 | loss: 0.1899850
	speed: 0.0025s/iter; left time: 243.1248s
Epoch: 8 cost time: 2.6s
Epoch: 8, Steps: 1074 | Train Loss: 0.2020957 Vali Loss: 0.1320328
EarlyStopping counter: 4 out of 15
Updating learning rate to 0.0009842915805643156
	iters: 100, epoch: 9 | loss: 0.2455881
	speed: 0.0024s/iter; left time: 241.7492s
	iters: 200, epoch: 9 | loss: 0.2895325
	speed: 0.0024s/iter; left time: 240.8548s
	iters: 300, epoch: 9 | loss: 0.1749110
	speed: 0.0024s/iter; left time: 240.3167s
	iters: 400, epoch: 9 | loss: 0.1795162
	speed: 0.0025s/iter; left time: 242.9066s
	iters: 500, epoch: 9 | loss: 0.2208869
	speed: 0.0025s/iter; left time: 241.9990s
	iters: 600, epoch: 9 | loss: 0.1472231
	speed: 0.0025s/iter; left time: 241.3014s
	iters: 700, epoch: 9 | loss: 0.2261633
	speed: 0.0025s/iter; left time: 240.7877s
	iters: 800, epoch: 9 | loss: 0.1810021
	speed: 0.0025s/iter; left time: 240.2982s
	iters: 900, epoch: 9 | loss: 0.1230179
	speed: 0.0025s/iter; left time: 240.7384s
	iters: 1000, epoch: 9 | loss: 0.2585987
	speed: 0.0025s/iter; left time: 240.7759s
Epoch: 9 cost time: 2.6s
Epoch: 9, Steps: 1074 | Train Loss: 0.1987256 Vali Loss: 0.1348982
EarlyStopping counter: 5 out of 15
Updating learning rate to 0.0009801468428384716
	iters: 100, epoch: 10 | loss: 0.1322168
	speed: 0.0024s/iter; left time: 238.1367s
	iters: 200, epoch: 10 | loss: 0.2491242
	speed: 0.0025s/iter; left time: 242.9956s
	iters: 300, epoch: 10 | loss: 0.2186918
	speed: 0.0025s/iter; left time: 240.9114s
	iters: 400, epoch: 10 | loss: 0.2481418
	speed: 0.0025s/iter; left time: 239.7755s
	iters: 500, epoch: 10 | loss: 0.1778920
	speed: 0.0025s/iter; left time: 238.9356s
	iters: 600, epoch: 10 | loss: 0.1345208
	speed: 0.0025s/iter; left time: 238.2874s
	iters: 700, epoch: 10 | loss: 0.1408863
	speed: 0.0025s/iter; left time: 239.3939s
	iters: 800, epoch: 10 | loss: 0.1259009
	speed: 0.0025s/iter; left time: 238.7146s
	iters: 900, epoch: 10 | loss: 0.1599182
	speed: 0.0025s/iter; left time: 238.1300s
	iters: 1000, epoch: 10 | loss: 0.2233788
	speed: 0.0025s/iter; left time: 237.7335s
Epoch: 10 cost time: 2.6s
Epoch: 10, Steps: 1074 | Train Loss: 0.1954994 Vali Loss: 0.1307359
EarlyStopping counter: 6 out of 15
Updating learning rate to 0.0009755282581475768
	iters: 100, epoch: 11 | loss: 0.1022675
	speed: 0.0024s/iter; left time: 235.5773s
	iters: 200, epoch: 11 | loss: 0.1280916
	speed: 0.0024s/iter; left time: 235.1498s
	iters: 300, epoch: 11 | loss: 0.1247072
	speed: 0.0024s/iter; left time: 235.4323s
	iters: 400, epoch: 11 | loss: 0.1966513
	speed: 0.0024s/iter; left time: 235.4818s
	iters: 500, epoch: 11 | loss: 0.2561787
	speed: 0.0025s/iter; left time: 239.7809s
	iters: 600, epoch: 11 | loss: 0.1297755
	speed: 0.0025s/iter; left time: 238.8270s
	iters: 700, epoch: 11 | loss: 0.1574134
	speed: 0.0025s/iter; left time: 238.0464s
	iters: 800, epoch: 11 | loss: 0.1625654
	speed: 0.0025s/iter; left time: 237.3574s
	iters: 900, epoch: 11 | loss: 0.2588913
	speed: 0.0025s/iter; left time: 236.9505s
	iters: 1000, epoch: 11 | loss: 0.2023657
	speed: 0.0025s/iter; left time: 237.4613s
Epoch: 11 cost time: 2.7s
Epoch: 11, Steps: 1074 | Train Loss: 0.1929859 Vali Loss: 0.1318155
EarlyStopping counter: 7 out of 15
Updating learning rate to 0.0009704403844771128
	iters: 100, epoch: 12 | loss: 0.1280426
	speed: 0.0025s/iter; left time: 234.6044s
	iters: 200, epoch: 12 | loss: 0.1378023
	speed: 0.0025s/iter; left time: 234.1142s
	iters: 300, epoch: 12 | loss: 0.1444684
	speed: 0.0025s/iter; left time: 236.6429s
	iters: 400, epoch: 12 | loss: 0.1348585
	speed: 0.0025s/iter; left time: 235.3353s
	iters: 500, epoch: 12 | loss: 0.1064180
	speed: 0.0025s/iter; left time: 234.4490s
	iters: 600, epoch: 12 | loss: 0.1918357
	speed: 0.0025s/iter; left time: 233.8268s
	iters: 700, epoch: 12 | loss: 0.1196827
	speed: 0.0025s/iter; left time: 233.3405s
	iters: 800, epoch: 12 | loss: 0.1706817
	speed: 0.0025s/iter; left time: 235.5902s
	iters: 900, epoch: 12 | loss: 0.2865579
	speed: 0.0025s/iter; left time: 234.8541s
	iters: 1000, epoch: 12 | loss: 0.1317885
	speed: 0.0025s/iter; left time: 234.2422s
Epoch: 12 cost time: 2.7s
Epoch: 12, Steps: 1074 | Train Loss: 0.1900593 Vali Loss: 0.1345407
EarlyStopping counter: 8 out of 15
Updating learning rate to 0.0009648882429441257
	iters: 100, epoch: 13 | loss: 0.2418154
	speed: 0.0026s/iter; left time: 242.2313s
	iters: 200, epoch: 13 | loss: 0.4207857
	speed: 0.0025s/iter; left time: 235.9806s
	iters: 300, epoch: 13 | loss: 0.3367610
	speed: 0.0025s/iter; left time: 233.7253s
	iters: 400, epoch: 13 | loss: 0.1801228
	speed: 0.0025s/iter; left time: 232.5511s
	iters: 500, epoch: 13 | loss: 0.1712556
	speed: 0.0025s/iter; left time: 231.6663s
	iters: 600, epoch: 13 | loss: 0.3758999
	speed: 0.0025s/iter; left time: 230.9889s
	iters: 700, epoch: 13 | loss: 0.1600820
	speed: 0.0025s/iter; left time: 230.4336s
	iters: 800, epoch: 13 | loss: 0.3339467
	speed: 0.0025s/iter; left time: 229.9638s
	iters: 900, epoch: 13 | loss: 0.1822674
	speed: 0.0025s/iter; left time: 229.5673s
	iters: 1000, epoch: 13 | loss: 0.1449471
	speed: 0.0025s/iter; left time: 229.1660s
Epoch: 13 cost time: 2.6s
Epoch: 13, Steps: 1074 | Train Loss: 0.1874658 Vali Loss: 0.1339688
EarlyStopping counter: 9 out of 15
Updating learning rate to 0.0009588773128419905
	iters: 100, epoch: 14 | loss: 0.1838332
	speed: 0.0024s/iter; left time: 228.3526s
	iters: 200, epoch: 14 | loss: 0.2261378
	speed: 0.0024s/iter; left time: 227.4719s
	iters: 300, epoch: 14 | loss: 0.1692263
	speed: 0.0024s/iter; left time: 227.0214s
	iters: 400, epoch: 14 | loss: 0.1146181
	speed: 0.0025s/iter; left time: 229.3448s
	iters: 500, epoch: 14 | loss: 0.1543587
	speed: 0.0025s/iter; left time: 228.8050s
	iters: 600, epoch: 14 | loss: 0.1427547
	speed: 0.0025s/iter; left time: 228.2084s
	iters: 700, epoch: 14 | loss: 0.2009790
	speed: 0.0025s/iter; left time: 227.7242s
	iters: 800, epoch: 14 | loss: 0.1729802
	speed: 0.0025s/iter; left time: 227.3019s
	iters: 900, epoch: 14 | loss: 0.1440583
	speed: 0.0025s/iter; left time: 227.0136s
	iters: 1000, epoch: 14 | loss: 0.1225179
	speed: 0.0025s/iter; left time: 227.5988s
Epoch: 14 cost time: 2.6s
Epoch: 14, Steps: 1074 | Train Loss: 0.1849571 Vali Loss: 0.1333555
EarlyStopping counter: 10 out of 15
Updating learning rate to 0.0009524135262330098
	iters: 100, epoch: 15 | loss: 0.1225065
	speed: 0.0025s/iter; left time: 227.9880s
	iters: 200, epoch: 15 | loss: 0.1832872
	speed: 0.0025s/iter; left time: 231.6563s
	iters: 300, epoch: 15 | loss: 0.1178746
	speed: 0.0025s/iter; left time: 229.2352s
	iters: 400, epoch: 15 | loss: 0.1569210
	speed: 0.0025s/iter; left time: 227.9263s
	iters: 500, epoch: 15 | loss: 0.2021956
	speed: 0.0025s/iter; left time: 226.9709s
	iters: 600, epoch: 15 | loss: 0.3029957
	speed: 0.0025s/iter; left time: 226.2816s
	iters: 700, epoch: 15 | loss: 0.0909960
	speed: 0.0025s/iter; left time: 227.1989s
	iters: 800, epoch: 15 | loss: 0.1340496
	speed: 0.0025s/iter; left time: 226.5192s
	iters: 900, epoch: 15 | loss: 0.1185963
	speed: 0.0025s/iter; left time: 225.9066s
	iters: 1000, epoch: 15 | loss: 0.1210850
	speed: 0.0025s/iter; left time: 225.3761s
Epoch: 15 cost time: 2.6s
Epoch: 15, Steps: 1074 | Train Loss: 0.1825608 Vali Loss: 0.1371524
EarlyStopping counter: 11 out of 15
Updating learning rate to 0.0009455032620941839
	iters: 100, epoch: 16 | loss: 0.1446847
	speed: 0.0025s/iter; left time: 223.4946s
	iters: 200, epoch: 16 | loss: 0.1153400
	speed: 0.0024s/iter; left time: 222.7208s
	iters: 300, epoch: 16 | loss: 0.1357725
	speed: 0.0024s/iter; left time: 222.3488s
	iters: 400, epoch: 16 | loss: 0.2351673
	speed: 0.0024s/iter; left time: 222.4436s
	iters: 500, epoch: 16 | loss: 0.2365765
	speed: 0.0025s/iter; left time: 224.1770s
	iters: 600, epoch: 16 | loss: 0.1377096
	speed: 0.0025s/iter; left time: 225.1904s
	iters: 700, epoch: 16 | loss: 0.1490393
	speed: 0.0025s/iter; left time: 224.3824s
	iters: 800, epoch: 16 | loss: 0.1320429
	speed: 0.0025s/iter; left time: 223.7428s
	iters: 900, epoch: 16 | loss: 0.2019524
	speed: 0.0025s/iter; left time: 223.1786s
	iters: 1000, epoch: 16 | loss: 0.1476837
	speed: 0.0025s/iter; left time: 222.6322s
Epoch: 16 cost time: 2.7s
Epoch: 16, Steps: 1074 | Train Loss: 0.1801722 Vali Loss: 0.1391741
EarlyStopping counter: 12 out of 15
Updating learning rate to 0.0009381533400219318
	iters: 100, epoch: 17 | loss: 0.1576959
	speed: 0.0024s/iter; left time: 220.2984s
	iters: 200, epoch: 17 | loss: 0.1597563
	speed: 0.0024s/iter; left time: 219.4682s
	iters: 300, epoch: 17 | loss: 0.0966233
	speed: 0.0024s/iter; left time: 219.2855s
	iters: 400, epoch: 17 | loss: 0.1874900
	speed: 0.0025s/iter; left time: 221.5317s
	iters: 500, epoch: 17 | loss: 0.1426790
	speed: 0.0025s/iter; left time: 220.7109s
	iters: 600, epoch: 17 | loss: 0.1378157
	speed: 0.0025s/iter; left time: 220.0937s
	iters: 700, epoch: 17 | loss: 0.2074910
	speed: 0.0025s/iter; left time: 219.6080s
	iters: 800, epoch: 17 | loss: 0.1525042
	speed: 0.0025s/iter; left time: 219.2095s
	iters: 900, epoch: 17 | loss: 0.1811970
	speed: 0.0025s/iter; left time: 219.8578s
	iters: 1000, epoch: 17 | loss: 0.1454728
	speed: 0.0025s/iter; left time: 219.3992s
Epoch: 17 cost time: 2.6s
Epoch: 17, Steps: 1074 | Train Loss: 0.1786030 Vali Loss: 0.1347133
EarlyStopping counter: 13 out of 15
Updating learning rate to 0.0009303710135019718
	iters: 100, epoch: 18 | loss: 0.1094316
	speed: 0.0026s/iter; left time: 235.7110s
	iters: 200, epoch: 18 | loss: 0.1969861
	speed: 0.0026s/iter; left time: 227.0851s
	iters: 300, epoch: 18 | loss: 0.1059450
	speed: 0.0025s/iter; left time: 223.5518s
	iters: 400, epoch: 18 | loss: 0.2340240
	speed: 0.0025s/iter; left time: 221.6417s
	iters: 500, epoch: 18 | loss: 0.1270073
	speed: 0.0025s/iter; left time: 220.4059s
	iters: 600, epoch: 18 | loss: 0.1913573
	speed: 0.0025s/iter; left time: 221.1152s
	iters: 700, epoch: 18 | loss: 0.2695492
	speed: 0.0025s/iter; left time: 221.6319s
	iters: 800, epoch: 18 | loss: 0.2444845
	speed: 0.0025s/iter; left time: 220.6572s
	iters: 900, epoch: 18 | loss: 0.0945394
	speed: 0.0025s/iter; left time: 219.9014s
	iters: 1000, epoch: 18 | loss: 0.1570646
	speed: 0.0025s/iter; left time: 219.2200s
Epoch: 18 cost time: 2.7s
Epoch: 18, Steps: 1074 | Train Loss: 0.1760261 Vali Loss: 0.1406985
EarlyStopping counter: 14 out of 15
Updating learning rate to 0.0009221639627510075
	iters: 100, epoch: 19 | loss: 0.1756372
	speed: 0.0024s/iter; left time: 215.1550s
	iters: 200, epoch: 19 | loss: 0.2013973
	speed: 0.0024s/iter; left time: 214.6901s
	iters: 300, epoch: 19 | loss: 0.0975299
	speed: 0.0024s/iter; left time: 214.4049s
	iters: 400, epoch: 19 | loss: 0.1771107
	speed: 0.0025s/iter; left time: 216.5626s
	iters: 500, epoch: 19 | loss: 0.1081219
	speed: 0.0025s/iter; left time: 215.7821s
	iters: 600, epoch: 19 | loss: 0.1320067
	speed: 0.0025s/iter; left time: 215.1729s
	iters: 700, epoch: 19 | loss: 0.2764158
	speed: 0.0025s/iter; left time: 214.7142s
	iters: 800, epoch: 19 | loss: 0.0958109
	speed: 0.0025s/iter; left time: 214.2702s
	iters: 900, epoch: 19 | loss: 0.1912059
	speed: 0.0025s/iter; left time: 213.9090s
	iters: 1000, epoch: 19 | loss: 0.1594825
	speed: 0.0025s/iter; left time: 214.5335s
Epoch: 19 cost time: 2.6s
Epoch: 19, Steps: 1074 | Train Loss: 0.1744633 Vali Loss: 0.1358646
EarlyStopping counter: 15 out of 15
Early stopping
Training time: 59.7s | Peak GPU memory: 67.5MB

>>> Testing...
test 11425
test shape: (11425, 1, 96, 7) (11425, 1, 96, 7)
test shape: (11425, 96, 7) (11425, 96, 7)
MSE: 0.175909, MAE: 0.259527
Inference: 7.36s | 11425 samples | 1552.7 samples/sec
Results saved to /lustre09/project/6010289/sdmuhsin/SpectraGate/results/ettm2_results.csv
========================================
Finished: Mon 09 Mar 2026 05:45:30 PM EDT
========================================
