========================================
Job: fn_SpectraGate_ETTm2_96
Model: SpectraGate
Dataset: ETTm2
Pred len: 96
Time limit: 12:00:00
GPU: h100_2g.20gb:1
Started: Mon 09 Mar 2026 06:15:20 PM EDT
========================================
Mon Mar  9 18:15:20 2026       
+-----------------------------------------------------------------------------------------+
| NVIDIA-SMI 570.211.01             Driver Version: 570.211.01     CUDA Version: 12.8     |
|-----------------------------------------+------------------------+----------------------+
| GPU  Name                 Persistence-M | Bus-Id          Disp.A | Volatile Uncorr. ECC |
| Fan  Temp   Perf          Pwr:Usage/Cap |           Memory-Usage | GPU-Util  Compute M. |
|                                         |                        |               MIG M. |
|=========================================+========================+======================|
|   0  NVIDIA H100 80GB HBM3          Off |   00000000:CB:00.0 Off |                   On |
| N/A   52C    P0            332W /  700W |    9288MiB /  81559MiB |     N/A      Default |
|                                         |                        |              Enabled |
+-----------------------------------------+------------------------+----------------------+

+-----------------------------------------------------------------------------------------+
| MIG devices:                                                                            |
+------------------+----------------------------------+-----------+-----------------------+
| GPU  GI  CI  MIG |                     Memory-Usage |        Vol|        Shared         |
|      ID  ID  Dev |                       BAR1-Usage | SM     Unc| CE ENC  DEC  OFA  JPG |
|                  |                                  |        ECC|                       |
|==================+==================================+===========+=======================|
|  0    3   0   0  |              17MiB / 20096MiB    | 32      0 |  2   0    2    0    2 |
|                  |                 0MiB / 32767MiB  |           |                       |
+------------------+----------------------------------+-----------+-----------------------+
                                                                                         
+-----------------------------------------------------------------------------------------+
| Processes:                                                                              |
|  GPU   GI   CI              PID   Type   Process name                        GPU Memory |
|        ID   ID                                                               Usage      |
|=========================================================================================|
|  No running processes found                                                             |
+-----------------------------------------------------------------------------------------+
Using device: cuda:0
Model: SpectraGate, Dataset: ETTm2, pred_len: 96, seq_len: 96

>>> Training...
train 34369
val 11425
Model Model : total params: 18,566 | trainable: 18,566 (0.0708MB)
	iters: 100, epoch: 1 | loss: 0.5153010
	speed: 0.0046s/iter; left time: 496.7162s
	iters: 200, epoch: 1 | loss: 0.2242452
	speed: 0.0035s/iter; left time: 378.6298s
	iters: 300, epoch: 1 | loss: 0.2772185
	speed: 0.0032s/iter; left time: 339.1258s
	iters: 400, epoch: 1 | loss: 0.1856702
	speed: 0.0030s/iter; left time: 319.1332s
	iters: 500, epoch: 1 | loss: 0.1597914
	speed: 0.0029s/iter; left time: 305.8599s
	iters: 600, epoch: 1 | loss: 0.3196796
	speed: 0.0028s/iter; left time: 296.9719s
	iters: 700, epoch: 1 | loss: 0.1948057
	speed: 0.0027s/iter; left time: 290.5437s
	iters: 800, epoch: 1 | loss: 0.1363418
	speed: 0.0027s/iter; left time: 285.6142s
	iters: 900, epoch: 1 | loss: 0.1833463
	speed: 0.0026s/iter; left time: 281.7848s
	iters: 1000, epoch: 1 | loss: 0.1528037
	speed: 0.0026s/iter; left time: 278.6715s
Epoch: 1 cost time: 2.8s
Epoch: 1, Steps: 1074 | Train Loss: 0.2373275 Vali Loss: 0.1278694
Validation loss decreased (inf --> 0.127869).  Saving model ...
Updating learning rate to 0.0009997532801828658
	iters: 100, epoch: 2 | loss: 0.2005967
	speed: 0.0024s/iter; left time: 254.7468s
	iters: 200, epoch: 2 | loss: 0.1607181
	speed: 0.0024s/iter; left time: 253.5446s
	iters: 300, epoch: 2 | loss: 0.4591700
	speed: 0.0024s/iter; left time: 253.0166s
	iters: 400, epoch: 2 | loss: 0.1175186
	speed: 0.0024s/iter; left time: 252.6004s
	iters: 500, epoch: 2 | loss: 0.1324199
	speed: 0.0024s/iter; left time: 252.8234s
	iters: 600, epoch: 2 | loss: 0.1450231
	speed: 0.0024s/iter; left time: 252.3387s
	iters: 700, epoch: 2 | loss: 0.2580732
	speed: 0.0024s/iter; left time: 251.9386s
	iters: 800, epoch: 2 | loss: 0.2710592
	speed: 0.0024s/iter; left time: 251.6409s
	iters: 900, epoch: 2 | loss: 0.1865704
	speed: 0.0024s/iter; left time: 251.3014s
	iters: 1000, epoch: 2 | loss: 0.2168504
	speed: 0.0024s/iter; left time: 251.0475s
Epoch: 2 cost time: 2.6s
Epoch: 2, Steps: 1074 | Train Loss: 0.2228116 Vali Loss: 0.1289115
EarlyStopping counter: 1 out of 15
Updating learning rate to 0.0009990133642141358
	iters: 100, epoch: 3 | loss: 0.1651797
	speed: 0.0024s/iter; left time: 251.5589s
	iters: 200, epoch: 3 | loss: 0.2064473
	speed: 0.0024s/iter; left time: 250.9019s
	iters: 300, epoch: 3 | loss: 0.2464152
	speed: 0.0024s/iter; left time: 250.1379s
	iters: 400, epoch: 3 | loss: 0.1944309
	speed: 0.0024s/iter; left time: 249.7814s
	iters: 500, epoch: 3 | loss: 0.2224303
	speed: 0.0024s/iter; left time: 249.4188s
	iters: 600, epoch: 3 | loss: 0.2060088
	speed: 0.0024s/iter; left time: 249.0701s
	iters: 700, epoch: 3 | loss: 0.3201919
	speed: 0.0024s/iter; left time: 248.7951s
	iters: 800, epoch: 3 | loss: 0.2243736
	speed: 0.0024s/iter; left time: 248.5307s
	iters: 900, epoch: 3 | loss: 0.1076226
	speed: 0.0024s/iter; left time: 248.3927s
	iters: 1000, epoch: 3 | loss: 0.2051148
	speed: 0.0024s/iter; left time: 248.0753s
Epoch: 3 cost time: 2.6s
Epoch: 3, Steps: 1074 | Train Loss: 0.2174857 Vali Loss: 0.1275967
Validation loss decreased (0.127869 --> 0.127597).  Saving model ...
Updating learning rate to 0.00099778098230154
	iters: 100, epoch: 4 | loss: 0.1153173
	speed: 0.0024s/iter; left time: 247.9980s
	iters: 200, epoch: 4 | loss: 0.2974200
	speed: 0.0024s/iter; left time: 246.7315s
	iters: 300, epoch: 4 | loss: 0.2092170
	speed: 0.0024s/iter; left time: 246.9588s
	iters: 400, epoch: 4 | loss: 0.1724184
	speed: 0.0024s/iter; left time: 248.3095s
	iters: 500, epoch: 4 | loss: 0.1909875
	speed: 0.0024s/iter; left time: 248.5185s
	iters: 600, epoch: 4 | loss: 0.1705968
	speed: 0.0024s/iter; left time: 248.5897s
	iters: 700, epoch: 4 | loss: 0.1989128
	speed: 0.0024s/iter; left time: 248.6136s
	iters: 800, epoch: 4 | loss: 0.1703700
	speed: 0.0024s/iter; left time: 248.6295s
	iters: 900, epoch: 4 | loss: 0.1775606
	speed: 0.0024s/iter; left time: 248.6723s
	iters: 1000, epoch: 4 | loss: 0.2184916
	speed: 0.0024s/iter; left time: 248.5384s
Epoch: 4 cost time: 2.6s
Epoch: 4, Steps: 1074 | Train Loss: 0.2144873 Vali Loss: 0.1279740
EarlyStopping counter: 1 out of 15
Updating learning rate to 0.000996057350657239
	iters: 100, epoch: 5 | loss: 0.2128609
	speed: 0.0025s/iter; left time: 252.6342s
	iters: 200, epoch: 5 | loss: 0.0977130
	speed: 0.0024s/iter; left time: 251.2317s
	iters: 300, epoch: 5 | loss: 0.2178199
	speed: 0.0024s/iter; left time: 250.3820s
	iters: 400, epoch: 5 | loss: 0.1001574
	speed: 0.0024s/iter; left time: 250.1200s
	iters: 500, epoch: 5 | loss: 0.1605298
	speed: 0.0024s/iter; left time: 249.5449s
	iters: 600, epoch: 5 | loss: 0.2426759
	speed: 0.0024s/iter; left time: 249.3632s
	iters: 700, epoch: 5 | loss: 0.3353480
	speed: 0.0024s/iter; left time: 248.8569s
	iters: 800, epoch: 5 | loss: 0.3209557
	speed: 0.0024s/iter; left time: 248.4600s
	iters: 900, epoch: 5 | loss: 0.1871362
	speed: 0.0024s/iter; left time: 248.2204s
	iters: 1000, epoch: 5 | loss: 0.1700784
	speed: 0.0024s/iter; left time: 247.3768s
Epoch: 5 cost time: 2.6s
Epoch: 5, Steps: 1074 | Train Loss: 0.2118912 Vali Loss: 0.1288360
EarlyStopping counter: 2 out of 15
Updating learning rate to 0.0009938441702975688
	iters: 100, epoch: 6 | loss: 0.2680649
	speed: 0.0024s/iter; left time: 246.9582s
	iters: 200, epoch: 6 | loss: 0.1191410
	speed: 0.0024s/iter; left time: 245.1921s
	iters: 300, epoch: 6 | loss: 0.3970254
	speed: 0.0024s/iter; left time: 244.3798s
	iters: 400, epoch: 6 | loss: 0.1312486
	speed: 0.0024s/iter; left time: 243.9617s
	iters: 500, epoch: 6 | loss: 0.1461682
	speed: 0.0024s/iter; left time: 243.4895s
	iters: 600, epoch: 6 | loss: 0.2069243
	speed: 0.0024s/iter; left time: 243.1389s
	iters: 700, epoch: 6 | loss: 0.1310929
	speed: 0.0024s/iter; left time: 242.8575s
	iters: 800, epoch: 6 | loss: 0.1612094
	speed: 0.0024s/iter; left time: 242.6656s
	iters: 900, epoch: 6 | loss: 0.3065708
	speed: 0.0024s/iter; left time: 242.3722s
	iters: 1000, epoch: 6 | loss: 0.1252296
	speed: 0.0024s/iter; left time: 242.1437s
Epoch: 6 cost time: 2.6s
Epoch: 6, Steps: 1074 | Train Loss: 0.2096884 Vali Loss: 0.1295672
EarlyStopping counter: 3 out of 15
Updating learning rate to 0.0009911436253643444
	iters: 100, epoch: 7 | loss: 0.1201349
	speed: 0.0024s/iter; left time: 239.4531s
	iters: 200, epoch: 7 | loss: 0.1395606
	speed: 0.0024s/iter; left time: 239.2399s
	iters: 300, epoch: 7 | loss: 0.2920555
	speed: 0.0024s/iter; left time: 239.0619s
	iters: 400, epoch: 7 | loss: 0.1257721
	speed: 0.0024s/iter; left time: 239.0261s
	iters: 500, epoch: 7 | loss: 0.4976656
	speed: 0.0024s/iter; left time: 238.6944s
	iters: 600, epoch: 7 | loss: 0.1818874
	speed: 0.0024s/iter; left time: 238.5253s
	iters: 700, epoch: 7 | loss: 0.2087190
	speed: 0.0024s/iter; left time: 238.1989s
	iters: 800, epoch: 7 | loss: 0.3498680
	speed: 0.0024s/iter; left time: 237.8992s
	iters: 900, epoch: 7 | loss: 0.1331151
	speed: 0.0024s/iter; left time: 237.5927s
	iters: 1000, epoch: 7 | loss: 0.1953018
	speed: 0.0024s/iter; left time: 237.2562s
Epoch: 7 cost time: 2.6s
Epoch: 7, Steps: 1074 | Train Loss: 0.2078387 Vali Loss: 0.1308448
EarlyStopping counter: 4 out of 15
Updating learning rate to 0.0009879583809693738
	iters: 100, epoch: 8 | loss: 0.3686106
	speed: 0.0024s/iter; left time: 236.9705s
	iters: 200, epoch: 8 | loss: 0.1568346
	speed: 0.0024s/iter; left time: 236.3832s
	iters: 300, epoch: 8 | loss: 0.1037223
	speed: 0.0024s/iter; left time: 236.2815s
	iters: 400, epoch: 8 | loss: 0.2033639
	speed: 0.0024s/iter; left time: 235.9801s
	iters: 500, epoch: 8 | loss: 0.2071292
	speed: 0.0024s/iter; left time: 235.6635s
	iters: 600, epoch: 8 | loss: 0.1119545
	speed: 0.0024s/iter; left time: 235.3595s
	iters: 700, epoch: 8 | loss: 0.1676363
	speed: 0.0024s/iter; left time: 235.0573s
	iters: 800, epoch: 8 | loss: 0.1059921
	speed: 0.0024s/iter; left time: 234.8110s
	iters: 900, epoch: 8 | loss: 0.1164911
	speed: 0.0024s/iter; left time: 235.2409s
	iters: 1000, epoch: 8 | loss: 0.2860793
	speed: 0.0024s/iter; left time: 235.4355s
Epoch: 8 cost time: 2.6s
Epoch: 8, Steps: 1074 | Train Loss: 0.2063267 Vali Loss: 0.1319421
EarlyStopping counter: 5 out of 15
Updating learning rate to 0.0009842915805643156
	iters: 100, epoch: 9 | loss: 0.1808774
	speed: 0.0024s/iter; left time: 240.4807s
	iters: 200, epoch: 9 | loss: 0.1490138
	speed: 0.0024s/iter; left time: 239.7822s
	iters: 300, epoch: 9 | loss: 0.2593077
	speed: 0.0024s/iter; left time: 240.5057s
	iters: 400, epoch: 9 | loss: 0.0986111
	speed: 0.0024s/iter; left time: 239.8852s
	iters: 500, epoch: 9 | loss: 0.1322367
	speed: 0.0024s/iter; left time: 239.3221s
	iters: 600, epoch: 9 | loss: 0.2456141
	speed: 0.0024s/iter; left time: 238.9563s
	iters: 700, epoch: 9 | loss: 0.3754092
	speed: 0.0024s/iter; left time: 238.6512s
	iters: 800, epoch: 9 | loss: 0.3280315
	speed: 0.0024s/iter; left time: 237.9938s
	iters: 900, epoch: 9 | loss: 0.2414649
	speed: 0.0024s/iter; left time: 236.9827s
	iters: 1000, epoch: 9 | loss: 0.2673170
	speed: 0.0024s/iter; left time: 236.1053s
Epoch: 9 cost time: 2.6s
Epoch: 9, Steps: 1074 | Train Loss: 0.2047544 Vali Loss: 0.1323659
EarlyStopping counter: 6 out of 15
Updating learning rate to 0.0009801468428384716
	iters: 100, epoch: 10 | loss: 0.2394927
	speed: 0.0024s/iter; left time: 230.4887s
	iters: 200, epoch: 10 | loss: 0.1855085
	speed: 0.0024s/iter; left time: 230.9132s
	iters: 300, epoch: 10 | loss: 0.1921227
	speed: 0.0024s/iter; left time: 230.5030s
	iters: 400, epoch: 10 | loss: 0.2422424
	speed: 0.0024s/iter; left time: 230.0405s
	iters: 500, epoch: 10 | loss: 0.1319361
	speed: 0.0024s/iter; left time: 229.6593s
	iters: 600, epoch: 10 | loss: 0.1145711
	speed: 0.0024s/iter; left time: 229.2964s
	iters: 700, epoch: 10 | loss: 0.1259855
	speed: 0.0024s/iter; left time: 228.9525s
	iters: 800, epoch: 10 | loss: 0.1505436
	speed: 0.0024s/iter; left time: 228.6710s
	iters: 900, epoch: 10 | loss: 0.3098714
	speed: 0.0024s/iter; left time: 228.3417s
	iters: 1000, epoch: 10 | loss: 0.1623048
	speed: 0.0024s/iter; left time: 228.0718s
Epoch: 10 cost time: 2.5s
Epoch: 10, Steps: 1074 | Train Loss: 0.2033377 Vali Loss: 0.1338698
EarlyStopping counter: 7 out of 15
Updating learning rate to 0.0009755282581475768
	iters: 100, epoch: 11 | loss: 0.2231306
	speed: 0.0024s/iter; left time: 229.8506s
	iters: 200, epoch: 11 | loss: 0.3362817
	speed: 0.0024s/iter; left time: 228.7349s
	iters: 300, epoch: 11 | loss: 0.1985921
	speed: 0.0024s/iter; left time: 228.1480s
	iters: 400, epoch: 11 | loss: 0.1056983
	speed: 0.0024s/iter; left time: 227.6621s
	iters: 500, epoch: 11 | loss: 0.1264524
	speed: 0.0024s/iter; left time: 227.3150s
	iters: 600, epoch: 11 | loss: 0.1169782
	speed: 0.0024s/iter; left time: 226.9721s
	iters: 700, epoch: 11 | loss: 0.2702789
	speed: 0.0024s/iter; left time: 226.6447s
	iters: 800, epoch: 11 | loss: 0.1366802
	speed: 0.0024s/iter; left time: 226.2755s
	iters: 900, epoch: 11 | loss: 0.1293935
	speed: 0.0024s/iter; left time: 226.0036s
	iters: 1000, epoch: 11 | loss: 0.1915043
	speed: 0.0024s/iter; left time: 225.7527s
Epoch: 11 cost time: 2.5s
Epoch: 11, Steps: 1074 | Train Loss: 0.2019165 Vali Loss: 0.1334152
EarlyStopping counter: 8 out of 15
Updating learning rate to 0.0009704403844771128
	iters: 100, epoch: 12 | loss: 0.4309079
	speed: 0.0024s/iter; left time: 226.8421s
	iters: 200, epoch: 12 | loss: 0.3385871
	speed: 0.0024s/iter; left time: 226.1774s
	iters: 300, epoch: 12 | loss: 0.1862459
	speed: 0.0024s/iter; left time: 225.3107s
	iters: 400, epoch: 12 | loss: 0.1786994
	speed: 0.0024s/iter; left time: 224.7032s
	iters: 500, epoch: 12 | loss: 0.1466188
	speed: 0.0024s/iter; left time: 224.3885s
	iters: 600, epoch: 12 | loss: 0.1603188
	speed: 0.0024s/iter; left time: 224.0815s
	iters: 700, epoch: 12 | loss: 0.2177899
	speed: 0.0024s/iter; left time: 223.7303s
	iters: 800, epoch: 12 | loss: 0.2082519
	speed: 0.0024s/iter; left time: 223.4723s
	iters: 900, epoch: 12 | loss: 0.2543319
	speed: 0.0024s/iter; left time: 223.2487s
	iters: 1000, epoch: 12 | loss: 0.0948145
	speed: 0.0024s/iter; left time: 223.0030s
Epoch: 12 cost time: 2.5s
Epoch: 12, Steps: 1074 | Train Loss: 0.2002019 Vali Loss: 0.1372098
EarlyStopping counter: 9 out of 15
Updating learning rate to 0.0009648882429441257
	iters: 100, epoch: 13 | loss: 0.1072131
	speed: 0.0024s/iter; left time: 222.6527s
	iters: 200, epoch: 13 | loss: 0.2843693
	speed: 0.0024s/iter; left time: 222.1372s
	iters: 300, epoch: 13 | loss: 0.1876637
	speed: 0.0024s/iter; left time: 221.8404s
	iters: 400, epoch: 13 | loss: 0.1399334
	speed: 0.0024s/iter; left time: 221.5940s
	iters: 500, epoch: 13 | loss: 0.1769019
	speed: 0.0024s/iter; left time: 221.3378s
	iters: 600, epoch: 13 | loss: 0.1554611
	speed: 0.0024s/iter; left time: 221.1401s
	iters: 700, epoch: 13 | loss: 0.3536018
	speed: 0.0024s/iter; left time: 220.8608s
	iters: 800, epoch: 13 | loss: 0.1801613
	speed: 0.0024s/iter; left time: 220.7881s
	iters: 900, epoch: 13 | loss: 0.2293904
	speed: 0.0024s/iter; left time: 220.5847s
	iters: 1000, epoch: 13 | loss: 0.1428727
	speed: 0.0024s/iter; left time: 220.3142s
Epoch: 13 cost time: 2.5s
Epoch: 13, Steps: 1074 | Train Loss: 0.1991559 Vali Loss: 0.1365240
EarlyStopping counter: 10 out of 15
Updating learning rate to 0.0009588773128419905
	iters: 100, epoch: 14 | loss: 0.1590769
	speed: 0.0024s/iter; left time: 221.1039s
	iters: 200, epoch: 14 | loss: 0.1092503
	speed: 0.0024s/iter; left time: 220.2442s
	iters: 300, epoch: 14 | loss: 0.4801442
	speed: 0.0024s/iter; left time: 219.9231s
	iters: 400, epoch: 14 | loss: 0.1451010
	speed: 0.0024s/iter; left time: 219.5492s
	iters: 500, epoch: 14 | loss: 0.2252857
	speed: 0.0024s/iter; left time: 219.1862s
	iters: 600, epoch: 14 | loss: 0.1955337
	speed: 0.0024s/iter; left time: 218.9505s
	iters: 700, epoch: 14 | loss: 0.2561990
	speed: 0.0024s/iter; left time: 218.5975s
	iters: 800, epoch: 14 | loss: 0.3526320
	speed: 0.0024s/iter; left time: 218.3567s
	iters: 900, epoch: 14 | loss: 0.1923026
	speed: 0.0024s/iter; left time: 218.0958s
	iters: 1000, epoch: 14 | loss: 0.1424792
	speed: 0.0024s/iter; left time: 217.8358s
Epoch: 14 cost time: 2.5s
Epoch: 14, Steps: 1074 | Train Loss: 0.1976972 Vali Loss: 0.1356309
EarlyStopping counter: 11 out of 15
Updating learning rate to 0.0009524135262330098
	iters: 100, epoch: 15 | loss: 0.1022585
	speed: 0.0024s/iter; left time: 218.8720s
	iters: 200, epoch: 15 | loss: 0.1140796
	speed: 0.0024s/iter; left time: 218.0657s
	iters: 300, epoch: 15 | loss: 0.1796098
	speed: 0.0024s/iter; left time: 217.6646s
	iters: 400, epoch: 15 | loss: 0.1529640
	speed: 0.0024s/iter; left time: 217.2787s
	iters: 500, epoch: 15 | loss: 0.2199718
	speed: 0.0024s/iter; left time: 217.0155s
	iters: 600, epoch: 15 | loss: 0.1180719
	speed: 0.0024s/iter; left time: 216.6373s
	iters: 700, epoch: 15 | loss: 0.2844179
	speed: 0.0024s/iter; left time: 216.6626s
	iters: 800, epoch: 15 | loss: 0.2298355
	speed: 0.0024s/iter; left time: 216.8533s
	iters: 900, epoch: 15 | loss: 0.1302404
	speed: 0.0024s/iter; left time: 216.9039s
	iters: 1000, epoch: 15 | loss: 0.1642634
	speed: 0.0024s/iter; left time: 216.9324s
Epoch: 15 cost time: 2.6s
Epoch: 15, Steps: 1074 | Train Loss: 0.1965346 Vali Loss: 0.1372308
EarlyStopping counter: 12 out of 15
Updating learning rate to 0.0009455032620941839
	iters: 100, epoch: 16 | loss: 0.1581237
	speed: 0.0024s/iter; left time: 219.5226s
	iters: 200, epoch: 16 | loss: 0.1254336
	speed: 0.0024s/iter; left time: 218.9794s
	iters: 300, epoch: 16 | loss: 0.1871070
	speed: 0.0024s/iter; left time: 218.4986s
	iters: 400, epoch: 16 | loss: 0.1802753
	speed: 0.0024s/iter; left time: 218.4875s
	iters: 500, epoch: 16 | loss: 0.3919073
	speed: 0.0024s/iter; left time: 218.2605s
	iters: 600, epoch: 16 | loss: 0.2363804
	speed: 0.0024s/iter; left time: 217.9000s
	iters: 700, epoch: 16 | loss: 0.1323695
	speed: 0.0024s/iter; left time: 217.6537s
	iters: 800, epoch: 16 | loss: 0.1509559
	speed: 0.0024s/iter; left time: 217.4237s
	iters: 900, epoch: 16 | loss: 0.2277032
	speed: 0.0024s/iter; left time: 217.0369s
	iters: 1000, epoch: 16 | loss: 0.1625075
	speed: 0.0024s/iter; left time: 216.7329s
Epoch: 16 cost time: 2.6s
Epoch: 16, Steps: 1074 | Train Loss: 0.1952708 Vali Loss: 0.1370654
EarlyStopping counter: 13 out of 15
Updating learning rate to 0.0009381533400219318
	iters: 100, epoch: 17 | loss: 0.1155288
	speed: 0.0024s/iter; left time: 214.5269s
	iters: 200, epoch: 17 | loss: 0.1749206
	speed: 0.0024s/iter; left time: 213.0776s
	iters: 300, epoch: 17 | loss: 0.1717155
	speed: 0.0024s/iter; left time: 212.5732s
	iters: 400, epoch: 17 | loss: 0.1120162
	speed: 0.0024s/iter; left time: 212.0575s
	iters: 500, epoch: 17 | loss: 0.2429022
	speed: 0.0024s/iter; left time: 211.7240s
	iters: 600, epoch: 17 | loss: 0.1369895
	speed: 0.0024s/iter; left time: 211.4097s
	iters: 700, epoch: 17 | loss: 0.2388845
	speed: 0.0024s/iter; left time: 211.0968s
	iters: 800, epoch: 17 | loss: 0.2195976
	speed: 0.0024s/iter; left time: 210.8477s
	iters: 900, epoch: 17 | loss: 0.1294682
	speed: 0.0024s/iter; left time: 210.6354s
	iters: 1000, epoch: 17 | loss: 0.1520647
	speed: 0.0024s/iter; left time: 210.4019s
Epoch: 17 cost time: 2.5s
Epoch: 17, Steps: 1074 | Train Loss: 0.1941498 Vali Loss: 0.1399714
EarlyStopping counter: 14 out of 15
Updating learning rate to 0.0009303710135019718
	iters: 100, epoch: 18 | loss: 0.1107403
	speed: 0.0024s/iter; left time: 211.5665s
	iters: 200, epoch: 18 | loss: 0.1402855
	speed: 0.0024s/iter; left time: 210.2000s
	iters: 300, epoch: 18 | loss: 0.1328553
	speed: 0.0024s/iter; left time: 209.7214s
	iters: 400, epoch: 18 | loss: 0.3226205
	speed: 0.0024s/iter; left time: 209.8139s
	iters: 500, epoch: 18 | loss: 0.1407316
	speed: 0.0024s/iter; left time: 209.6556s
	iters: 600, epoch: 18 | loss: 0.2353997
	speed: 0.0024s/iter; left time: 209.5363s
	iters: 700, epoch: 18 | loss: 0.1994100
	speed: 0.0024s/iter; left time: 209.3512s
	iters: 800, epoch: 18 | loss: 0.1543403
	speed: 0.0024s/iter; left time: 209.4156s
	iters: 900, epoch: 18 | loss: 0.1115916
	speed: 0.0024s/iter; left time: 209.3879s
	iters: 1000, epoch: 18 | loss: 0.2157038
	speed: 0.0024s/iter; left time: 209.3211s
Epoch: 18 cost time: 2.6s
Epoch: 18, Steps: 1074 | Train Loss: 0.1929860 Vali Loss: 0.1401348
EarlyStopping counter: 15 out of 15
Early stopping
Training time: 54.5s | Peak GPU memory: 67.0MB

>>> Testing...
test 11425
test shape: (11425, 1, 96, 7) (11425, 1, 96, 7)
test shape: (11425, 96, 7) (11425, 96, 7)
MSE: 0.177396, MAE: 0.261603
Inference: 6.98s | 11425 samples | 1636.0 samples/sec
Results saved to /lustre09/project/6010289/sdmuhsin/SpectraGate/results/ettm2_results.csv
========================================
Finished: Mon 09 Mar 2026 06:16:27 PM EDT
========================================
