========================================
Job: fn_SpectraGate_Weather_96
Model: SpectraGate
Dataset: Weather
Pred len: 96
Time limit: 8:00:00
GPU: h100_2g.20gb:1
Started: Mon 09 Mar 2026 06:14:57 PM EDT
========================================
Mon Mar  9 18:14:57 2026       
+-----------------------------------------------------------------------------------------+
| NVIDIA-SMI 570.211.01             Driver Version: 570.211.01     CUDA Version: 12.8     |
|-----------------------------------------+------------------------+----------------------+
| GPU  Name                 Persistence-M | Bus-Id          Disp.A | Volatile Uncorr. ECC |
| Fan  Temp   Perf          Pwr:Usage/Cap |           Memory-Usage | GPU-Util  Compute M. |
|                                         |                        |               MIG M. |
|=========================================+========================+======================|
|   0  NVIDIA H100 80GB HBM3          Off |   00000000:5F:00.0 Off |                   On |
| N/A   49C    P0            165W /  700W |     438MiB /  81559MiB |     N/A      Default |
|                                         |                        |              Enabled |
+-----------------------------------------+------------------------+----------------------+

+-----------------------------------------------------------------------------------------+
| MIG devices:                                                                            |
+------------------+----------------------------------+-----------+-----------------------+
| GPU  GI  CI  MIG |                     Memory-Usage |        Vol|        Shared         |
|      ID  ID  Dev |                       BAR1-Usage | SM     Unc| CE ENC  DEC  OFA  JPG |
|                  |                                  |        ECC|                       |
|==================+==================================+===========+=======================|
|  0    3   0   0  |              17MiB / 20096MiB    | 32      0 |  2   0    2    0    2 |
|                  |                 0MiB / 32767MiB  |           |                       |
+------------------+----------------------------------+-----------+-----------------------+
                                                                                         
+-----------------------------------------------------------------------------------------+
| Processes:                                                                              |
|  GPU   GI   CI              PID   Type   Process name                        GPU Memory |
|        ID   ID                                                               Usage      |
|=========================================================================================|
|  No running processes found                                                             |
+-----------------------------------------------------------------------------------------+
Using device: cuda:0
Model: SpectraGate, Dataset: Weather, pred_len: 96, seq_len: 96

>>> Training...
train 36696
val 5175
Model Model : total params: 22,978 | trainable: 22,978 (0.0877MB)
	iters: 100, epoch: 1 | loss: 0.4129052
	speed: 0.0061s/iter; left time: 694.1763s
	iters: 200, epoch: 1 | loss: 0.6753971
	speed: 0.0046s/iter; left time: 522.6229s
	iters: 300, epoch: 1 | loss: 0.2628149
	speed: 0.0041s/iter; left time: 469.1420s
	iters: 400, epoch: 1 | loss: 0.3798905
	speed: 0.0038s/iter; left time: 439.5617s
	iters: 500, epoch: 1 | loss: 0.2881465
	speed: 0.0037s/iter; left time: 424.6812s
	iters: 600, epoch: 1 | loss: 0.3703098
	speed: 0.0036s/iter; left time: 413.3711s
	iters: 700, epoch: 1 | loss: 0.5314524
	speed: 0.0036s/iter; left time: 404.6589s
	iters: 800, epoch: 1 | loss: 1.0805945
	speed: 0.0035s/iter; left time: 398.4388s
	iters: 900, epoch: 1 | loss: 0.3524409
	speed: 0.0035s/iter; left time: 393.1223s
	iters: 1000, epoch: 1 | loss: 0.3145580
	speed: 0.0034s/iter; left time: 389.0196s
	iters: 1100, epoch: 1 | loss: 0.3280941
	speed: 0.0034s/iter; left time: 385.1374s
Epoch: 1 cost time: 3.9s
Epoch: 1, Steps: 1146 | Train Loss: 0.4746445 Vali Loss: 0.4350440
Validation loss decreased (inf --> 0.435044).  Saving model ...
Updating learning rate to 0.0009997532801828658
	iters: 100, epoch: 2 | loss: 0.3674392
	speed: 0.0032s/iter; left time: 359.9025s
	iters: 200, epoch: 2 | loss: 0.3241893
	speed: 0.0032s/iter; left time: 357.2736s
	iters: 300, epoch: 2 | loss: 0.4597499
	speed: 0.0031s/iter; left time: 354.2481s
	iters: 400, epoch: 2 | loss: 0.3543981
	speed: 0.0031s/iter; left time: 352.9305s
	iters: 500, epoch: 2 | loss: 0.3692579
	speed: 0.0031s/iter; left time: 352.8819s
	iters: 600, epoch: 2 | loss: 0.3553031
	speed: 0.0031s/iter; left time: 351.8829s
	iters: 700, epoch: 2 | loss: 0.4086510
	speed: 0.0031s/iter; left time: 351.6022s
	iters: 800, epoch: 2 | loss: 0.2582414
	speed: 0.0031s/iter; left time: 351.9043s
	iters: 900, epoch: 2 | loss: 0.2995544
	speed: 0.0031s/iter; left time: 351.1615s
	iters: 1000, epoch: 2 | loss: 1.2857735
	speed: 0.0031s/iter; left time: 350.6440s
	iters: 1100, epoch: 2 | loss: 1.4880883
	speed: 0.0031s/iter; left time: 350.7557s
Epoch: 2 cost time: 3.6s
Epoch: 2, Steps: 1146 | Train Loss: 0.4443837 Vali Loss: 0.4225585
Validation loss decreased (0.435044 --> 0.422558).  Saving model ...
Updating learning rate to 0.0009990133642141358
	iters: 100, epoch: 3 | loss: 0.3438534
	speed: 0.0031s/iter; left time: 348.0324s
	iters: 200, epoch: 3 | loss: 0.2364098
	speed: 0.0031s/iter; left time: 347.1245s
	iters: 300, epoch: 3 | loss: 0.3873433
	speed: 0.0031s/iter; left time: 347.6929s
	iters: 400, epoch: 3 | loss: 0.2720836
	speed: 0.0031s/iter; left time: 351.0822s
	iters: 500, epoch: 3 | loss: 0.2141637
	speed: 0.0031s/iter; left time: 351.1311s
	iters: 600, epoch: 3 | loss: 0.2869256
	speed: 0.0031s/iter; left time: 350.6441s
	iters: 700, epoch: 3 | loss: 0.3467884
	speed: 0.0031s/iter; left time: 349.5679s
	iters: 800, epoch: 3 | loss: 0.3631277
	speed: 0.0031s/iter; left time: 348.7662s
	iters: 900, epoch: 3 | loss: 0.2726158
	speed: 0.0031s/iter; left time: 347.6119s
	iters: 1000, epoch: 3 | loss: 0.3511864
	speed: 0.0031s/iter; left time: 347.8690s
	iters: 1100, epoch: 3 | loss: 0.3661757
	speed: 0.0031s/iter; left time: 347.4072s
Epoch: 3 cost time: 3.6s
Epoch: 3, Steps: 1146 | Train Loss: 0.4336677 Vali Loss: 0.4181643
Validation loss decreased (0.422558 --> 0.418164).  Saving model ...
Updating learning rate to 0.00099778098230154
	iters: 100, epoch: 4 | loss: 0.3510549
	speed: 0.0031s/iter; left time: 342.5232s
	iters: 200, epoch: 4 | loss: 1.2867506
	speed: 0.0031s/iter; left time: 339.0733s
	iters: 300, epoch: 4 | loss: 0.4269411
	speed: 0.0031s/iter; left time: 339.6244s
	iters: 400, epoch: 4 | loss: 0.3567911
	speed: 0.0031s/iter; left time: 341.0254s
	iters: 500, epoch: 4 | loss: 0.3361479
	speed: 0.0031s/iter; left time: 340.9573s
	iters: 600, epoch: 4 | loss: 0.3278208
	speed: 0.0031s/iter; left time: 340.5836s
	iters: 700, epoch: 4 | loss: 0.3015623
	speed: 0.0031s/iter; left time: 340.7070s
	iters: 800, epoch: 4 | loss: 0.3248152
	speed: 0.0031s/iter; left time: 340.1902s
	iters: 900, epoch: 4 | loss: 0.2531981
	speed: 0.0031s/iter; left time: 340.1921s
	iters: 1000, epoch: 4 | loss: 0.2736022
	speed: 0.0031s/iter; left time: 340.0575s
	iters: 1100, epoch: 4 | loss: 0.4425277
	speed: 0.0031s/iter; left time: 339.8188s
Epoch: 4 cost time: 3.5s
Epoch: 4, Steps: 1146 | Train Loss: 0.4289094 Vali Loss: 0.4133537
Validation loss decreased (0.418164 --> 0.413354).  Saving model ...
Updating learning rate to 0.000996057350657239
	iters: 100, epoch: 5 | loss: 0.2733720
	speed: 0.0031s/iter; left time: 341.3082s
	iters: 200, epoch: 5 | loss: 0.2836668
	speed: 0.0031s/iter; left time: 340.9736s
	iters: 300, epoch: 5 | loss: 0.2546057
	speed: 0.0031s/iter; left time: 340.9101s
	iters: 400, epoch: 5 | loss: 1.0004624
	speed: 0.0031s/iter; left time: 340.5062s
	iters: 500, epoch: 5 | loss: 0.3441972
	speed: 0.0031s/iter; left time: 339.9063s
	iters: 600, epoch: 5 | loss: 0.3470174
	speed: 0.0031s/iter; left time: 339.6435s
	iters: 700, epoch: 5 | loss: 0.4453641
	speed: 0.0031s/iter; left time: 341.5967s
	iters: 800, epoch: 5 | loss: 0.3168171
	speed: 0.0031s/iter; left time: 341.1241s
	iters: 900, epoch: 5 | loss: 0.2156113
	speed: 0.0031s/iter; left time: 340.7868s
	iters: 1000, epoch: 5 | loss: 0.2795252
	speed: 0.0031s/iter; left time: 340.2598s
	iters: 1100, epoch: 5 | loss: 0.4971918
	speed: 0.0031s/iter; left time: 339.6957s
Epoch: 5 cost time: 3.6s
Epoch: 5, Steps: 1146 | Train Loss: 0.4259224 Vali Loss: 0.4093864
Validation loss decreased (0.413354 --> 0.409386).  Saving model ...
Updating learning rate to 0.0009938441702975688
	iters: 100, epoch: 6 | loss: 0.3668482
	speed: 0.0031s/iter; left time: 337.5007s
	iters: 200, epoch: 6 | loss: 0.5998641
	speed: 0.0031s/iter; left time: 337.9085s
	iters: 300, epoch: 6 | loss: 0.3505094
	speed: 0.0031s/iter; left time: 336.5240s
	iters: 400, epoch: 6 | loss: 0.3296304
	speed: 0.0031s/iter; left time: 335.8709s
	iters: 500, epoch: 6 | loss: 0.3387557
	speed: 0.0031s/iter; left time: 335.5975s
	iters: 600, epoch: 6 | loss: 0.4740850
	speed: 0.0031s/iter; left time: 335.8582s
	iters: 700, epoch: 6 | loss: 0.4732589
	speed: 0.0031s/iter; left time: 335.3369s
	iters: 800, epoch: 6 | loss: 0.2689713
	speed: 0.0031s/iter; left time: 335.0413s
	iters: 900, epoch: 6 | loss: 0.4237470
	speed: 0.0031s/iter; left time: 335.3772s
	iters: 1000, epoch: 6 | loss: 1.1623243
	speed: 0.0031s/iter; left time: 334.6134s
	iters: 1100, epoch: 6 | loss: 0.3309522
	speed: 0.0031s/iter; left time: 334.1600s
Epoch: 6 cost time: 3.6s
Epoch: 6, Steps: 1146 | Train Loss: 0.4239656 Vali Loss: 0.4073660
Validation loss decreased (0.409386 --> 0.407366).  Saving model ...
Updating learning rate to 0.0009911436253643444
	iters: 100, epoch: 7 | loss: 0.3229148
	speed: 0.0032s/iter; left time: 344.8156s
	iters: 200, epoch: 7 | loss: 0.3148757
	speed: 0.0031s/iter; left time: 338.0864s
	iters: 300, epoch: 7 | loss: 0.4868794
	speed: 0.0031s/iter; left time: 336.6254s
	iters: 400, epoch: 7 | loss: 0.4599254
	speed: 0.0031s/iter; left time: 337.0333s
	iters: 500, epoch: 7 | loss: 0.5705801
	speed: 0.0031s/iter; left time: 335.1603s
	iters: 600, epoch: 7 | loss: 0.5189128
	speed: 0.0031s/iter; left time: 334.0199s
	iters: 700, epoch: 7 | loss: 0.3655365
	speed: 0.0031s/iter; left time: 332.8043s
	iters: 800, epoch: 7 | loss: 0.3989708
	speed: 0.0031s/iter; left time: 332.8702s
	iters: 900, epoch: 7 | loss: 0.4819052
	speed: 0.0031s/iter; left time: 332.2511s
	iters: 1000, epoch: 7 | loss: 0.3785877
	speed: 0.0031s/iter; left time: 331.9790s
	iters: 1100, epoch: 7 | loss: 0.3303288
	speed: 0.0031s/iter; left time: 331.6864s
Epoch: 7 cost time: 3.6s
Epoch: 7, Steps: 1146 | Train Loss: 0.4218973 Vali Loss: 0.4074498
EarlyStopping counter: 1 out of 15
Updating learning rate to 0.0009879583809693738
	iters: 100, epoch: 8 | loss: 0.2867426
	speed: 0.0032s/iter; left time: 336.8334s
	iters: 200, epoch: 8 | loss: 1.4889820
	speed: 0.0033s/iter; left time: 348.9013s
	iters: 300, epoch: 8 | loss: 0.2642576
	speed: 0.0032s/iter; left time: 342.6949s
	iters: 400, epoch: 8 | loss: 0.3705314
	speed: 0.0032s/iter; left time: 340.9507s
	iters: 500, epoch: 8 | loss: 0.3137456
	speed: 0.0032s/iter; left time: 336.9785s
	iters: 600, epoch: 8 | loss: 0.2178100
	speed: 0.0032s/iter; left time: 335.4974s
	iters: 700, epoch: 8 | loss: 1.2223712
	speed: 0.0032s/iter; left time: 334.2591s
	iters: 800, epoch: 8 | loss: 0.3297161
	speed: 0.0032s/iter; left time: 333.7156s
	iters: 900, epoch: 8 | loss: 0.3826834
	speed: 0.0032s/iter; left time: 333.0830s
	iters: 1000, epoch: 8 | loss: 0.3799897
	speed: 0.0031s/iter; left time: 332.4086s
	iters: 1100, epoch: 8 | loss: 0.3532688
	speed: 0.0031s/iter; left time: 331.8839s
Epoch: 8 cost time: 3.6s
Epoch: 8, Steps: 1146 | Train Loss: 0.4206412 Vali Loss: 0.4046452
Validation loss decreased (0.407366 --> 0.404645).  Saving model ...
Updating learning rate to 0.0009842915805643156
	iters: 100, epoch: 9 | loss: 0.2519400
	speed: 0.0031s/iter; left time: 327.8869s
	iters: 200, epoch: 9 | loss: 0.3681619
	speed: 0.0031s/iter; left time: 327.8790s
	iters: 300, epoch: 9 | loss: 0.3397534
	speed: 0.0031s/iter; left time: 327.6200s
	iters: 400, epoch: 9 | loss: 0.3480268
	speed: 0.0031s/iter; left time: 327.5083s
	iters: 500, epoch: 9 | loss: 0.2581936
	speed: 0.0031s/iter; left time: 327.2163s
	iters: 600, epoch: 9 | loss: 0.5145243
	speed: 0.0031s/iter; left time: 327.1126s
	iters: 700, epoch: 9 | loss: 0.2973828
	speed: 0.0031s/iter; left time: 326.2168s
	iters: 800, epoch: 9 | loss: 0.2942566
	speed: 0.0031s/iter; left time: 326.4496s
	iters: 900, epoch: 9 | loss: 0.3398188
	speed: 0.0031s/iter; left time: 326.3058s
	iters: 1000, epoch: 9 | loss: 0.4416409
	speed: 0.0031s/iter; left time: 325.6051s
	iters: 1100, epoch: 9 | loss: 0.2438458
	speed: 0.0031s/iter; left time: 325.0618s
Epoch: 9 cost time: 3.6s
Epoch: 9, Steps: 1146 | Train Loss: 0.4193797 Vali Loss: 0.4090565
EarlyStopping counter: 1 out of 15
Updating learning rate to 0.0009801468428384716
	iters: 100, epoch: 10 | loss: 0.2413498
	speed: 0.0031s/iter; left time: 325.5108s
	iters: 200, epoch: 10 | loss: 0.4434848
	speed: 0.0031s/iter; left time: 325.4214s
	iters: 300, epoch: 10 | loss: 0.4429997
	speed: 0.0031s/iter; left time: 323.4304s
	iters: 400, epoch: 10 | loss: 1.2342391
	speed: 0.0031s/iter; left time: 322.3269s
	iters: 500, epoch: 10 | loss: 0.2736513
	speed: 0.0031s/iter; left time: 322.3635s
	iters: 600, epoch: 10 | loss: 0.2702778
	speed: 0.0031s/iter; left time: 322.7399s
	iters: 700, epoch: 10 | loss: 0.2707762
	speed: 0.0031s/iter; left time: 320.5870s
	iters: 800, epoch: 10 | loss: 0.3251846
	speed: 0.0031s/iter; left time: 319.6995s
	iters: 900, epoch: 10 | loss: 0.3981378
	speed: 0.0031s/iter; left time: 320.2486s
	iters: 1000, epoch: 10 | loss: 0.2661860
	speed: 0.0031s/iter; left time: 319.2409s
	iters: 1100, epoch: 10 | loss: 0.3702632
	speed: 0.0031s/iter; left time: 319.0005s
Epoch: 10 cost time: 3.5s
Epoch: 10, Steps: 1146 | Train Loss: 0.4180752 Vali Loss: 0.4072250
EarlyStopping counter: 2 out of 15
Updating learning rate to 0.0009755282581475768
	iters: 100, epoch: 11 | loss: 0.2777344
	speed: 0.0031s/iter; left time: 319.7742s
	iters: 200, epoch: 11 | loss: 0.2781325
	speed: 0.0031s/iter; left time: 318.5870s
	iters: 300, epoch: 11 | loss: 0.3055261
	speed: 0.0031s/iter; left time: 317.4195s
	iters: 400, epoch: 11 | loss: 0.3008568
	speed: 0.0031s/iter; left time: 321.9674s
	iters: 500, epoch: 11 | loss: 0.3185399
	speed: 0.0031s/iter; left time: 320.1722s
	iters: 600, epoch: 11 | loss: 0.4320367
	speed: 0.0031s/iter; left time: 319.1282s
	iters: 700, epoch: 11 | loss: 0.2499560
	speed: 0.0031s/iter; left time: 318.2475s
	iters: 800, epoch: 11 | loss: 0.2214996
	speed: 0.0031s/iter; left time: 317.4945s
	iters: 900, epoch: 11 | loss: 0.3744996
	speed: 0.0031s/iter; left time: 316.7721s
	iters: 1000, epoch: 11 | loss: 0.4609432
	speed: 0.0031s/iter; left time: 316.0201s
	iters: 1100, epoch: 11 | loss: 0.2393819
	speed: 0.0031s/iter; left time: 315.7639s
Epoch: 11 cost time: 3.5s
Epoch: 11, Steps: 1146 | Train Loss: 0.4172474 Vali Loss: 0.4072059
EarlyStopping counter: 3 out of 15
Updating learning rate to 0.0009704403844771128
	iters: 100, epoch: 12 | loss: 0.2347924
	speed: 0.0031s/iter; left time: 311.0762s
	iters: 200, epoch: 12 | loss: 0.3117781
	speed: 0.0031s/iter; left time: 310.9560s
	iters: 300, epoch: 12 | loss: 0.3455891
	speed: 0.0031s/iter; left time: 310.9703s
	iters: 400, epoch: 12 | loss: 0.2957374
	speed: 0.0031s/iter; left time: 310.1725s
	iters: 500, epoch: 12 | loss: 0.3672880
	speed: 0.0031s/iter; left time: 309.7228s
	iters: 600, epoch: 12 | loss: 0.3622115
	speed: 0.0030s/iter; left time: 309.1602s
	iters: 700, epoch: 12 | loss: 0.2282478
	speed: 0.0031s/iter; left time: 309.3117s
	iters: 800, epoch: 12 | loss: 0.4784617
	speed: 0.0031s/iter; left time: 309.1024s
	iters: 900, epoch: 12 | loss: 0.3952273
	speed: 0.0031s/iter; left time: 308.7662s
	iters: 1000, epoch: 12 | loss: 0.2469028
	speed: 0.0031s/iter; left time: 308.6718s
	iters: 1100, epoch: 12 | loss: 0.2255571
	speed: 0.0031s/iter; left time: 308.4675s
Epoch: 12 cost time: 3.5s
Epoch: 12, Steps: 1146 | Train Loss: 0.4160711 Vali Loss: 0.4054634
EarlyStopping counter: 4 out of 15
Updating learning rate to 0.0009648882429441257
	iters: 100, epoch: 13 | loss: 1.2611760
	speed: 0.0031s/iter; left time: 311.0821s
	iters: 200, epoch: 13 | loss: 0.2867508
	speed: 0.0031s/iter; left time: 310.0122s
	iters: 300, epoch: 13 | loss: 0.2566582
	speed: 0.0031s/iter; left time: 309.3200s
	iters: 400, epoch: 13 | loss: 1.2873719
	speed: 0.0031s/iter; left time: 308.6335s
	iters: 500, epoch: 13 | loss: 0.2659233
	speed: 0.0031s/iter; left time: 308.1109s
	iters: 600, epoch: 13 | loss: 0.2395058
	speed: 0.0031s/iter; left time: 307.4301s
	iters: 700, epoch: 13 | loss: 2.1557770
	speed: 0.0031s/iter; left time: 307.1612s
	iters: 800, epoch: 13 | loss: 0.3422485
	speed: 0.0031s/iter; left time: 306.9681s
	iters: 900, epoch: 13 | loss: 0.3269041
	speed: 0.0031s/iter; left time: 306.4729s
	iters: 1000, epoch: 13 | loss: 0.3244925
	speed: 0.0031s/iter; left time: 306.0662s
	iters: 1100, epoch: 13 | loss: 1.1263276
	speed: 0.0031s/iter; left time: 305.6981s
Epoch: 13 cost time: 3.5s
Epoch: 13, Steps: 1146 | Train Loss: 0.4155045 Vali Loss: 0.4010539
Validation loss decreased (0.404645 --> 0.401054).  Saving model ...
Updating learning rate to 0.0009588773128419905
	iters: 100, epoch: 14 | loss: 0.4044568
	speed: 0.0031s/iter; left time: 306.9307s
	iters: 200, epoch: 14 | loss: 1.1957740
	speed: 0.0031s/iter; left time: 305.5886s
	iters: 300, epoch: 14 | loss: 0.2879787
	speed: 0.0031s/iter; left time: 305.0595s
	iters: 400, epoch: 14 | loss: 0.3725323
	speed: 0.0031s/iter; left time: 305.2149s
	iters: 500, epoch: 14 | loss: 0.4057994
	speed: 0.0031s/iter; left time: 305.1041s
	iters: 600, epoch: 14 | loss: 0.3733785
	speed: 0.0031s/iter; left time: 305.6076s
	iters: 700, epoch: 14 | loss: 0.3202636
	speed: 0.0031s/iter; left time: 304.9197s
	iters: 800, epoch: 14 | loss: 0.2550899
	speed: 0.0031s/iter; left time: 304.4254s
	iters: 900, epoch: 14 | loss: 0.2958442
	speed: 0.0031s/iter; left time: 303.8353s
	iters: 1000, epoch: 14 | loss: 0.3305794
	speed: 0.0031s/iter; left time: 303.4574s
	iters: 1100, epoch: 14 | loss: 0.3134139
	speed: 0.0031s/iter; left time: 303.2568s
Epoch: 14 cost time: 3.5s
Epoch: 14, Steps: 1146 | Train Loss: 0.4147256 Vali Loss: 0.4050018
EarlyStopping counter: 1 out of 15
Updating learning rate to 0.0009524135262330098
	iters: 100, epoch: 15 | loss: 0.3417419
	speed: 0.0031s/iter; left time: 301.0078s
	iters: 200, epoch: 15 | loss: 0.3450899
	speed: 0.0031s/iter; left time: 301.1615s
	iters: 300, epoch: 15 | loss: 0.3187109
	speed: 0.0031s/iter; left time: 300.4671s
	iters: 400, epoch: 15 | loss: 0.2559388
	speed: 0.0031s/iter; left time: 300.3377s
	iters: 500, epoch: 15 | loss: 1.2015771
	speed: 0.0031s/iter; left time: 300.4369s
	iters: 600, epoch: 15 | loss: 0.4928277
	speed: 0.0031s/iter; left time: 300.0952s
	iters: 700, epoch: 15 | loss: 0.4026091
	speed: 0.0031s/iter; left time: 300.5569s
	iters: 800, epoch: 15 | loss: 0.3889131
	speed: 0.0031s/iter; left time: 301.1878s
	iters: 900, epoch: 15 | loss: 0.2818720
	speed: 0.0031s/iter; left time: 300.3823s
	iters: 1000, epoch: 15 | loss: 0.3736631
	speed: 0.0031s/iter; left time: 299.9977s
	iters: 1100, epoch: 15 | loss: 0.2453830
	speed: 0.0031s/iter; left time: 299.7697s
Epoch: 15 cost time: 3.5s
Epoch: 15, Steps: 1146 | Train Loss: 0.4140257 Vali Loss: 0.4032441
EarlyStopping counter: 2 out of 15
Updating learning rate to 0.0009455032620941839
	iters: 100, epoch: 16 | loss: 0.3185627
	speed: 0.0031s/iter; left time: 299.6365s
	iters: 200, epoch: 16 | loss: 0.2694935
	speed: 0.0031s/iter; left time: 299.4268s
	iters: 300, epoch: 16 | loss: 1.2653615
	speed: 0.0031s/iter; left time: 298.6917s
	iters: 400, epoch: 16 | loss: 0.3953743
	speed: 0.0031s/iter; left time: 297.9602s
	iters: 500, epoch: 16 | loss: 0.4006301
	speed: 0.0031s/iter; left time: 297.5702s
	iters: 600, epoch: 16 | loss: 0.3407755
	speed: 0.0031s/iter; left time: 297.4974s
	iters: 700, epoch: 16 | loss: 0.3312970
	speed: 0.0031s/iter; left time: 296.5757s
	iters: 800, epoch: 16 | loss: 0.2946189
	speed: 0.0031s/iter; left time: 295.7444s
	iters: 900, epoch: 16 | loss: 0.2728908
	speed: 0.0031s/iter; left time: 295.6020s
	iters: 1000, epoch: 16 | loss: 0.3049286
	speed: 0.0031s/iter; left time: 295.3311s
	iters: 1100, epoch: 16 | loss: 0.2339058
	speed: 0.0031s/iter; left time: 294.7889s
Epoch: 16 cost time: 3.5s
Epoch: 16, Steps: 1146 | Train Loss: 0.4134121 Vali Loss: 0.4048489
EarlyStopping counter: 3 out of 15
Updating learning rate to 0.0009381533400219318
	iters: 100, epoch: 17 | loss: 0.4434451
	speed: 0.0031s/iter; left time: 295.3081s
	iters: 200, epoch: 17 | loss: 0.3570501
	speed: 0.0031s/iter; left time: 295.1237s
	iters: 300, epoch: 17 | loss: 0.2445053
	speed: 0.0031s/iter; left time: 294.0693s
	iters: 400, epoch: 17 | loss: 1.2781981
	speed: 0.0031s/iter; left time: 294.4056s
	iters: 500, epoch: 17 | loss: 0.3645292
	speed: 0.0031s/iter; left time: 294.1061s
	iters: 600, epoch: 17 | loss: 1.2786616
	speed: 0.0031s/iter; left time: 293.6096s
	iters: 700, epoch: 17 | loss: 0.2132093
	speed: 0.0031s/iter; left time: 293.3550s
	iters: 800, epoch: 17 | loss: 0.4109267
	speed: 0.0031s/iter; left time: 292.9834s
	iters: 900, epoch: 17 | loss: 0.4571691
	speed: 0.0031s/iter; left time: 292.6142s
	iters: 1000, epoch: 17 | loss: 0.3809508
	speed: 0.0031s/iter; left time: 292.3405s
	iters: 1100, epoch: 17 | loss: 0.3382199
	speed: 0.0031s/iter; left time: 292.2011s
Epoch: 17 cost time: 3.5s
Epoch: 17, Steps: 1146 | Train Loss: 0.4130058 Vali Loss: 0.4062795
EarlyStopping counter: 4 out of 15
Updating learning rate to 0.0009303710135019718
	iters: 100, epoch: 18 | loss: 0.3039408
	speed: 0.0031s/iter; left time: 291.7314s
	iters: 200, epoch: 18 | loss: 0.2620006
	speed: 0.0031s/iter; left time: 294.7398s
	iters: 300, epoch: 18 | loss: 0.3250037
	speed: 0.0031s/iter; left time: 293.4399s
	iters: 400, epoch: 18 | loss: 0.6397957
	speed: 0.0031s/iter; left time: 293.3713s
	iters: 500, epoch: 18 | loss: 0.3733144
	speed: 0.0031s/iter; left time: 292.2873s
	iters: 600, epoch: 18 | loss: 0.2998471
	speed: 0.0031s/iter; left time: 291.7280s
	iters: 700, epoch: 18 | loss: 0.3126052
	speed: 0.0031s/iter; left time: 290.9984s
	iters: 800, epoch: 18 | loss: 0.3614183
	speed: 0.0031s/iter; left time: 290.3573s
	iters: 900, epoch: 18 | loss: 0.3271119
	speed: 0.0031s/iter; left time: 289.6125s
	iters: 1000, epoch: 18 | loss: 0.3043744
	speed: 0.0031s/iter; left time: 289.4900s
	iters: 1100, epoch: 18 | loss: 1.1263744
	speed: 0.0031s/iter; left time: 289.1915s
Epoch: 18 cost time: 3.5s
Epoch: 18, Steps: 1146 | Train Loss: 0.4123718 Vali Loss: 0.4044319
EarlyStopping counter: 5 out of 15
Updating learning rate to 0.0009221639627510075
	iters: 100, epoch: 19 | loss: 0.3125985
	speed: 0.0031s/iter; left time: 289.0434s
	iters: 200, epoch: 19 | loss: 0.3834114
	speed: 0.0031s/iter; left time: 288.1521s
	iters: 300, epoch: 19 | loss: 0.3907219
	speed: 0.0031s/iter; left time: 288.2242s
	iters: 400, epoch: 19 | loss: 0.3550656
	speed: 0.0031s/iter; left time: 286.7632s
	iters: 500, epoch: 19 | loss: 0.3267169
	speed: 0.0031s/iter; left time: 286.8572s
	iters: 600, epoch: 19 | loss: 0.5409134
	speed: 0.0031s/iter; left time: 286.7640s
	iters: 700, epoch: 19 | loss: 0.4665856
	speed: 0.0031s/iter; left time: 286.3376s
	iters: 800, epoch: 19 | loss: 0.3146846
	speed: 0.0031s/iter; left time: 286.0237s
	iters: 900, epoch: 19 | loss: 0.4225990
	speed: 0.0031s/iter; left time: 285.5199s
	iters: 1000, epoch: 19 | loss: 0.3498611
	speed: 0.0031s/iter; left time: 285.5147s
	iters: 1100, epoch: 19 | loss: 0.4498970
	speed: 0.0031s/iter; left time: 285.2694s
Epoch: 19 cost time: 3.5s
Epoch: 19, Steps: 1146 | Train Loss: 0.4111060 Vali Loss: 0.3995479
Validation loss decreased (0.401054 --> 0.399548).  Saving model ...
Updating learning rate to 0.0009135402871372809
	iters: 100, epoch: 20 | loss: 0.2708133
	speed: 0.0031s/iter; left time: 286.1710s
	iters: 200, epoch: 20 | loss: 0.5845155
	speed: 0.0031s/iter; left time: 284.7939s
	iters: 300, epoch: 20 | loss: 0.2354853
	speed: 0.0031s/iter; left time: 282.3890s
	iters: 400, epoch: 20 | loss: 0.2887780
	speed: 0.0031s/iter; left time: 282.9913s
	iters: 500, epoch: 20 | loss: 0.2825551
	speed: 0.0031s/iter; left time: 282.7311s
	iters: 600, epoch: 20 | loss: 0.4996430
	speed: 0.0031s/iter; left time: 283.9963s
	iters: 700, epoch: 20 | loss: 0.3439547
	speed: 0.0031s/iter; left time: 283.5924s
	iters: 800, epoch: 20 | loss: 0.2587483
	speed: 0.0031s/iter; left time: 283.0400s
	iters: 900, epoch: 20 | loss: 0.5691494
	speed: 0.0031s/iter; left time: 282.6787s
	iters: 1000, epoch: 20 | loss: 0.2732683
	speed: 0.0031s/iter; left time: 283.6593s
	iters: 1100, epoch: 20 | loss: 0.2997066
	speed: 0.0031s/iter; left time: 283.0486s
Epoch: 20 cost time: 3.5s
Epoch: 20, Steps: 1146 | Train Loss: 0.4116793 Vali Loss: 0.4057339
EarlyStopping counter: 1 out of 15
Updating learning rate to 0.0009045084971874737
	iters: 100, epoch: 21 | loss: 0.3370998
	speed: 0.0031s/iter; left time: 282.1545s
	iters: 200, epoch: 21 | loss: 0.2505522
	speed: 0.0031s/iter; left time: 280.2789s
	iters: 300, epoch: 21 | loss: 0.5124066
	speed: 0.0031s/iter; left time: 280.1096s
	iters: 400, epoch: 21 | loss: 0.3674402
	speed: 0.0031s/iter; left time: 279.7782s
	iters: 500, epoch: 21 | loss: 0.2915683
	speed: 0.0031s/iter; left time: 279.4059s
	iters: 600, epoch: 21 | loss: 0.2970537
	speed: 0.0031s/iter; left time: 279.4258s
	iters: 700, epoch: 21 | loss: 0.2830004
	speed: 0.0031s/iter; left time: 279.5276s
	iters: 800, epoch: 21 | loss: 0.3227865
	speed: 0.0031s/iter; left time: 279.4746s
	iters: 900, epoch: 21 | loss: 0.2914979
	speed: 0.0031s/iter; left time: 278.3873s
	iters: 1000, epoch: 21 | loss: 0.3674299
	speed: 0.0031s/iter; left time: 277.3138s
	iters: 1100, epoch: 21 | loss: 0.1992817
	speed: 0.0031s/iter; left time: 276.3308s
Epoch: 21 cost time: 3.5s
Epoch: 21, Steps: 1146 | Train Loss: 0.4110805 Vali Loss: 0.4041331
EarlyStopping counter: 2 out of 15
Updating learning rate to 0.0008950775061878452
	iters: 100, epoch: 22 | loss: 0.2356886
	speed: 0.0030s/iter; left time: 270.2728s
	iters: 200, epoch: 22 | loss: 0.3757559
	speed: 0.0030s/iter; left time: 268.4467s
	iters: 300, epoch: 22 | loss: 0.3399642
	speed: 0.0030s/iter; left time: 267.5368s
	iters: 400, epoch: 22 | loss: 0.4159121
	speed: 0.0030s/iter; left time: 267.2031s
	iters: 500, epoch: 22 | loss: 0.2712499
	speed: 0.0030s/iter; left time: 267.3096s
	iters: 600, epoch: 22 | loss: 0.1975942
	speed: 0.0030s/iter; left time: 271.1993s
	iters: 700, epoch: 22 | loss: 1.4235253
	speed: 0.0030s/iter; left time: 269.7587s
	iters: 800, epoch: 22 | loss: 0.2379382
	speed: 0.0030s/iter; left time: 268.8582s
	iters: 900, epoch: 22 | loss: 0.3021649
	speed: 0.0030s/iter; left time: 268.1984s
	iters: 1000, epoch: 22 | loss: 0.2624106
	speed: 0.0030s/iter; left time: 267.6620s
	iters: 1100, epoch: 22 | loss: 0.2521411
	speed: 0.0030s/iter; left time: 267.2438s
Epoch: 22 cost time: 3.4s
Epoch: 22, Steps: 1146 | Train Loss: 0.4108458 Vali Loss: 0.4060862
EarlyStopping counter: 3 out of 15
Updating learning rate to 0.0008852566213878947
	iters: 100, epoch: 23 | loss: 0.2348524
	speed: 0.0030s/iter; left time: 267.3022s
	iters: 200, epoch: 23 | loss: 0.2981469
	speed: 0.0030s/iter; left time: 266.2291s
	iters: 300, epoch: 23 | loss: 0.2924805
	speed: 0.0030s/iter; left time: 265.4597s
	iters: 400, epoch: 23 | loss: 0.4358723
	speed: 0.0030s/iter; left time: 265.1548s
	iters: 500, epoch: 23 | loss: 0.2614650
	speed: 0.0030s/iter; left time: 266.0469s
	iters: 600, epoch: 23 | loss: 0.4737176
	speed: 0.0030s/iter; left time: 266.2313s
	iters: 700, epoch: 23 | loss: 0.2548859
	speed: 0.0030s/iter; left time: 265.7122s
	iters: 800, epoch: 23 | loss: 0.4305129
	speed: 0.0030s/iter; left time: 265.1437s
	iters: 900, epoch: 23 | loss: 0.3107159
	speed: 0.0030s/iter; left time: 265.1366s
	iters: 1000, epoch: 23 | loss: 0.2930894
	speed: 0.0030s/iter; left time: 264.9698s
	iters: 1100, epoch: 23 | loss: 0.2343032
	speed: 0.0030s/iter; left time: 264.7416s
Epoch: 23 cost time: 3.4s
Epoch: 23, Steps: 1146 | Train Loss: 0.4105768 Vali Loss: 0.4058391
EarlyStopping counter: 4 out of 15
Updating learning rate to 0.0008750555348152298
	iters: 100, epoch: 24 | loss: 0.2818441
	speed: 0.0030s/iter; left time: 267.7445s
	iters: 200, epoch: 24 | loss: 0.3170210
	speed: 0.0030s/iter; left time: 266.6709s
	iters: 300, epoch: 24 | loss: 0.4604089
	speed: 0.0030s/iter; left time: 265.8570s
	iters: 400, epoch: 24 | loss: 0.2817853
	speed: 0.0030s/iter; left time: 265.8582s
	iters: 500, epoch: 24 | loss: 0.2794128
	speed: 0.0030s/iter; left time: 265.7616s
	iters: 600, epoch: 24 | loss: 0.4671213
	speed: 0.0031s/iter; left time: 267.5551s
	iters: 700, epoch: 24 | loss: 0.4564237
	speed: 0.0030s/iter; left time: 266.5398s
	iters: 800, epoch: 24 | loss: 0.2626026
	speed: 0.0030s/iter; left time: 265.8178s
	iters: 900, epoch: 24 | loss: 0.2522142
	speed: 0.0030s/iter; left time: 265.0850s
	iters: 1000, epoch: 24 | loss: 0.2715057
	speed: 0.0030s/iter; left time: 265.9158s
	iters: 1100, epoch: 24 | loss: 2.1515372
	speed: 0.0030s/iter; left time: 265.3511s
Epoch: 24 cost time: 3.5s
Epoch: 24, Steps: 1146 | Train Loss: 0.4095963 Vali Loss: 0.4059008
EarlyStopping counter: 5 out of 15
Updating learning rate to 0.0008644843137107057
	iters: 100, epoch: 25 | loss: 0.2708810
	speed: 0.0031s/iter; left time: 266.3624s
	iters: 200, epoch: 25 | loss: 0.2454619
	speed: 0.0031s/iter; left time: 268.9555s
	iters: 300, epoch: 25 | loss: 0.5328316
	speed: 0.0031s/iter; left time: 266.4722s
	iters: 400, epoch: 25 | loss: 0.4009826
	speed: 0.0031s/iter; left time: 264.9668s
	iters: 500, epoch: 25 | loss: 0.3062462
	speed: 0.0030s/iter; left time: 263.7084s
	iters: 600, epoch: 25 | loss: 0.2271674
	speed: 0.0030s/iter; left time: 262.9616s
	iters: 700, epoch: 25 | loss: 0.3316375
	speed: 0.0030s/iter; left time: 262.4753s
	iters: 800, epoch: 25 | loss: 0.3729490
	speed: 0.0030s/iter; left time: 261.7666s
	iters: 900, epoch: 25 | loss: 0.2449713
	speed: 0.0030s/iter; left time: 261.9620s
	iters: 1000, epoch: 25 | loss: 0.2637238
	speed: 0.0030s/iter; left time: 261.2716s
	iters: 1100, epoch: 25 | loss: 0.2787817
	speed: 0.0030s/iter; left time: 260.8147s
Epoch: 25 cost time: 3.5s
Epoch: 25, Steps: 1146 | Train Loss: 0.4093910 Vali Loss: 0.4031492
EarlyStopping counter: 6 out of 15
Updating learning rate to 0.0008535533905932737
	iters: 100, epoch: 26 | loss: 0.3066534
	speed: 0.0030s/iter; left time: 260.4183s
	iters: 200, epoch: 26 | loss: 1.2356324
	speed: 0.0030s/iter; left time: 260.2934s
	iters: 300, epoch: 26 | loss: 0.3283969
	speed: 0.0031s/iter; left time: 261.6293s
	iters: 400, epoch: 26 | loss: 0.2029164
	speed: 0.0031s/iter; left time: 261.2702s
	iters: 500, epoch: 26 | loss: 0.4372113
	speed: 0.0031s/iter; left time: 262.0962s
	iters: 600, epoch: 26 | loss: 0.3965645
	speed: 0.0031s/iter; left time: 263.7778s
	iters: 700, epoch: 26 | loss: 0.4704763
	speed: 0.0031s/iter; left time: 262.9401s
	iters: 800, epoch: 26 | loss: 0.2782624
	speed: 0.0031s/iter; left time: 262.4836s
	iters: 900, epoch: 26 | loss: 0.2605444
	speed: 0.0031s/iter; left time: 261.8306s
	iters: 1000, epoch: 26 | loss: 0.2363624
	speed: 0.0031s/iter; left time: 261.5580s
	iters: 1100, epoch: 26 | loss: 0.3542719
	speed: 0.0031s/iter; left time: 261.1388s
Epoch: 26 cost time: 3.5s
Epoch: 26, Steps: 1146 | Train Loss: 0.4092120 Vali Loss: 0.4037646
EarlyStopping counter: 7 out of 15
Updating learning rate to 0.0008422735529643444
	iters: 100, epoch: 27 | loss: 0.2836218
	speed: 0.0032s/iter; left time: 272.4678s
	iters: 200, epoch: 27 | loss: 0.4366425
	speed: 0.0031s/iter; left time: 265.2389s
	iters: 300, epoch: 27 | loss: 0.3606604
	speed: 0.0031s/iter; left time: 263.1963s
	iters: 400, epoch: 27 | loss: 0.2952839
	speed: 0.0031s/iter; left time: 262.3792s
	iters: 500, epoch: 27 | loss: 0.2383922
	speed: 0.0031s/iter; left time: 263.6677s
	iters: 600, epoch: 27 | loss: 0.2740393
	speed: 0.0031s/iter; left time: 262.7627s
	iters: 700, epoch: 27 | loss: 0.2487189
	speed: 0.0031s/iter; left time: 261.7052s
	iters: 800, epoch: 27 | loss: 0.2597067
	speed: 0.0031s/iter; left time: 260.9315s
	iters: 900, epoch: 27 | loss: 0.3192428
	speed: 0.0031s/iter; left time: 259.9298s
	iters: 1000, epoch: 27 | loss: 0.3957059
	speed: 0.0031s/iter; left time: 259.4484s
	iters: 1100, epoch: 27 | loss: 0.2949053
	speed: 0.0031s/iter; left time: 259.0624s
Epoch: 27 cost time: 3.5s
Epoch: 27, Steps: 1146 | Train Loss: 0.4089212 Vali Loss: 0.4026649
EarlyStopping counter: 8 out of 15
Updating learning rate to 0.0008306559326618259
	iters: 100, epoch: 28 | loss: 1.1315528
	speed: 0.0031s/iter; left time: 255.3435s
	iters: 200, epoch: 28 | loss: 0.5558713
	speed: 0.0031s/iter; left time: 256.4042s
	iters: 300, epoch: 28 | loss: 0.3881176
	speed: 0.0031s/iter; left time: 255.7924s
	iters: 400, epoch: 28 | loss: 0.2630302
	speed: 0.0031s/iter; left time: 255.6270s
	iters: 500, epoch: 28 | loss: 0.2767444
	speed: 0.0031s/iter; left time: 255.5639s
	iters: 600, epoch: 28 | loss: 0.3889658
	speed: 0.0031s/iter; left time: 255.1862s
	iters: 700, epoch: 28 | loss: 0.5312521
	speed: 0.0031s/iter; left time: 254.7638s
	iters: 800, epoch: 28 | loss: 0.4127972
	speed: 0.0031s/iter; left time: 254.4208s
	iters: 900, epoch: 28 | loss: 0.2448248
	speed: 0.0031s/iter; left time: 254.0291s
	iters: 1000, epoch: 28 | loss: 0.3436301
	speed: 0.0031s/iter; left time: 253.9921s
	iters: 1100, epoch: 28 | loss: 0.2834439
	speed: 0.0031s/iter; left time: 253.6906s
Epoch: 28 cost time: 3.5s
Epoch: 28, Steps: 1146 | Train Loss: 0.4087503 Vali Loss: 0.4012971
EarlyStopping counter: 9 out of 15
Updating learning rate to 0.0008187119948743449
	iters: 100, epoch: 29 | loss: 1.1894482
	speed: 0.0031s/iter; left time: 254.5770s
	iters: 200, epoch: 29 | loss: 0.4215375
	speed: 0.0031s/iter; left time: 253.1901s
	iters: 300, epoch: 29 | loss: 0.2750013
	speed: 0.0031s/iter; left time: 252.7765s
	iters: 400, epoch: 29 | loss: 0.2753023
	speed: 0.0031s/iter; left time: 252.3277s
	iters: 500, epoch: 29 | loss: 1.2891699
	speed: 0.0031s/iter; left time: 253.4141s
	iters: 600, epoch: 29 | loss: 0.2802657
	speed: 0.0031s/iter; left time: 252.8254s
	iters: 700, epoch: 29 | loss: 0.3149385
	speed: 0.0031s/iter; left time: 252.2375s
	iters: 800, epoch: 29 | loss: 0.4743945
	speed: 0.0031s/iter; left time: 251.7846s
	iters: 900, epoch: 29 | loss: 0.3070923
	speed: 0.0031s/iter; left time: 251.5259s
	iters: 1000, epoch: 29 | loss: 0.4158652
	speed: 0.0031s/iter; left time: 251.2707s
	iters: 1100, epoch: 29 | loss: 0.3973995
	speed: 0.0031s/iter; left time: 251.0111s
Epoch: 29 cost time: 3.5s
Epoch: 29, Steps: 1146 | Train Loss: 0.4083447 Vali Loss: 0.4030560
EarlyStopping counter: 10 out of 15
Updating learning rate to 0.0008064535268264883
	iters: 100, epoch: 30 | loss: 0.2950823
	speed: 0.0031s/iter; left time: 252.5145s
	iters: 200, epoch: 30 | loss: 0.2569552
	speed: 0.0031s/iter; left time: 251.6410s
	iters: 300, epoch: 30 | loss: 0.4751301
	speed: 0.0031s/iter; left time: 250.3000s
	iters: 400, epoch: 30 | loss: 0.3264504
	speed: 0.0031s/iter; left time: 250.9205s
	iters: 500, epoch: 30 | loss: 0.3464552
	speed: 0.0031s/iter; left time: 251.0244s
	iters: 600, epoch: 30 | loss: 0.2509961
	speed: 0.0031s/iter; left time: 250.5672s
	iters: 700, epoch: 30 | loss: 0.4895413
	speed: 0.0031s/iter; left time: 250.3083s
	iters: 800, epoch: 30 | loss: 0.2813374
	speed: 0.0031s/iter; left time: 249.8708s
	iters: 900, epoch: 30 | loss: 2.4691663
	speed: 0.0031s/iter; left time: 249.4733s
	iters: 1000, epoch: 30 | loss: 0.3239053
	speed: 0.0031s/iter; left time: 249.2851s
	iters: 1100, epoch: 30 | loss: 0.2619639
	speed: 0.0031s/iter; left time: 249.0217s
Epoch: 30 cost time: 3.6s
Epoch: 30, Steps: 1146 | Train Loss: 0.4077182 Vali Loss: 0.4037290
EarlyStopping counter: 11 out of 15
Updating learning rate to 0.0007938926261462366
	iters: 100, epoch: 31 | loss: 1.2021753
	speed: 0.0031s/iter; left time: 248.2750s
	iters: 200, epoch: 31 | loss: 0.2799761
	speed: 0.0031s/iter; left time: 249.2155s
	iters: 300, epoch: 31 | loss: 0.2685774
	speed: 0.0031s/iter; left time: 248.5421s
	iters: 400, epoch: 31 | loss: 0.5402830
	speed: 0.0031s/iter; left time: 247.6395s
	iters: 500, epoch: 31 | loss: 0.2509705
	speed: 0.0031s/iter; left time: 247.1794s
	iters: 600, epoch: 31 | loss: 0.5586757
	speed: 0.0031s/iter; left time: 247.7351s
	iters: 700, epoch: 31 | loss: 0.2342808
	speed: 0.0031s/iter; left time: 247.3817s
	iters: 800, epoch: 31 | loss: 0.2735638
	speed: 0.0031s/iter; left time: 247.0884s
	iters: 900, epoch: 31 | loss: 0.2298469
	speed: 0.0031s/iter; left time: 246.9415s
	iters: 1000, epoch: 31 | loss: 0.9729306
	speed: 0.0031s/iter; left time: 246.5727s
	iters: 1100, epoch: 31 | loss: 0.2073102
	speed: 0.0031s/iter; left time: 245.9687s
Epoch: 31 cost time: 3.6s
Epoch: 31, Steps: 1146 | Train Loss: 0.4076000 Vali Loss: 0.4054562
EarlyStopping counter: 12 out of 15
Updating learning rate to 0.0007810416889260653
	iters: 100, epoch: 32 | loss: 0.3314632
	speed: 0.0031s/iter; left time: 245.0588s
	iters: 200, epoch: 32 | loss: 0.2343671
	speed: 0.0031s/iter; left time: 246.4031s
	iters: 300, epoch: 32 | loss: 0.3105969
	speed: 0.0031s/iter; left time: 246.4656s
	iters: 400, epoch: 32 | loss: 0.2582378
	speed: 0.0031s/iter; left time: 245.2106s
	iters: 500, epoch: 32 | loss: 0.3716779
	speed: 0.0031s/iter; left time: 244.1190s
	iters: 600, epoch: 32 | loss: 0.2956055
	speed: 0.0031s/iter; left time: 244.3590s
	iters: 700, epoch: 32 | loss: 0.3136674
	speed: 0.0031s/iter; left time: 243.9170s
	iters: 800, epoch: 32 | loss: 0.3655556
	speed: 0.0031s/iter; left time: 243.2657s
	iters: 900, epoch: 32 | loss: 0.5248015
	speed: 0.0031s/iter; left time: 242.8901s
	iters: 1000, epoch: 32 | loss: 0.4125258
	speed: 0.0031s/iter; left time: 243.0773s
	iters: 1100, epoch: 32 | loss: 0.2764202
	speed: 0.0031s/iter; left time: 242.7467s
Epoch: 32 cost time: 3.6s
Epoch: 32, Steps: 1146 | Train Loss: 0.4072769 Vali Loss: 0.4030184
EarlyStopping counter: 13 out of 15
Updating learning rate to 0.0007679133974894983
	iters: 100, epoch: 33 | loss: 0.3116349
	speed: 0.0032s/iter; left time: 246.7193s
	iters: 200, epoch: 33 | loss: 0.2383706
	speed: 0.0031s/iter; left time: 243.6344s
	iters: 300, epoch: 33 | loss: 0.4685611
	speed: 0.0031s/iter; left time: 243.2954s
	iters: 400, epoch: 33 | loss: 0.3315280
	speed: 0.0031s/iter; left time: 242.5888s
	iters: 500, epoch: 33 | loss: 0.2472411
	speed: 0.0031s/iter; left time: 242.0319s
	iters: 600, epoch: 33 | loss: 0.2620454
	speed: 0.0031s/iter; left time: 241.9673s
	iters: 700, epoch: 33 | loss: 0.2853852
	speed: 0.0031s/iter; left time: 241.5156s
	iters: 800, epoch: 33 | loss: 0.1898261
	speed: 0.0031s/iter; left time: 241.1614s
	iters: 900, epoch: 33 | loss: 0.4890296
	speed: 0.0031s/iter; left time: 242.5167s
	iters: 1000, epoch: 33 | loss: 1.1101788
	speed: 0.0031s/iter; left time: 241.8732s
	iters: 1100, epoch: 33 | loss: 0.4168990
	speed: 0.0031s/iter; left time: 241.1814s
Epoch: 33 cost time: 3.6s
Epoch: 33, Steps: 1146 | Train Loss: 0.4071319 Vali Loss: 0.4052497
EarlyStopping counter: 14 out of 15
Updating learning rate to 0.0007545207078751857
	iters: 100, epoch: 34 | loss: 0.3342387
	speed: 0.0031s/iter; left time: 238.0039s
	iters: 200, epoch: 34 | loss: 0.3734632
	speed: 0.0031s/iter; left time: 238.0848s
	iters: 300, epoch: 34 | loss: 0.4566517
	speed: 0.0031s/iter; left time: 237.9512s
	iters: 400, epoch: 34 | loss: 0.2326768
	speed: 0.0031s/iter; left time: 236.9130s
	iters: 500, epoch: 34 | loss: 0.3533747
	speed: 0.0031s/iter; left time: 236.5491s
	iters: 600, epoch: 34 | loss: 0.4283367
	speed: 0.0031s/iter; left time: 237.0260s
	iters: 700, epoch: 34 | loss: 0.2382168
	speed: 0.0031s/iter; left time: 236.7555s
	iters: 800, epoch: 34 | loss: 0.5363156
	speed: 0.0031s/iter; left time: 236.3862s
	iters: 900, epoch: 34 | loss: 0.3517293
	speed: 0.0031s/iter; left time: 236.0281s
	iters: 1000, epoch: 34 | loss: 0.2653482
	speed: 0.0031s/iter; left time: 236.0280s
	iters: 1100, epoch: 34 | loss: 0.4835438
	speed: 0.0031s/iter; left time: 235.8192s
Epoch: 34 cost time: 3.6s
Epoch: 34, Steps: 1146 | Train Loss: 0.4069314 Vali Loss: 0.4045106
EarlyStopping counter: 15 out of 15
Early stopping
Training time: 137.7s | Peak GPU memory: 70.3MB

>>> Testing...
test 10444
test shape: (10444, 1, 96, 21) (10444, 1, 96, 21)
test shape: (10444, 96, 21) (10444, 96, 21)
MSE: 0.166228, MAE: 0.211887
Inference: 6.53s | 10444 samples | 1598.8 samples/sec
Results saved to /lustre09/project/6010289/sdmuhsin/SpectraGate/results/weather_results.csv
========================================
Finished: Mon 09 Mar 2026 06:17:27 PM EDT
========================================
