========================================
Job: fn_SpectraGate_ETTh2_96
Model: SpectraGate
Dataset: ETTh2
Pred len: 96
Time limit: 8:00:00
GPU: h100_2g.20gb:1
Started: Mon 09 Mar 2026 06:15:14 PM EDT
========================================
Mon Mar  9 18:15:14 2026       
+-----------------------------------------------------------------------------------------+
| NVIDIA-SMI 570.211.01             Driver Version: 570.211.01     CUDA Version: 12.8     |
|-----------------------------------------+------------------------+----------------------+
| GPU  Name                 Persistence-M | Bus-Id          Disp.A | Volatile Uncorr. ECC |
| Fan  Temp   Perf          Pwr:Usage/Cap |           Memory-Usage | GPU-Util  Compute M. |
|                                         |                        |               MIG M. |
|=========================================+========================+======================|
|   0  NVIDIA H100 80GB HBM3          Off |   00000000:DB:00.0 Off |                   On |
| N/A   33C    P0            119W /  700W |      59MiB /  81559MiB |     N/A      Default |
|                                         |                        |              Enabled |
+-----------------------------------------+------------------------+----------------------+

+-----------------------------------------------------------------------------------------+
| MIG devices:                                                                            |
+------------------+----------------------------------+-----------+-----------------------+
| GPU  GI  CI  MIG |                     Memory-Usage |        Vol|        Shared         |
|      ID  ID  Dev |                       BAR1-Usage | SM     Unc| CE ENC  DEC  OFA  JPG |
|                  |                                  |        ECC|                       |
|==================+==================================+===========+=======================|
|  0    3   0   0  |              17MiB / 20096MiB    | 32      0 |  2   0    2    0    2 |
|                  |                 0MiB / 32767MiB  |           |                       |
+------------------+----------------------------------+-----------+-----------------------+
                                                                                         
+-----------------------------------------------------------------------------------------+
| Processes:                                                                              |
|  GPU   GI   CI              PID   Type   Process name                        GPU Memory |
|        ID   ID                                                               Usage      |
|=========================================================================================|
|  No running processes found                                                             |
+-----------------------------------------------------------------------------------------+
Using device: cuda:0
Model: SpectraGate, Dataset: ETTh2, pred_len: 96, seq_len: 96

>>> Training...
train 8449
val 2785
Model Model : total params: 22,950 | trainable: 22,950 (0.0875MB)
	iters: 100, epoch: 1 | loss: 0.5033906
	speed: 0.0044s/iter; left time: 115.8054s
	iters: 200, epoch: 1 | loss: 0.3913962
	speed: 0.0033s/iter; left time: 87.0392s
Epoch: 1 cost time: 0.8s
Epoch: 1, Steps: 264 | Train Loss: 0.4383280 Vali Loss: 0.2173428
Validation loss decreased (inf --> 0.217343).  Saving model ...
Updating learning rate to 0.0009997532801828658
	iters: 100, epoch: 2 | loss: 0.3073345
	speed: 0.0023s/iter; left time: 58.8253s
	iters: 200, epoch: 2 | loss: 0.2446556
	speed: 0.0023s/iter; left time: 58.4323s
Epoch: 2 cost time: 0.6s
Epoch: 2, Steps: 264 | Train Loss: 0.4020749 Vali Loss: 0.2183256
EarlyStopping counter: 1 out of 15
Updating learning rate to 0.0009990133642141358
	iters: 100, epoch: 3 | loss: 0.3228387
	speed: 0.0022s/iter; left time: 57.7608s
	iters: 200, epoch: 3 | loss: 0.2672149
	speed: 0.0022s/iter; left time: 57.5803s
Epoch: 3 cost time: 0.6s
Epoch: 3, Steps: 264 | Train Loss: 0.3880998 Vali Loss: 0.2180503
EarlyStopping counter: 2 out of 15
Updating learning rate to 0.00099778098230154
	iters: 100, epoch: 4 | loss: 0.1311565
	speed: 0.0022s/iter; left time: 57.0010s
	iters: 200, epoch: 4 | loss: 0.2333552
	speed: 0.0022s/iter; left time: 57.0187s
Epoch: 4 cost time: 0.6s
Epoch: 4, Steps: 264 | Train Loss: 0.3774369 Vali Loss: 0.2183697
EarlyStopping counter: 3 out of 15
Updating learning rate to 0.000996057350657239
	iters: 100, epoch: 5 | loss: 0.3199402
	speed: 0.0022s/iter; left time: 56.7954s
	iters: 200, epoch: 5 | loss: 0.2936785
	speed: 0.0023s/iter; left time: 56.6338s
Epoch: 5 cost time: 0.6s
Epoch: 5, Steps: 264 | Train Loss: 0.3680371 Vali Loss: 0.2242618
EarlyStopping counter: 4 out of 15
Updating learning rate to 0.0009938441702975688
	iters: 100, epoch: 6 | loss: 0.3580014
	speed: 0.0022s/iter; left time: 56.1414s
	iters: 200, epoch: 6 | loss: 0.6362186
	speed: 0.0023s/iter; left time: 55.9859s
Epoch: 6 cost time: 0.6s
Epoch: 6, Steps: 264 | Train Loss: 0.3600618 Vali Loss: 0.2256508
EarlyStopping counter: 5 out of 15
Updating learning rate to 0.0009911436253643444
	iters: 100, epoch: 7 | loss: 0.2879749
	speed: 0.0023s/iter; left time: 56.1070s
	iters: 200, epoch: 7 | loss: 0.4735632
	speed: 0.0023s/iter; left time: 55.6006s
Epoch: 7 cost time: 0.6s
Epoch: 7, Steps: 264 | Train Loss: 0.3509175 Vali Loss: 0.2277911
EarlyStopping counter: 6 out of 15
Updating learning rate to 0.0009879583809693738
	iters: 100, epoch: 8 | loss: 0.3497086
	speed: 0.0022s/iter; left time: 54.7578s
	iters: 200, epoch: 8 | loss: 0.2391576
	speed: 0.0022s/iter; left time: 54.6223s
Epoch: 8 cost time: 0.6s
Epoch: 8, Steps: 264 | Train Loss: 0.3430689 Vali Loss: 0.2303879
EarlyStopping counter: 7 out of 15
Updating learning rate to 0.0009842915805643156
	iters: 100, epoch: 9 | loss: 0.2987385
	speed: 0.0022s/iter; left time: 54.1530s
	iters: 200, epoch: 9 | loss: 0.2927959
	speed: 0.0022s/iter; left time: 53.9890s
Epoch: 9 cost time: 0.6s
Epoch: 9, Steps: 264 | Train Loss: 0.3370987 Vali Loss: 0.2299123
EarlyStopping counter: 8 out of 15
Updating learning rate to 0.0009801468428384716
	iters: 100, epoch: 10 | loss: 0.3328795
	speed: 0.0022s/iter; left time: 53.5820s
	iters: 200, epoch: 10 | loss: 0.2896899
	speed: 0.0022s/iter; left time: 53.3940s
Epoch: 10 cost time: 0.6s
Epoch: 10, Steps: 264 | Train Loss: 0.3302227 Vali Loss: 0.2319706
EarlyStopping counter: 9 out of 15
Updating learning rate to 0.0009755282581475768
	iters: 100, epoch: 11 | loss: 0.2137849
	speed: 0.0022s/iter; left time: 53.0306s
	iters: 200, epoch: 11 | loss: 0.4504266
	speed: 0.0022s/iter; left time: 52.8869s
Epoch: 11 cost time: 0.6s
Epoch: 11, Steps: 264 | Train Loss: 0.3254595 Vali Loss: 0.2329925
EarlyStopping counter: 10 out of 15
Updating learning rate to 0.0009704403844771128
	iters: 100, epoch: 12 | loss: 0.3531453
	speed: 0.0022s/iter; left time: 52.4605s
	iters: 200, epoch: 12 | loss: 0.3360500
	speed: 0.0022s/iter; left time: 52.2690s
Epoch: 12 cost time: 0.6s
Epoch: 12, Steps: 264 | Train Loss: 0.3197208 Vali Loss: 0.2337876
EarlyStopping counter: 11 out of 15
Updating learning rate to 0.0009648882429441257
	iters: 100, epoch: 13 | loss: 0.2508276
	speed: 0.0022s/iter; left time: 51.9257s
	iters: 200, epoch: 13 | loss: 0.2930396
	speed: 0.0022s/iter; left time: 51.7110s
Epoch: 13 cost time: 0.6s
Epoch: 13, Steps: 264 | Train Loss: 0.3152143 Vali Loss: 0.2342811
EarlyStopping counter: 12 out of 15
Updating learning rate to 0.0009588773128419905
	iters: 100, epoch: 14 | loss: 0.2607946
	speed: 0.0022s/iter; left time: 51.3746s
	iters: 200, epoch: 14 | loss: 0.3938021
	speed: 0.0022s/iter; left time: 51.1660s
Epoch: 14 cost time: 0.6s
Epoch: 14, Steps: 264 | Train Loss: 0.3110620 Vali Loss: 0.2357479
EarlyStopping counter: 13 out of 15
Updating learning rate to 0.0009524135262330098
	iters: 100, epoch: 15 | loss: 0.2326492
	speed: 0.0023s/iter; left time: 51.3821s
	iters: 200, epoch: 15 | loss: 0.3192196
	speed: 0.0023s/iter; left time: 50.8442s
Epoch: 15 cost time: 0.6s
Epoch: 15, Steps: 264 | Train Loss: 0.3072776 Vali Loss: 0.2391620
EarlyStopping counter: 14 out of 15
Updating learning rate to 0.0009455032620941839
	iters: 100, epoch: 16 | loss: 0.2139199
	speed: 0.0022s/iter; left time: 49.9465s
	iters: 200, epoch: 16 | loss: 0.2926293
	speed: 0.0022s/iter; left time: 49.8115s
Epoch: 16 cost time: 0.6s
Epoch: 16, Steps: 264 | Train Loss: 0.3033057 Vali Loss: 0.2399200
EarlyStopping counter: 15 out of 15
Early stopping
Training time: 11.4s | Peak GPU memory: 67.0MB

>>> Testing...
test 2785
test shape: (2785, 1, 96, 7) (2785, 1, 96, 7)
test shape: (2785, 96, 7) (2785, 96, 7)
MSE: 0.294445, MAE: 0.346080
Inference: 1.65s | 2785 samples | 1691.0 samples/sec
Results saved to /lustre09/project/6010289/sdmuhsin/SpectraGate/results/etth2_results.csv
========================================
Finished: Mon 09 Mar 2026 06:15:32 PM EDT
========================================
