========================================
Job: fn_TexFilter_ETTh1_96
Model: TexFilter
Dataset: ETTh1
Pred len: 96
Time limit: 4:00:00
GPU: h100_2g.20gb:1
Started: Mon 09 Mar 2026 06:12:19 PM EDT
========================================
Mon Mar  9 18:12:19 2026       
+-----------------------------------------------------------------------------------------+
| NVIDIA-SMI 570.211.01             Driver Version: 570.211.01     CUDA Version: 12.8     |
|-----------------------------------------+------------------------+----------------------+
| GPU  Name                 Persistence-M | Bus-Id          Disp.A | Volatile Uncorr. ECC |
| Fan  Temp   Perf          Pwr:Usage/Cap |           Memory-Usage | GPU-Util  Compute M. |
|                                         |                        |               MIG M. |
|=========================================+========================+======================|
|   0  NVIDIA H100 80GB HBM3          Off |   00000000:CB:00.0 Off |                   On |
| N/A   32C    P0             68W /  700W |      59MiB /  81559MiB |     N/A      Default |
|                                         |                        |              Enabled |
+-----------------------------------------+------------------------+----------------------+

+-----------------------------------------------------------------------------------------+
| MIG devices:                                                                            |
+------------------+----------------------------------+-----------+-----------------------+
| GPU  GI  CI  MIG |                     Memory-Usage |        Vol|        Shared         |
|      ID  ID  Dev |                       BAR1-Usage | SM     Unc| CE ENC  DEC  OFA  JPG |
|                  |                                  |        ECC|                       |
|==================+==================================+===========+=======================|
|  0    3   0   0  |              17MiB / 20096MiB    | 32      0 |  2   0    2    0    2 |
|                  |                 0MiB / 32767MiB  |           |                       |
+------------------+----------------------------------+-----------+-----------------------+
                                                                                         
+-----------------------------------------------------------------------------------------+
| Processes:                                                                              |
|  GPU   GI   CI              PID   Type   Process name                        GPU Memory |
|        ID   ID                                                               Usage      |
|=========================================================================================|
|  No running processes found                                                             |
+-----------------------------------------------------------------------------------------+
Using device: cuda:0
Model: TexFilter, Dataset: ETTh1, pred_len: 96, seq_len: 96

>>> Training...
train 8449
val 2785
Model Model : total params: 71,790 | trainable: 71,790 (0.2739MB)
	iters: 100, epoch: 1 | loss: 0.3172208
	speed: 0.0059s/iter; left time: 30.5125s
	iters: 200, epoch: 1 | loss: 0.3241911
	speed: 0.0048s/iter; left time: 24.6052s
Epoch: 1 cost time: 1.2s
Epoch: 1, Steps: 264 | Train Loss: 0.3758784 Vali Loss: 0.6917207
Validation loss decreased (inf --> 0.691721).  Saving model ...
Updating learning rate to 0.001
	iters: 100, epoch: 2 | loss: 0.4116407
	speed: 0.0036s/iter; left time: 17.5695s
	iters: 200, epoch: 2 | loss: 0.4036820
	speed: 0.0036s/iter; left time: 17.4480s
Epoch: 2 cost time: 1.0s
Epoch: 2, Steps: 264 | Train Loss: 0.3470962 Vali Loss: 0.7080938
EarlyStopping counter: 1 out of 6
Updating learning rate to 0.0005
	iters: 100, epoch: 3 | loss: 0.3304278
	speed: 0.0037s/iter; left time: 17.0467s
	iters: 200, epoch: 3 | loss: 0.3327831
	speed: 0.0037s/iter; left time: 16.7302s
Epoch: 3 cost time: 1.0s
Epoch: 3, Steps: 264 | Train Loss: 0.3346908 Vali Loss: 0.6928394
EarlyStopping counter: 2 out of 6
Updating learning rate to 0.00025
	iters: 100, epoch: 4 | loss: 0.3053316
	speed: 0.0037s/iter; left time: 16.3042s
	iters: 200, epoch: 4 | loss: 0.2702196
	speed: 0.0037s/iter; left time: 15.8677s
Epoch: 4 cost time: 1.0s
Epoch: 4, Steps: 264 | Train Loss: 0.3277983 Vali Loss: 0.6952123
EarlyStopping counter: 3 out of 6
Updating learning rate to 0.000125
	iters: 100, epoch: 5 | loss: 0.3390572
	speed: 0.0037s/iter; left time: 15.2791s
	iters: 200, epoch: 5 | loss: 0.2681510
	speed: 0.0037s/iter; left time: 14.8728s
Epoch: 5 cost time: 1.0s
Epoch: 5, Steps: 264 | Train Loss: 0.3238272 Vali Loss: 0.6903930
Validation loss decreased (0.691721 --> 0.690393).  Saving model ...
Updating learning rate to 6.25e-05
	iters: 100, epoch: 6 | loss: 0.3072649
	speed: 0.0037s/iter; left time: 14.2409s
	iters: 200, epoch: 6 | loss: 0.3126089
	speed: 0.0037s/iter; left time: 13.8934s
Epoch: 6 cost time: 1.0s
Epoch: 6, Steps: 264 | Train Loss: 0.3218278 Vali Loss: 0.6929840
EarlyStopping counter: 1 out of 6
Updating learning rate to 3.125e-05
	iters: 100, epoch: 7 | loss: 0.3091657
	speed: 0.0037s/iter; left time: 13.2736s
	iters: 200, epoch: 7 | loss: 0.2931068
	speed: 0.0037s/iter; left time: 12.8970s
Epoch: 7 cost time: 1.0s
Epoch: 7, Steps: 264 | Train Loss: 0.3207590 Vali Loss: 0.6918933
EarlyStopping counter: 2 out of 6
Updating learning rate to 1.5625e-05
	iters: 100, epoch: 8 | loss: 0.3429238
	speed: 0.0037s/iter; left time: 12.2570s
	iters: 200, epoch: 8 | loss: 0.3586692
	speed: 0.0037s/iter; left time: 11.9288s
Epoch: 8 cost time: 1.0s
Epoch: 8, Steps: 264 | Train Loss: 0.3201746 Vali Loss: 0.6937602
EarlyStopping counter: 3 out of 6
Updating learning rate to 7.8125e-06
	iters: 100, epoch: 9 | loss: 0.3379480
	speed: 0.0037s/iter; left time: 11.3065s
	iters: 200, epoch: 9 | loss: 0.3614419
	speed: 0.0037s/iter; left time: 10.9525s
Epoch: 9 cost time: 1.0s
Epoch: 9, Steps: 264 | Train Loss: 0.3199509 Vali Loss: 0.6937853
EarlyStopping counter: 4 out of 6
Updating learning rate to 3.90625e-06
	iters: 100, epoch: 10 | loss: 0.3358867
	speed: 0.0037s/iter; left time: 10.4364s
	iters: 200, epoch: 10 | loss: 0.3012858
	speed: 0.0038s/iter; left time: 10.2781s
Epoch: 10 cost time: 1.0s
Epoch: 10, Steps: 264 | Train Loss: 0.3198174 Vali Loss: 0.6938582
EarlyStopping counter: 5 out of 6
Updating learning rate to 1.953125e-06
	iters: 100, epoch: 11 | loss: 0.3755636
	speed: 0.0039s/iter; left time: 9.9043s
	iters: 200, epoch: 11 | loss: 0.3470372
	speed: 0.0039s/iter; left time: 9.4960s
Epoch: 11 cost time: 1.0s
Epoch: 11, Steps: 264 | Train Loss: 0.3197052 Vali Loss: 0.6937762
EarlyStopping counter: 6 out of 6
Early stopping
Training time: 12.6s | Peak GPU memory: 68.3MB

>>> Testing...
test 2785
test shape: (2785, 1, 96, 7) (2785, 1, 96, 7)
test shape: (2785, 96, 7) (2785, 96, 7)
MSE: 0.386067, MAE: 0.404064
Inference: 2.76s | 2785 samples | 1009.3 samples/sec
Results saved to /lustre09/project/6010289/sdmuhsin/SpectraGate/results/etth1_results.csv
========================================
Finished: Mon 09 Mar 2026 06:12:43 PM EDT
========================================
