========================================
Job: fn_TexFilter_ETTm2_96
Model: TexFilter
Dataset: ETTm2
Pred len: 96
Time limit: 8:00:00
GPU: h100_2g.20gb:1
Started: Mon 09 Mar 2026 05:49:01 PM EDT
========================================
Mon Mar  9 17:49:01 2026       
+-----------------------------------------------------------------------------------------+
| NVIDIA-SMI 570.211.01             Driver Version: 570.211.01     CUDA Version: 12.8     |
|-----------------------------------------+------------------------+----------------------+
| GPU  Name                 Persistence-M | Bus-Id          Disp.A | Volatile Uncorr. ECC |
| Fan  Temp   Perf          Pwr:Usage/Cap |           Memory-Usage | GPU-Util  Compute M. |
|                                         |                        |               MIG M. |
|=========================================+========================+======================|
|   0  NVIDIA H100 80GB HBM3          Off |   00000000:4E:00.0 Off |                   On |
| N/A   33C    P0             73W /  700W |      59MiB /  81559MiB |     N/A      Default |
|                                         |                        |              Enabled |
+-----------------------------------------+------------------------+----------------------+

+-----------------------------------------------------------------------------------------+
| MIG devices:                                                                            |
+------------------+----------------------------------+-----------+-----------------------+
| GPU  GI  CI  MIG |                     Memory-Usage |        Vol|        Shared         |
|      ID  ID  Dev |                       BAR1-Usage | SM     Unc| CE ENC  DEC  OFA  JPG |
|                  |                                  |        ECC|                       |
|==================+==================================+===========+=======================|
|  0    3   0   0  |              17MiB / 20096MiB    | 32      0 |  2   0    2    0    2 |
|                  |                 0MiB / 32767MiB  |           |                       |
+------------------+----------------------------------+-----------+-----------------------+
                                                                                         
+-----------------------------------------------------------------------------------------+
| Processes:                                                                              |
|  GPU   GI   CI              PID   Type   Process name                        GPU Memory |
|        ID   ID                                                               Usage      |
|=========================================================================================|
|  No running processes found                                                             |
+-----------------------------------------------------------------------------------------+
Using device: cuda:0
Model: TexFilter, Dataset: ETTm2, pred_len: 96, seq_len: 96

>>> Training...
train 34369
val 11425
Model Model : total params: 71,790 | trainable: 71,790 (0.2739MB)
	iters: 100, epoch: 1 | loss: 0.2462063
	speed: 0.0074s/iter; left time: 157.6483s
	iters: 200, epoch: 1 | loss: 0.2284475
	speed: 0.0055s/iter; left time: 116.5841s
	iters: 300, epoch: 1 | loss: 0.1356280
	speed: 0.0048s/iter; left time: 102.5831s
	iters: 400, epoch: 1 | loss: 0.1638709
	speed: 0.0045s/iter; left time: 95.5488s
	iters: 500, epoch: 1 | loss: 0.3088105
	speed: 0.0044s/iter; left time: 91.5170s
	iters: 600, epoch: 1 | loss: 0.3137631
	speed: 0.0042s/iter; left time: 88.3315s
	iters: 700, epoch: 1 | loss: 0.1404648
	speed: 0.0041s/iter; left time: 85.9758s
	iters: 800, epoch: 1 | loss: 0.1731839
	speed: 0.0041s/iter; left time: 84.3877s
	iters: 900, epoch: 1 | loss: 0.2022597
	speed: 0.0040s/iter; left time: 82.8170s
	iters: 1000, epoch: 1 | loss: 0.2871246
	speed: 0.0040s/iter; left time: 81.4912s
Epoch: 1 cost time: 4.2s
Epoch: 1, Steps: 1074 | Train Loss: 0.2322660 Vali Loss: 0.1291904
Validation loss decreased (inf --> 0.129190).  Saving model ...
Updating learning rate to 0.001
	iters: 100, epoch: 2 | loss: 0.3770566
	speed: 0.0036s/iter; left time: 72.6615s
	iters: 200, epoch: 2 | loss: 0.3031317
	speed: 0.0036s/iter; left time: 72.2737s
	iters: 300, epoch: 2 | loss: 0.2080906
	speed: 0.0036s/iter; left time: 72.7074s
	iters: 400, epoch: 2 | loss: 0.4003084
	speed: 0.0036s/iter; left time: 72.1370s
	iters: 500, epoch: 2 | loss: 0.2535054
	speed: 0.0036s/iter; left time: 71.6579s
	iters: 600, epoch: 2 | loss: 0.1817335
	speed: 0.0036s/iter; left time: 71.6559s
	iters: 700, epoch: 2 | loss: 0.1292379
	speed: 0.0036s/iter; left time: 71.1823s
	iters: 800, epoch: 2 | loss: 0.1933558
	speed: 0.0036s/iter; left time: 70.7433s
	iters: 900, epoch: 2 | loss: 0.2182148
	speed: 0.0036s/iter; left time: 70.3639s
	iters: 1000, epoch: 2 | loss: 0.2242016
	speed: 0.0036s/iter; left time: 70.1964s
Epoch: 2 cost time: 3.9s
Epoch: 2, Steps: 1074 | Train Loss: 0.2074382 Vali Loss: 0.1302020
EarlyStopping counter: 1 out of 6
Updating learning rate to 0.0005
	iters: 100, epoch: 3 | loss: 0.2233468
	speed: 0.0038s/iter; left time: 72.5119s
	iters: 200, epoch: 3 | loss: 0.1631431
	speed: 0.0037s/iter; left time: 70.6221s
	iters: 300, epoch: 3 | loss: 0.1014737
	speed: 0.0036s/iter; left time: 69.4345s
	iters: 400, epoch: 3 | loss: 0.0943049
	speed: 0.0036s/iter; left time: 68.6672s
	iters: 500, epoch: 3 | loss: 0.1716059
	speed: 0.0036s/iter; left time: 68.0684s
	iters: 600, epoch: 3 | loss: 0.3251595
	speed: 0.0036s/iter; left time: 67.9490s
	iters: 700, epoch: 3 | loss: 0.2103564
	speed: 0.0036s/iter; left time: 67.4190s
	iters: 800, epoch: 3 | loss: 0.1353626
	speed: 0.0036s/iter; left time: 66.9362s
	iters: 900, epoch: 3 | loss: 0.3386547
	speed: 0.0036s/iter; left time: 66.4894s
	iters: 1000, epoch: 3 | loss: 0.1395373
	speed: 0.0036s/iter; left time: 66.5220s
Epoch: 3 cost time: 3.9s
Epoch: 3, Steps: 1074 | Train Loss: 0.1909366 Vali Loss: 0.1326376
EarlyStopping counter: 2 out of 6
Updating learning rate to 0.00025
	iters: 100, epoch: 4 | loss: 0.1592307
	speed: 0.0036s/iter; left time: 65.1132s
	iters: 200, epoch: 4 | loss: 0.1359484
	speed: 0.0036s/iter; left time: 64.6108s
	iters: 300, epoch: 4 | loss: 0.1273349
	speed: 0.0036s/iter; left time: 64.2154s
	iters: 400, epoch: 4 | loss: 0.1951043
	speed: 0.0036s/iter; left time: 63.8175s
	iters: 500, epoch: 4 | loss: 0.2704622
	speed: 0.0036s/iter; left time: 63.5927s
	iters: 600, epoch: 4 | loss: 0.3860970
	speed: 0.0036s/iter; left time: 63.1989s
	iters: 700, epoch: 4 | loss: 0.1252405
	speed: 0.0036s/iter; left time: 62.8149s
	iters: 800, epoch: 4 | loss: 0.1506490
	speed: 0.0036s/iter; left time: 62.6635s
	iters: 900, epoch: 4 | loss: 0.1127110
	speed: 0.0036s/iter; left time: 62.2703s
	iters: 1000, epoch: 4 | loss: 0.1340334
	speed: 0.0036s/iter; left time: 61.8741s
Epoch: 4 cost time: 3.9s
Epoch: 4, Steps: 1074 | Train Loss: 0.1826230 Vali Loss: 0.1322958
EarlyStopping counter: 3 out of 6
Updating learning rate to 0.000125
	iters: 100, epoch: 5 | loss: 0.1257060
	speed: 0.0036s/iter; left time: 61.2642s
	iters: 200, epoch: 5 | loss: 0.1484640
	speed: 0.0036s/iter; left time: 60.8123s
	iters: 300, epoch: 5 | loss: 0.1417002
	speed: 0.0036s/iter; left time: 60.9458s
	iters: 400, epoch: 5 | loss: 0.1829441
	speed: 0.0036s/iter; left time: 60.3758s
	iters: 500, epoch: 5 | loss: 0.1465915
	speed: 0.0036s/iter; left time: 59.9507s
	iters: 600, epoch: 5 | loss: 0.2723016
	speed: 0.0036s/iter; left time: 59.8398s
	iters: 700, epoch: 5 | loss: 0.1298536
	speed: 0.0036s/iter; left time: 59.3990s
	iters: 800, epoch: 5 | loss: 0.1620937
	speed: 0.0036s/iter; left time: 58.9720s
	iters: 900, epoch: 5 | loss: 0.1216655
	speed: 0.0036s/iter; left time: 58.5541s
	iters: 1000, epoch: 5 | loss: 0.1695951
	speed: 0.0036s/iter; left time: 58.1496s
Epoch: 5 cost time: 3.9s
Epoch: 5, Steps: 1074 | Train Loss: 0.1780282 Vali Loss: 0.1323196
EarlyStopping counter: 4 out of 6
Updating learning rate to 6.25e-05
	iters: 100, epoch: 6 | loss: 0.1243188
	speed: 0.0037s/iter; left time: 59.2731s
	iters: 200, epoch: 6 | loss: 0.5066243
	speed: 0.0037s/iter; left time: 58.2706s
	iters: 300, epoch: 6 | loss: 0.3063864
	speed: 0.0036s/iter; left time: 57.6020s
	iters: 400, epoch: 6 | loss: 0.2406145
	speed: 0.0036s/iter; left time: 57.0873s
	iters: 500, epoch: 6 | loss: 0.1816586
	speed: 0.0036s/iter; left time: 56.6054s
	iters: 600, epoch: 6 | loss: 0.1557719
	speed: 0.0036s/iter; left time: 56.1692s
	iters: 700, epoch: 6 | loss: 0.1156113
	speed: 0.0036s/iter; left time: 55.7611s
	iters: 800, epoch: 6 | loss: 0.0913608
	speed: 0.0036s/iter; left time: 55.3429s
	iters: 900, epoch: 6 | loss: 0.1520168
	speed: 0.0036s/iter; left time: 54.9748s
	iters: 1000, epoch: 6 | loss: 0.1607690
	speed: 0.0036s/iter; left time: 54.5685s
Epoch: 6 cost time: 3.9s
Epoch: 6, Steps: 1074 | Train Loss: 0.1755823 Vali Loss: 0.1333002
EarlyStopping counter: 5 out of 6
Updating learning rate to 3.125e-05
	iters: 100, epoch: 7 | loss: 0.1061880
	speed: 0.0036s/iter; left time: 53.6798s
	iters: 200, epoch: 7 | loss: 0.2315720
	speed: 0.0036s/iter; left time: 53.3104s
	iters: 300, epoch: 7 | loss: 0.1347592
	speed: 0.0036s/iter; left time: 53.4755s
	iters: 400, epoch: 7 | loss: 0.3370168
	speed: 0.0036s/iter; left time: 53.0100s
	iters: 500, epoch: 7 | loss: 0.1718845
	speed: 0.0036s/iter; left time: 52.5656s
	iters: 600, epoch: 7 | loss: 0.1878204
	speed: 0.0036s/iter; left time: 52.1463s
	iters: 700, epoch: 7 | loss: 0.1322416
	speed: 0.0036s/iter; left time: 51.9590s
	iters: 800, epoch: 7 | loss: 0.1918060
	speed: 0.0036s/iter; left time: 51.5298s
	iters: 900, epoch: 7 | loss: 0.2082307
	speed: 0.0036s/iter; left time: 51.1120s
	iters: 1000, epoch: 7 | loss: 0.1149057
	speed: 0.0036s/iter; left time: 50.6781s
Epoch: 7 cost time: 3.9s
Epoch: 7, Steps: 1074 | Train Loss: 0.1742907 Vali Loss: 0.1334431
EarlyStopping counter: 6 out of 6
Early stopping
Training time: 31.7s | Peak GPU memory: 68.3MB

>>> Testing...
test 11425
test shape: (11425, 1, 96, 7) (11425, 1, 96, 7)
test shape: (11425, 96, 7) (11425, 96, 7)
MSE: 0.178689, MAE: 0.261521
Inference: 11.60s | 11425 samples | 984.8 samples/sec
Results saved to /lustre09/project/6010289/sdmuhsin/SpectraGate/results/ettm2_results.csv
========================================
Finished: Mon 09 Mar 2026 05:49:51 PM EDT
========================================
