Traceback (most recent call last):
  File "/lustre09/project/6010289/sdmuhsin/SpectraGate/src/run_experiment.py", line 1074, in <module>
    main()
  File "/lustre09/project/6010289/sdmuhsin/SpectraGate/src/run_experiment.py", line 1056, in main
    model, total_params, trainable_params, train_time_s, peak_gpu_memory_mb = train(model, args, device)
                                                                              ^^^^^^^^^^^^^^^^^^^^^^^^^^
  File "/lustre09/project/6010289/sdmuhsin/SpectraGate/src/run_experiment.py", line 821, in train
    model_optim.step()
  File "/home/sdmuhsin/.local/lib/python3.11/site-packages/torch/optim/optimizer.py", line 517, in wrapper
    out = func(*args, **kwargs)
          ^^^^^^^^^^^^^^^^^^^^^
  File "/home/sdmuhsin/.local/lib/python3.11/site-packages/torch/optim/optimizer.py", line 82, in _use_grad
    ret = func(*args, **kwargs)
          ^^^^^^^^^^^^^^^^^^^^^
  File "/home/sdmuhsin/.local/lib/python3.11/site-packages/torch/optim/adam.py", line 247, in step
    adam(
  File "/home/sdmuhsin/.local/lib/python3.11/site-packages/torch/optim/optimizer.py", line 150, in maybe_fallback
    return func(*args, **kwargs)
           ^^^^^^^^^^^^^^^^^^^^^
  File "/home/sdmuhsin/.local/lib/python3.11/site-packages/torch/optim/adam.py", line 953, in adam
    func(
  File "/home/sdmuhsin/.local/lib/python3.11/site-packages/torch/optim/adam.py", line 777, in _multi_tensor_adam
    exp_avg_sq_sqrt = torch._foreach_sqrt(device_exp_avg_sqs)
                      ^^^^^^^^^^^^^^^^^^^^^^^^^^^^^^^^^^^^^^^
torch.OutOfMemoryError: CUDA out of memory. Tried to allocate 484.00 MiB. GPU 0 has a total capacity of 19.62 GiB of which 121.06 MiB is free. Process 2659806 has 2.52 GiB memory in use. Including non-PyTorch memory, this process has 19.48 GiB memory in use. Of the allocated memory 18.59 GiB is allocated by PyTorch, and 594.95 MiB is reserved by PyTorch but unallocated. If reserved but unallocated memory is large try setting PYTORCH_CUDA_ALLOC_CONF=expandable_segments:True to avoid fragmentation.  See documentation for Memory Management  (https://pytorch.org/docs/stable/notes/cuda.html#environment-variables)
