========================================
Job: fn_TexFilter_ETTm1_96
Model: TexFilter
Dataset: ETTm1
Pred len: 96
Time limit: 8:00:00
GPU: h100_2g.20gb:1
Started: Mon 09 Mar 2026 06:12:19 PM EDT
========================================
Mon Mar  9 18:12:19 2026       
+-----------------------------------------------------------------------------------------+
| NVIDIA-SMI 570.211.01             Driver Version: 570.211.01     CUDA Version: 12.8     |
|-----------------------------------------+------------------------+----------------------+
| GPU  Name                 Persistence-M | Bus-Id          Disp.A | Volatile Uncorr. ECC |
| Fan  Temp   Perf          Pwr:Usage/Cap |           Memory-Usage | GPU-Util  Compute M. |
|                                         |                        |               MIG M. |
|=========================================+========================+======================|
|   0  NVIDIA H100 80GB HBM3          Off |   00000000:DB:00.0 Off |                   On |
| N/A   33C    P0             69W /  700W |      59MiB /  81559MiB |     N/A      Default |
|                                         |                        |              Enabled |
+-----------------------------------------+------------------------+----------------------+

+-----------------------------------------------------------------------------------------+
| MIG devices:                                                                            |
+------------------+----------------------------------+-----------+-----------------------+
| GPU  GI  CI  MIG |                     Memory-Usage |        Vol|        Shared         |
|      ID  ID  Dev |                       BAR1-Usage | SM     Unc| CE ENC  DEC  OFA  JPG |
|                  |                                  |        ECC|                       |
|==================+==================================+===========+=======================|
|  0    3   0   0  |              17MiB / 20096MiB    | 32      0 |  2   0    2    0    2 |
|                  |                 0MiB / 32767MiB  |           |                       |
+------------------+----------------------------------+-----------+-----------------------+
                                                                                         
+-----------------------------------------------------------------------------------------+
| Processes:                                                                              |
|  GPU   GI   CI              PID   Type   Process name                        GPU Memory |
|        ID   ID                                                               Usage      |
|=========================================================================================|
|  No running processes found                                                             |
+-----------------------------------------------------------------------------------------+
Using device: cuda:0
Model: TexFilter, Dataset: ETTm1, pred_len: 96, seq_len: 96

>>> Training...
train 34369
val 11425
Model Model : total params: 71,790 | trainable: 71,790 (0.2739MB)
	iters: 100, epoch: 1 | loss: 0.2666183
	speed: 0.0059s/iter; left time: 126.5282s
	iters: 200, epoch: 1 | loss: 0.3112441
	speed: 0.0048s/iter; left time: 103.1442s
	iters: 300, epoch: 1 | loss: 0.2515522
	speed: 0.0044s/iter; left time: 93.9850s
	iters: 400, epoch: 1 | loss: 0.2887272
	speed: 0.0042s/iter; left time: 89.5334s
	iters: 500, epoch: 1 | loss: 0.2592727
	speed: 0.0041s/iter; left time: 86.9842s
	iters: 600, epoch: 1 | loss: 0.2768692
	speed: 0.0041s/iter; left time: 85.1505s
	iters: 700, epoch: 1 | loss: 0.2942660
	speed: 0.0040s/iter; left time: 83.7104s
	iters: 800, epoch: 1 | loss: 0.3278145
	speed: 0.0040s/iter; left time: 82.5522s
	iters: 900, epoch: 1 | loss: 0.2578090
	speed: 0.0040s/iter; left time: 81.5755s
	iters: 1000, epoch: 1 | loss: 0.3106602
	speed: 0.0039s/iter; left time: 80.7180s
Epoch: 1 cost time: 4.2s
Epoch: 1, Steps: 1074 | Train Loss: 0.2944760 Vali Loss: 0.4004212
Validation loss decreased (inf --> 0.400421).  Saving model ...
Updating learning rate to 0.001
	iters: 100, epoch: 2 | loss: 0.2166644
	speed: 0.0037s/iter; left time: 75.9547s
	iters: 200, epoch: 2 | loss: 0.2807934
	speed: 0.0037s/iter; left time: 75.4792s
	iters: 300, epoch: 2 | loss: 0.2069299
	speed: 0.0037s/iter; left time: 75.0584s
	iters: 400, epoch: 2 | loss: 0.2537525
	speed: 0.0037s/iter; left time: 74.6398s
	iters: 500, epoch: 2 | loss: 0.2604661
	speed: 0.0037s/iter; left time: 74.3341s
	iters: 600, epoch: 2 | loss: 0.3087114
	speed: 0.0037s/iter; left time: 73.8987s
	iters: 700, epoch: 2 | loss: 0.2542277
	speed: 0.0037s/iter; left time: 73.4656s
	iters: 800, epoch: 2 | loss: 0.2776736
	speed: 0.0037s/iter; left time: 73.0980s
	iters: 900, epoch: 2 | loss: 0.2394880
	speed: 0.0037s/iter; left time: 72.7000s
	iters: 1000, epoch: 2 | loss: 0.3127101
	speed: 0.0037s/iter; left time: 72.3255s
Epoch: 2 cost time: 4.0s
Epoch: 2, Steps: 1074 | Train Loss: 0.2584797 Vali Loss: 0.3917790
Validation loss decreased (0.400421 --> 0.391779).  Saving model ...
Updating learning rate to 0.0005
	iters: 100, epoch: 3 | loss: 0.2687373
	speed: 0.0037s/iter; left time: 71.9213s
	iters: 200, epoch: 3 | loss: 0.2782119
	speed: 0.0037s/iter; left time: 71.5665s
	iters: 300, epoch: 3 | loss: 0.2143651
	speed: 0.0037s/iter; left time: 71.3027s
	iters: 400, epoch: 3 | loss: 0.1846919
	speed: 0.0038s/iter; left time: 71.7700s
	iters: 500, epoch: 3 | loss: 0.1937534
	speed: 0.0038s/iter; left time: 71.9360s
	iters: 600, epoch: 3 | loss: 0.3050475
	speed: 0.0038s/iter; left time: 71.8572s
	iters: 700, epoch: 3 | loss: 0.3079173
	speed: 0.0038s/iter; left time: 71.5817s
	iters: 800, epoch: 3 | loss: 0.2276140
	speed: 0.0038s/iter; left time: 70.9592s
	iters: 900, epoch: 3 | loss: 0.2071556
	speed: 0.0038s/iter; left time: 70.3306s
	iters: 1000, epoch: 3 | loss: 0.2334937
	speed: 0.0038s/iter; left time: 69.7467s
Epoch: 3 cost time: 4.1s
Epoch: 3, Steps: 1074 | Train Loss: 0.2432003 Vali Loss: 0.3842600
Validation loss decreased (0.391779 --> 0.384260).  Saving model ...
Updating learning rate to 0.00025
	iters: 100, epoch: 4 | loss: 0.2292017
	speed: 0.0037s/iter; left time: 67.1976s
	iters: 200, epoch: 4 | loss: 0.2520961
	speed: 0.0037s/iter; left time: 66.8545s
	iters: 300, epoch: 4 | loss: 0.2171421
	speed: 0.0037s/iter; left time: 66.4517s
	iters: 400, epoch: 4 | loss: 0.2122615
	speed: 0.0037s/iter; left time: 66.4295s
	iters: 500, epoch: 4 | loss: 0.1912836
	speed: 0.0037s/iter; left time: 66.2234s
	iters: 600, epoch: 4 | loss: 0.2288829
	speed: 0.0037s/iter; left time: 65.8172s
	iters: 700, epoch: 4 | loss: 0.2898859
	speed: 0.0037s/iter; left time: 65.3678s
	iters: 800, epoch: 4 | loss: 0.2136854
	speed: 0.0037s/iter; left time: 64.9043s
	iters: 900, epoch: 4 | loss: 0.1980534
	speed: 0.0037s/iter; left time: 64.4743s
	iters: 1000, epoch: 4 | loss: 0.2545428
	speed: 0.0037s/iter; left time: 64.0801s
Epoch: 4 cost time: 4.0s
Epoch: 4, Steps: 1074 | Train Loss: 0.2356716 Vali Loss: 0.3873111
EarlyStopping counter: 1 out of 6
Updating learning rate to 0.000125
	iters: 100, epoch: 5 | loss: 0.2280423
	speed: 0.0037s/iter; left time: 64.0589s
	iters: 200, epoch: 5 | loss: 0.1974612
	speed: 0.0037s/iter; left time: 63.3509s
	iters: 300, epoch: 5 | loss: 0.2609418
	speed: 0.0037s/iter; left time: 63.0029s
	iters: 400, epoch: 5 | loss: 0.1889339
	speed: 0.0037s/iter; left time: 62.6136s
	iters: 500, epoch: 5 | loss: 0.2335809
	speed: 0.0037s/iter; left time: 62.3441s
	iters: 600, epoch: 5 | loss: 0.2059932
	speed: 0.0037s/iter; left time: 62.0573s
	iters: 700, epoch: 5 | loss: 0.2019776
	speed: 0.0038s/iter; left time: 61.8791s
	iters: 800, epoch: 5 | loss: 0.2624429
	speed: 0.0038s/iter; left time: 61.8629s
	iters: 900, epoch: 5 | loss: 0.2818571
	speed: 0.0038s/iter; left time: 61.7286s
	iters: 1000, epoch: 5 | loss: 0.2517902
	speed: 0.0038s/iter; left time: 61.4735s
Epoch: 5 cost time: 4.1s
Epoch: 5, Steps: 1074 | Train Loss: 0.2316209 Vali Loss: 0.3900096
EarlyStopping counter: 2 out of 6
Updating learning rate to 6.25e-05
	iters: 100, epoch: 6 | loss: 0.2043302
	speed: 0.0037s/iter; left time: 59.8477s
	iters: 200, epoch: 6 | loss: 0.2071375
	speed: 0.0037s/iter; left time: 59.4593s
	iters: 300, epoch: 6 | loss: 0.2537450
	speed: 0.0037s/iter; left time: 59.0070s
	iters: 400, epoch: 6 | loss: 0.3225572
	speed: 0.0037s/iter; left time: 58.6325s
	iters: 500, epoch: 6 | loss: 0.3146644
	speed: 0.0037s/iter; left time: 58.2420s
	iters: 600, epoch: 6 | loss: 0.2132932
	speed: 0.0037s/iter; left time: 57.9454s
	iters: 700, epoch: 6 | loss: 0.2016643
	speed: 0.0038s/iter; left time: 58.0851s
	iters: 800, epoch: 6 | loss: 0.1989655
	speed: 0.0038s/iter; left time: 57.6231s
	iters: 900, epoch: 6 | loss: 0.2010959
	speed: 0.0038s/iter; left time: 57.1621s
	iters: 1000, epoch: 6 | loss: 0.2245395
	speed: 0.0038s/iter; left time: 56.7410s
Epoch: 6 cost time: 4.0s
Epoch: 6, Steps: 1074 | Train Loss: 0.2294735 Vali Loss: 0.3866853
EarlyStopping counter: 3 out of 6
Updating learning rate to 3.125e-05
	iters: 100, epoch: 7 | loss: 0.2359755
	speed: 0.0037s/iter; left time: 55.3081s
	iters: 200, epoch: 7 | loss: 0.2175133
	speed: 0.0037s/iter; left time: 54.9254s
	iters: 300, epoch: 7 | loss: 0.2379590
	speed: 0.0037s/iter; left time: 54.5389s
	iters: 400, epoch: 7 | loss: 0.2503165
	speed: 0.0037s/iter; left time: 54.1387s
	iters: 500, epoch: 7 | loss: 0.2318435
	speed: 0.0037s/iter; left time: 53.8080s
	iters: 600, epoch: 7 | loss: 0.2797209
	speed: 0.0037s/iter; left time: 53.4298s
	iters: 700, epoch: 7 | loss: 0.2091497
	speed: 0.0037s/iter; left time: 53.0799s
	iters: 800, epoch: 7 | loss: 0.2516119
	speed: 0.0037s/iter; left time: 52.7148s
	iters: 900, epoch: 7 | loss: 0.2270078
	speed: 0.0037s/iter; left time: 52.4445s
	iters: 1000, epoch: 7 | loss: 0.2054650
	speed: 0.0037s/iter; left time: 52.3131s
Epoch: 7 cost time: 4.0s
Epoch: 7, Steps: 1074 | Train Loss: 0.2283485 Vali Loss: 0.3856924
EarlyStopping counter: 4 out of 6
Updating learning rate to 1.5625e-05
	iters: 100, epoch: 8 | loss: 0.1757154
	speed: 0.0038s/iter; left time: 53.3308s
	iters: 200, epoch: 8 | loss: 0.2232959
	speed: 0.0038s/iter; left time: 52.7543s
	iters: 300, epoch: 8 | loss: 0.1779957
	speed: 0.0038s/iter; left time: 52.1267s
	iters: 400, epoch: 8 | loss: 0.2262137
	speed: 0.0038s/iter; left time: 51.5003s
	iters: 500, epoch: 8 | loss: 0.2289616
	speed: 0.0038s/iter; left time: 50.9484s
	iters: 600, epoch: 8 | loss: 0.1962773
	speed: 0.0038s/iter; left time: 50.4799s
	iters: 700, epoch: 8 | loss: 0.2135846
	speed: 0.0038s/iter; left time: 50.0140s
	iters: 800, epoch: 8 | loss: 0.2260185
	speed: 0.0038s/iter; left time: 49.5784s
	iters: 900, epoch: 8 | loss: 0.2436793
	speed: 0.0038s/iter; left time: 49.1632s
	iters: 1000, epoch: 8 | loss: 0.2313811
	speed: 0.0038s/iter; left time: 48.7446s
Epoch: 8 cost time: 4.0s
Epoch: 8, Steps: 1074 | Train Loss: 0.2277628 Vali Loss: 0.3880110
EarlyStopping counter: 5 out of 6
Updating learning rate to 7.8125e-06
	iters: 100, epoch: 9 | loss: 0.2701213
	speed: 0.0037s/iter; left time: 47.9163s
	iters: 200, epoch: 9 | loss: 0.2361945
	speed: 0.0037s/iter; left time: 47.4321s
	iters: 300, epoch: 9 | loss: 0.2873383
	speed: 0.0037s/iter; left time: 47.0266s
	iters: 400, epoch: 9 | loss: 0.2113743
	speed: 0.0037s/iter; left time: 46.6542s
	iters: 500, epoch: 9 | loss: 0.2378917
	speed: 0.0037s/iter; left time: 46.2536s
	iters: 600, epoch: 9 | loss: 0.2900156
	speed: 0.0037s/iter; left time: 45.8789s
	iters: 700, epoch: 9 | loss: 0.2389020
	speed: 0.0037s/iter; left time: 45.5082s
	iters: 800, epoch: 9 | loss: 0.2284966
	speed: 0.0037s/iter; left time: 45.1311s
	iters: 900, epoch: 9 | loss: 0.2269156
	speed: 0.0037s/iter; left time: 44.7570s
	iters: 1000, epoch: 9 | loss: 0.2441268
	speed: 0.0037s/iter; left time: 44.3836s
Epoch: 9 cost time: 4.0s
Epoch: 9, Steps: 1074 | Train Loss: 0.2274815 Vali Loss: 0.3871104
EarlyStopping counter: 6 out of 6
Early stopping
Training time: 41.9s | Peak GPU memory: 68.3MB

>>> Testing...
test 11425
test shape: (11425, 1, 96, 7) (11425, 1, 96, 7)
test shape: (11425, 96, 7) (11425, 96, 7)
MSE: 0.335242, MAE: 0.369936
Inference: 11.64s | 11425 samples | 981.6 samples/sec
Results saved to /lustre09/project/6010289/sdmuhsin/SpectraGate/results/ettm1_results.csv
========================================
Finished: Mon 09 Mar 2026 06:13:22 PM EDT
========================================
