========================================
Job: fn_TexFilter_Exchange_96
Model: TexFilter
Dataset: Exchange
Pred len: 96
Time limit: 4:00:00
GPU: h100_2g.20gb:1
Started: Mon 09 Mar 2026 06:12:20 PM EDT
========================================
Mon Mar  9 18:12:20 2026       
+-----------------------------------------------------------------------------------------+
| NVIDIA-SMI 570.211.01             Driver Version: 570.211.01     CUDA Version: 12.8     |
|-----------------------------------------+------------------------+----------------------+
| GPU  Name                 Persistence-M | Bus-Id          Disp.A | Volatile Uncorr. ECC |
| Fan  Temp   Perf          Pwr:Usage/Cap |           Memory-Usage | GPU-Util  Compute M. |
|                                         |                        |               MIG M. |
|=========================================+========================+======================|
|   0  NVIDIA H100 80GB HBM3          Off |   00000000:4E:00.0 Off |                   On |
| N/A   47C    P0            159W /  700W |   43391MiB /  81559MiB |     N/A      Default |
|                                         |                        |              Enabled |
+-----------------------------------------+------------------------+----------------------+

+-----------------------------------------------------------------------------------------+
| MIG devices:                                                                            |
+------------------+----------------------------------+-----------+-----------------------+
| GPU  GI  CI  MIG |                     Memory-Usage |        Vol|        Shared         |
|      ID  ID  Dev |                       BAR1-Usage | SM     Unc| CE ENC  DEC  OFA  JPG |
|                  |                                  |        ECC|                       |
|==================+==================================+===========+=======================|
|  0    3   0   0  |              17MiB / 20096MiB    | 32      0 |  2   0    2    0    2 |
|                  |                 0MiB / 32767MiB  |           |                       |
+------------------+----------------------------------+-----------+-----------------------+
                                                                                         
+-----------------------------------------------------------------------------------------+
| Processes:                                                                              |
|  GPU   GI   CI              PID   Type   Process name                        GPU Memory |
|        ID   ID                                                               Usage      |
|=========================================================================================|
|  No running processes found                                                             |
+-----------------------------------------------------------------------------------------+
Using device: cuda:0
Model: TexFilter, Dataset: Exchange, pred_len: 96, seq_len: 96

>>> Training...
train 5120
val 665
Model Model : total params: 71,792 | trainable: 71,792 (0.2739MB)
	iters: 100, epoch: 1 | loss: 0.1150896
	speed: 0.0104s/iter; left time: 32.2306s
Epoch: 1 cost time: 1.3s
Epoch: 1, Steps: 160 | Train Loss: 0.1292028 Vali Loss: 0.1391753
Validation loss decreased (inf --> 0.139175).  Saving model ...
Updating learning rate to 0.001
	iters: 100, epoch: 2 | loss: 0.1052425
	speed: 0.0040s/iter; left time: 11.7955s
Epoch: 2 cost time: 0.6s
Epoch: 2, Steps: 160 | Train Loss: 0.1151749 Vali Loss: 0.1419051
EarlyStopping counter: 1 out of 6
Updating learning rate to 0.0005
	iters: 100, epoch: 3 | loss: 0.1215252
	speed: 0.0040s/iter; left time: 11.0867s
Epoch: 3 cost time: 0.6s
Epoch: 3, Steps: 160 | Train Loss: 0.1082662 Vali Loss: 0.1331375
Validation loss decreased (0.139175 --> 0.133138).  Saving model ...
Updating learning rate to 0.00025
	iters: 100, epoch: 4 | loss: 0.0989754
	speed: 0.0042s/iter; left time: 10.9864s
Epoch: 4 cost time: 0.7s
Epoch: 4, Steps: 160 | Train Loss: 0.1026593 Vali Loss: 0.1403216
EarlyStopping counter: 1 out of 6
Updating learning rate to 0.000125
	iters: 100, epoch: 5 | loss: 0.0997078
	speed: 0.0042s/iter; left time: 10.2616s
Epoch: 5 cost time: 0.7s
Epoch: 5, Steps: 160 | Train Loss: 0.0992405 Vali Loss: 0.1390144
EarlyStopping counter: 2 out of 6
Updating learning rate to 6.25e-05
	iters: 100, epoch: 6 | loss: 0.0837540
	speed: 0.0042s/iter; left time: 9.6002s
Epoch: 6 cost time: 0.7s
Epoch: 6, Steps: 160 | Train Loss: 0.0974052 Vali Loss: 0.1388923
EarlyStopping counter: 3 out of 6
Updating learning rate to 3.125e-05
	iters: 100, epoch: 7 | loss: 0.0932133
	speed: 0.0039s/iter; left time: 8.4329s
Epoch: 7 cost time: 0.6s
Epoch: 7, Steps: 160 | Train Loss: 0.0963535 Vali Loss: 0.1393375
EarlyStopping counter: 4 out of 6
Updating learning rate to 1.5625e-05
	iters: 100, epoch: 8 | loss: 0.1102288
	speed: 0.0041s/iter; left time: 8.1164s
Epoch: 8 cost time: 0.7s
Epoch: 8, Steps: 160 | Train Loss: 0.0958605 Vali Loss: 0.1407523
EarlyStopping counter: 5 out of 6
Updating learning rate to 7.8125e-06
	iters: 100, epoch: 9 | loss: 0.0810957
	speed: 0.0041s/iter; left time: 7.4347s
Epoch: 9 cost time: 0.6s
Epoch: 9, Steps: 160 | Train Loss: 0.0955722 Vali Loss: 0.1386011
EarlyStopping counter: 6 out of 6
Early stopping
Training time: 6.9s | Peak GPU memory: 68.6MB

>>> Testing...
test 1422
test shape: (1422, 1, 96, 8) (1422, 1, 96, 8)
test shape: (1422, 96, 8) (1422, 96, 8)
MSE: 0.093935, MAE: 0.213657
Inference: 1.53s | 1422 samples | 927.7 samples/sec
Results saved to /lustre09/project/6010289/sdmuhsin/SpectraGate/results/exchange_results.csv
========================================
Finished: Mon 09 Mar 2026 06:12:48 PM EDT
========================================
