========================================
Job: fn_TexFilter_ETTm2_96
Model: TexFilter
Dataset: ETTm2
Pred len: 96
Time limit: 8:00:00
GPU: h100_2g.20gb:1
Started: Mon 09 Mar 2026 06:12:19 PM EDT
========================================
Mon Mar  9 18:12:20 2026       
+-----------------------------------------------------------------------------------------+
| NVIDIA-SMI 570.211.01             Driver Version: 570.211.01     CUDA Version: 12.8     |
|-----------------------------------------+------------------------+----------------------+
| GPU  Name                 Persistence-M | Bus-Id          Disp.A | Volatile Uncorr. ECC |
| Fan  Temp   Perf          Pwr:Usage/Cap |           Memory-Usage | GPU-Util  Compute M. |
|                                         |                        |               MIG M. |
|=========================================+========================+======================|
|   0  NVIDIA H100 80GB HBM3          Off |   00000000:5F:00.0 Off |                   On |
| N/A   32C    P0             69W /  700W |      59MiB /  81559MiB |     N/A      Default |
|                                         |                        |              Enabled |
+-----------------------------------------+------------------------+----------------------+

+-----------------------------------------------------------------------------------------+
| MIG devices:                                                                            |
+------------------+----------------------------------+-----------+-----------------------+
| GPU  GI  CI  MIG |                     Memory-Usage |        Vol|        Shared         |
|      ID  ID  Dev |                       BAR1-Usage | SM     Unc| CE ENC  DEC  OFA  JPG |
|                  |                                  |        ECC|                       |
|==================+==================================+===========+=======================|
|  0    3   0   0  |              17MiB / 20096MiB    | 32      0 |  2   0    2    0    2 |
|                  |                 0MiB / 32767MiB  |           |                       |
+------------------+----------------------------------+-----------+-----------------------+
                                                                                         
+-----------------------------------------------------------------------------------------+
| Processes:                                                                              |
|  GPU   GI   CI              PID   Type   Process name                        GPU Memory |
|        ID   ID                                                               Usage      |
|=========================================================================================|
|  No running processes found                                                             |
+-----------------------------------------------------------------------------------------+
Using device: cuda:0
Model: TexFilter, Dataset: ETTm2, pred_len: 96, seq_len: 96

>>> Training...
train 34369
val 11425
Model Model : total params: 71,790 | trainable: 71,790 (0.2739MB)
	iters: 100, epoch: 1 | loss: 0.2462063
	speed: 0.0060s/iter; left time: 129.1524s
	iters: 200, epoch: 1 | loss: 0.2284475
	speed: 0.0048s/iter; left time: 102.6435s
	iters: 300, epoch: 1 | loss: 0.1356280
	speed: 0.0045s/iter; left time: 94.5198s
	iters: 400, epoch: 1 | loss: 0.1638709
	speed: 0.0043s/iter; left time: 90.4731s
	iters: 500, epoch: 1 | loss: 0.3088105
	speed: 0.0042s/iter; left time: 87.5054s
	iters: 600, epoch: 1 | loss: 0.3137631
	speed: 0.0041s/iter; left time: 85.0453s
	iters: 700, epoch: 1 | loss: 0.1404648
	speed: 0.0040s/iter; left time: 83.5358s
	iters: 800, epoch: 1 | loss: 0.1731839
	speed: 0.0040s/iter; left time: 82.6936s
	iters: 900, epoch: 1 | loss: 0.2022597
	speed: 0.0040s/iter; left time: 81.7332s
	iters: 1000, epoch: 1 | loss: 0.2871246
	speed: 0.0039s/iter; left time: 80.8318s
Epoch: 1 cost time: 4.2s
Epoch: 1, Steps: 1074 | Train Loss: 0.2322660 Vali Loss: 0.1291904
Validation loss decreased (inf --> 0.129190).  Saving model ...
Updating learning rate to 0.001
	iters: 100, epoch: 2 | loss: 0.3770566
	speed: 0.0040s/iter; left time: 81.0880s
	iters: 200, epoch: 2 | loss: 0.3031317
	speed: 0.0039s/iter; left time: 78.6212s
	iters: 300, epoch: 2 | loss: 0.2080906
	speed: 0.0038s/iter; left time: 77.1902s
	iters: 400, epoch: 2 | loss: 0.4003084
	speed: 0.0038s/iter; left time: 76.4130s
	iters: 500, epoch: 2 | loss: 0.2535054
	speed: 0.0038s/iter; left time: 76.0827s
	iters: 600, epoch: 2 | loss: 0.1817335
	speed: 0.0038s/iter; left time: 75.3882s
	iters: 700, epoch: 2 | loss: 0.1292379
	speed: 0.0038s/iter; left time: 74.7801s
	iters: 800, epoch: 2 | loss: 0.1933558
	speed: 0.0038s/iter; left time: 74.7899s
	iters: 900, epoch: 2 | loss: 0.2182148
	speed: 0.0038s/iter; left time: 74.2183s
	iters: 1000, epoch: 2 | loss: 0.2242016
	speed: 0.0038s/iter; left time: 73.6778s
Epoch: 2 cost time: 4.1s
Epoch: 2, Steps: 1074 | Train Loss: 0.2074382 Vali Loss: 0.1302020
EarlyStopping counter: 1 out of 6
Updating learning rate to 0.0005
	iters: 100, epoch: 3 | loss: 0.2233468
	speed: 0.0037s/iter; left time: 71.4071s
	iters: 200, epoch: 3 | loss: 0.1631431
	speed: 0.0037s/iter; left time: 70.8344s
	iters: 300, epoch: 3 | loss: 0.1014737
	speed: 0.0037s/iter; left time: 71.2745s
	iters: 400, epoch: 3 | loss: 0.0943049
	speed: 0.0038s/iter; left time: 71.0068s
	iters: 500, epoch: 3 | loss: 0.1716059
	speed: 0.0038s/iter; left time: 70.7729s
	iters: 600, epoch: 3 | loss: 0.3251595
	speed: 0.0038s/iter; left time: 71.0610s
	iters: 700, epoch: 3 | loss: 0.2103564
	speed: 0.0038s/iter; left time: 70.3838s
	iters: 800, epoch: 3 | loss: 0.1353626
	speed: 0.0038s/iter; left time: 69.9085s
	iters: 900, epoch: 3 | loss: 0.3386547
	speed: 0.0038s/iter; left time: 69.7902s
	iters: 1000, epoch: 3 | loss: 0.1395373
	speed: 0.0038s/iter; left time: 69.8444s
Epoch: 3 cost time: 4.1s
Epoch: 3, Steps: 1074 | Train Loss: 0.1909366 Vali Loss: 0.1326376
EarlyStopping counter: 2 out of 6
Updating learning rate to 0.00025
	iters: 100, epoch: 4 | loss: 0.1592307
	speed: 0.0038s/iter; left time: 69.2226s
	iters: 200, epoch: 4 | loss: 0.1359484
	speed: 0.0038s/iter; left time: 68.0780s
	iters: 300, epoch: 4 | loss: 0.1273349
	speed: 0.0038s/iter; left time: 67.3798s
	iters: 400, epoch: 4 | loss: 0.1951043
	speed: 0.0038s/iter; left time: 67.7469s
	iters: 500, epoch: 4 | loss: 0.2704622
	speed: 0.0038s/iter; left time: 67.1392s
	iters: 600, epoch: 4 | loss: 0.3860970
	speed: 0.0038s/iter; left time: 66.6244s
	iters: 700, epoch: 4 | loss: 0.1252405
	speed: 0.0038s/iter; left time: 66.4724s
	iters: 800, epoch: 4 | loss: 0.1506490
	speed: 0.0038s/iter; left time: 65.9480s
	iters: 900, epoch: 4 | loss: 0.1127110
	speed: 0.0038s/iter; left time: 65.5112s
	iters: 1000, epoch: 4 | loss: 0.1340334
	speed: 0.0038s/iter; left time: 65.0075s
Epoch: 4 cost time: 4.1s
Epoch: 4, Steps: 1074 | Train Loss: 0.1826230 Vali Loss: 0.1322958
EarlyStopping counter: 3 out of 6
Updating learning rate to 0.000125
	iters: 100, epoch: 5 | loss: 0.1257060
	speed: 0.0037s/iter; left time: 63.0437s
	iters: 200, epoch: 5 | loss: 0.1484640
	speed: 0.0038s/iter; left time: 64.8647s
	iters: 300, epoch: 5 | loss: 0.1417002
	speed: 0.0038s/iter; left time: 63.9048s
	iters: 400, epoch: 5 | loss: 0.1829441
	speed: 0.0038s/iter; left time: 63.1660s
	iters: 500, epoch: 5 | loss: 0.1465915
	speed: 0.0038s/iter; left time: 63.0526s
	iters: 600, epoch: 5 | loss: 0.2723016
	speed: 0.0038s/iter; left time: 62.7700s
	iters: 700, epoch: 5 | loss: 0.1298536
	speed: 0.0038s/iter; left time: 62.2079s
	iters: 800, epoch: 5 | loss: 0.1620937
	speed: 0.0038s/iter; left time: 61.6898s
	iters: 900, epoch: 5 | loss: 0.1216655
	speed: 0.0038s/iter; left time: 61.6228s
	iters: 1000, epoch: 5 | loss: 0.1695951
	speed: 0.0038s/iter; left time: 61.1201s
Epoch: 5 cost time: 4.1s
Epoch: 5, Steps: 1074 | Train Loss: 0.1780282 Vali Loss: 0.1323196
EarlyStopping counter: 4 out of 6
Updating learning rate to 6.25e-05
	iters: 100, epoch: 6 | loss: 0.1243188
	speed: 0.0037s/iter; left time: 59.6216s
	iters: 200, epoch: 6 | loss: 0.5066243
	speed: 0.0038s/iter; left time: 60.0491s
	iters: 300, epoch: 6 | loss: 0.3063864
	speed: 0.0038s/iter; left time: 59.9802s
	iters: 400, epoch: 6 | loss: 0.2406145
	speed: 0.0039s/iter; left time: 60.8645s
	iters: 500, epoch: 6 | loss: 0.1816586
	speed: 0.0039s/iter; left time: 60.3991s
	iters: 600, epoch: 6 | loss: 0.1557719
	speed: 0.0039s/iter; left time: 59.7693s
	iters: 700, epoch: 6 | loss: 0.1156113
	speed: 0.0039s/iter; left time: 59.6293s
	iters: 800, epoch: 6 | loss: 0.0913608
	speed: 0.0038s/iter; left time: 58.9128s
	iters: 900, epoch: 6 | loss: 0.1520168
	speed: 0.0038s/iter; left time: 58.2776s
	iters: 1000, epoch: 6 | loss: 0.1607690
	speed: 0.0038s/iter; left time: 57.7086s
Epoch: 6 cost time: 4.1s
Epoch: 6, Steps: 1074 | Train Loss: 0.1755823 Vali Loss: 0.1333002
EarlyStopping counter: 5 out of 6
Updating learning rate to 3.125e-05
	iters: 100, epoch: 7 | loss: 0.1061880
	speed: 0.0037s/iter; left time: 55.1680s
	iters: 200, epoch: 7 | loss: 0.2315720
	speed: 0.0038s/iter; left time: 56.5743s
	iters: 300, epoch: 7 | loss: 0.1347592
	speed: 0.0038s/iter; left time: 55.6372s
	iters: 400, epoch: 7 | loss: 0.3370168
	speed: 0.0038s/iter; left time: 54.9699s
	iters: 500, epoch: 7 | loss: 0.1718845
	speed: 0.0038s/iter; left time: 55.1677s
	iters: 600, epoch: 7 | loss: 0.1878204
	speed: 0.0038s/iter; left time: 54.5186s
	iters: 700, epoch: 7 | loss: 0.1322416
	speed: 0.0038s/iter; left time: 53.9468s
	iters: 800, epoch: 7 | loss: 0.1918060
	speed: 0.0038s/iter; left time: 53.4780s
	iters: 900, epoch: 7 | loss: 0.2082307
	speed: 0.0038s/iter; left time: 53.2196s
	iters: 1000, epoch: 7 | loss: 0.1149057
	speed: 0.0038s/iter; left time: 52.7671s
Epoch: 7 cost time: 4.0s
Epoch: 7, Steps: 1074 | Train Loss: 0.1742907 Vali Loss: 0.1334431
EarlyStopping counter: 6 out of 6
Early stopping
Training time: 33.0s | Peak GPU memory: 68.3MB

>>> Testing...
test 11425
test shape: (11425, 1, 96, 7) (11425, 1, 96, 7)
test shape: (11425, 96, 7) (11425, 96, 7)
MSE: 0.178689, MAE: 0.261521
Inference: 11.91s | 11425 samples | 959.3 samples/sec
Results saved to /lustre09/project/6010289/sdmuhsin/SpectraGate/results/ettm2_results.csv
========================================
Finished: Mon 09 Mar 2026 06:13:13 PM EDT
========================================
